[0.060s] DEBUG:colcon:Command line arguments: ['/usr/bin/colcon', 'build']
[0.060s] DEBUG:colcon:Parsed command line arguments: Namespace(log_base=None, log_level=None, verb_name='build', build_base='build', install_base='install', merge_install=False, symlink_install=False, test_result_base=None, continue_on_error=False, executor='parallel', parallel_workers=24, event_handlers=None, ignore_user_meta=False, metas=['./colcon.meta'], base_paths=['.'], packages_ignore=None, packages_ignore_regex=None, paths=None, packages_up_to=None, packages_up_to_regex=None, packages_above=None, packages_above_and_dependencies=None, packages_above_depth=None, packages_select_by_dep=None, packages_skip_by_dep=None, packages_skip_up_to=None, packages_select_build_failed=False, packages_skip_build_finished=False, packages_select_test_failures=False, packages_skip_test_passed=False, packages_select=None, packages_skip=None, packages_select_regex=None, packages_skip_regex=None, packages_start=None, packages_end=None, allow_overriding=[], cmake_args=None, cmake_target=None, cmake_target_skip_unavailable=False, cmake_clean_cache=False, cmake_clean_first=False, cmake_force_configure=False, ament_cmake_args=None, catkin_cmake_args=None, catkin_skip_building_tests=False, verb_parser=<colcon_defaults.argument_parser.defaults.DefaultArgumentsDecorator object at 0x76b37df19de0>, verb_extension=<colcon_core.verb.build.BuildVerb object at 0x76b37df198d0>, main=<bound method BuildVerb.main of <colcon_core.verb.build.BuildVerb object at 0x76b37df198d0>>)
[0.144s] Level 1:colcon.colcon_core.package_discovery:discover_packages(colcon_meta) check parameters
[0.144s] Level 1:colcon.colcon_core.package_discovery:discover_packages(recursive) check parameters
[0.144s] Level 1:colcon.colcon_core.package_discovery:discover_packages(ignore) check parameters
[0.144s] Level 1:colcon.colcon_core.package_discovery:discover_packages(path) check parameters
[0.144s] Level 1:colcon.colcon_core.package_discovery:discover_packages(colcon_meta) discover
[0.144s] Level 1:colcon.colcon_core.package_discovery:discover_packages(recursive) discover
[0.144s] INFO:colcon.colcon_core.package_discovery:Crawling recursively for packages in '/home/drwwwzer/index of open sources/5lakes'
[0.144s] Level 1:colcon.colcon_core.package_identification:_identify(.) by extensions ['ignore', 'ignore_ament_install']
[0.144s] Level 1:colcon.colcon_core.package_identification:_identify(.) by extension 'ignore'
[0.144s] Level 1:colcon.colcon_core.package_identification:_identify(.) by extension 'ignore_ament_install'
[0.144s] Level 1:colcon.colcon_core.package_identification:_identify(.) by extensions ['colcon_pkg']
[0.144s] Level 1:colcon.colcon_core.package_identification:_identify(.) by extension 'colcon_pkg'
[0.144s] Level 1:colcon.colcon_core.package_identification:_identify(.) by extensions ['colcon_meta']
[0.144s] Level 1:colcon.colcon_core.package_identification:_identify(.) by extension 'colcon_meta'
[0.144s] Level 1:colcon.colcon_core.package_identification:_identify(.) by extensions ['ros']
[0.144s] Level 1:colcon.colcon_core.package_identification:_identify(.) by extension 'ros'
[0.150s] Level 1:colcon.colcon_core.package_identification:_identify(.) by extensions ['cmake', 'python']
[0.150s] Level 1:colcon.colcon_core.package_identification:_identify(.) by extension 'cmake'
[0.150s] Level 1:colcon.colcon_core.package_identification:_identify(.) by extension 'python'
[0.150s] Level 1:colcon.colcon_core.package_identification:_identify(.) by extensions ['python_setup_py']
[0.150s] Level 1:colcon.colcon_core.package_identification:_identify(.) by extension 'python_setup_py'
[0.150s] Level 1:colcon.colcon_core.package_identification:_identify(build) by extensions ['ignore', 'ignore_ament_install']
[0.150s] Level 1:colcon.colcon_core.package_identification:_identify(build) by extension 'ignore'
[0.150s] Level 1:colcon.colcon_core.package_identification:_identify(build) ignored
[0.150s] Level 1:colcon.colcon_core.package_identification:_identify(install) by extensions ['ignore', 'ignore_ament_install']
[0.150s] Level 1:colcon.colcon_core.package_identification:_identify(install) by extension 'ignore'
[0.150s] Level 1:colcon.colcon_core.package_identification:_identify(install) ignored
[0.150s] Level 1:colcon.colcon_core.package_identification:_identify(log) by extensions ['ignore', 'ignore_ament_install']
[0.150s] Level 1:colcon.colcon_core.package_identification:_identify(log) by extension 'ignore'
[0.150s] Level 1:colcon.colcon_core.package_identification:_identify(log) ignored
[0.150s] Level 1:colcon.colcon_core.package_identification:_identify(zdykhd_ws) by extensions ['ignore', 'ignore_ament_install']
[0.150s] Level 1:colcon.colcon_core.package_identification:_identify(zdykhd_ws) by extension 'ignore'
[0.151s] Level 1:colcon.colcon_core.package_identification:_identify(zdykhd_ws) by extension 'ignore_ament_install'
[0.151s] Level 1:colcon.colcon_core.package_identification:_identify(zdykhd_ws) by extensions ['colcon_pkg']
[0.151s] Level 1:colcon.colcon_core.package_identification:_identify(zdykhd_ws) by extension 'colcon_pkg'
[0.151s] Level 1:colcon.colcon_core.package_identification:_identify(zdykhd_ws) by extensions ['colcon_meta']
[0.151s] Level 1:colcon.colcon_core.package_identification:_identify(zdykhd_ws) by extension 'colcon_meta'
[0.151s] Level 1:colcon.colcon_core.package_identification:_identify(zdykhd_ws) by extensions ['ros']
[0.151s] Level 1:colcon.colcon_core.package_identification:_identify(zdykhd_ws) by extension 'ros'
[0.151s] Level 1:colcon.colcon_core.package_identification:_identify(zdykhd_ws) by extensions ['cmake', 'python']
[0.151s] Level 1:colcon.colcon_core.package_identification:_identify(zdykhd_ws) by extension 'cmake'
[0.151s] Level 1:colcon.colcon_core.package_identification:_identify(zdykhd_ws) by extension 'python'
[0.151s] Level 1:colcon.colcon_core.package_identification:_identify(zdykhd_ws) by extensions ['python_setup_py']
[0.151s] Level 1:colcon.colcon_core.package_identification:_identify(zdykhd_ws) by extension 'python_setup_py'
[0.151s] Level 1:colcon.colcon_core.package_identification:_identify(zdykhd_ws/Pacific_doorlock_sniper) by extensions ['ignore', 'ignore_ament_install']
[0.151s] Level 1:colcon.colcon_core.package_identification:_identify(zdykhd_ws/Pacific_doorlock_sniper) by extension 'ignore'
[0.151s] Level 1:colcon.colcon_core.package_identification:_identify(zdykhd_ws/Pacific_doorlock_sniper) by extension 'ignore_ament_install'
[0.151s] Level 1:colcon.colcon_core.package_identification:_identify(zdykhd_ws/Pacific_doorlock_sniper) by extensions ['colcon_pkg']
[0.151s] Level 1:colcon.colcon_core.package_identification:_identify(zdykhd_ws/Pacific_doorlock_sniper) by extension 'colcon_pkg'
[0.151s] Level 1:colcon.colcon_core.package_identification:_identify(zdykhd_ws/Pacific_doorlock_sniper) by extensions ['colcon_meta']
[0.151s] Level 1:colcon.colcon_core.package_identification:_identify(zdykhd_ws/Pacific_doorlock_sniper) by extension 'colcon_meta'
[0.151s] Level 1:colcon.colcon_core.package_identification:_identify(zdykhd_ws/Pacific_doorlock_sniper) by extensions ['ros']
[0.151s] Level 1:colcon.colcon_core.package_identification:_identify(zdykhd_ws/Pacific_doorlock_sniper) by extension 'ros'
[0.151s] Level 1:colcon.colcon_core.package_identification:_identify(zdykhd_ws/Pacific_doorlock_sniper) by extensions ['cmake', 'python']
[0.151s] Level 1:colcon.colcon_core.package_identification:_identify(zdykhd_ws/Pacific_doorlock_sniper) by extension 'cmake'
[0.151s] Level 1:colcon.colcon_core.package_identification:_identify(zdykhd_ws/Pacific_doorlock_sniper) by extension 'python'
[0.151s] Level 1:colcon.colcon_core.package_identification:_identify(zdykhd_ws/Pacific_doorlock_sniper) by extensions ['python_setup_py']
[0.151s] Level 1:colcon.colcon_core.package_identification:_identify(zdykhd_ws/Pacific_doorlock_sniper) by extension 'python_setup_py'
[0.151s] Level 1:colcon.colcon_core.package_identification:_identify(zdykhd_ws/Pacific_doorlock_sniper/build) by extensions ['ignore', 'ignore_ament_install']
[0.151s] Level 1:colcon.colcon_core.package_identification:_identify(zdykhd_ws/Pacific_doorlock_sniper/build) by extension 'ignore'
[0.151s] Level 1:colcon.colcon_core.package_identification:_identify(zdykhd_ws/Pacific_doorlock_sniper/build) ignored
[0.151s] Level 1:colcon.colcon_core.package_identification:_identify(zdykhd_ws/Pacific_doorlock_sniper/install) by extensions ['ignore', 'ignore_ament_install']
[0.151s] Level 1:colcon.colcon_core.package_identification:_identify(zdykhd_ws/Pacific_doorlock_sniper/install) by extension 'ignore'
[0.151s] Level 1:colcon.colcon_core.package_identification:_identify(zdykhd_ws/Pacific_doorlock_sniper/install) ignored
[0.151s] Level 1:colcon.colcon_core.package_identification:_identify(zdykhd_ws/Pacific_doorlock_sniper/log) by extensions ['ignore', 'ignore_ament_install']
[0.151s] Level 1:colcon.colcon_core.package_identification:_identify(zdykhd_ws/Pacific_doorlock_sniper/log) by extension 'ignore'
[0.151s] Level 1:colcon.colcon_core.package_identification:_identify(zdykhd_ws/Pacific_doorlock_sniper/log) ignored
[0.151s] Level 1:colcon.colcon_core.package_identification:_identify(zdykhd_ws/Pacific_doorlock_sniper/src) by extensions ['ignore', 'ignore_ament_install']
[0.151s] Level 1:colcon.colcon_core.package_identification:_identify(zdykhd_ws/Pacific_doorlock_sniper/src) by extension 'ignore'
[0.151s] Level 1:colcon.colcon_core.package_identification:_identify(zdykhd_ws/Pacific_doorlock_sniper/src) by extension 'ignore_ament_install'
[0.151s] Level 1:colcon.colcon_core.package_identification:_identify(zdykhd_ws/Pacific_doorlock_sniper/src) by extensions ['colcon_pkg']
[0.152s] Level 1:colcon.colcon_core.package_identification:_identify(zdykhd_ws/Pacific_doorlock_sniper/src) by extension 'colcon_pkg'
[0.152s] Level 1:colcon.colcon_core.package_identification:_identify(zdykhd_ws/Pacific_doorlock_sniper/src) by extensions ['colcon_meta']
[0.152s] Level 1:colcon.colcon_core.package_identification:_identify(zdykhd_ws/Pacific_doorlock_sniper/src) by extension 'colcon_meta'
[0.152s] Level 1:colcon.colcon_core.package_identification:_identify(zdykhd_ws/Pacific_doorlock_sniper/src) by extensions ['ros']
[0.152s] Level 1:colcon.colcon_core.package_identification:_identify(zdykhd_ws/Pacific_doorlock_sniper/src) by extension 'ros'
[0.152s] Level 1:colcon.colcon_core.package_identification:_identify(zdykhd_ws/Pacific_doorlock_sniper/src) by extensions ['cmake', 'python']
[0.152s] Level 1:colcon.colcon_core.package_identification:_identify(zdykhd_ws/Pacific_doorlock_sniper/src) by extension 'cmake'
[0.152s] Level 1:colcon.colcon_core.package_identification:_identify(zdykhd_ws/Pacific_doorlock_sniper/src) by extension 'python'
[0.152s] Level 1:colcon.colcon_core.package_identification:_identify(zdykhd_ws/Pacific_doorlock_sniper/src) by extensions ['python_setup_py']
[0.152s] Level 1:colcon.colcon_core.package_identification:_identify(zdykhd_ws/Pacific_doorlock_sniper/src) by extension 'python_setup_py'
[0.152s] Level 1:colcon.colcon_core.package_identification:_identify(zdykhd_ws/Pacific_doorlock_sniper/src/bringup) by extensions ['ignore', 'ignore_ament_install']
[0.152s] Level 1:colcon.colcon_core.package_identification:_identify(zdykhd_ws/Pacific_doorlock_sniper/src/bringup) by extension 'ignore'
[0.152s] Level 1:colcon.colcon_core.package_identification:_identify(zdykhd_ws/Pacific_doorlock_sniper/src/bringup) by extension 'ignore_ament_install'
[0.152s] Level 1:colcon.colcon_core.package_identification:_identify(zdykhd_ws/Pacific_doorlock_sniper/src/bringup) by extensions ['colcon_pkg']
[0.152s] Level 1:colcon.colcon_core.package_identification:_identify(zdykhd_ws/Pacific_doorlock_sniper/src/bringup) by extension 'colcon_pkg'
[0.152s] Level 1:colcon.colcon_core.package_identification:_identify(zdykhd_ws/Pacific_doorlock_sniper/src/bringup) by extensions ['colcon_meta']
[0.152s] Level 1:colcon.colcon_core.package_identification:_identify(zdykhd_ws/Pacific_doorlock_sniper/src/bringup) by extension 'colcon_meta'
[0.152s] Level 1:colcon.colcon_core.package_identification:_identify(zdykhd_ws/Pacific_doorlock_sniper/src/bringup) by extensions ['ros']
[0.152s] Level 1:colcon.colcon_core.package_identification:_identify(zdykhd_ws/Pacific_doorlock_sniper/src/bringup) by extension 'ros'
[0.153s] DEBUG:colcon.colcon_core.package_identification:Package 'zdykhd_ws/Pacific_doorlock_sniper/src/bringup' with type 'ros.ament_cmake' and name 'bringup'
[0.153s] Level 1:colcon.colcon_core.package_identification:_identify(zdykhd_ws/Pacific_doorlock_sniper/src/doorlock_decoder) by extensions ['ignore', 'ignore_ament_install']
[0.153s] Level 1:colcon.colcon_core.package_identification:_identify(zdykhd_ws/Pacific_doorlock_sniper/src/doorlock_decoder) by extension 'ignore'
[0.153s] Level 1:colcon.colcon_core.package_identification:_identify(zdykhd_ws/Pacific_doorlock_sniper/src/doorlock_decoder) by extension 'ignore_ament_install'
[0.153s] Level 1:colcon.colcon_core.package_identification:_identify(zdykhd_ws/Pacific_doorlock_sniper/src/doorlock_decoder) by extensions ['colcon_pkg']
[0.153s] Level 1:colcon.colcon_core.package_identification:_identify(zdykhd_ws/Pacific_doorlock_sniper/src/doorlock_decoder) by extension 'colcon_pkg'
[0.153s] Level 1:colcon.colcon_core.package_identification:_identify(zdykhd_ws/Pacific_doorlock_sniper/src/doorlock_decoder) by extensions ['colcon_meta']
[0.153s] Level 1:colcon.colcon_core.package_identification:_identify(zdykhd_ws/Pacific_doorlock_sniper/src/doorlock_decoder) by extension 'colcon_meta'
[0.153s] Level 1:colcon.colcon_core.package_identification:_identify(zdykhd_ws/Pacific_doorlock_sniper/src/doorlock_decoder) by extensions ['ros']
[0.153s] Level 1:colcon.colcon_core.package_identification:_identify(zdykhd_ws/Pacific_doorlock_sniper/src/doorlock_decoder) by extension 'ros'
[0.154s] DEBUG:colcon.colcon_core.package_identification:Package 'zdykhd_ws/Pacific_doorlock_sniper/src/doorlock_decoder' with type 'ros.ament_python' and name 'doorlock_decoder'
[0.154s] Level 1:colcon.colcon_core.package_identification:_identify(zdykhd_ws/Pacific_doorlock_sniper/src/doorlock_sniper) by extensions ['ignore', 'ignore_ament_install']
[0.154s] Level 1:colcon.colcon_core.package_identification:_identify(zdykhd_ws/Pacific_doorlock_sniper/src/doorlock_sniper) by extension 'ignore'
[0.154s] Level 1:colcon.colcon_core.package_identification:_identify(zdykhd_ws/Pacific_doorlock_sniper/src/doorlock_sniper) by extension 'ignore_ament_install'
[0.154s] Level 1:colcon.colcon_core.package_identification:_identify(zdykhd_ws/Pacific_doorlock_sniper/src/doorlock_sniper) by extensions ['colcon_pkg']
[0.154s] Level 1:colcon.colcon_core.package_identification:_identify(zdykhd_ws/Pacific_doorlock_sniper/src/doorlock_sniper) by extension 'colcon_pkg'
[0.154s] Level 1:colcon.colcon_core.package_identification:_identify(zdykhd_ws/Pacific_doorlock_sniper/src/doorlock_sniper) by extensions ['colcon_meta']
[0.154s] Level 1:colcon.colcon_core.package_identification:_identify(zdykhd_ws/Pacific_doorlock_sniper/src/doorlock_sniper) by extension 'colcon_meta'
[0.154s] Level 1:colcon.colcon_core.package_identification:_identify(zdykhd_ws/Pacific_doorlock_sniper/src/doorlock_sniper) by extensions ['ros']
[0.154s] Level 1:colcon.colcon_core.package_identification:_identify(zdykhd_ws/Pacific_doorlock_sniper/src/doorlock_sniper) by extension 'ros'
[0.155s] DEBUG:colcon.colcon_core.package_identification:Package 'zdykhd_ws/Pacific_doorlock_sniper/src/doorlock_sniper' with type 'ros.ament_cmake' and name 'doorlock_sniper'
[0.155s] Level 1:colcon.colcon_core.package_identification:_identify(zdykhd_ws/realsense-ros) by extensions ['ignore', 'ignore_ament_install']
[0.155s] Level 1:colcon.colcon_core.package_identification:_identify(zdykhd_ws/realsense-ros) by extension 'ignore'
[0.155s] Level 1:colcon.colcon_core.package_identification:_identify(zdykhd_ws/realsense-ros) by extension 'ignore_ament_install'
[0.155s] Level 1:colcon.colcon_core.package_identification:_identify(zdykhd_ws/realsense-ros) by extensions ['colcon_pkg']
[0.155s] Level 1:colcon.colcon_core.package_identification:_identify(zdykhd_ws/realsense-ros) by extension 'colcon_pkg'
[0.155s] Level 1:colcon.colcon_core.package_identification:_identify(zdykhd_ws/realsense-ros) by extensions ['colcon_meta']
[0.155s] Level 1:colcon.colcon_core.package_identification:_identify(zdykhd_ws/realsense-ros) by extension 'colcon_meta'
[0.155s] Level 1:colcon.colcon_core.package_identification:_identify(zdykhd_ws/realsense-ros) by extensions ['ros']
[0.155s] Level 1:colcon.colcon_core.package_identification:_identify(zdykhd_ws/realsense-ros) by extension 'ros'
[0.155s] Level 1:colcon.colcon_core.package_identification:_identify(zdykhd_ws/realsense-ros) by extensions ['cmake', 'python']
[0.155s] Level 1:colcon.colcon_core.package_identification:_identify(zdykhd_ws/realsense-ros) by extension 'cmake'
[0.155s] Level 1:colcon.colcon_core.package_identification:_identify(zdykhd_ws/realsense-ros) by extension 'python'
[0.155s] Level 1:colcon.colcon_core.package_identification:_identify(zdykhd_ws/realsense-ros) by extensions ['python_setup_py']
[0.155s] Level 1:colcon.colcon_core.package_identification:_identify(zdykhd_ws/realsense-ros) by extension 'python_setup_py'
[0.155s] Level 1:colcon.colcon_core.package_identification:_identify(zdykhd_ws/realsense-ros/realsense2_camera) by extensions ['ignore', 'ignore_ament_install']
[0.155s] Level 1:colcon.colcon_core.package_identification:_identify(zdykhd_ws/realsense-ros/realsense2_camera) by extension 'ignore'
[0.155s] Level 1:colcon.colcon_core.package_identification:_identify(zdykhd_ws/realsense-ros/realsense2_camera) by extension 'ignore_ament_install'
[0.155s] Level 1:colcon.colcon_core.package_identification:_identify(zdykhd_ws/realsense-ros/realsense2_camera) by extensions ['colcon_pkg']
[0.155s] Level 1:colcon.colcon_core.package_identification:_identify(zdykhd_ws/realsense-ros/realsense2_camera) by extension 'colcon_pkg'
[0.155s] Level 1:colcon.colcon_core.package_identification:_identify(zdykhd_ws/realsense-ros/realsense2_camera) by extensions ['colcon_meta']
[0.155s] Level 1:colcon.colcon_core.package_identification:_identify(zdykhd_ws/realsense-ros/realsense2_camera) by extension 'colcon_meta'
[0.155s] Level 1:colcon.colcon_core.package_identification:_identify(zdykhd_ws/realsense-ros/realsense2_camera) by extensions ['ros']
[0.155s] Level 1:colcon.colcon_core.package_identification:_identify(zdykhd_ws/realsense-ros/realsense2_camera) by extension 'ros'
[0.163s] DEBUG:colcon.colcon_core.package_identification:Package 'zdykhd_ws/realsense-ros/realsense2_camera' with type 'ros.ament_cmake' and name 'realsense2_camera'
[0.163s] Level 1:colcon.colcon_core.package_identification:_identify(zdykhd_ws/realsense-ros/realsense2_camera_msgs) by extensions ['ignore', 'ignore_ament_install']
[0.163s] Level 1:colcon.colcon_core.package_identification:_identify(zdykhd_ws/realsense-ros/realsense2_camera_msgs) by extension 'ignore'
[0.163s] Level 1:colcon.colcon_core.package_identification:_identify(zdykhd_ws/realsense-ros/realsense2_camera_msgs) by extension 'ignore_ament_install'
[0.163s] Level 1:colcon.colcon_core.package_identification:_identify(zdykhd_ws/realsense-ros/realsense2_camera_msgs) by extensions ['colcon_pkg']
[0.163s] Level 1:colcon.colcon_core.package_identification:_identify(zdykhd_ws/realsense-ros/realsense2_camera_msgs) by extension 'colcon_pkg'
[0.163s] Level 1:colcon.colcon_core.package_identification:_identify(zdykhd_ws/realsense-ros/realsense2_camera_msgs) by extensions ['colcon_meta']
[0.163s] Level 1:colcon.colcon_core.package_identification:_identify(zdykhd_ws/realsense-ros/realsense2_camera_msgs) by extension 'colcon_meta'
[0.163s] Level 1:colcon.colcon_core.package_identification:_identify(zdykhd_ws/realsense-ros/realsense2_camera_msgs) by extensions ['ros']
[0.163s] Level 1:colcon.colcon_core.package_identification:_identify(zdykhd_ws/realsense-ros/realsense2_camera_msgs) by extension 'ros'
[0.163s] DEBUG:colcon.colcon_core.package_identification:Package 'zdykhd_ws/realsense-ros/realsense2_camera_msgs' with type 'ros.ament_cmake' and name 'realsense2_camera_msgs'
[0.163s] Level 1:colcon.colcon_core.package_identification:_identify(zdykhd_ws/realsense-ros/realsense2_description) by extensions ['ignore', 'ignore_ament_install']
[0.163s] Level 1:colcon.colcon_core.package_identification:_identify(zdykhd_ws/realsense-ros/realsense2_description) by extension 'ignore'
[0.163s] Level 1:colcon.colcon_core.package_identification:_identify(zdykhd_ws/realsense-ros/realsense2_description) by extension 'ignore_ament_install'
[0.164s] Level 1:colcon.colcon_core.package_identification:_identify(zdykhd_ws/realsense-ros/realsense2_description) by extensions ['colcon_pkg']
[0.164s] Level 1:colcon.colcon_core.package_identification:_identify(zdykhd_ws/realsense-ros/realsense2_description) by extension 'colcon_pkg'
[0.164s] Level 1:colcon.colcon_core.package_identification:_identify(zdykhd_ws/realsense-ros/realsense2_description) by extensions ['colcon_meta']
[0.164s] Level 1:colcon.colcon_core.package_identification:_identify(zdykhd_ws/realsense-ros/realsense2_description) by extension 'colcon_meta'
[0.164s] Level 1:colcon.colcon_core.package_identification:_identify(zdykhd_ws/realsense-ros/realsense2_description) by extensions ['ros']
[0.164s] Level 1:colcon.colcon_core.package_identification:_identify(zdykhd_ws/realsense-ros/realsense2_description) by extension 'ros'
[0.164s] DEBUG:colcon.colcon_core.package_identification:Package 'zdykhd_ws/realsense-ros/realsense2_description' with type 'ros.ament_cmake' and name 'realsense2_description'
[0.164s] Level 1:colcon.colcon_core.package_identification:_identify(zdykhd_ws/realsense-ros/scripts) by extensions ['ignore', 'ignore_ament_install']
[0.164s] Level 1:colcon.colcon_core.package_identification:_identify(zdykhd_ws/realsense-ros/scripts) by extension 'ignore'
[0.164s] Level 1:colcon.colcon_core.package_identification:_identify(zdykhd_ws/realsense-ros/scripts) by extension 'ignore_ament_install'
[0.164s] Level 1:colcon.colcon_core.package_identification:_identify(zdykhd_ws/realsense-ros/scripts) by extensions ['colcon_pkg']
[0.164s] Level 1:colcon.colcon_core.package_identification:_identify(zdykhd_ws/realsense-ros/scripts) by extension 'colcon_pkg'
[0.164s] Level 1:colcon.colcon_core.package_identification:_identify(zdykhd_ws/realsense-ros/scripts) by extensions ['colcon_meta']
[0.164s] Level 1:colcon.colcon_core.package_identification:_identify(zdykhd_ws/realsense-ros/scripts) by extension 'colcon_meta'
[0.164s] Level 1:colcon.colcon_core.package_identification:_identify(zdykhd_ws/realsense-ros/scripts) by extensions ['ros']
[0.164s] Level 1:colcon.colcon_core.package_identification:_identify(zdykhd_ws/realsense-ros/scripts) by extension 'ros'
[0.164s] Level 1:colcon.colcon_core.package_identification:_identify(zdykhd_ws/realsense-ros/scripts) by extensions ['cmake', 'python']
[0.164s] Level 1:colcon.colcon_core.package_identification:_identify(zdykhd_ws/realsense-ros/scripts) by extension 'cmake'
[0.164s] Level 1:colcon.colcon_core.package_identification:_identify(zdykhd_ws/realsense-ros/scripts) by extension 'python'
[0.164s] Level 1:colcon.colcon_core.package_identification:_identify(zdykhd_ws/realsense-ros/scripts) by extensions ['python_setup_py']
[0.164s] Level 1:colcon.colcon_core.package_identification:_identify(zdykhd_ws/realsense-ros/scripts) by extension 'python_setup_py'
[0.164s] Level 1:colcon.colcon_core.package_discovery:discover_packages(recursive) using defaults
[0.164s] Level 1:colcon.colcon_core.package_discovery:discover_packages(ignore) discover
[0.164s] Level 1:colcon.colcon_core.package_discovery:discover_packages(ignore) using defaults
[0.164s] Level 1:colcon.colcon_core.package_discovery:discover_packages(path) discover
[0.164s] Level 1:colcon.colcon_core.package_discovery:discover_packages(path) using defaults
[0.175s] Level 1:colcon.colcon_core.package_discovery:discover_packages(prefix_path) check parameters
[0.175s] Level 1:colcon.colcon_core.package_discovery:discover_packages(prefix_path) discover
[0.176s] DEBUG:colcon.colcon_installed_package_information.package_discovery:Found 6 installed packages in /home/drwwwzer/index of open sources/5lakes/install
[0.176s] DEBUG:colcon.colcon_installed_package_information.package_discovery:Found 445 installed packages in /opt/ros/humble
[0.178s] Level 1:colcon.colcon_core.package_discovery:discover_packages(prefix_path) using defaults
[0.202s] Level 5:colcon.colcon_core.verb:set package 'bringup' build argument 'cmake_args' from command line to 'None'
[0.202s] Level 5:colcon.colcon_core.verb:set package 'bringup' build argument 'cmake_target' from command line to 'None'
[0.202s] Level 5:colcon.colcon_core.verb:set package 'bringup' build argument 'cmake_target_skip_unavailable' from command line to 'False'
[0.202s] Level 5:colcon.colcon_core.verb:set package 'bringup' build argument 'cmake_clean_cache' from command line to 'False'
[0.202s] Level 5:colcon.colcon_core.verb:set package 'bringup' build argument 'cmake_clean_first' from command line to 'False'
[0.202s] Level 5:colcon.colcon_core.verb:set package 'bringup' build argument 'cmake_force_configure' from command line to 'False'
[0.202s] Level 5:colcon.colcon_core.verb:set package 'bringup' build argument 'ament_cmake_args' from command line to 'None'
[0.202s] Level 5:colcon.colcon_core.verb:set package 'bringup' build argument 'catkin_cmake_args' from command line to 'None'
[0.202s] Level 5:colcon.colcon_core.verb:set package 'bringup' build argument 'catkin_skip_building_tests' from command line to 'False'
[0.202s] DEBUG:colcon.colcon_core.verb:Building package 'bringup' with the following arguments: {'ament_cmake_args': None, 'build_base': '/home/drwwwzer/index of open sources/5lakes/build/bringup', 'catkin_cmake_args': None, 'catkin_skip_building_tests': False, 'cmake_args': None, 'cmake_clean_cache': False, 'cmake_clean_first': False, 'cmake_force_configure': False, 'cmake_target': None, 'cmake_target_skip_unavailable': False, 'install_base': '/home/drwwwzer/index of open sources/5lakes/install/bringup', 'merge_install': False, 'path': '/home/drwwwzer/index of open sources/5lakes/zdykhd_ws/Pacific_doorlock_sniper/src/bringup', 'symlink_install': False, 'test_result_base': None}
[0.202s] Level 5:colcon.colcon_core.verb:set package 'doorlock_sniper' build argument 'cmake_args' from command line to 'None'
[0.202s] Level 5:colcon.colcon_core.verb:set package 'doorlock_sniper' build argument 'cmake_target' from command line to 'None'
[0.202s] Level 5:colcon.colcon_core.verb:set package 'doorlock_sniper' build argument 'cmake_target_skip_unavailable' from command line to 'False'
[0.202s] Level 5:colcon.colcon_core.verb:set package 'doorlock_sniper' build argument 'cmake_clean_cache' from command line to 'False'
[0.202s] Level 5:colcon.colcon_core.verb:set package 'doorlock_sniper' build argument 'cmake_clean_first' from command line to 'False'
[0.202s] Level 5:colcon.colcon_core.verb:set package 'doorlock_sniper' build argument 'cmake_force_configure' from command line to 'False'
[0.202s] Level 5:colcon.colcon_core.verb:set package 'doorlock_sniper' build argument 'ament_cmake_args' from command line to 'None'
[0.202s] Level 5:colcon.colcon_core.verb:set package 'doorlock_sniper' build argument 'catkin_cmake_args' from command line to 'None'
[0.202s] Level 5:colcon.colcon_core.verb:set package 'doorlock_sniper' build argument 'catkin_skip_building_tests' from command line to 'False'
[0.202s] DEBUG:colcon.colcon_core.verb:Building package 'doorlock_sniper' with the following arguments: {'ament_cmake_args': None, 'build_base': '/home/drwwwzer/index of open sources/5lakes/build/doorlock_sniper', 'catkin_cmake_args': None, 'catkin_skip_building_tests': False, 'cmake_args': None, 'cmake_clean_cache': False, 'cmake_clean_first': False, 'cmake_force_configure': False, 'cmake_target': None, 'cmake_target_skip_unavailable': False, 'install_base': '/home/drwwwzer/index of open sources/5lakes/install/doorlock_sniper', 'merge_install': False, 'path': '/home/drwwwzer/index of open sources/5lakes/zdykhd_ws/Pacific_doorlock_sniper/src/doorlock_sniper', 'symlink_install': False, 'test_result_base': None}
[0.202s] Level 5:colcon.colcon_core.verb:set package 'realsense2_camera_msgs' build argument 'cmake_args' from command line to 'None'
[0.202s] Level 5:colcon.colcon_core.verb:set package 'realsense2_camera_msgs' build argument 'cmake_target' from command line to 'None'
[0.202s] Level 5:colcon.colcon_core.verb:set package 'realsense2_camera_msgs' build argument 'cmake_target_skip_unavailable' from command line to 'False'
[0.202s] Level 5:colcon.colcon_core.verb:set package 'realsense2_camera_msgs' build argument 'cmake_clean_cache' from command line to 'False'
[0.202s] Level 5:colcon.colcon_core.verb:set package 'realsense2_camera_msgs' build argument 'cmake_clean_first' from command line to 'False'
[0.202s] Level 5:colcon.colcon_core.verb:set package 'realsense2_camera_msgs' build argument 'cmake_force_configure' from command line to 'False'
[0.202s] Level 5:colcon.colcon_core.verb:set package 'realsense2_camera_msgs' build argument 'ament_cmake_args' from command line to 'None'
[0.202s] Level 5:colcon.colcon_core.verb:set package 'realsense2_camera_msgs' build argument 'catkin_cmake_args' from command line to 'None'
[0.202s] Level 5:colcon.colcon_core.verb:set package 'realsense2_camera_msgs' build argument 'catkin_skip_building_tests' from command line to 'False'
[0.202s] DEBUG:colcon.colcon_core.verb:Building package 'realsense2_camera_msgs' with the following arguments: {'ament_cmake_args': None, 'build_base': '/home/drwwwzer/index of open sources/5lakes/build/realsense2_camera_msgs', 'catkin_cmake_args': None, 'catkin_skip_building_tests': False, 'cmake_args': None, 'cmake_clean_cache': False, 'cmake_clean_first': False, 'cmake_force_configure': False, 'cmake_target': None, 'cmake_target_skip_unavailable': False, 'install_base': '/home/drwwwzer/index of open sources/5lakes/install/realsense2_camera_msgs', 'merge_install': False, 'path': '/home/drwwwzer/index of open sources/5lakes/zdykhd_ws/realsense-ros/realsense2_camera_msgs', 'symlink_install': False, 'test_result_base': None}
[0.203s] Level 5:colcon.colcon_core.verb:set package 'doorlock_decoder' build argument 'cmake_args' from command line to 'None'
[0.203s] Level 5:colcon.colcon_core.verb:set package 'doorlock_decoder' build argument 'cmake_target' from command line to 'None'
[0.203s] Level 5:colcon.colcon_core.verb:set package 'doorlock_decoder' build argument 'cmake_target_skip_unavailable' from command line to 'False'
[0.203s] Level 5:colcon.colcon_core.verb:set package 'doorlock_decoder' build argument 'cmake_clean_cache' from command line to 'False'
[0.203s] Level 5:colcon.colcon_core.verb:set package 'doorlock_decoder' build argument 'cmake_clean_first' from command line to 'False'
[0.203s] Level 5:colcon.colcon_core.verb:set package 'doorlock_decoder' build argument 'cmake_force_configure' from command line to 'False'
[0.203s] Level 5:colcon.colcon_core.verb:set package 'doorlock_decoder' build argument 'ament_cmake_args' from command line to 'None'
[0.203s] Level 5:colcon.colcon_core.verb:set package 'doorlock_decoder' build argument 'catkin_cmake_args' from command line to 'None'
[0.203s] Level 5:colcon.colcon_core.verb:set package 'doorlock_decoder' build argument 'catkin_skip_building_tests' from command line to 'False'
[0.203s] DEBUG:colcon.colcon_core.verb:Building package 'doorlock_decoder' with the following arguments: {'ament_cmake_args': None, 'build_base': '/home/drwwwzer/index of open sources/5lakes/build/doorlock_decoder', 'catkin_cmake_args': None, 'catkin_skip_building_tests': False, 'cmake_args': None, 'cmake_clean_cache': False, 'cmake_clean_first': False, 'cmake_force_configure': False, 'cmake_target': None, 'cmake_target_skip_unavailable': False, 'install_base': '/home/drwwwzer/index of open sources/5lakes/install/doorlock_decoder', 'merge_install': False, 'path': '/home/drwwwzer/index of open sources/5lakes/zdykhd_ws/Pacific_doorlock_sniper/src/doorlock_decoder', 'symlink_install': False, 'test_result_base': None}
[0.203s] Level 5:colcon.colcon_core.verb:set package 'realsense2_camera' build argument 'cmake_args' from command line to 'None'
[0.203s] Level 5:colcon.colcon_core.verb:set package 'realsense2_camera' build argument 'cmake_target' from command line to 'None'
[0.203s] Level 5:colcon.colcon_core.verb:set package 'realsense2_camera' build argument 'cmake_target_skip_unavailable' from command line to 'False'
[0.203s] Level 5:colcon.colcon_core.verb:set package 'realsense2_camera' build argument 'cmake_clean_cache' from command line to 'False'
[0.203s] Level 5:colcon.colcon_core.verb:set package 'realsense2_camera' build argument 'cmake_clean_first' from command line to 'False'
[0.203s] Level 5:colcon.colcon_core.verb:set package 'realsense2_camera' build argument 'cmake_force_configure' from command line to 'False'
[0.203s] Level 5:colcon.colcon_core.verb:set package 'realsense2_camera' build argument 'ament_cmake_args' from command line to 'None'
[0.203s] Level 5:colcon.colcon_core.verb:set package 'realsense2_camera' build argument 'catkin_cmake_args' from command line to 'None'
[0.203s] Level 5:colcon.colcon_core.verb:set package 'realsense2_camera' build argument 'catkin_skip_building_tests' from command line to 'False'
[0.203s] DEBUG:colcon.colcon_core.verb:Building package 'realsense2_camera' with the following arguments: {'ament_cmake_args': None, 'build_base': '/home/drwwwzer/index of open sources/5lakes/build/realsense2_camera', 'catkin_cmake_args': None, 'catkin_skip_building_tests': False, 'cmake_args': None, 'cmake_clean_cache': False, 'cmake_clean_first': False, 'cmake_force_configure': False, 'cmake_target': None, 'cmake_target_skip_unavailable': False, 'install_base': '/home/drwwwzer/index of open sources/5lakes/install/realsense2_camera', 'merge_install': False, 'path': '/home/drwwwzer/index of open sources/5lakes/zdykhd_ws/realsense-ros/realsense2_camera', 'symlink_install': False, 'test_result_base': None}
[0.203s] Level 5:colcon.colcon_core.verb:set package 'realsense2_description' build argument 'cmake_args' from command line to 'None'
[0.203s] Level 5:colcon.colcon_core.verb:set package 'realsense2_description' build argument 'cmake_target' from command line to 'None'
[0.203s] Level 5:colcon.colcon_core.verb:set package 'realsense2_description' build argument 'cmake_target_skip_unavailable' from command line to 'False'
[0.203s] Level 5:colcon.colcon_core.verb:set package 'realsense2_description' build argument 'cmake_clean_cache' from command line to 'False'
[0.203s] Level 5:colcon.colcon_core.verb:set package 'realsense2_description' build argument 'cmake_clean_first' from command line to 'False'
[0.203s] Level 5:colcon.colcon_core.verb:set package 'realsense2_description' build argument 'cmake_force_configure' from command line to 'False'
[0.203s] Level 5:colcon.colcon_core.verb:set package 'realsense2_description' build argument 'ament_cmake_args' from command line to 'None'
[0.203s] Level 5:colcon.colcon_core.verb:set package 'realsense2_description' build argument 'catkin_cmake_args' from command line to 'None'
[0.203s] Level 5:colcon.colcon_core.verb:set package 'realsense2_description' build argument 'catkin_skip_building_tests' from command line to 'False'
[0.203s] DEBUG:colcon.colcon_core.verb:Building package 'realsense2_description' with the following arguments: {'ament_cmake_args': None, 'build_base': '/home/drwwwzer/index of open sources/5lakes/build/realsense2_description', 'catkin_cmake_args': None, 'catkin_skip_building_tests': False, 'cmake_args': None, 'cmake_clean_cache': False, 'cmake_clean_first': False, 'cmake_force_configure': False, 'cmake_target': None, 'cmake_target_skip_unavailable': False, 'install_base': '/home/drwwwzer/index of open sources/5lakes/install/realsense2_description', 'merge_install': False, 'path': '/home/drwwwzer/index of open sources/5lakes/zdykhd_ws/realsense-ros/realsense2_description', 'symlink_install': False, 'test_result_base': None}
[0.203s] INFO:colcon.colcon_core.executor:Executing jobs using 'parallel' executor
[0.204s] DEBUG:colcon.colcon_parallel_executor.executor.parallel:run_until_complete
[0.204s] INFO:colcon.colcon_ros.task.ament_cmake.build:Building ROS package in '/home/drwwwzer/index of open sources/5lakes/zdykhd_ws/realsense-ros/realsense2_camera_msgs' with build type 'ament_cmake'
[0.204s] INFO:colcon.colcon_cmake.task.cmake.build:Building CMake package in '/home/drwwwzer/index of open sources/5lakes/zdykhd_ws/realsense-ros/realsense2_camera_msgs'
[0.205s] INFO:colcon.colcon_core.plugin_system:Skipping extension 'colcon_core.shell.bat': Not used on non-Windows systems
[0.205s] INFO:colcon.colcon_core.shell:Skip shell extension 'powershell' for command environment: Not usable outside of PowerShell
[0.205s] DEBUG:colcon.colcon_core.shell:Skip shell extension 'dsv' for command environment
[0.208s] INFO:colcon.colcon_ros.task.ament_cmake.build:Building ROS package in '/home/drwwwzer/index of open sources/5lakes/zdykhd_ws/Pacific_doorlock_sniper/src/doorlock_sniper' with build type 'ament_cmake'
[0.208s] INFO:colcon.colcon_cmake.task.cmake.build:Building CMake package in '/home/drwwwzer/index of open sources/5lakes/zdykhd_ws/Pacific_doorlock_sniper/src/doorlock_sniper'
[0.208s] INFO:colcon.colcon_core.shell:Skip shell extension 'powershell' for command environment: Not usable outside of PowerShell
[0.208s] DEBUG:colcon.colcon_core.shell:Skip shell extension 'dsv' for command environment
[0.210s] INFO:colcon.colcon_ros.task.ament_cmake.build:Building ROS package in '/home/drwwwzer/index of open sources/5lakes/zdykhd_ws/Pacific_doorlock_sniper/src/bringup' with build type 'ament_cmake'
[0.210s] INFO:colcon.colcon_cmake.task.cmake.build:Building CMake package in '/home/drwwwzer/index of open sources/5lakes/zdykhd_ws/Pacific_doorlock_sniper/src/bringup'
[0.211s] INFO:colcon.colcon_core.shell:Skip shell extension 'powershell' for command environment: Not usable outside of PowerShell
[0.211s] DEBUG:colcon.colcon_core.shell:Skip shell extension 'dsv' for command environment
[0.218s] DEBUG:colcon.colcon_core.event_handler.log_command:Invoking command in '/home/drwwwzer/index of open sources/5lakes/build/realsense2_camera_msgs': CMAKE_PREFIX_PATH=${CMAKE_PREFIX_PATH}:/home/drwwwzer/index of open sources/5lakes/install/doorlock_decoder:/opt/ros/humble /usr/bin/cmake --build /home/drwwwzer/index of open sources/5lakes/build/realsense2_camera_msgs -- -j24 -l24
[0.223s] DEBUG:colcon.colcon_core.event_handler.log_command:Invoking command in '/home/drwwwzer/index of open sources/5lakes/build/doorlock_sniper': CMAKE_PREFIX_PATH=${CMAKE_PREFIX_PATH}:/home/drwwwzer/index of open sources/5lakes/install/doorlock_decoder:/opt/ros/humble /usr/bin/cmake --build /home/drwwwzer/index of open sources/5lakes/build/doorlock_sniper -- -j24 -l24
[0.227s] DEBUG:colcon.colcon_core.event_handler.log_command:Invoking command in '/home/drwwwzer/index of open sources/5lakes/build/bringup': CMAKE_PREFIX_PATH=${CMAKE_PREFIX_PATH}:/home/drwwwzer/index of open sources/5lakes/install/doorlock_decoder:/opt/ros/humble /usr/bin/cmake --build /home/drwwwzer/index of open sources/5lakes/build/bringup -- -j24 -l24
[0.270s] DEBUG:colcon.colcon_core.event_handler.log_command:Invoked command in '/home/drwwwzer/index of open sources/5lakes/build/bringup' returned '0': CMAKE_PREFIX_PATH=${CMAKE_PREFIX_PATH}:/home/drwwwzer/index of open sources/5lakes/install/doorlock_decoder:/opt/ros/humble /usr/bin/cmake --build /home/drwwwzer/index of open sources/5lakes/build/bringup -- -j24 -l24
[0.284s] DEBUG:colcon.colcon_core.event_handler.log_command:Invoking command in '/home/drwwwzer/index of open sources/5lakes/build/bringup': CMAKE_PREFIX_PATH=${CMAKE_PREFIX_PATH}:/home/drwwwzer/index of open sources/5lakes/install/doorlock_decoder:/opt/ros/humble /usr/bin/cmake --install /home/drwwwzer/index of open sources/5lakes/build/bringup
[0.296s] Level 1:colcon.colcon_core.environment:create_environment_scripts_only(bringup)
[0.298s] DEBUG:colcon.colcon_core.event_handler.log_command:Invoked command in '/home/drwwwzer/index of open sources/5lakes/build/bringup' returned '0': CMAKE_PREFIX_PATH=${CMAKE_PREFIX_PATH}:/home/drwwwzer/index of open sources/5lakes/install/doorlock_decoder:/opt/ros/humble /usr/bin/cmake --install /home/drwwwzer/index of open sources/5lakes/build/bringup
[0.304s] Level 1:colcon.colcon_core.environment:checking '/home/drwwwzer/index of open sources/5lakes/install/bringup' for CMake module files
[0.306s] Level 1:colcon.colcon_core.environment:checking '/home/drwwwzer/index of open sources/5lakes/install/bringup' for CMake config files
[0.306s] Level 1:colcon.colcon_core.shell:create_environment_hook('bringup', 'cmake_prefix_path')
[0.307s] INFO:colcon.colcon_core.shell:Creating environment hook '/home/drwwwzer/index of open sources/5lakes/install/bringup/share/bringup/hook/cmake_prefix_path.ps1'
[0.308s] INFO:colcon.colcon_core.shell:Creating environment descriptor '/home/drwwwzer/index of open sources/5lakes/install/bringup/share/bringup/hook/cmake_prefix_path.dsv'
[0.310s] INFO:colcon.colcon_core.shell:Creating environment hook '/home/drwwwzer/index of open sources/5lakes/install/bringup/share/bringup/hook/cmake_prefix_path.sh'
[0.312s] Level 1:colcon.colcon_core.environment:checking '/home/drwwwzer/index of open sources/5lakes/install/bringup/bin'
[0.312s] Level 1:colcon.colcon_core.environment:checking '/home/drwwwzer/index of open sources/5lakes/install/bringup/lib/pkgconfig/bringup.pc'
[0.312s] Level 1:colcon.colcon_core.environment:checking '/home/drwwwzer/index of open sources/5lakes/install/bringup/lib/python3.10/site-packages'
[0.313s] Level 1:colcon.colcon_core.environment:checking '/home/drwwwzer/index of open sources/5lakes/install/bringup/bin'
[0.314s] INFO:colcon.colcon_core.shell:Creating package script '/home/drwwwzer/index of open sources/5lakes/install/bringup/share/bringup/package.ps1'
[0.316s] INFO:colcon.colcon_core.shell:Creating package descriptor '/home/drwwwzer/index of open sources/5lakes/install/bringup/share/bringup/package.dsv'
[0.318s] INFO:colcon.colcon_core.shell:Creating package script '/home/drwwwzer/index of open sources/5lakes/install/bringup/share/bringup/package.sh'
[0.320s] INFO:colcon.colcon_core.shell:Creating package script '/home/drwwwzer/index of open sources/5lakes/install/bringup/share/bringup/package.bash'
[0.321s] INFO:colcon.colcon_core.shell:Creating package script '/home/drwwwzer/index of open sources/5lakes/install/bringup/share/bringup/package.zsh'
[0.323s] Level 1:colcon.colcon_core.environment:create_file_with_runtime_dependencies(/home/drwwwzer/index of open sources/5lakes/install/bringup/share/colcon-core/packages/bringup)
[0.323s] Level 1:colcon.colcon_core.environment:create_environment_scripts_only(bringup)
[0.323s] Level 1:colcon.colcon_core.environment:checking '/home/drwwwzer/index of open sources/5lakes/install/bringup' for CMake module files
[0.324s] Level 1:colcon.colcon_core.environment:checking '/home/drwwwzer/index of open sources/5lakes/install/bringup' for CMake config files
[0.325s] Level 1:colcon.colcon_core.shell:create_environment_hook('bringup', 'cmake_prefix_path')
[0.325s] INFO:colcon.colcon_core.shell:Creating environment hook '/home/drwwwzer/index of open sources/5lakes/install/bringup/share/bringup/hook/cmake_prefix_path.ps1'
[0.325s] INFO:colcon.colcon_core.shell:Creating environment descriptor '/home/drwwwzer/index of open sources/5lakes/install/bringup/share/bringup/hook/cmake_prefix_path.dsv'
[0.326s] INFO:colcon.colcon_core.shell:Creating environment hook '/home/drwwwzer/index of open sources/5lakes/install/bringup/share/bringup/hook/cmake_prefix_path.sh'
[0.326s] Level 1:colcon.colcon_core.environment:checking '/home/drwwwzer/index of open sources/5lakes/install/bringup/bin'
[0.327s] Level 1:colcon.colcon_core.environment:checking '/home/drwwwzer/index of open sources/5lakes/install/bringup/lib/pkgconfig/bringup.pc'
[0.327s] Level 1:colcon.colcon_core.environment:checking '/home/drwwwzer/index of open sources/5lakes/install/bringup/lib/python3.10/site-packages'
[0.327s] Level 1:colcon.colcon_core.environment:checking '/home/drwwwzer/index of open sources/5lakes/install/bringup/bin'
[0.328s] INFO:colcon.colcon_core.shell:Creating package script '/home/drwwwzer/index of open sources/5lakes/install/bringup/share/bringup/package.ps1'
[0.330s] INFO:colcon.colcon_core.shell:Creating package descriptor '/home/drwwwzer/index of open sources/5lakes/install/bringup/share/bringup/package.dsv'
[0.330s] INFO:colcon.colcon_core.shell:Creating package script '/home/drwwwzer/index of open sources/5lakes/install/bringup/share/bringup/package.sh'
[0.332s] INFO:colcon.colcon_core.shell:Creating package script '/home/drwwwzer/index of open sources/5lakes/install/bringup/share/bringup/package.bash'
[0.332s] INFO:colcon.colcon_core.shell:Creating package script '/home/drwwwzer/index of open sources/5lakes/install/bringup/share/bringup/package.zsh'
[0.333s] Level 1:colcon.colcon_core.environment:create_file_with_runtime_dependencies(/home/drwwwzer/index of open sources/5lakes/install/bringup/share/colcon-core/packages/bringup)
[0.567s] DEBUG:colcon.colcon_core.event_handler.log_command:Invoked command in '/home/drwwwzer/index of open sources/5lakes/build/realsense2_camera_msgs' returned '0': CMAKE_PREFIX_PATH=${CMAKE_PREFIX_PATH}:/home/drwwwzer/index of open sources/5lakes/install/doorlock_decoder:/opt/ros/humble /usr/bin/cmake --build /home/drwwwzer/index of open sources/5lakes/build/realsense2_camera_msgs -- -j24 -l24
[0.568s] DEBUG:colcon.colcon_core.event_handler.log_command:Invoking command in '/home/drwwwzer/index of open sources/5lakes/build/realsense2_camera_msgs': CMAKE_PREFIX_PATH=${CMAKE_PREFIX_PATH}:/home/drwwwzer/index of open sources/5lakes/install/doorlock_decoder:/opt/ros/humble /usr/bin/cmake --install /home/drwwwzer/index of open sources/5lakes/build/realsense2_camera_msgs
[0.572s] DEBUG:colcon.colcon_core.event_handler.log_command:Invoked command in '/home/drwwwzer/index of open sources/5lakes/build/doorlock_sniper' returned '0': CMAKE_PREFIX_PATH=${CMAKE_PREFIX_PATH}:/home/drwwwzer/index of open sources/5lakes/install/doorlock_decoder:/opt/ros/humble /usr/bin/cmake --build /home/drwwwzer/index of open sources/5lakes/build/doorlock_sniper -- -j24 -l24
[0.572s] DEBUG:colcon.colcon_core.event_handler.log_command:Invoking command in '/home/drwwwzer/index of open sources/5lakes/build/doorlock_sniper': CMAKE_PREFIX_PATH=${CMAKE_PREFIX_PATH}:/home/drwwwzer/index of open sources/5lakes/install/doorlock_decoder:/opt/ros/humble /usr/bin/cmake --install /home/drwwwzer/index of open sources/5lakes/build/doorlock_sniper
[0.613s] Level 1:colcon.colcon_core.environment:create_environment_scripts_only(doorlock_sniper)
[0.614s] Level 1:colcon.colcon_core.environment:checking '/home/drwwwzer/index of open sources/5lakes/install/doorlock_sniper' for CMake module files
[0.616s] DEBUG:colcon.colcon_core.event_handler.log_command:Invoked command in '/home/drwwwzer/index of open sources/5lakes/build/doorlock_sniper' returned '0': CMAKE_PREFIX_PATH=${CMAKE_PREFIX_PATH}:/home/drwwwzer/index of open sources/5lakes/install/doorlock_decoder:/opt/ros/humble /usr/bin/cmake --install /home/drwwwzer/index of open sources/5lakes/build/doorlock_sniper
[0.618s] Level 1:colcon.colcon_core.environment:checking '/home/drwwwzer/index of open sources/5lakes/install/doorlock_sniper' for CMake config files
[0.619s] Level 1:colcon.colcon_core.shell:create_environment_hook('doorlock_sniper', 'cmake_prefix_path')
[0.619s] INFO:colcon.colcon_core.shell:Creating environment hook '/home/drwwwzer/index of open sources/5lakes/install/doorlock_sniper/share/doorlock_sniper/hook/cmake_prefix_path.ps1'
[0.619s] INFO:colcon.colcon_core.shell:Creating environment descriptor '/home/drwwwzer/index of open sources/5lakes/install/doorlock_sniper/share/doorlock_sniper/hook/cmake_prefix_path.dsv'
[0.620s] INFO:colcon.colcon_core.shell:Creating environment hook '/home/drwwwzer/index of open sources/5lakes/install/doorlock_sniper/share/doorlock_sniper/hook/cmake_prefix_path.sh'
[0.621s] Level 1:colcon.colcon_core.environment:checking '/home/drwwwzer/index of open sources/5lakes/install/doorlock_sniper/lib'
[0.621s] Level 1:colcon.colcon_core.shell:create_environment_hook('doorlock_sniper', 'ld_library_path_lib')
[0.621s] INFO:colcon.colcon_core.shell:Creating environment hook '/home/drwwwzer/index of open sources/5lakes/install/doorlock_sniper/share/doorlock_sniper/hook/ld_library_path_lib.ps1'
[0.621s] INFO:colcon.colcon_core.shell:Creating environment descriptor '/home/drwwwzer/index of open sources/5lakes/install/doorlock_sniper/share/doorlock_sniper/hook/ld_library_path_lib.dsv'
[0.622s] INFO:colcon.colcon_core.shell:Creating environment hook '/home/drwwwzer/index of open sources/5lakes/install/doorlock_sniper/share/doorlock_sniper/hook/ld_library_path_lib.sh'
[0.622s] Level 1:colcon.colcon_core.environment:checking '/home/drwwwzer/index of open sources/5lakes/install/doorlock_sniper/bin'
[0.622s] Level 1:colcon.colcon_core.environment:checking '/home/drwwwzer/index of open sources/5lakes/install/doorlock_sniper/lib/pkgconfig/doorlock_sniper.pc'
[0.623s] Level 1:colcon.colcon_core.environment:checking '/home/drwwwzer/index of open sources/5lakes/install/doorlock_sniper/lib/python3.10/site-packages'
[0.623s] Level 1:colcon.colcon_core.environment:checking '/home/drwwwzer/index of open sources/5lakes/install/doorlock_sniper/bin'
[0.623s] INFO:colcon.colcon_core.shell:Creating package script '/home/drwwwzer/index of open sources/5lakes/install/doorlock_sniper/share/doorlock_sniper/package.ps1'
[0.624s] INFO:colcon.colcon_core.shell:Creating package descriptor '/home/drwwwzer/index of open sources/5lakes/install/doorlock_sniper/share/doorlock_sniper/package.dsv'
[0.624s] INFO:colcon.colcon_core.shell:Creating package script '/home/drwwwzer/index of open sources/5lakes/install/doorlock_sniper/share/doorlock_sniper/package.sh'
[0.625s] INFO:colcon.colcon_core.shell:Creating package script '/home/drwwwzer/index of open sources/5lakes/install/doorlock_sniper/share/doorlock_sniper/package.bash'
[0.625s] INFO:colcon.colcon_core.shell:Creating package script '/home/drwwwzer/index of open sources/5lakes/install/doorlock_sniper/share/doorlock_sniper/package.zsh'
[0.626s] Level 1:colcon.colcon_core.environment:create_file_with_runtime_dependencies(/home/drwwwzer/index of open sources/5lakes/install/doorlock_sniper/share/colcon-core/packages/doorlock_sniper)
[0.626s] Level 1:colcon.colcon_core.environment:create_environment_scripts_only(doorlock_sniper)
[0.626s] Level 1:colcon.colcon_core.environment:checking '/home/drwwwzer/index of open sources/5lakes/install/doorlock_sniper' for CMake module files
[0.627s] Level 1:colcon.colcon_core.environment:checking '/home/drwwwzer/index of open sources/5lakes/install/doorlock_sniper' for CMake config files
[0.627s] Level 1:colcon.colcon_core.shell:create_environment_hook('doorlock_sniper', 'cmake_prefix_path')
[0.627s] INFO:colcon.colcon_core.shell:Creating environment hook '/home/drwwwzer/index of open sources/5lakes/install/doorlock_sniper/share/doorlock_sniper/hook/cmake_prefix_path.ps1'
[0.628s] INFO:colcon.colcon_core.shell:Creating environment descriptor '/home/drwwwzer/index of open sources/5lakes/install/doorlock_sniper/share/doorlock_sniper/hook/cmake_prefix_path.dsv'
[0.628s] INFO:colcon.colcon_core.shell:Creating environment hook '/home/drwwwzer/index of open sources/5lakes/install/doorlock_sniper/share/doorlock_sniper/hook/cmake_prefix_path.sh'
[0.628s] Level 1:colcon.colcon_core.environment:checking '/home/drwwwzer/index of open sources/5lakes/install/doorlock_sniper/lib'
[0.628s] Level 1:colcon.colcon_core.shell:create_environment_hook('doorlock_sniper', 'ld_library_path_lib')
[0.628s] INFO:colcon.colcon_core.shell:Creating environment hook '/home/drwwwzer/index of open sources/5lakes/install/doorlock_sniper/share/doorlock_sniper/hook/ld_library_path_lib.ps1'
[0.628s] INFO:colcon.colcon_core.shell:Creating environment descriptor '/home/drwwwzer/index of open sources/5lakes/install/doorlock_sniper/share/doorlock_sniper/hook/ld_library_path_lib.dsv'
[0.629s] INFO:colcon.colcon_core.shell:Creating environment hook '/home/drwwwzer/index of open sources/5lakes/install/doorlock_sniper/share/doorlock_sniper/hook/ld_library_path_lib.sh'
[0.629s] Level 1:colcon.colcon_core.environment:checking '/home/drwwwzer/index of open sources/5lakes/install/doorlock_sniper/bin'
[0.629s] Level 1:colcon.colcon_core.environment:checking '/home/drwwwzer/index of open sources/5lakes/install/doorlock_sniper/lib/pkgconfig/doorlock_sniper.pc'
[0.629s] Level 1:colcon.colcon_core.environment:checking '/home/drwwwzer/index of open sources/5lakes/install/doorlock_sniper/lib/python3.10/site-packages'
[0.629s] Level 1:colcon.colcon_core.environment:checking '/home/drwwwzer/index of open sources/5lakes/install/doorlock_sniper/bin'
[0.629s] INFO:colcon.colcon_core.shell:Creating package script '/home/drwwwzer/index of open sources/5lakes/install/doorlock_sniper/share/doorlock_sniper/package.ps1'
[0.630s] INFO:colcon.colcon_core.shell:Creating package descriptor '/home/drwwwzer/index of open sources/5lakes/install/doorlock_sniper/share/doorlock_sniper/package.dsv'
[0.630s] INFO:colcon.colcon_core.shell:Creating package script '/home/drwwwzer/index of open sources/5lakes/install/doorlock_sniper/share/doorlock_sniper/package.sh'
[0.630s] INFO:colcon.colcon_core.shell:Creating package script '/home/drwwwzer/index of open sources/5lakes/install/doorlock_sniper/share/doorlock_sniper/package.bash'
[0.630s] INFO:colcon.colcon_core.shell:Creating package script '/home/drwwwzer/index of open sources/5lakes/install/doorlock_sniper/share/doorlock_sniper/package.zsh'
[0.631s] Level 1:colcon.colcon_core.environment:create_file_with_runtime_dependencies(/home/drwwwzer/index of open sources/5lakes/install/doorlock_sniper/share/colcon-core/packages/doorlock_sniper)
[0.631s] INFO:colcon.colcon_ros.task.ament_python.build:Building ROS package in '/home/drwwwzer/index of open sources/5lakes/zdykhd_ws/Pacific_doorlock_sniper/src/doorlock_decoder' with build type 'ament_python'
[0.631s] Level 1:colcon.colcon_core.shell:create_environment_hook('doorlock_decoder', 'ament_prefix_path')
[0.631s] INFO:colcon.colcon_core.shell:Creating environment hook '/home/drwwwzer/index of open sources/5lakes/install/doorlock_decoder/share/doorlock_decoder/hook/ament_prefix_path.ps1'
[0.631s] INFO:colcon.colcon_core.shell:Creating environment descriptor '/home/drwwwzer/index of open sources/5lakes/install/doorlock_decoder/share/doorlock_decoder/hook/ament_prefix_path.dsv'
[0.632s] INFO:colcon.colcon_core.shell:Creating environment hook '/home/drwwwzer/index of open sources/5lakes/install/doorlock_decoder/share/doorlock_decoder/hook/ament_prefix_path.sh'
[0.633s] INFO:colcon.colcon_core.shell:Skip shell extension 'powershell' for command environment: Not usable outside of PowerShell
[0.633s] DEBUG:colcon.colcon_core.shell:Skip shell extension 'dsv' for command environment
[0.637s] Level 1:colcon.colcon_core.environment:create_environment_scripts_only(realsense2_camera_msgs)
[0.637s] DEBUG:colcon.colcon_core.event_handler.log_command:Invoked command in '/home/drwwwzer/index of open sources/5lakes/build/realsense2_camera_msgs' returned '0': CMAKE_PREFIX_PATH=${CMAKE_PREFIX_PATH}:/home/drwwwzer/index of open sources/5lakes/install/doorlock_decoder:/opt/ros/humble /usr/bin/cmake --install /home/drwwwzer/index of open sources/5lakes/build/realsense2_camera_msgs
[0.637s] Level 1:colcon.colcon_core.environment:checking '/home/drwwwzer/index of open sources/5lakes/install/realsense2_camera_msgs' for CMake module files
[0.638s] Level 1:colcon.colcon_core.environment:checking '/home/drwwwzer/index of open sources/5lakes/install/realsense2_camera_msgs' for CMake config files
[0.639s] Level 1:colcon.colcon_core.shell:create_environment_hook('realsense2_camera_msgs', 'cmake_prefix_path')
[0.640s] INFO:colcon.colcon_core.shell:Creating environment hook '/home/drwwwzer/index of open sources/5lakes/install/realsense2_camera_msgs/share/realsense2_camera_msgs/hook/cmake_prefix_path.ps1'
[0.640s] INFO:colcon.colcon_core.shell:Creating environment descriptor '/home/drwwwzer/index of open sources/5lakes/install/realsense2_camera_msgs/share/realsense2_camera_msgs/hook/cmake_prefix_path.dsv'
[0.640s] INFO:colcon.colcon_core.shell:Creating environment hook '/home/drwwwzer/index of open sources/5lakes/install/realsense2_camera_msgs/share/realsense2_camera_msgs/hook/cmake_prefix_path.sh'
[0.641s] Level 1:colcon.colcon_core.environment:checking '/home/drwwwzer/index of open sources/5lakes/install/realsense2_camera_msgs/lib'
[0.641s] Level 1:colcon.colcon_core.shell:create_environment_hook('realsense2_camera_msgs', 'ld_library_path_lib')
[0.641s] INFO:colcon.colcon_core.shell:Creating environment hook '/home/drwwwzer/index of open sources/5lakes/install/realsense2_camera_msgs/share/realsense2_camera_msgs/hook/ld_library_path_lib.ps1'
[0.642s] INFO:colcon.colcon_core.shell:Creating environment descriptor '/home/drwwwzer/index of open sources/5lakes/install/realsense2_camera_msgs/share/realsense2_camera_msgs/hook/ld_library_path_lib.dsv'
[0.642s] INFO:colcon.colcon_core.shell:Creating environment hook '/home/drwwwzer/index of open sources/5lakes/install/realsense2_camera_msgs/share/realsense2_camera_msgs/hook/ld_library_path_lib.sh'
[0.643s] Level 1:colcon.colcon_core.environment:checking '/home/drwwwzer/index of open sources/5lakes/install/realsense2_camera_msgs/bin'
[0.643s] Level 1:colcon.colcon_core.environment:checking '/home/drwwwzer/index of open sources/5lakes/install/realsense2_camera_msgs/lib/pkgconfig/realsense2_camera_msgs.pc'
[0.643s] Level 1:colcon.colcon_core.environment:checking '/home/drwwwzer/index of open sources/5lakes/install/realsense2_camera_msgs/lib/python3.10/site-packages'
[0.643s] Level 1:colcon.colcon_core.environment:checking '/home/drwwwzer/index of open sources/5lakes/install/realsense2_camera_msgs/bin'
[0.644s] INFO:colcon.colcon_core.shell:Creating package script '/home/drwwwzer/index of open sources/5lakes/install/realsense2_camera_msgs/share/realsense2_camera_msgs/package.ps1'
[0.644s] INFO:colcon.colcon_core.shell:Creating package descriptor '/home/drwwwzer/index of open sources/5lakes/install/realsense2_camera_msgs/share/realsense2_camera_msgs/package.dsv'
[0.644s] INFO:colcon.colcon_core.shell:Creating package script '/home/drwwwzer/index of open sources/5lakes/install/realsense2_camera_msgs/share/realsense2_camera_msgs/package.sh'
[0.644s] INFO:colcon.colcon_core.shell:Creating package script '/home/drwwwzer/index of open sources/5lakes/install/realsense2_camera_msgs/share/realsense2_camera_msgs/package.bash'
[0.645s] INFO:colcon.colcon_core.shell:Creating package script '/home/drwwwzer/index of open sources/5lakes/install/realsense2_camera_msgs/share/realsense2_camera_msgs/package.zsh'
[0.645s] Level 1:colcon.colcon_core.environment:create_file_with_runtime_dependencies(/home/drwwwzer/index of open sources/5lakes/install/realsense2_camera_msgs/share/colcon-core/packages/realsense2_camera_msgs)
[0.645s] Level 1:colcon.colcon_core.environment:create_environment_scripts_only(realsense2_camera_msgs)
[0.645s] Level 1:colcon.colcon_core.environment:checking '/home/drwwwzer/index of open sources/5lakes/install/realsense2_camera_msgs' for CMake module files
[0.646s] Level 1:colcon.colcon_core.environment:checking '/home/drwwwzer/index of open sources/5lakes/install/realsense2_camera_msgs' for CMake config files
[0.646s] Level 1:colcon.colcon_core.shell:create_environment_hook('realsense2_camera_msgs', 'cmake_prefix_path')
[0.646s] INFO:colcon.colcon_core.shell:Creating environment hook '/home/drwwwzer/index of open sources/5lakes/install/realsense2_camera_msgs/share/realsense2_camera_msgs/hook/cmake_prefix_path.ps1'
[0.647s] INFO:colcon.colcon_core.shell:Creating environment descriptor '/home/drwwwzer/index of open sources/5lakes/install/realsense2_camera_msgs/share/realsense2_camera_msgs/hook/cmake_prefix_path.dsv'
[0.647s] INFO:colcon.colcon_core.shell:Creating environment hook '/home/drwwwzer/index of open sources/5lakes/install/realsense2_camera_msgs/share/realsense2_camera_msgs/hook/cmake_prefix_path.sh'
[0.647s] Level 1:colcon.colcon_core.environment:checking '/home/drwwwzer/index of open sources/5lakes/install/realsense2_camera_msgs/lib'
[0.647s] Level 1:colcon.colcon_core.shell:create_environment_hook('realsense2_camera_msgs', 'ld_library_path_lib')
[0.647s] INFO:colcon.colcon_core.shell:Creating environment hook '/home/drwwwzer/index of open sources/5lakes/install/realsense2_camera_msgs/share/realsense2_camera_msgs/hook/ld_library_path_lib.ps1'
[0.648s] INFO:colcon.colcon_core.shell:Creating environment descriptor '/home/drwwwzer/index of open sources/5lakes/install/realsense2_camera_msgs/share/realsense2_camera_msgs/hook/ld_library_path_lib.dsv'
[0.648s] INFO:colcon.colcon_core.shell:Creating environment hook '/home/drwwwzer/index of open sources/5lakes/install/realsense2_camera_msgs/share/realsense2_camera_msgs/hook/ld_library_path_lib.sh'
[0.648s] Level 1:colcon.colcon_core.environment:checking '/home/drwwwzer/index of open sources/5lakes/install/realsense2_camera_msgs/bin'
[0.648s] Level 1:colcon.colcon_core.environment:checking '/home/drwwwzer/index of open sources/5lakes/install/realsense2_camera_msgs/lib/pkgconfig/realsense2_camera_msgs.pc'
[0.649s] Level 1:colcon.colcon_core.environment:checking '/home/drwwwzer/index of open sources/5lakes/install/realsense2_camera_msgs/lib/python3.10/site-packages'
[0.649s] Level 1:colcon.colcon_core.environment:checking '/home/drwwwzer/index of open sources/5lakes/install/realsense2_camera_msgs/bin'
[0.649s] INFO:colcon.colcon_core.shell:Creating package script '/home/drwwwzer/index of open sources/5lakes/install/realsense2_camera_msgs/share/realsense2_camera_msgs/package.ps1'
[0.649s] INFO:colcon.colcon_core.shell:Creating package descriptor '/home/drwwwzer/index of open sources/5lakes/install/realsense2_camera_msgs/share/realsense2_camera_msgs/package.dsv'
[0.650s] INFO:colcon.colcon_core.shell:Creating package script '/home/drwwwzer/index of open sources/5lakes/install/realsense2_camera_msgs/share/realsense2_camera_msgs/package.sh'
[0.650s] INFO:colcon.colcon_core.shell:Creating package script '/home/drwwwzer/index of open sources/5lakes/install/realsense2_camera_msgs/share/realsense2_camera_msgs/package.bash'
[0.650s] INFO:colcon.colcon_core.shell:Creating package script '/home/drwwwzer/index of open sources/5lakes/install/realsense2_camera_msgs/share/realsense2_camera_msgs/package.zsh'
[0.650s] Level 1:colcon.colcon_core.environment:create_file_with_runtime_dependencies(/home/drwwwzer/index of open sources/5lakes/install/realsense2_camera_msgs/share/colcon-core/packages/realsense2_camera_msgs)
[0.651s] INFO:colcon.colcon_ros.task.ament_cmake.build:Building ROS package in '/home/drwwwzer/index of open sources/5lakes/zdykhd_ws/realsense-ros/realsense2_camera' with build type 'ament_cmake'
[0.651s] INFO:colcon.colcon_cmake.task.cmake.build:Building CMake package in '/home/drwwwzer/index of open sources/5lakes/zdykhd_ws/realsense-ros/realsense2_camera'
[0.651s] INFO:colcon.colcon_core.shell:Skip shell extension 'powershell' for command environment: Not usable outside of PowerShell
[0.651s] DEBUG:colcon.colcon_core.shell:Skip shell extension 'dsv' for command environment
[0.654s] INFO:colcon.colcon_ros.task.ament_cmake.build:Building ROS package in '/home/drwwwzer/index of open sources/5lakes/zdykhd_ws/realsense-ros/realsense2_description' with build type 'ament_cmake'
[0.654s] INFO:colcon.colcon_cmake.task.cmake.build:Building CMake package in '/home/drwwwzer/index of open sources/5lakes/zdykhd_ws/realsense-ros/realsense2_description'
[0.654s] INFO:colcon.colcon_core.shell:Skip shell extension 'powershell' for command environment: Not usable outside of PowerShell
[0.654s] DEBUG:colcon.colcon_core.shell:Skip shell extension 'dsv' for command environment
[0.809s] INFO:colcon.colcon_core.task.python.build:Building Python package in '/home/drwwwzer/index of open sources/5lakes/zdykhd_ws/Pacific_doorlock_sniper/src/doorlock_decoder'
[0.809s] INFO:colcon.colcon_core.shell:Skip shell extension 'powershell' for command environment: Not usable outside of PowerShell
[0.809s] DEBUG:colcon.colcon_core.shell:Skip shell extension 'dsv' for command environment
[0.813s] DEBUG:colcon.colcon_core.event_handler.log_command:Invoking command in '/home/drwwwzer/index of open sources/5lakes/build/realsense2_camera': CMAKE_PREFIX_PATH=/home/drwwwzer/index of open sources/5lakes/install/realsense2_camera_msgs:/home/drwwwzer/index of open sources/5lakes/install/realsense2_description:/home/drwwwzer/index of open sources/5lakes/install/realsense2_camera:/home/drwwwzer/index of open sources/5lakes/install/doorlock_sniper:/home/drwwwzer/index of open sources/5lakes/install/bringup:/home/drwwwzer/index of open sources/5lakes/install/doorlock_decoder:/opt/ros/humble LD_LIBRARY_PATH=/home/drwwwzer/index of open sources/5lakes/install/realsense2_camera_msgs/lib:/home/drwwwzer/index of open sources/5lakes/install/realsense2_camera/lib:/home/drwwwzer/index of open sources/5lakes/install/doorlock_sniper/lib:/usr/lib/x86_64-linux-gnu/gazebo-11/plugins:/opt/ros/humble/opt/rviz_ogre_vendor/lib:/opt/ros/humble/lib/x86_64-linux-gnu:/opt/ros/humble/opt/openvdb_vendor/lib:/opt/ros/humble/lib /usr/bin/cmake --build /home/drwwwzer/index of open sources/5lakes/build/realsense2_camera -- -j24 -l24
[0.818s] DEBUG:colcon.colcon_core.event_handler.log_command:Invoking command in '/home/drwwwzer/index of open sources/5lakes/build/realsense2_description': CMAKE_PREFIX_PATH=/home/drwwwzer/index of open sources/5lakes/install/realsense2_camera_msgs:/home/drwwwzer/index of open sources/5lakes/install/realsense2_description:/home/drwwwzer/index of open sources/5lakes/install/realsense2_camera:/home/drwwwzer/index of open sources/5lakes/install/doorlock_sniper:/home/drwwwzer/index of open sources/5lakes/install/bringup:/home/drwwwzer/index of open sources/5lakes/install/doorlock_decoder:/opt/ros/humble LD_LIBRARY_PATH=/home/drwwwzer/index of open sources/5lakes/install/realsense2_camera_msgs/lib:/home/drwwwzer/index of open sources/5lakes/install/realsense2_camera/lib:/home/drwwwzer/index of open sources/5lakes/install/doorlock_sniper/lib:/usr/lib/x86_64-linux-gnu/gazebo-11/plugins:/opt/ros/humble/opt/rviz_ogre_vendor/lib:/opt/ros/humble/lib/x86_64-linux-gnu:/opt/ros/humble/opt/openvdb_vendor/lib:/opt/ros/humble/lib /usr/bin/cmake --build /home/drwwwzer/index of open sources/5lakes/build/realsense2_description -- -j24 -l24
[0.854s] DEBUG:colcon.colcon_core.event_handler.log_command:Invoked command in '/home/drwwwzer/index of open sources/5lakes/build/realsense2_description' returned '0': CMAKE_PREFIX_PATH=/home/drwwwzer/index of open sources/5lakes/install/realsense2_camera_msgs:/home/drwwwzer/index of open sources/5lakes/install/realsense2_description:/home/drwwwzer/index of open sources/5lakes/install/realsense2_camera:/home/drwwwzer/index of open sources/5lakes/install/doorlock_sniper:/home/drwwwzer/index of open sources/5lakes/install/bringup:/home/drwwwzer/index of open sources/5lakes/install/doorlock_decoder:/opt/ros/humble LD_LIBRARY_PATH=/home/drwwwzer/index of open sources/5lakes/install/realsense2_camera_msgs/lib:/home/drwwwzer/index of open sources/5lakes/install/realsense2_camera/lib:/home/drwwwzer/index of open sources/5lakes/install/doorlock_sniper/lib:/usr/lib/x86_64-linux-gnu/gazebo-11/plugins:/opt/ros/humble/opt/rviz_ogre_vendor/lib:/opt/ros/humble/lib/x86_64-linux-gnu:/opt/ros/humble/opt/openvdb_vendor/lib:/opt/ros/humble/lib /usr/bin/cmake --build /home/drwwwzer/index of open sources/5lakes/build/realsense2_description -- -j24 -l24
[0.856s] DEBUG:colcon.colcon_core.event_handler.log_command:Invoking command in '/home/drwwwzer/index of open sources/5lakes/build/realsense2_description': CMAKE_PREFIX_PATH=/home/drwwwzer/index of open sources/5lakes/install/realsense2_camera_msgs:/home/drwwwzer/index of open sources/5lakes/install/realsense2_description:/home/drwwwzer/index of open sources/5lakes/install/realsense2_camera:/home/drwwwzer/index of open sources/5lakes/install/doorlock_sniper:/home/drwwwzer/index of open sources/5lakes/install/bringup:/home/drwwwzer/index of open sources/5lakes/install/doorlock_decoder:/opt/ros/humble LD_LIBRARY_PATH=/home/drwwwzer/index of open sources/5lakes/install/realsense2_camera_msgs/lib:/home/drwwwzer/index of open sources/5lakes/install/realsense2_camera/lib:/home/drwwwzer/index of open sources/5lakes/install/doorlock_sniper/lib:/usr/lib/x86_64-linux-gnu/gazebo-11/plugins:/opt/ros/humble/opt/rviz_ogre_vendor/lib:/opt/ros/humble/lib/x86_64-linux-gnu:/opt/ros/humble/opt/openvdb_vendor/lib:/opt/ros/humble/lib /usr/bin/cmake --install /home/drwwwzer/index of open sources/5lakes/build/realsense2_description
[0.868s] Level 1:colcon.colcon_core.environment:create_environment_scripts_only(realsense2_description)
[0.868s] Level 1:colcon.colcon_core.environment:checking '/home/drwwwzer/index of open sources/5lakes/install/realsense2_description' for CMake module files
[0.869s] DEBUG:colcon.colcon_core.event_handler.log_command:Invoked command in '/home/drwwwzer/index of open sources/5lakes/build/realsense2_description' returned '0': CMAKE_PREFIX_PATH=/home/drwwwzer/index of open sources/5lakes/install/realsense2_camera_msgs:/home/drwwwzer/index of open sources/5lakes/install/realsense2_description:/home/drwwwzer/index of open sources/5lakes/install/realsense2_camera:/home/drwwwzer/index of open sources/5lakes/install/doorlock_sniper:/home/drwwwzer/index of open sources/5lakes/install/bringup:/home/drwwwzer/index of open sources/5lakes/install/doorlock_decoder:/opt/ros/humble LD_LIBRARY_PATH=/home/drwwwzer/index of open sources/5lakes/install/realsense2_camera_msgs/lib:/home/drwwwzer/index of open sources/5lakes/install/realsense2_camera/lib:/home/drwwwzer/index of open sources/5lakes/install/doorlock_sniper/lib:/usr/lib/x86_64-linux-gnu/gazebo-11/plugins:/opt/ros/humble/opt/rviz_ogre_vendor/lib:/opt/ros/humble/lib/x86_64-linux-gnu:/opt/ros/humble/opt/openvdb_vendor/lib:/opt/ros/humble/lib /usr/bin/cmake --install /home/drwwwzer/index of open sources/5lakes/build/realsense2_description
[0.869s] Level 1:colcon.colcon_core.environment:checking '/home/drwwwzer/index of open sources/5lakes/install/realsense2_description' for CMake config files
[0.869s] Level 1:colcon.colcon_core.shell:create_environment_hook('realsense2_description', 'cmake_prefix_path')
[0.869s] INFO:colcon.colcon_core.shell:Creating environment hook '/home/drwwwzer/index of open sources/5lakes/install/realsense2_description/share/realsense2_description/hook/cmake_prefix_path.ps1'
[0.870s] INFO:colcon.colcon_core.shell:Creating environment descriptor '/home/drwwwzer/index of open sources/5lakes/install/realsense2_description/share/realsense2_description/hook/cmake_prefix_path.dsv'
[0.870s] INFO:colcon.colcon_core.shell:Creating environment hook '/home/drwwwzer/index of open sources/5lakes/install/realsense2_description/share/realsense2_description/hook/cmake_prefix_path.sh'
[0.871s] Level 1:colcon.colcon_core.environment:checking '/home/drwwwzer/index of open sources/5lakes/install/realsense2_description/bin'
[0.871s] Level 1:colcon.colcon_core.environment:checking '/home/drwwwzer/index of open sources/5lakes/install/realsense2_description/lib/pkgconfig/realsense2_description.pc'
[0.871s] Level 1:colcon.colcon_core.environment:checking '/home/drwwwzer/index of open sources/5lakes/install/realsense2_description/lib/python3.10/site-packages'
[0.872s] Level 1:colcon.colcon_core.environment:checking '/home/drwwwzer/index of open sources/5lakes/install/realsense2_description/bin'
[0.872s] INFO:colcon.colcon_core.shell:Creating package script '/home/drwwwzer/index of open sources/5lakes/install/realsense2_description/share/realsense2_description/package.ps1'
[0.873s] INFO:colcon.colcon_core.shell:Creating package descriptor '/home/drwwwzer/index of open sources/5lakes/install/realsense2_description/share/realsense2_description/package.dsv'
[0.873s] INFO:colcon.colcon_core.shell:Creating package script '/home/drwwwzer/index of open sources/5lakes/install/realsense2_description/share/realsense2_description/package.sh'
[0.873s] INFO:colcon.colcon_core.shell:Creating package script '/home/drwwwzer/index of open sources/5lakes/install/realsense2_description/share/realsense2_description/package.bash'
[0.874s] INFO:colcon.colcon_core.shell:Creating package script '/home/drwwwzer/index of open sources/5lakes/install/realsense2_description/share/realsense2_description/package.zsh'
[0.874s] Level 1:colcon.colcon_core.environment:create_file_with_runtime_dependencies(/home/drwwwzer/index of open sources/5lakes/install/realsense2_description/share/colcon-core/packages/realsense2_description)
[0.874s] Level 1:colcon.colcon_core.environment:create_environment_scripts_only(realsense2_description)
[0.874s] Level 1:colcon.colcon_core.environment:checking '/home/drwwwzer/index of open sources/5lakes/install/realsense2_description' for CMake module files
[0.875s] Level 1:colcon.colcon_core.environment:checking '/home/drwwwzer/index of open sources/5lakes/install/realsense2_description' for CMake config files
[0.875s] Level 1:colcon.colcon_core.shell:create_environment_hook('realsense2_description', 'cmake_prefix_path')
[0.875s] INFO:colcon.colcon_core.shell:Creating environment hook '/home/drwwwzer/index of open sources/5lakes/install/realsense2_description/share/realsense2_description/hook/cmake_prefix_path.ps1'
[0.876s] INFO:colcon.colcon_core.shell:Creating environment descriptor '/home/drwwwzer/index of open sources/5lakes/install/realsense2_description/share/realsense2_description/hook/cmake_prefix_path.dsv'
[0.876s] INFO:colcon.colcon_core.shell:Creating environment hook '/home/drwwwzer/index of open sources/5lakes/install/realsense2_description/share/realsense2_description/hook/cmake_prefix_path.sh'
[0.876s] Level 1:colcon.colcon_core.environment:checking '/home/drwwwzer/index of open sources/5lakes/install/realsense2_description/bin'
[0.876s] Level 1:colcon.colcon_core.environment:checking '/home/drwwwzer/index of open sources/5lakes/install/realsense2_description/lib/pkgconfig/realsense2_description.pc'
[0.877s] Level 1:colcon.colcon_core.environment:checking '/home/drwwwzer/index of open sources/5lakes/install/realsense2_description/lib/python3.10/site-packages'
[0.877s] Level 1:colcon.colcon_core.environment:checking '/home/drwwwzer/index of open sources/5lakes/install/realsense2_description/bin'
[0.877s] INFO:colcon.colcon_core.shell:Creating package script '/home/drwwwzer/index of open sources/5lakes/install/realsense2_description/share/realsense2_description/package.ps1'
[0.878s] INFO:colcon.colcon_core.shell:Creating package descriptor '/home/drwwwzer/index of open sources/5lakes/install/realsense2_description/share/realsense2_description/package.dsv'
[0.878s] INFO:colcon.colcon_core.shell:Creating package script '/home/drwwwzer/index of open sources/5lakes/install/realsense2_description/share/realsense2_description/package.sh'
[0.878s] INFO:colcon.colcon_core.shell:Creating package script '/home/drwwwzer/index of open sources/5lakes/install/realsense2_description/share/realsense2_description/package.bash'
[0.879s] INFO:colcon.colcon_core.shell:Creating package script '/home/drwwwzer/index of open sources/5lakes/install/realsense2_description/share/realsense2_description/package.zsh'
[0.879s] Level 1:colcon.colcon_core.environment:create_file_with_runtime_dependencies(/home/drwwwzer/index of open sources/5lakes/install/realsense2_description/share/colcon-core/packages/realsense2_description)
[0.916s] DEBUG:colcon.colcon_core.event_handler.log_command:Invoked command in '/home/drwwwzer/index of open sources/5lakes/build/realsense2_camera' returned '0': CMAKE_PREFIX_PATH=/home/drwwwzer/index of open sources/5lakes/install/realsense2_camera_msgs:/home/drwwwzer/index of open sources/5lakes/install/realsense2_description:/home/drwwwzer/index of open sources/5lakes/install/realsense2_camera:/home/drwwwzer/index of open sources/5lakes/install/doorlock_sniper:/home/drwwwzer/index of open sources/5lakes/install/bringup:/home/drwwwzer/index of open sources/5lakes/install/doorlock_decoder:/opt/ros/humble LD_LIBRARY_PATH=/home/drwwwzer/index of open sources/5lakes/install/realsense2_camera_msgs/lib:/home/drwwwzer/index of open sources/5lakes/install/realsense2_camera/lib:/home/drwwwzer/index of open sources/5lakes/install/doorlock_sniper/lib:/usr/lib/x86_64-linux-gnu/gazebo-11/plugins:/opt/ros/humble/opt/rviz_ogre_vendor/lib:/opt/ros/humble/lib/x86_64-linux-gnu:/opt/ros/humble/opt/openvdb_vendor/lib:/opt/ros/humble/lib /usr/bin/cmake --build /home/drwwwzer/index of open sources/5lakes/build/realsense2_camera -- -j24 -l24
[0.918s] DEBUG:colcon.colcon_core.event_handler.log_command:Invoking command in '/home/drwwwzer/index of open sources/5lakes/build/realsense2_camera': CMAKE_PREFIX_PATH=/home/drwwwzer/index of open sources/5lakes/install/realsense2_camera_msgs:/home/drwwwzer/index of open sources/5lakes/install/realsense2_description:/home/drwwwzer/index of open sources/5lakes/install/realsense2_camera:/home/drwwwzer/index of open sources/5lakes/install/doorlock_sniper:/home/drwwwzer/index of open sources/5lakes/install/bringup:/home/drwwwzer/index of open sources/5lakes/install/doorlock_decoder:/opt/ros/humble LD_LIBRARY_PATH=/home/drwwwzer/index of open sources/5lakes/install/realsense2_camera_msgs/lib:/home/drwwwzer/index of open sources/5lakes/install/realsense2_camera/lib:/home/drwwwzer/index of open sources/5lakes/install/doorlock_sniper/lib:/usr/lib/x86_64-linux-gnu/gazebo-11/plugins:/opt/ros/humble/opt/rviz_ogre_vendor/lib:/opt/ros/humble/lib/x86_64-linux-gnu:/opt/ros/humble/opt/openvdb_vendor/lib:/opt/ros/humble/lib /usr/bin/cmake --install /home/drwwwzer/index of open sources/5lakes/build/realsense2_camera
[0.928s] Level 1:colcon.colcon_core.environment:create_environment_scripts_only(realsense2_camera)
[0.929s] Level 1:colcon.colcon_core.environment:checking '/home/drwwwzer/index of open sources/5lakes/install/realsense2_camera' for CMake module files
[0.929s] DEBUG:colcon.colcon_core.event_handler.log_command:Invoked command in '/home/drwwwzer/index of open sources/5lakes/build/realsense2_camera' returned '0': CMAKE_PREFIX_PATH=/home/drwwwzer/index of open sources/5lakes/install/realsense2_camera_msgs:/home/drwwwzer/index of open sources/5lakes/install/realsense2_description:/home/drwwwzer/index of open sources/5lakes/install/realsense2_camera:/home/drwwwzer/index of open sources/5lakes/install/doorlock_sniper:/home/drwwwzer/index of open sources/5lakes/install/bringup:/home/drwwwzer/index of open sources/5lakes/install/doorlock_decoder:/opt/ros/humble LD_LIBRARY_PATH=/home/drwwwzer/index of open sources/5lakes/install/realsense2_camera_msgs/lib:/home/drwwwzer/index of open sources/5lakes/install/realsense2_camera/lib:/home/drwwwzer/index of open sources/5lakes/install/doorlock_sniper/lib:/usr/lib/x86_64-linux-gnu/gazebo-11/plugins:/opt/ros/humble/opt/rviz_ogre_vendor/lib:/opt/ros/humble/lib/x86_64-linux-gnu:/opt/ros/humble/opt/openvdb_vendor/lib:/opt/ros/humble/lib /usr/bin/cmake --install /home/drwwwzer/index of open sources/5lakes/build/realsense2_camera
[0.929s] Level 1:colcon.colcon_core.environment:checking '/home/drwwwzer/index of open sources/5lakes/install/realsense2_camera' for CMake config files
[0.930s] Level 1:colcon.colcon_core.shell:create_environment_hook('realsense2_camera', 'cmake_prefix_path')
[0.930s] INFO:colcon.colcon_core.shell:Creating environment hook '/home/drwwwzer/index of open sources/5lakes/install/realsense2_camera/share/realsense2_camera/hook/cmake_prefix_path.ps1'
[0.931s] INFO:colcon.colcon_core.shell:Creating environment descriptor '/home/drwwwzer/index of open sources/5lakes/install/realsense2_camera/share/realsense2_camera/hook/cmake_prefix_path.dsv'
[0.931s] INFO:colcon.colcon_core.shell:Creating environment hook '/home/drwwwzer/index of open sources/5lakes/install/realsense2_camera/share/realsense2_camera/hook/cmake_prefix_path.sh'
[0.931s] Level 1:colcon.colcon_core.environment:checking '/home/drwwwzer/index of open sources/5lakes/install/realsense2_camera/lib'
[0.932s] Level 1:colcon.colcon_core.shell:create_environment_hook('realsense2_camera', 'ld_library_path_lib')
[0.932s] INFO:colcon.colcon_core.shell:Creating environment hook '/home/drwwwzer/index of open sources/5lakes/install/realsense2_camera/share/realsense2_camera/hook/ld_library_path_lib.ps1'
[0.932s] INFO:colcon.colcon_core.shell:Creating environment descriptor '/home/drwwwzer/index of open sources/5lakes/install/realsense2_camera/share/realsense2_camera/hook/ld_library_path_lib.dsv'
[0.933s] INFO:colcon.colcon_core.shell:Creating environment hook '/home/drwwwzer/index of open sources/5lakes/install/realsense2_camera/share/realsense2_camera/hook/ld_library_path_lib.sh'
[0.933s] Level 1:colcon.colcon_core.environment:checking '/home/drwwwzer/index of open sources/5lakes/install/realsense2_camera/bin'
[0.933s] Level 1:colcon.colcon_core.environment:checking '/home/drwwwzer/index of open sources/5lakes/install/realsense2_camera/lib/pkgconfig/realsense2_camera.pc'
[0.933s] Level 1:colcon.colcon_core.environment:checking '/home/drwwwzer/index of open sources/5lakes/install/realsense2_camera/lib/python3.10/site-packages'
[0.933s] Level 1:colcon.colcon_core.environment:checking '/home/drwwwzer/index of open sources/5lakes/install/realsense2_camera/bin'
[0.934s] INFO:colcon.colcon_core.shell:Creating package script '/home/drwwwzer/index of open sources/5lakes/install/realsense2_camera/share/realsense2_camera/package.ps1'
[0.934s] INFO:colcon.colcon_core.shell:Creating package descriptor '/home/drwwwzer/index of open sources/5lakes/install/realsense2_camera/share/realsense2_camera/package.dsv'
[0.934s] INFO:colcon.colcon_core.shell:Creating package script '/home/drwwwzer/index of open sources/5lakes/install/realsense2_camera/share/realsense2_camera/package.sh'
[0.935s] INFO:colcon.colcon_core.shell:Creating package script '/home/drwwwzer/index of open sources/5lakes/install/realsense2_camera/share/realsense2_camera/package.bash'
[0.935s] INFO:colcon.colcon_core.shell:Creating package script '/home/drwwwzer/index of open sources/5lakes/install/realsense2_camera/share/realsense2_camera/package.zsh'
[0.935s] Level 1:colcon.colcon_core.environment:create_file_with_runtime_dependencies(/home/drwwwzer/index of open sources/5lakes/install/realsense2_camera/share/colcon-core/packages/realsense2_camera)
[0.935s] Level 1:colcon.colcon_core.environment:create_environment_scripts_only(realsense2_camera)
[0.936s] Level 1:colcon.colcon_core.environment:checking '/home/drwwwzer/index of open sources/5lakes/install/realsense2_camera' for CMake module files
[0.936s] Level 1:colcon.colcon_core.environment:checking '/home/drwwwzer/index of open sources/5lakes/install/realsense2_camera' for CMake config files
[0.936s] Level 1:colcon.colcon_core.shell:create_environment_hook('realsense2_camera', 'cmake_prefix_path')
[0.936s] INFO:colcon.colcon_core.shell:Creating environment hook '/home/drwwwzer/index of open sources/5lakes/install/realsense2_camera/share/realsense2_camera/hook/cmake_prefix_path.ps1'
[0.937s] INFO:colcon.colcon_core.shell:Creating environment descriptor '/home/drwwwzer/index of open sources/5lakes/install/realsense2_camera/share/realsense2_camera/hook/cmake_prefix_path.dsv'
[0.937s] INFO:colcon.colcon_core.shell:Creating environment hook '/home/drwwwzer/index of open sources/5lakes/install/realsense2_camera/share/realsense2_camera/hook/cmake_prefix_path.sh'
[0.937s] Level 1:colcon.colcon_core.environment:checking '/home/drwwwzer/index of open sources/5lakes/install/realsense2_camera/lib'
[0.937s] Level 1:colcon.colcon_core.shell:create_environment_hook('realsense2_camera', 'ld_library_path_lib')
[0.938s] INFO:colcon.colcon_core.shell:Creating environment hook '/home/drwwwzer/index of open sources/5lakes/install/realsense2_camera/share/realsense2_camera/hook/ld_library_path_lib.ps1'
[0.938s] INFO:colcon.colcon_core.shell:Creating environment descriptor '/home/drwwwzer/index of open sources/5lakes/install/realsense2_camera/share/realsense2_camera/hook/ld_library_path_lib.dsv'
[0.938s] INFO:colcon.colcon_core.shell:Creating environment hook '/home/drwwwzer/index of open sources/5lakes/install/realsense2_camera/share/realsense2_camera/hook/ld_library_path_lib.sh'
[0.938s] Level 1:colcon.colcon_core.environment:checking '/home/drwwwzer/index of open sources/5lakes/install/realsense2_camera/bin'
[0.938s] Level 1:colcon.colcon_core.environment:checking '/home/drwwwzer/index of open sources/5lakes/install/realsense2_camera/lib/pkgconfig/realsense2_camera.pc'
[0.939s] Level 1:colcon.colcon_core.environment:checking '/home/drwwwzer/index of open sources/5lakes/install/realsense2_camera/lib/python3.10/site-packages'
[0.939s] Level 1:colcon.colcon_core.environment:checking '/home/drwwwzer/index of open sources/5lakes/install/realsense2_camera/bin'
[0.939s] INFO:colcon.colcon_core.shell:Creating package script '/home/drwwwzer/index of open sources/5lakes/install/realsense2_camera/share/realsense2_camera/package.ps1'
[0.939s] INFO:colcon.colcon_core.shell:Creating package descriptor '/home/drwwwzer/index of open sources/5lakes/install/realsense2_camera/share/realsense2_camera/package.dsv'
[0.940s] INFO:colcon.colcon_core.shell:Creating package script '/home/drwwwzer/index of open sources/5lakes/install/realsense2_camera/share/realsense2_camera/package.sh'
[0.940s] INFO:colcon.colcon_core.shell:Creating package script '/home/drwwwzer/index of open sources/5lakes/install/realsense2_camera/share/realsense2_camera/package.bash'
[0.940s] INFO:colcon.colcon_core.shell:Creating package script '/home/drwwwzer/index of open sources/5lakes/install/realsense2_camera/share/realsense2_camera/package.zsh'
[0.941s] Level 1:colcon.colcon_core.environment:create_file_with_runtime_dependencies(/home/drwwwzer/index of open sources/5lakes/install/realsense2_camera/share/colcon-core/packages/realsense2_camera)
[1.080s] DEBUG:colcon.colcon_core.event_handler.log_command:Invoking command in '/home/drwwwzer/index of open sources/5lakes/zdykhd_ws/Pacific_doorlock_sniper/src/doorlock_decoder': CMAKE_PREFIX_PATH=/home/drwwwzer/index of open sources/5lakes/install/doorlock_sniper:/home/drwwwzer/index of open sources/5lakes/install/realsense2_description:/home/drwwwzer/index of open sources/5lakes/install/realsense2_camera:/home/drwwwzer/index of open sources/5lakes/install/realsense2_camera_msgs:/home/drwwwzer/index of open sources/5lakes/install/bringup LD_LIBRARY_PATH=/home/drwwwzer/index of open sources/5lakes/install/doorlock_sniper/lib:/home/drwwwzer/index of open sources/5lakes/install/realsense2_camera/lib:/home/drwwwzer/index of open sources/5lakes/install/realsense2_camera_msgs/lib:/usr/lib/x86_64-linux-gnu/gazebo-11/plugins:/opt/ros/humble/opt/rviz_ogre_vendor/lib:/opt/ros/humble/lib/x86_64-linux-gnu:/opt/ros/humble/opt/openvdb_vendor/lib:/opt/ros/humble/lib PYTHONPATH=/home/drwwwzer/index of open sources/5lakes/build/doorlock_decoder/prefix_override:/usr/lib/python3/dist-packages/colcon_core/task/python/colcon_distutils_commands:/home/drwwwzer/index of open sources/5lakes/install/doorlock_decoder/lib/python3.10/site-packages:${PYTHONPATH} /usr/bin/python3 -W ignore:setup.py install is deprecated -W ignore:easy_install command is deprecated setup.py egg_info --egg-base ../../../../build/doorlock_decoder build --build-base /home/drwwwzer/index of open sources/5lakes/build/doorlock_decoder/build install --record /home/drwwwzer/index of open sources/5lakes/build/doorlock_decoder/install.log --single-version-externally-managed install_data
[1.247s] Level 1:colcon.colcon_core.environment:checking '/home/drwwwzer/index of open sources/5lakes/install/doorlock_decoder' for CMake module files
[1.247s] Level 1:colcon.colcon_core.environment:checking '/home/drwwwzer/index of open sources/5lakes/install/doorlock_decoder' for CMake config files
[1.248s] DEBUG:colcon.colcon_core.event_handler.log_command:Invoked command in '/home/drwwwzer/index of open sources/5lakes/zdykhd_ws/Pacific_doorlock_sniper/src/doorlock_decoder' returned '0': CMAKE_PREFIX_PATH=/home/drwwwzer/index of open sources/5lakes/install/doorlock_sniper:/home/drwwwzer/index of open sources/5lakes/install/realsense2_description:/home/drwwwzer/index of open sources/5lakes/install/realsense2_camera:/home/drwwwzer/index of open sources/5lakes/install/realsense2_camera_msgs:/home/drwwwzer/index of open sources/5lakes/install/bringup LD_LIBRARY_PATH=/home/drwwwzer/index of open sources/5lakes/install/doorlock_sniper/lib:/home/drwwwzer/index of open sources/5lakes/install/realsense2_camera/lib:/home/drwwwzer/index of open sources/5lakes/install/realsense2_camera_msgs/lib:/usr/lib/x86_64-linux-gnu/gazebo-11/plugins:/opt/ros/humble/opt/rviz_ogre_vendor/lib:/opt/ros/humble/lib/x86_64-linux-gnu:/opt/ros/humble/opt/openvdb_vendor/lib:/opt/ros/humble/lib PYTHONPATH=/home/drwwwzer/index of open sources/5lakes/build/doorlock_decoder/prefix_override:/usr/lib/python3/dist-packages/colcon_core/task/python/colcon_distutils_commands:/home/drwwwzer/index of open sources/5lakes/install/doorlock_decoder/lib/python3.10/site-packages:${PYTHONPATH} /usr/bin/python3 -W ignore:setup.py install is deprecated -W ignore:easy_install command is deprecated setup.py egg_info --egg-base ../../../../build/doorlock_decoder build --build-base /home/drwwwzer/index of open sources/5lakes/build/doorlock_decoder/build install --record /home/drwwwzer/index of open sources/5lakes/build/doorlock_decoder/install.log --single-version-externally-managed install_data
[1.248s] Level 1:colcon.colcon_core.environment:checking '/home/drwwwzer/index of open sources/5lakes/install/doorlock_decoder/lib'
[1.248s] Level 1:colcon.colcon_core.environment:checking '/home/drwwwzer/index of open sources/5lakes/install/doorlock_decoder/bin'
[1.248s] Level 1:colcon.colcon_core.environment:checking '/home/drwwwzer/index of open sources/5lakes/install/doorlock_decoder/lib/pkgconfig/doorlock_decoder.pc'
[1.248s] Level 1:colcon.colcon_core.environment:checking '/home/drwwwzer/index of open sources/5lakes/install/doorlock_decoder/lib/python3.10/site-packages'
[1.249s] Level 1:colcon.colcon_core.shell:create_environment_hook('doorlock_decoder', 'pythonpath')
[1.249s] INFO:colcon.colcon_core.shell:Creating environment hook '/home/drwwwzer/index of open sources/5lakes/install/doorlock_decoder/share/doorlock_decoder/hook/pythonpath.ps1'
[1.249s] INFO:colcon.colcon_core.shell:Creating environment descriptor '/home/drwwwzer/index of open sources/5lakes/install/doorlock_decoder/share/doorlock_decoder/hook/pythonpath.dsv'
[1.249s] INFO:colcon.colcon_core.shell:Creating environment hook '/home/drwwwzer/index of open sources/5lakes/install/doorlock_decoder/share/doorlock_decoder/hook/pythonpath.sh'
[1.250s] Level 1:colcon.colcon_core.environment:checking '/home/drwwwzer/index of open sources/5lakes/install/doorlock_decoder/bin'
[1.250s] Level 1:colcon.colcon_core.environment:create_environment_scripts_only(doorlock_decoder)
[1.250s] INFO:colcon.colcon_core.shell:Creating package script '/home/drwwwzer/index of open sources/5lakes/install/doorlock_decoder/share/doorlock_decoder/package.ps1'
[1.250s] INFO:colcon.colcon_core.shell:Creating package descriptor '/home/drwwwzer/index of open sources/5lakes/install/doorlock_decoder/share/doorlock_decoder/package.dsv'
[1.250s] INFO:colcon.colcon_core.shell:Creating package script '/home/drwwwzer/index of open sources/5lakes/install/doorlock_decoder/share/doorlock_decoder/package.sh'
[1.251s] INFO:colcon.colcon_core.shell:Creating package script '/home/drwwwzer/index of open sources/5lakes/install/doorlock_decoder/share/doorlock_decoder/package.bash'
[1.251s] INFO:colcon.colcon_core.shell:Creating package script '/home/drwwwzer/index of open sources/5lakes/install/doorlock_decoder/share/doorlock_decoder/package.zsh'
[1.251s] Level 1:colcon.colcon_core.environment:create_file_with_runtime_dependencies(/home/drwwwzer/index of open sources/5lakes/install/doorlock_decoder/share/colcon-core/packages/doorlock_decoder)
[1.251s] DEBUG:colcon.colcon_parallel_executor.executor.parallel:closing loop
[1.251s] DEBUG:colcon.colcon_parallel_executor.executor.parallel:loop closed
[1.251s] DEBUG:colcon.colcon_parallel_executor.executor.parallel:run_until_complete finished with '0'
[1.251s] DEBUG:colcon.colcon_core.event_reactor:joining thread
[1.256s] INFO:colcon.colcon_core.plugin_system:Skipping extension 'colcon_notification.desktop_notification.terminal_notifier': Not used on non-Darwin systems
[1.256s] INFO:colcon.colcon_core.plugin_system:Skipping extension 'colcon_notification.desktop_notification.win32': Not used on non-Windows systems
[1.256s] INFO:colcon.colcon_notification.desktop_notification:Sending desktop notification using 'notify2'
[1.264s] DEBUG:colcon.colcon_core.event_reactor:joined thread
[1.264s] INFO:colcon.colcon_core.shell:Creating prefix script '/home/drwwwzer/index of open sources/5lakes/install/local_setup.ps1'
[1.265s] INFO:colcon.colcon_core.shell:Creating prefix util module '/home/drwwwzer/index of open sources/5lakes/install/_local_setup_util_ps1.py'
[1.266s] INFO:colcon.colcon_core.shell:Creating prefix chain script '/home/drwwwzer/index of open sources/5lakes/install/setup.ps1'
[1.266s] INFO:colcon.colcon_core.shell:Creating prefix script '/home/drwwwzer/index of open sources/5lakes/install/local_setup.sh'
[1.267s] INFO:colcon.colcon_core.shell:Creating prefix util module '/home/drwwwzer/index of open sources/5lakes/install/_local_setup_util_sh.py'
[1.267s] INFO:colcon.colcon_core.shell:Creating prefix chain script '/home/drwwwzer/index of open sources/5lakes/install/setup.sh'
[1.268s] INFO:colcon.colcon_core.shell:Creating prefix script '/home/drwwwzer/index of open sources/5lakes/install/local_setup.bash'
[1.268s] INFO:colcon.colcon_core.shell:Creating prefix chain script '/home/drwwwzer/index of open sources/5lakes/install/setup.bash'
[1.269s] INFO:colcon.colcon_core.shell:Creating prefix script '/home/drwwwzer/index of open sources/5lakes/install/local_setup.zsh'
[1.269s] INFO:colcon.colcon_core.shell:Creating prefix chain script '/home/drwwwzer/index of open sources/5lakes/install/setup.zsh'
