running egg_info
creating ../../../../build/doorlock_decoder/doorlock_decoder.egg-info
writing ../../../../build/doorlock_decoder/doorlock_decoder.egg-info/PKG-INFO
writing dependency_links to ../../../../build/doorlock_decoder/doorlock_decoder.egg-info/dependency_links.txt
writing entry points to ../../../../build/doorlock_decoder/doorlock_decoder.egg-info/entry_points.txt
writing requirements to ../../../../build/doorlock_decoder/doorlock_decoder.egg-info/requires.txt
writing top-level names to ../../../../build/doorlock_decoder/doorlock_decoder.egg-info/top_level.txt
writing manifest file '../../../../build/doorlock_decoder/doorlock_decoder.egg-info/SOURCES.txt'
reading manifest file '../../../../build/doorlock_decoder/doorlock_decoder.egg-info/SOURCES.txt'
writing manifest file '../../../../build/doorlock_decoder/doorlock_decoder.egg-info/SOURCES.txt'
running build
running build_py
creating /home/drwwwzer/many/RM_myself/5lakes/build/doorlock_decoder/build
creating /home/drwwwzer/many/RM_myself/5lakes/build/doorlock_decoder/build/lib
creating /home/drwwwzer/many/RM_myself/5lakes/build/doorlock_decoder/build/lib/doorlock_decoder
copying doorlock_decoder/__init__.py -> /home/drwwwzer/many/RM_myself/5lakes/build/doorlock_decoder/build/lib/doorlock_decoder
copying doorlock_decoder/video_decoder_node.py -> /home/drwwwzer/many/RM_myself/5lakes/build/doorlock_decoder/build/lib/doorlock_decoder
running install
running install_lib
creating /home/drwwwzer/many/RM_myself/5lakes/install/doorlock_decoder/lib/python3.10/site-packages/doorlock_decoder
copying /home/drwwwzer/many/RM_myself/5lakes/build/doorlock_decoder/build/lib/doorlock_decoder/__init__.py -> /home/drwwwzer/many/RM_myself/5lakes/install/doorlock_decoder/lib/python3.10/site-packages/doorlock_decoder
copying /home/drwwwzer/many/RM_myself/5lakes/build/doorlock_decoder/build/lib/doorlock_decoder/video_decoder_node.py -> /home/drwwwzer/many/RM_myself/5lakes/install/doorlock_decoder/lib/python3.10/site-packages/doorlock_decoder
byte-compiling /home/drwwwzer/many/RM_myself/5lakes/install/doorlock_decoder/lib/python3.10/site-packages/doorlock_decoder/__init__.py to __init__.cpython-310.pyc
byte-compiling /home/drwwwzer/many/RM_myself/5lakes/install/doorlock_decoder/lib/python3.10/site-packages/doorlock_decoder/video_decoder_node.py to video_decoder_node.cpython-310.pyc
running install_data
creating /home/drwwwzer/many/RM_myself/5lakes/install/doorlock_decoder/share/ament_index
creating /home/drwwwzer/many/RM_myself/5lakes/install/doorlock_decoder/share/ament_index/resource_index
creating /home/drwwwzer/many/RM_myself/5lakes/install/doorlock_decoder/share/ament_index/resource_index/packages
copying resource/doorlock_decoder -> /home/drwwwzer/many/RM_myself/5lakes/install/doorlock_decoder/share/ament_index/resource_index/packages
copying package.xml -> /home/drwwwzer/many/RM_myself/5lakes/install/doorlock_decoder/share/doorlock_decoder
running install_egg_info
Copying ../../../../build/doorlock_decoder/doorlock_decoder.egg-info to /home/drwwwzer/many/RM_myself/5lakes/install/doorlock_decoder/lib/python3.10/site-packages/doorlock_decoder-0.1.0-py3.10.egg-info
running install_scripts
Installing decoder_node script to /home/drwwwzer/many/RM_myself/5lakes/install/doorlock_decoder/lib/doorlock_decoder
writing list of installed files to '/home/drwwwzer/many/RM_myself/5lakes/build/doorlock_decoder/install.log'
