[0.008s] Invoking command in '/home/drwwwzer/index of open sources/5lakes/build/realsense2_camera_msgs': CMAKE_PREFIX_PATH=/opt/ros/humble /usr/bin/cmake /home/drwwwzer/index of open sources/5lakes/zdykhd_ws/realsense-ros/realsense2_camera_msgs -DCMAKE_INSTALL_PREFIX=/home/drwwwzer/index of open sources/5lakes/install/realsense2_camera_msgs
[0.049s] -- The C compiler identification is GNU 11.4.0
[0.092s] -- The CXX compiler identification is GNU 11.4.0
[0.096s] -- Detecting C compiler ABI info
[0.146s] -- Detecting C compiler ABI info - done
[0.152s] -- Check for working C compiler: /usr/bin/cc - skipped
[0.152s] -- Detecting C compile features
[0.152s] -- Detecting C compile features - done
[0.153s] -- Detecting CXX compiler ABI info
[0.200s] -- Detecting CXX compiler ABI info - done
[0.204s] -- Check for working CXX compiler: /usr/bin/c++ - skipped
[0.204s] -- Detecting CXX compile features
[0.204s] -- Detecting CXX compile features - done
[0.206s] -- Found ament_cmake: 1.3.12 (/opt/ros/humble/share/ament_cmake/cmake)
[0.293s] -- Found Python3: /usr/bin/python3 (found version "3.10.12") found components: Interpreter 
[0.346s] -- Found rosidl_default_generators: 1.2.0 (/opt/ros/humble/share/rosidl_default_generators/cmake)
[0.348s] -- Using all available rosidl_typesupport_c: rosidl_typesupport_fastrtps_c;rosidl_typesupport_introspection_c
[0.353s] -- Found rosidl_adapter: 3.1.7 (/opt/ros/humble/share/rosidl_adapter/cmake)
[0.375s] -- Using all available rosidl_typesupport_cpp: rosidl_typesupport_fastrtps_cpp;rosidl_typesupport_introspection_cpp
[0.393s] -- Found builtin_interfaces: 1.2.2 (/opt/ros/humble/share/builtin_interfaces/cmake)
[0.400s] -- Found std_msgs: 4.9.0 (/opt/ros/humble/share/std_msgs/cmake)
[0.406s] -- Found sensor_msgs: 4.9.0 (/opt/ros/humble/share/sensor_msgs/cmake)
[0.647s] -- Found ament_cmake_cppcheck: 0.12.14 (/opt/ros/humble/share/ament_cmake_cppcheck/cmake)
[0.650s] -- Found ament_cmake_cpplint: 0.12.14 (/opt/ros/humble/share/ament_cmake_cpplint/cmake)
[0.652s] -- Found ament_cmake_uncrustify: 0.12.14 (/opt/ros/humble/share/ament_cmake_uncrustify/cmake)
[0.654s] -- Found ament_cmake_ros: 0.10.0 (/opt/ros/humble/share/ament_cmake_ros/cmake)
[0.823s] -- Using all available rosidl_typesupport_c: rosidl_typesupport_fastrtps_c;rosidl_typesupport_introspection_c
[1.041s] -- Using all available rosidl_typesupport_cpp: rosidl_typesupport_fastrtps_cpp;rosidl_typesupport_introspection_cpp
[1.055s] -- Found PythonInterp: /usr/bin/python3 (found suitable version "3.10.12", minimum required is "3.6") 
[1.056s] -- Found python_cmake_module: 0.10.0 (/opt/ros/humble/share/python_cmake_module/cmake)
[1.075s] -- Found PythonLibs: /usr/lib/x86_64-linux-gnu/libpython3.10.so (found suitable version "3.10.12", minimum required is "3.5") 
[1.075s] -- Using PYTHON_EXECUTABLE: /usr/bin/python3
[1.075s] -- Using PYTHON_INCLUDE_DIRS: /usr/include/python3.10
[1.075s] -- Using PYTHON_LIBRARIES: /usr/lib/x86_64-linux-gnu/libpython3.10.so
[1.089s] -- Found PythonExtra: .so  
[1.130s] -- Found ament_cmake_flake8: 0.12.14 (/opt/ros/humble/share/ament_cmake_flake8/cmake)
[1.132s] -- Found ament_cmake_pep257: 0.12.14 (/opt/ros/humble/share/ament_cmake_pep257/cmake)
[1.136s] -- Configuring done
[1.161s] -- Generating done
[1.168s] -- Build files have been written to: /home/drwwwzer/index of open sources/5lakes/build/realsense2_camera_msgs
[1.173s] Invoked command in '/home/drwwwzer/index of open sources/5lakes/build/realsense2_camera_msgs' returned '0': CMAKE_PREFIX_PATH=/opt/ros/humble /usr/bin/cmake /home/drwwwzer/index of open sources/5lakes/zdykhd_ws/realsense-ros/realsense2_camera_msgs -DCMAKE_INSTALL_PREFIX=/home/drwwwzer/index of open sources/5lakes/install/realsense2_camera_msgs
[1.174s] Invoking command in '/home/drwwwzer/index of open sources/5lakes/build/realsense2_camera_msgs': CMAKE_PREFIX_PATH=/opt/ros/humble /usr/bin/cmake --build /home/drwwwzer/index of open sources/5lakes/build/realsense2_camera_msgs -- -j24 -l24
[1.206s] [  1%] [34m[1mGenerating C code for ROS interfaces[0m
[1.212s] [  2%] [34m[1mGenerating C++ code for ROS interfaces[0m
[1.217s] [  2%] Built target ament_cmake_python_copy_realsense2_camera_msgs
[1.338s] running egg_info
[1.338s] creating realsense2_camera_msgs.egg-info
[1.338s] writing realsense2_camera_msgs.egg-info/PKG-INFO
[1.339s] writing dependency_links to realsense2_camera_msgs.egg-info/dependency_links.txt
[1.339s] writing top-level names to realsense2_camera_msgs.egg-info/top_level.txt
[1.339s] writing manifest file 'realsense2_camera_msgs.egg-info/SOURCES.txt'
[1.340s] reading manifest file 'realsense2_camera_msgs.egg-info/SOURCES.txt'
[1.340s] writing manifest file 'realsense2_camera_msgs.egg-info/SOURCES.txt'
[1.354s] [  2%] Built target ament_cmake_python_build_realsense2_camera_msgs_egg
[1.698s] [  3%] [32mBuilding C object CMakeFiles/realsense2_camera_msgs__rosidl_generator_c.dir/rosidl_generator_c/realsense2_camera_msgs/msg/detail/imu_info__functions.c.o[0m
[1.699s] [  4%] [32mBuilding C object CMakeFiles/realsense2_camera_msgs__rosidl_generator_c.dir/rosidl_generator_c/realsense2_camera_msgs/msg/detail/rgbd__functions.c.o[0m
[1.699s] [  5%] [32mBuilding C object CMakeFiles/realsense2_camera_msgs__rosidl_generator_c.dir/rosidl_generator_c/realsense2_camera_msgs/action/detail/triggered_calibration__functions.c.o[0m
[1.699s] [  8%] [32mBuilding C object CMakeFiles/realsense2_camera_msgs__rosidl_generator_c.dir/rosidl_generator_c/realsense2_camera_msgs/msg/detail/extrinsics__functions.c.o[0m
[1.699s] [  8%] [32mBuilding C object CMakeFiles/realsense2_camera_msgs__rosidl_generator_c.dir/rosidl_generator_c/realsense2_camera_msgs/msg/detail/metadata__functions.c.o[0m
[1.699s] [  9%] [32mBuilding C object CMakeFiles/realsense2_camera_msgs__rosidl_generator_c.dir/rosidl_generator_c/realsense2_camera_msgs/srv/detail/device_info__functions.c.o[0m
[1.700s] [ 10%] [32mBuilding C object CMakeFiles/realsense2_camera_msgs__rosidl_generator_c.dir/rosidl_generator_c/realsense2_camera_msgs/srv/detail/calib_config_read__functions.c.o[0m
[1.700s] [ 11%] [32mBuilding C object CMakeFiles/realsense2_camera_msgs__rosidl_generator_c.dir/rosidl_generator_c/realsense2_camera_msgs/srv/detail/calib_config_write__functions.c.o[0m
[1.704s] [ 11%] Built target realsense2_camera_msgs__cpp
[1.712s] [ 12%] [34m[1mGenerating C++ type support for eProsima Fast-RTPS[0m
[1.713s] [ 13%] [34m[1mGenerating C++ type support dispatch for ROS interfaces[0m
[1.714s] [ 14%] [34m[1mGenerating C++ introspection for ROS interfaces[0m
[1.805s] [ 16%] [32m[1mLinking C shared library librealsense2_camera_msgs__rosidl_generator_c.so[0m
[1.838s] [ 16%] Built target realsense2_camera_msgs__rosidl_generator_c
[1.847s] [ 18%] [34m[1mGenerating C type support dispatch for ROS interfaces[0m
[1.847s] [ 18%] [34m[1mGenerating C type support for eProsima Fast-RTPS[0m
[1.847s] [ 19%] [34m[1mGenerating C introspection for ROS interfaces[0m
[2.035s] [ 21%] [32mBuilding CXX object CMakeFiles/realsense2_camera_msgs__rosidl_typesupport_cpp.dir/rosidl_typesupport_cpp/realsense2_camera_msgs/srv/device_info__type_support.cpp.o[0m
[2.035s] [ 21%] [32mBuilding CXX object CMakeFiles/realsense2_camera_msgs__rosidl_typesupport_cpp.dir/rosidl_typesupport_cpp/realsense2_camera_msgs/srv/calib_config_read__type_support.cpp.o[0m
[2.035s] [ 22%] [32mBuilding CXX object CMakeFiles/realsense2_camera_msgs__rosidl_typesupport_cpp.dir/rosidl_typesupport_cpp/realsense2_camera_msgs/srv/calib_config_write__type_support.cpp.o[0m
[2.036s] [ 24%] [32mBuilding CXX object CMakeFiles/realsense2_camera_msgs__rosidl_typesupport_cpp.dir/rosidl_typesupport_cpp/realsense2_camera_msgs/msg/imu_info__type_support.cpp.o[0m
[2.036s] [ 26%] [32mBuilding CXX object CMakeFiles/realsense2_camera_msgs__rosidl_typesupport_cpp.dir/rosidl_typesupport_cpp/realsense2_camera_msgs/msg/extrinsics__type_support.cpp.o[0m
[2.036s] [ 26%] [32mBuilding CXX object CMakeFiles/realsense2_camera_msgs__rosidl_typesupport_cpp.dir/rosidl_typesupport_cpp/realsense2_camera_msgs/msg/metadata__type_support.cpp.o[0m
[2.037s] [ 27%] [32mBuilding CXX object CMakeFiles/realsense2_camera_msgs__rosidl_typesupport_cpp.dir/rosidl_typesupport_cpp/realsense2_camera_msgs/msg/rgbd__type_support.cpp.o[0m
[2.037s] [ 28%] [32mBuilding CXX object CMakeFiles/realsense2_camera_msgs__rosidl_typesupport_cpp.dir/rosidl_typesupport_cpp/realsense2_camera_msgs/action/triggered_calibration__type_support.cpp.o[0m
[2.131s] [ 29%] [32mBuilding CXX object CMakeFiles/realsense2_camera_msgs__rosidl_typesupport_introspection_cpp.dir/rosidl_typesupport_introspection_cpp/realsense2_camera_msgs/msg/detail/metadata__type_support.cpp.o[0m
[2.132s] [ 32%] [32mBuilding CXX object CMakeFiles/realsense2_camera_msgs__rosidl_typesupport_introspection_cpp.dir/rosidl_typesupport_introspection_cpp/realsense2_camera_msgs/msg/detail/rgbd__type_support.cpp.o[0m
[2.132s] [ 32%] [32mBuilding CXX object CMakeFiles/realsense2_camera_msgs__rosidl_typesupport_introspection_cpp.dir/rosidl_typesupport_introspection_cpp/realsense2_camera_msgs/msg/detail/extrinsics__type_support.cpp.o[0m
[2.132s] [ 33%] [32mBuilding CXX object CMakeFiles/realsense2_camera_msgs__rosidl_typesupport_introspection_cpp.dir/rosidl_typesupport_introspection_cpp/realsense2_camera_msgs/msg/detail/imu_info__type_support.cpp.o[0m
[2.132s] [ 34%] [32mBuilding CXX object CMakeFiles/realsense2_camera_msgs__rosidl_typesupport_introspection_cpp.dir/rosidl_typesupport_introspection_cpp/realsense2_camera_msgs/srv/detail/device_info__type_support.cpp.o[0m
[2.132s] [ 35%] [32mBuilding CXX object CMakeFiles/realsense2_camera_msgs__rosidl_typesupport_introspection_cpp.dir/rosidl_typesupport_introspection_cpp/realsense2_camera_msgs/srv/detail/calib_config_write__type_support.cpp.o[0m
[2.133s] [ 37%] [32mBuilding CXX object CMakeFiles/realsense2_camera_msgs__rosidl_typesupport_introspection_cpp.dir/rosidl_typesupport_introspection_cpp/realsense2_camera_msgs/action/detail/triggered_calibration__type_support.cpp.o[0m
[2.133s] [ 37%] [32mBuilding CXX object CMakeFiles/realsense2_camera_msgs__rosidl_typesupport_introspection_cpp.dir/rosidl_typesupport_introspection_cpp/realsense2_camera_msgs/srv/detail/calib_config_read__type_support.cpp.o[0m
[2.260s] [ 39%] [32mBuilding CXX object CMakeFiles/realsense2_camera_msgs__rosidl_typesupport_c.dir/rosidl_typesupport_c/realsense2_camera_msgs/msg/imu_info__type_support.cpp.o[0m
[2.261s] [ 40%] [32mBuilding CXX object CMakeFiles/realsense2_camera_msgs__rosidl_typesupport_c.dir/rosidl_typesupport_c/realsense2_camera_msgs/msg/extrinsics__type_support.cpp.o[0m
[2.263s] [ 41%] [32mBuilding CXX object CMakeFiles/realsense2_camera_msgs__rosidl_typesupport_c.dir/rosidl_typesupport_c/realsense2_camera_msgs/msg/metadata__type_support.cpp.o[0m
[2.266s] [ 42%] [32mBuilding CXX object CMakeFiles/realsense2_camera_msgs__rosidl_typesupport_c.dir/rosidl_typesupport_c/realsense2_camera_msgs/msg/rgbd__type_support.cpp.o[0m
[2.269s] [ 44%] [32mBuilding CXX object CMakeFiles/realsense2_camera_msgs__rosidl_typesupport_c.dir/rosidl_typesupport_c/realsense2_camera_msgs/srv/device_info__type_support.cpp.o[0m
[2.269s] [ 44%] [32mBuilding CXX object CMakeFiles/realsense2_camera_msgs__rosidl_typesupport_c.dir/rosidl_typesupport_c/realsense2_camera_msgs/srv/calib_config_read__type_support.cpp.o[0m
[2.285s] [ 45%] [32mBuilding CXX object CMakeFiles/realsense2_camera_msgs__rosidl_typesupport_c.dir/rosidl_typesupport_c/realsense2_camera_msgs/srv/calib_config_write__type_support.cpp.o[0m
[2.285s] [ 47%] [32mBuilding CXX object CMakeFiles/realsense2_camera_msgs__rosidl_typesupport_c.dir/rosidl_typesupport_c/realsense2_camera_msgs/action/triggered_calibration__type_support.cpp.o[0m
[2.288s] [ 48%] [32mBuilding CXX object CMakeFiles/realsense2_camera_msgs__rosidl_typesupport_fastrtps_cpp.dir/rosidl_typesupport_fastrtps_cpp/realsense2_camera_msgs/msg/detail/dds_fastrtps/imu_info__type_support.cpp.o[0m
[2.293s] [ 49%] [32mBuilding CXX object CMakeFiles/realsense2_camera_msgs__rosidl_typesupport_fastrtps_cpp.dir/rosidl_typesupport_fastrtps_cpp/realsense2_camera_msgs/msg/detail/dds_fastrtps/extrinsics__type_support.cpp.o[0m
[2.298s] [ 50%] [32mBuilding CXX object CMakeFiles/realsense2_camera_msgs__rosidl_typesupport_fastrtps_cpp.dir/rosidl_typesupport_fastrtps_cpp/realsense2_camera_msgs/msg/detail/dds_fastrtps/metadata__type_support.cpp.o[0m
[2.305s] [ 51%] [32mBuilding CXX object CMakeFiles/realsense2_camera_msgs__rosidl_typesupport_fastrtps_cpp.dir/rosidl_typesupport_fastrtps_cpp/realsense2_camera_msgs/srv/detail/dds_fastrtps/device_info__type_support.cpp.o[0m
[2.305s] [ 52%] [32mBuilding CXX object CMakeFiles/realsense2_camera_msgs__rosidl_typesupport_fastrtps_cpp.dir/rosidl_typesupport_fastrtps_cpp/realsense2_camera_msgs/srv/detail/dds_fastrtps/calib_config_write__type_support.cpp.o[0m
[2.305s] [ 54%] [32mBuilding CXX object CMakeFiles/realsense2_camera_msgs__rosidl_typesupport_fastrtps_cpp.dir/rosidl_typesupport_fastrtps_cpp/realsense2_camera_msgs/srv/detail/dds_fastrtps/calib_config_read__type_support.cpp.o[0m
[2.305s] [ 55%] [32mBuilding CXX object CMakeFiles/realsense2_camera_msgs__rosidl_typesupport_fastrtps_cpp.dir/rosidl_typesupport_fastrtps_cpp/realsense2_camera_msgs/msg/detail/dds_fastrtps/rgbd__type_support.cpp.o[0m
[2.310s] [ 56%] [32mBuilding CXX object CMakeFiles/realsense2_camera_msgs__rosidl_typesupport_fastrtps_cpp.dir/rosidl_typesupport_fastrtps_cpp/realsense2_camera_msgs/action/detail/dds_fastrtps/triggered_calibration__type_support.cpp.o[0m
[2.347s] [ 57%] [32m[1mLinking CXX shared library librealsense2_camera_msgs__rosidl_typesupport_c.so[0m
[2.384s] [ 58%] [32mBuilding C object CMakeFiles/realsense2_camera_msgs__rosidl_typesupport_introspection_c.dir/rosidl_typesupport_introspection_c/realsense2_camera_msgs/msg/detail/extrinsics__type_support.c.o[0m
[2.384s] [ 59%] [32mBuilding C object CMakeFiles/realsense2_camera_msgs__rosidl_typesupport_introspection_c.dir/rosidl_typesupport_introspection_c/realsense2_camera_msgs/msg/detail/imu_info__type_support.c.o[0m
[2.388s] [ 60%] [32mBuilding C object CMakeFiles/realsense2_camera_msgs__rosidl_typesupport_introspection_c.dir/rosidl_typesupport_introspection_c/realsense2_camera_msgs/msg/detail/metadata__type_support.c.o[0m
[2.391s] [ 63%] [32mBuilding C object CMakeFiles/realsense2_camera_msgs__rosidl_typesupport_introspection_c.dir/rosidl_typesupport_introspection_c/realsense2_camera_msgs/srv/detail/device_info__type_support.c.o[0m
[2.391s] [ 63%] [32mBuilding C object CMakeFiles/realsense2_camera_msgs__rosidl_typesupport_introspection_c.dir/rosidl_typesupport_introspection_c/realsense2_camera_msgs/msg/detail/rgbd__type_support.c.o[0m
[2.404s] [ 63%] Built target realsense2_camera_msgs__rosidl_typesupport_c
[2.414s] [ 64%] [32mBuilding C object CMakeFiles/realsense2_camera_msgs__rosidl_typesupport_introspection_c.dir/rosidl_typesupport_introspection_c/realsense2_camera_msgs/srv/detail/calib_config_read__type_support.c.o[0m
[2.441s] [ 65%] [32mBuilding C object CMakeFiles/realsense2_camera_msgs__rosidl_typesupport_introspection_c.dir/rosidl_typesupport_introspection_c/realsense2_camera_msgs/srv/detail/calib_config_write__type_support.c.o[0m
[2.441s] [ 66%] [32mBuilding C object CMakeFiles/realsense2_camera_msgs__rosidl_typesupport_introspection_c.dir/rosidl_typesupport_introspection_c/realsense2_camera_msgs/action/detail/triggered_calibration__type_support.c.o[0m
[2.444s] [ 67%] [32m[1mLinking CXX shared library librealsense2_camera_msgs__rosidl_typesupport_cpp.so[0m
[2.490s] [ 67%] Built target realsense2_camera_msgs__rosidl_typesupport_cpp
[2.494s] [ 68%] [32m[1mLinking C shared library librealsense2_camera_msgs__rosidl_typesupport_introspection_c.so[0m
[2.525s] [ 72%] [32mBuilding CXX object CMakeFiles/realsense2_camera_msgs__rosidl_typesupport_fastrtps_c.dir/rosidl_typesupport_fastrtps_c/realsense2_camera_msgs/msg/detail/imu_info__type_support_c.cpp.o[0m
[2.525s] [ 72%] [32mBuilding CXX object CMakeFiles/realsense2_camera_msgs__rosidl_typesupport_fastrtps_c.dir/rosidl_typesupport_fastrtps_c/realsense2_camera_msgs/msg/detail/extrinsics__type_support_c.cpp.o[0m
[2.526s] [ 72%] [32mBuilding CXX object CMakeFiles/realsense2_camera_msgs__rosidl_typesupport_fastrtps_c.dir/rosidl_typesupport_fastrtps_c/realsense2_camera_msgs/msg/detail/metadata__type_support_c.cpp.o[0m
[2.526s] [ 74%] [32mBuilding CXX object CMakeFiles/realsense2_camera_msgs__rosidl_typesupport_fastrtps_c.dir/rosidl_typesupport_fastrtps_c/realsense2_camera_msgs/srv/detail/calib_config_read__type_support_c.cpp.o[0m
[2.526s] [ 74%] [32mBuilding CXX object CMakeFiles/realsense2_camera_msgs__rosidl_typesupport_fastrtps_c.dir/rosidl_typesupport_fastrtps_c/realsense2_camera_msgs/msg/detail/rgbd__type_support_c.cpp.o[0m
[2.526s] [ 75%] [32mBuilding CXX object CMakeFiles/realsense2_camera_msgs__rosidl_typesupport_fastrtps_c.dir/rosidl_typesupport_fastrtps_c/realsense2_camera_msgs/srv/detail/device_info__type_support_c.cpp.o[0m
[2.526s] [ 77%] [32mBuilding CXX object CMakeFiles/realsense2_camera_msgs__rosidl_typesupport_fastrtps_c.dir/rosidl_typesupport_fastrtps_c/realsense2_camera_msgs/srv/detail/calib_config_write__type_support_c.cpp.o[0m
[2.528s] [ 78%] [32mBuilding CXX object CMakeFiles/realsense2_camera_msgs__rosidl_typesupport_fastrtps_c.dir/rosidl_typesupport_fastrtps_c/realsense2_camera_msgs/action/detail/triggered_calibration__type_support_c.cpp.o[0m
[2.537s] [ 78%] Built target realsense2_camera_msgs__rosidl_typesupport_introspection_c
[2.665s] [ 79%] [32m[1mLinking CXX shared library librealsense2_camera_msgs__rosidl_typesupport_introspection_cpp.so[0m
[2.733s] [ 79%] Built target realsense2_camera_msgs__rosidl_typesupport_introspection_cpp
[2.810s] [ 80%] [32m[1mLinking CXX shared library librealsense2_camera_msgs__rosidl_typesupport_fastrtps_c.so[0m
[2.840s] [ 81%] [32m[1mLinking CXX shared library librealsense2_camera_msgs__rosidl_typesupport_fastrtps_cpp.so[0m
[2.856s] [ 81%] Built target realsense2_camera_msgs__rosidl_typesupport_fastrtps_c
[2.887s] [ 81%] Built target realsense2_camera_msgs__rosidl_typesupport_fastrtps_cpp
[2.902s] [ 81%] Built target realsense2_camera_msgs
[2.914s] [ 82%] [34m[1mGenerating Python code for ROS interfaces[0m
[3.643s] [ 82%] Built target realsense2_camera_msgs__py
[3.654s] [ 83%] [32mBuilding C object CMakeFiles/realsense2_camera_msgs__rosidl_generator_py.dir/rosidl_generator_py/realsense2_camera_msgs/msg/_extrinsics_s.c.o[0m
[3.655s] [ 85%] [32mBuilding C object CMakeFiles/realsense2_camera_msgs__rosidl_generator_py.dir/rosidl_generator_py/realsense2_camera_msgs/srv/_calib_config_read_s.c.o[0m
[3.655s] [ 86%] [32mBuilding C object CMakeFiles/realsense2_camera_msgs__rosidl_generator_py.dir/rosidl_generator_py/realsense2_camera_msgs/srv/_calib_config_write_s.c.o[0m
[3.655s] [ 87%] [32mBuilding C object CMakeFiles/realsense2_camera_msgs__rosidl_generator_py.dir/rosidl_generator_py/realsense2_camera_msgs/action/_triggered_calibration_s.c.o[0m
[3.656s] [ 88%] [32mBuilding C object CMakeFiles/realsense2_camera_msgs__rosidl_generator_py.dir/rosidl_generator_py/realsense2_camera_msgs/msg/_imu_info_s.c.o[0m
[3.656s] [ 89%] [32mBuilding C object CMakeFiles/realsense2_camera_msgs__rosidl_generator_py.dir/rosidl_generator_py/realsense2_camera_msgs/msg/_metadata_s.c.o[0m
[3.656s] [ 90%] [32mBuilding C object CMakeFiles/realsense2_camera_msgs__rosidl_generator_py.dir/rosidl_generator_py/realsense2_camera_msgs/msg/_rgbd_s.c.o[0m
[3.656s] [ 91%] [32mBuilding C object CMakeFiles/realsense2_camera_msgs__rosidl_generator_py.dir/rosidl_generator_py/realsense2_camera_msgs/srv/_device_info_s.c.o[0m
[3.739s] [ 93%] [32m[1mLinking C shared library rosidl_generator_py/realsense2_camera_msgs/librealsense2_camera_msgs__rosidl_generator_py.so[0m
[3.770s] [ 93%] Built target realsense2_camera_msgs__rosidl_generator_py
[3.785s] [ 95%] [32mBuilding C object CMakeFiles/realsense2_camera_msgs__rosidl_typesupport_c__pyext.dir/rosidl_generator_py/realsense2_camera_msgs/_realsense2_camera_msgs_s.ep.rosidl_typesupport_c.c.o[0m
[3.785s] [ 95%] [32mBuilding C object CMakeFiles/realsense2_camera_msgs__rosidl_typesupport_introspection_c__pyext.dir/rosidl_generator_py/realsense2_camera_msgs/_realsense2_camera_msgs_s.ep.rosidl_typesupport_introspection_c.c.o[0m
[3.786s] [ 96%] [32mBuilding C object CMakeFiles/realsense2_camera_msgs__rosidl_typesupport_fastrtps_c__pyext.dir/rosidl_generator_py/realsense2_camera_msgs/_realsense2_camera_msgs_s.ep.rosidl_typesupport_fastrtps_c.c.o[0m
[3.867s] [100%] [32m[1mLinking C shared library rosidl_generator_py/realsense2_camera_msgs/realsense2_camera_msgs_s__rosidl_typesupport_c.cpython-310-x86_64-linux-gnu.so[0m
[3.867s] [100%] [32m[1mLinking C shared library rosidl_generator_py/realsense2_camera_msgs/realsense2_camera_msgs_s__rosidl_typesupport_fastrtps_c.cpython-310-x86_64-linux-gnu.so[0m
[3.867s] [100%] [32m[1mLinking C shared library rosidl_generator_py/realsense2_camera_msgs/realsense2_camera_msgs_s__rosidl_typesupport_introspection_c.cpython-310-x86_64-linux-gnu.so[0m
[3.895s] [100%] Built target realsense2_camera_msgs__rosidl_typesupport_fastrtps_c__pyext
[3.895s] [100%] Built target realsense2_camera_msgs__rosidl_typesupport_introspection_c__pyext
[3.895s] [100%] Built target realsense2_camera_msgs__rosidl_typesupport_c__pyext
[3.905s] Invoked command in '/home/drwwwzer/index of open sources/5lakes/build/realsense2_camera_msgs' returned '0': CMAKE_PREFIX_PATH=/opt/ros/humble /usr/bin/cmake --build /home/drwwwzer/index of open sources/5lakes/build/realsense2_camera_msgs -- -j24 -l24
[3.905s] Invoking command in '/home/drwwwzer/index of open sources/5lakes/build/realsense2_camera_msgs': CMAKE_PREFIX_PATH=/opt/ros/humble /usr/bin/cmake --install /home/drwwwzer/index of open sources/5lakes/build/realsense2_camera_msgs
[3.911s] -- Install configuration: ""
[3.911s] -- Installing: /home/drwwwzer/index of open sources/5lakes/install/realsense2_camera_msgs/share/ament_index/resource_index/rosidl_interfaces/realsense2_camera_msgs
[3.911s] -- Installing: /home/drwwwzer/index of open sources/5lakes/install/realsense2_camera_msgs/include/realsense2_camera_msgs/realsense2_camera_msgs
[3.911s] -- Installing: /home/drwwwzer/index of open sources/5lakes/install/realsense2_camera_msgs/include/realsense2_camera_msgs/realsense2_camera_msgs/srv
[3.911s] -- Installing: /home/drwwwzer/index of open sources/5lakes/install/realsense2_camera_msgs/include/realsense2_camera_msgs/realsense2_camera_msgs/srv/detail
[3.911s] -- Installing: /home/drwwwzer/index of open sources/5lakes/install/realsense2_camera_msgs/include/realsense2_camera_msgs/realsense2_camera_msgs/srv/detail/calib_config_read__type_support.h
[3.911s] -- Installing: /home/drwwwzer/index of open sources/5lakes/install/realsense2_camera_msgs/include/realsense2_camera_msgs/realsense2_camera_msgs/srv/detail/calib_config_write__functions.c
[3.911s] -- Installing: /home/drwwwzer/index of open sources/5lakes/install/realsense2_camera_msgs/include/realsense2_camera_msgs/realsense2_camera_msgs/srv/detail/device_info__type_support.h
[3.911s] -- Installing: /home/drwwwzer/index of open sources/5lakes/install/realsense2_camera_msgs/include/realsense2_camera_msgs/realsense2_camera_msgs/srv/detail/calib_config_read__functions.c
[3.911s] -- Installing: /home/drwwwzer/index of open sources/5lakes/install/realsense2_camera_msgs/include/realsense2_camera_msgs/realsense2_camera_msgs/srv/detail/device_info__functions.h
[3.911s] -- Installing: /home/drwwwzer/index of open sources/5lakes/install/realsense2_camera_msgs/include/realsense2_camera_msgs/realsense2_camera_msgs/srv/detail/calib_config_read__functions.h
[3.911s] -- Installing: /home/drwwwzer/index of open sources/5lakes/install/realsense2_camera_msgs/include/realsense2_camera_msgs/realsense2_camera_msgs/srv/detail/calib_config_read__struct.h
[3.911s] -- Installing: /home/drwwwzer/index of open sources/5lakes/install/realsense2_camera_msgs/include/realsense2_camera_msgs/realsense2_camera_msgs/srv/detail/calib_config_write__struct.h
[3.912s] -- Installing: /home/drwwwzer/index of open sources/5lakes/install/realsense2_camera_msgs/include/realsense2_camera_msgs/realsense2_camera_msgs/srv/detail/device_info__functions.c
[3.912s] -- Installing: /home/drwwwzer/index of open sources/5lakes/install/realsense2_camera_msgs/include/realsense2_camera_msgs/realsense2_camera_msgs/srv/detail/device_info__struct.h
[3.912s] -- Installing: /home/drwwwzer/index of open sources/5lakes/install/realsense2_camera_msgs/include/realsense2_camera_msgs/realsense2_camera_msgs/srv/detail/calib_config_write__type_support.h
[3.912s] -- Installing: /home/drwwwzer/index of open sources/5lakes/install/realsense2_camera_msgs/include/realsense2_camera_msgs/realsense2_camera_msgs/srv/detail/calib_config_write__functions.h
[3.912s] -- Installing: /home/drwwwzer/index of open sources/5lakes/install/realsense2_camera_msgs/include/realsense2_camera_msgs/realsense2_camera_msgs/srv/device_info.h
[3.912s] -- Installing: /home/drwwwzer/index of open sources/5lakes/install/realsense2_camera_msgs/include/realsense2_camera_msgs/realsense2_camera_msgs/srv/calib_config_write.h
[3.912s] -- Installing: /home/drwwwzer/index of open sources/5lakes/install/realsense2_camera_msgs/include/realsense2_camera_msgs/realsense2_camera_msgs/srv/calib_config_read.h
[3.912s] -- Installing: /home/drwwwzer/index of open sources/5lakes/install/realsense2_camera_msgs/include/realsense2_camera_msgs/realsense2_camera_msgs/action
[3.912s] -- Installing: /home/drwwwzer/index of open sources/5lakes/install/realsense2_camera_msgs/include/realsense2_camera_msgs/realsense2_camera_msgs/action/detail
[3.912s] -- Installing: /home/drwwwzer/index of open sources/5lakes/install/realsense2_camera_msgs/include/realsense2_camera_msgs/realsense2_camera_msgs/action/detail/triggered_calibration__functions.h
[3.912s] -- Installing: /home/drwwwzer/index of open sources/5lakes/install/realsense2_camera_msgs/include/realsense2_camera_msgs/realsense2_camera_msgs/action/detail/triggered_calibration__type_support.h
[3.912s] -- Installing: /home/drwwwzer/index of open sources/5lakes/install/realsense2_camera_msgs/include/realsense2_camera_msgs/realsense2_camera_msgs/action/detail/triggered_calibration__functions.c
[3.912s] -- Installing: /home/drwwwzer/index of open sources/5lakes/install/realsense2_camera_msgs/include/realsense2_camera_msgs/realsense2_camera_msgs/action/detail/triggered_calibration__struct.h
[3.912s] -- Installing: /home/drwwwzer/index of open sources/5lakes/install/realsense2_camera_msgs/include/realsense2_camera_msgs/realsense2_camera_msgs/action/triggered_calibration.h
[3.912s] -- Installing: /home/drwwwzer/index of open sources/5lakes/install/realsense2_camera_msgs/include/realsense2_camera_msgs/realsense2_camera_msgs/msg
[3.912s] -- Installing: /home/drwwwzer/index of open sources/5lakes/install/realsense2_camera_msgs/include/realsense2_camera_msgs/realsense2_camera_msgs/msg/metadata.h
[3.912s] -- Installing: /home/drwwwzer/index of open sources/5lakes/install/realsense2_camera_msgs/include/realsense2_camera_msgs/realsense2_camera_msgs/msg/detail
[3.912s] -- Installing: /home/drwwwzer/index of open sources/5lakes/install/realsense2_camera_msgs/include/realsense2_camera_msgs/realsense2_camera_msgs/msg/detail/extrinsics__functions.c
[3.912s] -- Installing: /home/drwwwzer/index of open sources/5lakes/install/realsense2_camera_msgs/include/realsense2_camera_msgs/realsense2_camera_msgs/msg/detail/imu_info__struct.h
[3.912s] -- Installing: /home/drwwwzer/index of open sources/5lakes/install/realsense2_camera_msgs/include/realsense2_camera_msgs/realsense2_camera_msgs/msg/detail/rgbd__functions.c
[3.912s] -- Installing: /home/drwwwzer/index of open sources/5lakes/install/realsense2_camera_msgs/include/realsense2_camera_msgs/realsense2_camera_msgs/msg/detail/metadata__type_support.h
[3.912s] -- Installing: /home/drwwwzer/index of open sources/5lakes/install/realsense2_camera_msgs/include/realsense2_camera_msgs/realsense2_camera_msgs/msg/detail/rgbd__struct.h
[3.912s] -- Installing: /home/drwwwzer/index of open sources/5lakes/install/realsense2_camera_msgs/include/realsense2_camera_msgs/realsense2_camera_msgs/msg/detail/rgbd__functions.h
[3.912s] -- Installing: /home/drwwwzer/index of open sources/5lakes/install/realsense2_camera_msgs/include/realsense2_camera_msgs/realsense2_camera_msgs/msg/detail/extrinsics__functions.h
[3.912s] -- Installing: /home/drwwwzer/index of open sources/5lakes/install/realsense2_camera_msgs/include/realsense2_camera_msgs/realsense2_camera_msgs/msg/detail/metadata__functions.c
[3.912s] -- Installing: /home/drwwwzer/index of open sources/5lakes/install/realsense2_camera_msgs/include/realsense2_camera_msgs/realsense2_camera_msgs/msg/detail/extrinsics__struct.h
[3.912s] -- Installing: /home/drwwwzer/index of open sources/5lakes/install/realsense2_camera_msgs/include/realsense2_camera_msgs/realsense2_camera_msgs/msg/detail/metadata__struct.h
[3.912s] -- Installing: /home/drwwwzer/index of open sources/5lakes/install/realsense2_camera_msgs/include/realsense2_camera_msgs/realsense2_camera_msgs/msg/detail/imu_info__functions.h
[3.912s] -- Installing: /home/drwwwzer/index of open sources/5lakes/install/realsense2_camera_msgs/include/realsense2_camera_msgs/realsense2_camera_msgs/msg/detail/metadata__functions.h
[3.912s] -- Installing: /home/drwwwzer/index of open sources/5lakes/install/realsense2_camera_msgs/include/realsense2_camera_msgs/realsense2_camera_msgs/msg/detail/rgbd__type_support.h
[3.912s] -- Installing: /home/drwwwzer/index of open sources/5lakes/install/realsense2_camera_msgs/include/realsense2_camera_msgs/realsense2_camera_msgs/msg/detail/imu_info__type_support.h
[3.912s] -- Installing: /home/drwwwzer/index of open sources/5lakes/install/realsense2_camera_msgs/include/realsense2_camera_msgs/realsense2_camera_msgs/msg/detail/imu_info__functions.c
[3.912s] -- Installing: /home/drwwwzer/index of open sources/5lakes/install/realsense2_camera_msgs/include/realsense2_camera_msgs/realsense2_camera_msgs/msg/detail/extrinsics__type_support.h
[3.913s] -- Installing: /home/drwwwzer/index of open sources/5lakes/install/realsense2_camera_msgs/include/realsense2_camera_msgs/realsense2_camera_msgs/msg/imu_info.h
[3.913s] -- Installing: /home/drwwwzer/index of open sources/5lakes/install/realsense2_camera_msgs/include/realsense2_camera_msgs/realsense2_camera_msgs/msg/extrinsics.h
[3.913s] -- Installing: /home/drwwwzer/index of open sources/5lakes/install/realsense2_camera_msgs/include/realsense2_camera_msgs/realsense2_camera_msgs/msg/rgbd.h
[3.913s] -- Installing: /home/drwwwzer/index of open sources/5lakes/install/realsense2_camera_msgs/include/realsense2_camera_msgs/realsense2_camera_msgs/msg/rosidl_generator_c__visibility_control.h
[3.913s] -- Installing: /home/drwwwzer/index of open sources/5lakes/install/realsense2_camera_msgs/share/realsense2_camera_msgs/environment/library_path.sh
[3.913s] -- Installing: /home/drwwwzer/index of open sources/5lakes/install/realsense2_camera_msgs/share/realsense2_camera_msgs/environment/library_path.dsv
[3.913s] -- Installing: /home/drwwwzer/index of open sources/5lakes/install/realsense2_camera_msgs/lib/librealsense2_camera_msgs__rosidl_generator_c.so
[3.913s] -- Set runtime path of "/home/drwwwzer/index of open sources/5lakes/install/realsense2_camera_msgs/lib/librealsense2_camera_msgs__rosidl_generator_c.so" to ""
[3.913s] -- Up-to-date: /home/drwwwzer/index of open sources/5lakes/install/realsense2_camera_msgs/include/realsense2_camera_msgs/realsense2_camera_msgs
[3.913s] -- Up-to-date: /home/drwwwzer/index of open sources/5lakes/install/realsense2_camera_msgs/include/realsense2_camera_msgs/realsense2_camera_msgs/srv
[3.913s] -- Up-to-date: /home/drwwwzer/index of open sources/5lakes/install/realsense2_camera_msgs/include/realsense2_camera_msgs/realsense2_camera_msgs/srv/detail
[3.913s] -- Installing: /home/drwwwzer/index of open sources/5lakes/install/realsense2_camera_msgs/include/realsense2_camera_msgs/realsense2_camera_msgs/srv/detail/device_info__rosidl_typesupport_fastrtps_c.h
[3.913s] -- Installing: /home/drwwwzer/index of open sources/5lakes/install/realsense2_camera_msgs/include/realsense2_camera_msgs/realsense2_camera_msgs/srv/detail/calib_config_write__rosidl_typesupport_fastrtps_c.h
[3.913s] -- Installing: /home/drwwwzer/index of open sources/5lakes/install/realsense2_camera_msgs/include/realsense2_camera_msgs/realsense2_camera_msgs/srv/detail/calib_config_read__rosidl_typesupport_fastrtps_c.h
[3.913s] -- Up-to-date: /home/drwwwzer/index of open sources/5lakes/install/realsense2_camera_msgs/include/realsense2_camera_msgs/realsense2_camera_msgs/action
[3.913s] -- Up-to-date: /home/drwwwzer/index of open sources/5lakes/install/realsense2_camera_msgs/include/realsense2_camera_msgs/realsense2_camera_msgs/action/detail
[3.913s] -- Installing: /home/drwwwzer/index of open sources/5lakes/install/realsense2_camera_msgs/include/realsense2_camera_msgs/realsense2_camera_msgs/action/detail/triggered_calibration__rosidl_typesupport_fastrtps_c.h
[3.913s] -- Up-to-date: /home/drwwwzer/index of open sources/5lakes/install/realsense2_camera_msgs/include/realsense2_camera_msgs/realsense2_camera_msgs/msg
[3.913s] -- Up-to-date: /home/drwwwzer/index of open sources/5lakes/install/realsense2_camera_msgs/include/realsense2_camera_msgs/realsense2_camera_msgs/msg/detail
[3.913s] -- Installing: /home/drwwwzer/index of open sources/5lakes/install/realsense2_camera_msgs/include/realsense2_camera_msgs/realsense2_camera_msgs/msg/detail/extrinsics__rosidl_typesupport_fastrtps_c.h
[3.913s] -- Installing: /home/drwwwzer/index of open sources/5lakes/install/realsense2_camera_msgs/include/realsense2_camera_msgs/realsense2_camera_msgs/msg/detail/rgbd__rosidl_typesupport_fastrtps_c.h
[3.913s] -- Installing: /home/drwwwzer/index of open sources/5lakes/install/realsense2_camera_msgs/include/realsense2_camera_msgs/realsense2_camera_msgs/msg/detail/metadata__rosidl_typesupport_fastrtps_c.h
[3.914s] -- Installing: /home/drwwwzer/index of open sources/5lakes/install/realsense2_camera_msgs/include/realsense2_camera_msgs/realsense2_camera_msgs/msg/detail/imu_info__rosidl_typesupport_fastrtps_c.h
[3.914s] -- Installing: /home/drwwwzer/index of open sources/5lakes/install/realsense2_camera_msgs/include/realsense2_camera_msgs/realsense2_camera_msgs/msg/rosidl_typesupport_fastrtps_c__visibility_control.h
[3.914s] -- Installing: /home/drwwwzer/index of open sources/5lakes/install/realsense2_camera_msgs/lib/librealsense2_camera_msgs__rosidl_typesupport_fastrtps_c.so
[3.914s] -- Set runtime path of "/home/drwwwzer/index of open sources/5lakes/install/realsense2_camera_msgs/lib/librealsense2_camera_msgs__rosidl_typesupport_fastrtps_c.so" to ""
[3.914s] -- Up-to-date: /home/drwwwzer/index of open sources/5lakes/install/realsense2_camera_msgs/include/realsense2_camera_msgs/realsense2_camera_msgs
[3.914s] -- Up-to-date: /home/drwwwzer/index of open sources/5lakes/install/realsense2_camera_msgs/include/realsense2_camera_msgs/realsense2_camera_msgs/srv
[3.914s] -- Up-to-date: /home/drwwwzer/index of open sources/5lakes/install/realsense2_camera_msgs/include/realsense2_camera_msgs/realsense2_camera_msgs/srv/detail
[3.914s] -- Installing: /home/drwwwzer/index of open sources/5lakes/install/realsense2_camera_msgs/include/realsense2_camera_msgs/realsense2_camera_msgs/srv/detail/calib_config_write__type_support.c
[3.914s] -- Installing: /home/drwwwzer/index of open sources/5lakes/install/realsense2_camera_msgs/include/realsense2_camera_msgs/realsense2_camera_msgs/srv/detail/device_info__rosidl_typesupport_introspection_c.h
[3.914s] -- Installing: /home/drwwwzer/index of open sources/5lakes/install/realsense2_camera_msgs/include/realsense2_camera_msgs/realsense2_camera_msgs/srv/detail/calib_config_read__type_support.c
[3.914s] -- Installing: /home/drwwwzer/index of open sources/5lakes/install/realsense2_camera_msgs/include/realsense2_camera_msgs/realsense2_camera_msgs/srv/detail/device_info__type_support.c
[3.914s] -- Installing: /home/drwwwzer/index of open sources/5lakes/install/realsense2_camera_msgs/include/realsense2_camera_msgs/realsense2_camera_msgs/srv/detail/calib_config_write__rosidl_typesupport_introspection_c.h
[3.914s] -- Installing: /home/drwwwzer/index of open sources/5lakes/install/realsense2_camera_msgs/include/realsense2_camera_msgs/realsense2_camera_msgs/srv/detail/calib_config_read__rosidl_typesupport_introspection_c.h
[3.914s] -- Up-to-date: /home/drwwwzer/index of open sources/5lakes/install/realsense2_camera_msgs/include/realsense2_camera_msgs/realsense2_camera_msgs/action
[3.914s] -- Up-to-date: /home/drwwwzer/index of open sources/5lakes/install/realsense2_camera_msgs/include/realsense2_camera_msgs/realsense2_camera_msgs/action/detail
[3.914s] -- Installing: /home/drwwwzer/index of open sources/5lakes/install/realsense2_camera_msgs/include/realsense2_camera_msgs/realsense2_camera_msgs/action/detail/triggered_calibration__type_support.c
[3.914s] -- Installing: /home/drwwwzer/index of open sources/5lakes/install/realsense2_camera_msgs/include/realsense2_camera_msgs/realsense2_camera_msgs/action/detail/triggered_calibration__rosidl_typesupport_introspection_c.h
[3.914s] -- Up-to-date: /home/drwwwzer/index of open sources/5lakes/install/realsense2_camera_msgs/include/realsense2_camera_msgs/realsense2_camera_msgs/msg
[3.914s] -- Up-to-date: /home/drwwwzer/index of open sources/5lakes/install/realsense2_camera_msgs/include/realsense2_camera_msgs/realsense2_camera_msgs/msg/detail
[3.914s] -- Installing: /home/drwwwzer/index of open sources/5lakes/install/realsense2_camera_msgs/include/realsense2_camera_msgs/realsense2_camera_msgs/msg/detail/rgbd__rosidl_typesupport_introspection_c.h
[3.914s] -- Installing: /home/drwwwzer/index of open sources/5lakes/install/realsense2_camera_msgs/include/realsense2_camera_msgs/realsense2_camera_msgs/msg/detail/imu_info__rosidl_typesupport_introspection_c.h
[3.914s] -- Installing: /home/drwwwzer/index of open sources/5lakes/install/realsense2_camera_msgs/include/realsense2_camera_msgs/realsense2_camera_msgs/msg/detail/metadata__rosidl_typesupport_introspection_c.h
[3.914s] -- Installing: /home/drwwwzer/index of open sources/5lakes/install/realsense2_camera_msgs/include/realsense2_camera_msgs/realsense2_camera_msgs/msg/detail/rgbd__type_support.c
[3.914s] -- Installing: /home/drwwwzer/index of open sources/5lakes/install/realsense2_camera_msgs/include/realsense2_camera_msgs/realsense2_camera_msgs/msg/detail/extrinsics__rosidl_typesupport_introspection_c.h
[3.914s] -- Installing: /home/drwwwzer/index of open sources/5lakes/install/realsense2_camera_msgs/include/realsense2_camera_msgs/realsense2_camera_msgs/msg/detail/imu_info__type_support.c
[3.914s] -- Installing: /home/drwwwzer/index of open sources/5lakes/install/realsense2_camera_msgs/include/realsense2_camera_msgs/realsense2_camera_msgs/msg/detail/metadata__type_support.c
[3.914s] -- Installing: /home/drwwwzer/index of open sources/5lakes/install/realsense2_camera_msgs/include/realsense2_camera_msgs/realsense2_camera_msgs/msg/detail/extrinsics__type_support.c
[3.914s] -- Installing: /home/drwwwzer/index of open sources/5lakes/install/realsense2_camera_msgs/include/realsense2_camera_msgs/realsense2_camera_msgs/msg/rosidl_typesupport_introspection_c__visibility_control.h
[3.914s] -- Installing: /home/drwwwzer/index of open sources/5lakes/install/realsense2_camera_msgs/lib/librealsense2_camera_msgs__rosidl_typesupport_introspection_c.so
[3.914s] -- Set runtime path of "/home/drwwwzer/index of open sources/5lakes/install/realsense2_camera_msgs/lib/librealsense2_camera_msgs__rosidl_typesupport_introspection_c.so" to ""
[3.914s] -- Installing: /home/drwwwzer/index of open sources/5lakes/install/realsense2_camera_msgs/lib/librealsense2_camera_msgs__rosidl_typesupport_c.so
[3.915s] -- Set runtime path of "/home/drwwwzer/index of open sources/5lakes/install/realsense2_camera_msgs/lib/librealsense2_camera_msgs__rosidl_typesupport_c.so" to ""
[3.915s] -- Up-to-date: /home/drwwwzer/index of open sources/5lakes/install/realsense2_camera_msgs/include/realsense2_camera_msgs/realsense2_camera_msgs
[3.915s] -- Up-to-date: /home/drwwwzer/index of open sources/5lakes/install/realsense2_camera_msgs/include/realsense2_camera_msgs/realsense2_camera_msgs/srv
[3.915s] -- Installing: /home/drwwwzer/index of open sources/5lakes/install/realsense2_camera_msgs/include/realsense2_camera_msgs/realsense2_camera_msgs/srv/calib_config_read.hpp
[3.915s] -- Up-to-date: /home/drwwwzer/index of open sources/5lakes/install/realsense2_camera_msgs/include/realsense2_camera_msgs/realsense2_camera_msgs/srv/detail
[3.915s] -- Installing: /home/drwwwzer/index of open sources/5lakes/install/realsense2_camera_msgs/include/realsense2_camera_msgs/realsense2_camera_msgs/srv/detail/calib_config_write__traits.hpp
[3.915s] -- Installing: /home/drwwwzer/index of open sources/5lakes/install/realsense2_camera_msgs/include/realsense2_camera_msgs/realsense2_camera_msgs/srv/detail/device_info__builder.hpp
[3.915s] -- Installing: /home/drwwwzer/index of open sources/5lakes/install/realsense2_camera_msgs/include/realsense2_camera_msgs/realsense2_camera_msgs/srv/detail/calib_config_write__builder.hpp
[3.915s] -- Installing: /home/drwwwzer/index of open sources/5lakes/install/realsense2_camera_msgs/include/realsense2_camera_msgs/realsense2_camera_msgs/srv/detail/device_info__type_support.hpp
[3.915s] -- Installing: /home/drwwwzer/index of open sources/5lakes/install/realsense2_camera_msgs/include/realsense2_camera_msgs/realsense2_camera_msgs/srv/detail/calib_config_read__type_support.hpp
[3.915s] -- Installing: /home/drwwwzer/index of open sources/5lakes/install/realsense2_camera_msgs/include/realsense2_camera_msgs/realsense2_camera_msgs/srv/detail/calib_config_write__type_support.hpp
[3.915s] -- Installing: /home/drwwwzer/index of open sources/5lakes/install/realsense2_camera_msgs/include/realsense2_camera_msgs/realsense2_camera_msgs/srv/detail/calib_config_read__struct.hpp
[3.915s] -- Installing: /home/drwwwzer/index of open sources/5lakes/install/realsense2_camera_msgs/include/realsense2_camera_msgs/realsense2_camera_msgs/srv/detail/calib_config_read__traits.hpp
[3.915s] -- Installing: /home/drwwwzer/index of open sources/5lakes/install/realsense2_camera_msgs/include/realsense2_camera_msgs/realsense2_camera_msgs/srv/detail/calib_config_write__struct.hpp
[3.915s] -- Installing: /home/drwwwzer/index of open sources/5lakes/install/realsense2_camera_msgs/include/realsense2_camera_msgs/realsense2_camera_msgs/srv/detail/device_info__struct.hpp
[3.915s] -- Installing: /home/drwwwzer/index of open sources/5lakes/install/realsense2_camera_msgs/include/realsense2_camera_msgs/realsense2_camera_msgs/srv/detail/calib_config_read__builder.hpp
[3.915s] -- Installing: /home/drwwwzer/index of open sources/5lakes/install/realsense2_camera_msgs/include/realsense2_camera_msgs/realsense2_camera_msgs/srv/detail/device_info__traits.hpp
[3.915s] -- Installing: /home/drwwwzer/index of open sources/5lakes/install/realsense2_camera_msgs/include/realsense2_camera_msgs/realsense2_camera_msgs/srv/device_info.hpp
[3.915s] -- Installing: /home/drwwwzer/index of open sources/5lakes/install/realsense2_camera_msgs/include/realsense2_camera_msgs/realsense2_camera_msgs/srv/calib_config_write.hpp
[3.915s] -- Up-to-date: /home/drwwwzer/index of open sources/5lakes/install/realsense2_camera_msgs/include/realsense2_camera_msgs/realsense2_camera_msgs/action
[3.915s] -- Up-to-date: /home/drwwwzer/index of open sources/5lakes/install/realsense2_camera_msgs/include/realsense2_camera_msgs/realsense2_camera_msgs/action/detail
[3.915s] -- Installing: /home/drwwwzer/index of open sources/5lakes/install/realsense2_camera_msgs/include/realsense2_camera_msgs/realsense2_camera_msgs/action/detail/triggered_calibration__struct.hpp
[3.915s] -- Installing: /home/drwwwzer/index of open sources/5lakes/install/realsense2_camera_msgs/include/realsense2_camera_msgs/realsense2_camera_msgs/action/detail/triggered_calibration__traits.hpp
[3.915s] -- Installing: /home/drwwwzer/index of open sources/5lakes/install/realsense2_camera_msgs/include/realsense2_camera_msgs/realsense2_camera_msgs/action/detail/triggered_calibration__builder.hpp
[3.915s] -- Installing: /home/drwwwzer/index of open sources/5lakes/install/realsense2_camera_msgs/include/realsense2_camera_msgs/realsense2_camera_msgs/action/detail/triggered_calibration__type_support.hpp
[3.915s] -- Installing: /home/drwwwzer/index of open sources/5lakes/install/realsense2_camera_msgs/include/realsense2_camera_msgs/realsense2_camera_msgs/action/triggered_calibration.hpp
[3.915s] -- Up-to-date: /home/drwwwzer/index of open sources/5lakes/install/realsense2_camera_msgs/include/realsense2_camera_msgs/realsense2_camera_msgs/msg
[3.915s] -- Installing: /home/drwwwzer/index of open sources/5lakes/install/realsense2_camera_msgs/include/realsense2_camera_msgs/realsense2_camera_msgs/msg/metadata.hpp
[3.915s] -- Up-to-date: /home/drwwwzer/index of open sources/5lakes/install/realsense2_camera_msgs/include/realsense2_camera_msgs/realsense2_camera_msgs/msg/detail
[3.915s] -- Installing: /home/drwwwzer/index of open sources/5lakes/install/realsense2_camera_msgs/include/realsense2_camera_msgs/realsense2_camera_msgs/msg/detail/extrinsics__traits.hpp
[3.915s] -- Installing: /home/drwwwzer/index of open sources/5lakes/install/realsense2_camera_msgs/include/realsense2_camera_msgs/realsense2_camera_msgs/msg/detail/imu_info__builder.hpp
[3.915s] -- Installing: /home/drwwwzer/index of open sources/5lakes/install/realsense2_camera_msgs/include/realsense2_camera_msgs/realsense2_camera_msgs/msg/detail/rgbd__builder.hpp
[3.916s] -- Installing: /home/drwwwzer/index of open sources/5lakes/install/realsense2_camera_msgs/include/realsense2_camera_msgs/realsense2_camera_msgs/msg/detail/extrinsics__struct.hpp
[3.916s] -- Installing: /home/drwwwzer/index of open sources/5lakes/install/realsense2_camera_msgs/include/realsense2_camera_msgs/realsense2_camera_msgs/msg/detail/rgbd__struct.hpp
[3.916s] -- Installing: /home/drwwwzer/index of open sources/5lakes/install/realsense2_camera_msgs/include/realsense2_camera_msgs/realsense2_camera_msgs/msg/detail/imu_info__type_support.hpp
[3.916s] -- Installing: /home/drwwwzer/index of open sources/5lakes/install/realsense2_camera_msgs/include/realsense2_camera_msgs/realsense2_camera_msgs/msg/detail/metadata__struct.hpp
[3.916s] -- Installing: /home/drwwwzer/index of open sources/5lakes/install/realsense2_camera_msgs/include/realsense2_camera_msgs/realsense2_camera_msgs/msg/detail/extrinsics__builder.hpp
[3.916s] -- Installing: /home/drwwwzer/index of open sources/5lakes/install/realsense2_camera_msgs/include/realsense2_camera_msgs/realsense2_camera_msgs/msg/detail/rgbd__type_support.hpp
[3.916s] -- Installing: /home/drwwwzer/index of open sources/5lakes/install/realsense2_camera_msgs/include/realsense2_camera_msgs/realsense2_camera_msgs/msg/detail/metadata__builder.hpp
[3.916s] -- Installing: /home/drwwwzer/index of open sources/5lakes/install/realsense2_camera_msgs/include/realsense2_camera_msgs/realsense2_camera_msgs/msg/detail/rgbd__traits.hpp
[3.916s] -- Installing: /home/drwwwzer/index of open sources/5lakes/install/realsense2_camera_msgs/include/realsense2_camera_msgs/realsense2_camera_msgs/msg/detail/imu_info__struct.hpp
[3.916s] -- Installing: /home/drwwwzer/index of open sources/5lakes/install/realsense2_camera_msgs/include/realsense2_camera_msgs/realsense2_camera_msgs/msg/detail/imu_info__traits.hpp
[3.916s] -- Installing: /home/drwwwzer/index of open sources/5lakes/install/realsense2_camera_msgs/include/realsense2_camera_msgs/realsense2_camera_msgs/msg/detail/metadata__type_support.hpp
[3.916s] -- Installing: /home/drwwwzer/index of open sources/5lakes/install/realsense2_camera_msgs/include/realsense2_camera_msgs/realsense2_camera_msgs/msg/detail/metadata__traits.hpp
[3.916s] -- Installing: /home/drwwwzer/index of open sources/5lakes/install/realsense2_camera_msgs/include/realsense2_camera_msgs/realsense2_camera_msgs/msg/detail/extrinsics__type_support.hpp
[3.916s] -- Installing: /home/drwwwzer/index of open sources/5lakes/install/realsense2_camera_msgs/include/realsense2_camera_msgs/realsense2_camera_msgs/msg/imu_info.hpp
[3.916s] -- Installing: /home/drwwwzer/index of open sources/5lakes/install/realsense2_camera_msgs/include/realsense2_camera_msgs/realsense2_camera_msgs/msg/extrinsics.hpp
[3.916s] -- Installing: /home/drwwwzer/index of open sources/5lakes/install/realsense2_camera_msgs/include/realsense2_camera_msgs/realsense2_camera_msgs/msg/rgbd.hpp
[3.916s] -- Installing: /home/drwwwzer/index of open sources/5lakes/install/realsense2_camera_msgs/include/realsense2_camera_msgs/realsense2_camera_msgs/msg/rosidl_generator_cpp__visibility_control.hpp
[3.916s] -- Up-to-date: /home/drwwwzer/index of open sources/5lakes/install/realsense2_camera_msgs/include/realsense2_camera_msgs/realsense2_camera_msgs
[3.916s] -- Up-to-date: /home/drwwwzer/index of open sources/5lakes/install/realsense2_camera_msgs/include/realsense2_camera_msgs/realsense2_camera_msgs/srv
[3.916s] -- Up-to-date: /home/drwwwzer/index of open sources/5lakes/install/realsense2_camera_msgs/include/realsense2_camera_msgs/realsense2_camera_msgs/srv/detail
[3.916s] -- Installing: /home/drwwwzer/index of open sources/5lakes/install/realsense2_camera_msgs/include/realsense2_camera_msgs/realsense2_camera_msgs/srv/detail/calib_config_write__rosidl_typesupport_fastrtps_cpp.hpp
[3.916s] -- Installing: /home/drwwwzer/index of open sources/5lakes/install/realsense2_camera_msgs/include/realsense2_camera_msgs/realsense2_camera_msgs/srv/detail/dds_fastrtps
[3.916s] -- Installing: /home/drwwwzer/index of open sources/5lakes/install/realsense2_camera_msgs/include/realsense2_camera_msgs/realsense2_camera_msgs/srv/detail/calib_config_read__rosidl_typesupport_fastrtps_cpp.hpp
[3.916s] -- Installing: /home/drwwwzer/index of open sources/5lakes/install/realsense2_camera_msgs/include/realsense2_camera_msgs/realsense2_camera_msgs/srv/detail/device_info__rosidl_typesupport_fastrtps_cpp.hpp
[3.916s] -- Up-to-date: /home/drwwwzer/index of open sources/5lakes/install/realsense2_camera_msgs/include/realsense2_camera_msgs/realsense2_camera_msgs/action
[3.916s] -- Up-to-date: /home/drwwwzer/index of open sources/5lakes/install/realsense2_camera_msgs/include/realsense2_camera_msgs/realsense2_camera_msgs/action/detail
[3.916s] -- Installing: /home/drwwwzer/index of open sources/5lakes/install/realsense2_camera_msgs/include/realsense2_camera_msgs/realsense2_camera_msgs/action/detail/dds_fastrtps
[3.916s] -- Installing: /home/drwwwzer/index of open sources/5lakes/install/realsense2_camera_msgs/include/realsense2_camera_msgs/realsense2_camera_msgs/action/detail/triggered_calibration__rosidl_typesupport_fastrtps_cpp.hpp
[3.916s] -- Up-to-date: /home/drwwwzer/index of open sources/5lakes/install/realsense2_camera_msgs/include/realsense2_camera_msgs/realsense2_camera_msgs/msg
[3.916s] -- Up-to-date: /home/drwwwzer/index of open sources/5lakes/install/realsense2_camera_msgs/include/realsense2_camera_msgs/realsense2_camera_msgs/msg/detail
[3.916s] -- Installing: /home/drwwwzer/index of open sources/5lakes/install/realsense2_camera_msgs/include/realsense2_camera_msgs/realsense2_camera_msgs/msg/detail/metadata__rosidl_typesupport_fastrtps_cpp.hpp
[3.916s] -- Installing: /home/drwwwzer/index of open sources/5lakes/install/realsense2_camera_msgs/include/realsense2_camera_msgs/realsense2_camera_msgs/msg/detail/rgbd__rosidl_typesupport_fastrtps_cpp.hpp
[3.917s] -- Installing: /home/drwwwzer/index of open sources/5lakes/install/realsense2_camera_msgs/include/realsense2_camera_msgs/realsense2_camera_msgs/msg/detail/dds_fastrtps
[3.917s] -- Installing: /home/drwwwzer/index of open sources/5lakes/install/realsense2_camera_msgs/include/realsense2_camera_msgs/realsense2_camera_msgs/msg/detail/imu_info__rosidl_typesupport_fastrtps_cpp.hpp
[3.917s] -- Installing: /home/drwwwzer/index of open sources/5lakes/install/realsense2_camera_msgs/include/realsense2_camera_msgs/realsense2_camera_msgs/msg/detail/extrinsics__rosidl_typesupport_fastrtps_cpp.hpp
[3.917s] -- Installing: /home/drwwwzer/index of open sources/5lakes/install/realsense2_camera_msgs/include/realsense2_camera_msgs/realsense2_camera_msgs/msg/rosidl_typesupport_fastrtps_cpp__visibility_control.h
[3.917s] -- Installing: /home/drwwwzer/index of open sources/5lakes/install/realsense2_camera_msgs/lib/librealsense2_camera_msgs__rosidl_typesupport_fastrtps_cpp.so
[3.917s] -- Set runtime path of "/home/drwwwzer/index of open sources/5lakes/install/realsense2_camera_msgs/lib/librealsense2_camera_msgs__rosidl_typesupport_fastrtps_cpp.so" to ""
[3.917s] -- Up-to-date: /home/drwwwzer/index of open sources/5lakes/install/realsense2_camera_msgs/include/realsense2_camera_msgs/realsense2_camera_msgs
[3.917s] -- Up-to-date: /home/drwwwzer/index of open sources/5lakes/install/realsense2_camera_msgs/include/realsense2_camera_msgs/realsense2_camera_msgs/srv
[3.917s] -- Up-to-date: /home/drwwwzer/index of open sources/5lakes/install/realsense2_camera_msgs/include/realsense2_camera_msgs/realsense2_camera_msgs/srv/detail
[3.917s] -- Installing: /home/drwwwzer/index of open sources/5lakes/install/realsense2_camera_msgs/include/realsense2_camera_msgs/realsense2_camera_msgs/srv/detail/calib_config_read__type_support.cpp
[3.917s] -- Installing: /home/drwwwzer/index of open sources/5lakes/install/realsense2_camera_msgs/include/realsense2_camera_msgs/realsense2_camera_msgs/srv/detail/calib_config_write__rosidl_typesupport_introspection_cpp.hpp
[3.917s] -- Installing: /home/drwwwzer/index of open sources/5lakes/install/realsense2_camera_msgs/include/realsense2_camera_msgs/realsense2_camera_msgs/srv/detail/calib_config_write__type_support.cpp
[3.917s] -- Installing: /home/drwwwzer/index of open sources/5lakes/install/realsense2_camera_msgs/include/realsense2_camera_msgs/realsense2_camera_msgs/srv/detail/calib_config_read__rosidl_typesupport_introspection_cpp.hpp
[3.917s] -- Installing: /home/drwwwzer/index of open sources/5lakes/install/realsense2_camera_msgs/include/realsense2_camera_msgs/realsense2_camera_msgs/srv/detail/device_info__type_support.cpp
[3.917s] -- Installing: /home/drwwwzer/index of open sources/5lakes/install/realsense2_camera_msgs/include/realsense2_camera_msgs/realsense2_camera_msgs/srv/detail/device_info__rosidl_typesupport_introspection_cpp.hpp
[3.917s] -- Up-to-date: /home/drwwwzer/index of open sources/5lakes/install/realsense2_camera_msgs/include/realsense2_camera_msgs/realsense2_camera_msgs/action
[3.917s] -- Up-to-date: /home/drwwwzer/index of open sources/5lakes/install/realsense2_camera_msgs/include/realsense2_camera_msgs/realsense2_camera_msgs/action/detail
[3.917s] -- Installing: /home/drwwwzer/index of open sources/5lakes/install/realsense2_camera_msgs/include/realsense2_camera_msgs/realsense2_camera_msgs/action/detail/triggered_calibration__type_support.cpp
[3.917s] -- Installing: /home/drwwwzer/index of open sources/5lakes/install/realsense2_camera_msgs/include/realsense2_camera_msgs/realsense2_camera_msgs/action/detail/triggered_calibration__rosidl_typesupport_introspection_cpp.hpp
[3.917s] -- Up-to-date: /home/drwwwzer/index of open sources/5lakes/install/realsense2_camera_msgs/include/realsense2_camera_msgs/realsense2_camera_msgs/msg
[3.917s] -- Up-to-date: /home/drwwwzer/index of open sources/5lakes/install/realsense2_camera_msgs/include/realsense2_camera_msgs/realsense2_camera_msgs/msg/detail
[3.917s] -- Installing: /home/drwwwzer/index of open sources/5lakes/install/realsense2_camera_msgs/include/realsense2_camera_msgs/realsense2_camera_msgs/msg/detail/extrinsics__rosidl_typesupport_introspection_cpp.hpp
[3.917s] -- Installing: /home/drwwwzer/index of open sources/5lakes/install/realsense2_camera_msgs/include/realsense2_camera_msgs/realsense2_camera_msgs/msg/detail/rgbd__rosidl_typesupport_introspection_cpp.hpp
[3.917s] -- Installing: /home/drwwwzer/index of open sources/5lakes/install/realsense2_camera_msgs/include/realsense2_camera_msgs/realsense2_camera_msgs/msg/detail/metadata__rosidl_typesupport_introspection_cpp.hpp
[3.917s] -- Installing: /home/drwwwzer/index of open sources/5lakes/install/realsense2_camera_msgs/include/realsense2_camera_msgs/realsense2_camera_msgs/msg/detail/rgbd__type_support.cpp
[3.917s] -- Installing: /home/drwwwzer/index of open sources/5lakes/install/realsense2_camera_msgs/include/realsense2_camera_msgs/realsense2_camera_msgs/msg/detail/metadata__type_support.cpp
[3.917s] -- Installing: /home/drwwwzer/index of open sources/5lakes/install/realsense2_camera_msgs/include/realsense2_camera_msgs/realsense2_camera_msgs/msg/detail/extrinsics__type_support.cpp
[3.917s] -- Installing: /home/drwwwzer/index of open sources/5lakes/install/realsense2_camera_msgs/include/realsense2_camera_msgs/realsense2_camera_msgs/msg/detail/imu_info__rosidl_typesupport_introspection_cpp.hpp
[3.917s] -- Installing: /home/drwwwzer/index of open sources/5lakes/install/realsense2_camera_msgs/include/realsense2_camera_msgs/realsense2_camera_msgs/msg/detail/imu_info__type_support.cpp
[3.918s] -- Installing: /home/drwwwzer/index of open sources/5lakes/install/realsense2_camera_msgs/lib/librealsense2_camera_msgs__rosidl_typesupport_introspection_cpp.so
[3.918s] -- Set runtime path of "/home/drwwwzer/index of open sources/5lakes/install/realsense2_camera_msgs/lib/librealsense2_camera_msgs__rosidl_typesupport_introspection_cpp.so" to ""
[3.918s] -- Installing: /home/drwwwzer/index of open sources/5lakes/install/realsense2_camera_msgs/lib/librealsense2_camera_msgs__rosidl_typesupport_cpp.so
[3.918s] -- Set runtime path of "/home/drwwwzer/index of open sources/5lakes/install/realsense2_camera_msgs/lib/librealsense2_camera_msgs__rosidl_typesupport_cpp.so" to ""
[3.918s] -- Installing: /home/drwwwzer/index of open sources/5lakes/install/realsense2_camera_msgs/share/realsense2_camera_msgs/environment/pythonpath.sh
[3.918s] -- Installing: /home/drwwwzer/index of open sources/5lakes/install/realsense2_camera_msgs/share/realsense2_camera_msgs/environment/pythonpath.dsv
[3.918s] -- Installing: /home/drwwwzer/index of open sources/5lakes/install/realsense2_camera_msgs/local/lib/python3.10/dist-packages/realsense2_camera_msgs-4.56.4-py3.10.egg-info
[3.918s] -- Installing: /home/drwwwzer/index of open sources/5lakes/install/realsense2_camera_msgs/local/lib/python3.10/dist-packages/realsense2_camera_msgs-4.56.4-py3.10.egg-info/SOURCES.txt
[3.918s] -- Installing: /home/drwwwzer/index of open sources/5lakes/install/realsense2_camera_msgs/local/lib/python3.10/dist-packages/realsense2_camera_msgs-4.56.4-py3.10.egg-info/dependency_links.txt
[3.918s] -- Installing: /home/drwwwzer/index of open sources/5lakes/install/realsense2_camera_msgs/local/lib/python3.10/dist-packages/realsense2_camera_msgs-4.56.4-py3.10.egg-info/PKG-INFO
[3.918s] -- Installing: /home/drwwwzer/index of open sources/5lakes/install/realsense2_camera_msgs/local/lib/python3.10/dist-packages/realsense2_camera_msgs-4.56.4-py3.10.egg-info/top_level.txt
[3.918s] -- Installing: /home/drwwwzer/index of open sources/5lakes/install/realsense2_camera_msgs/local/lib/python3.10/dist-packages/realsense2_camera_msgs
[3.918s] -- Installing: /home/drwwwzer/index of open sources/5lakes/install/realsense2_camera_msgs/local/lib/python3.10/dist-packages/realsense2_camera_msgs/librealsense2_camera_msgs__rosidl_generator_py.so
[3.918s] -- Installing: /home/drwwwzer/index of open sources/5lakes/install/realsense2_camera_msgs/local/lib/python3.10/dist-packages/realsense2_camera_msgs/realsense2_camera_msgs_s__rosidl_typesupport_fastrtps_c.cpython-310-x86_64-linux-gnu.so
[3.918s] -- Installing: /home/drwwwzer/index of open sources/5lakes/install/realsense2_camera_msgs/local/lib/python3.10/dist-packages/realsense2_camera_msgs/realsense2_camera_msgs_s__rosidl_typesupport_introspection_c.cpython-310-x86_64-linux-gnu.so
[3.918s] -- Installing: /home/drwwwzer/index of open sources/5lakes/install/realsense2_camera_msgs/local/lib/python3.10/dist-packages/realsense2_camera_msgs/__init__.py
[3.918s] -- Installing: /home/drwwwzer/index of open sources/5lakes/install/realsense2_camera_msgs/local/lib/python3.10/dist-packages/realsense2_camera_msgs/srv
[3.918s] -- Installing: /home/drwwwzer/index of open sources/5lakes/install/realsense2_camera_msgs/local/lib/python3.10/dist-packages/realsense2_camera_msgs/srv/_calib_config_write.py
[3.918s] -- Installing: /home/drwwwzer/index of open sources/5lakes/install/realsense2_camera_msgs/local/lib/python3.10/dist-packages/realsense2_camera_msgs/srv/_device_info.py
[3.918s] -- Installing: /home/drwwwzer/index of open sources/5lakes/install/realsense2_camera_msgs/local/lib/python3.10/dist-packages/realsense2_camera_msgs/srv/_calib_config_write_s.c
[3.919s] -- Installing: /home/drwwwzer/index of open sources/5lakes/install/realsense2_camera_msgs/local/lib/python3.10/dist-packages/realsense2_camera_msgs/srv/__init__.py
[3.919s] -- Installing: /home/drwwwzer/index of open sources/5lakes/install/realsense2_camera_msgs/local/lib/python3.10/dist-packages/realsense2_camera_msgs/srv/_calib_config_read_s.c
[3.919s] -- Installing: /home/drwwwzer/index of open sources/5lakes/install/realsense2_camera_msgs/local/lib/python3.10/dist-packages/realsense2_camera_msgs/srv/_device_info_s.c
[3.919s] -- Installing: /home/drwwwzer/index of open sources/5lakes/install/realsense2_camera_msgs/local/lib/python3.10/dist-packages/realsense2_camera_msgs/srv/_calib_config_read.py
[3.919s] -- Installing: /home/drwwwzer/index of open sources/5lakes/install/realsense2_camera_msgs/local/lib/python3.10/dist-packages/realsense2_camera_msgs/_realsense2_camera_msgs_s.ep.rosidl_typesupport_c.c
[3.919s] -- Installing: /home/drwwwzer/index of open sources/5lakes/install/realsense2_camera_msgs/local/lib/python3.10/dist-packages/realsense2_camera_msgs/action
[3.919s] -- Installing: /home/drwwwzer/index of open sources/5lakes/install/realsense2_camera_msgs/local/lib/python3.10/dist-packages/realsense2_camera_msgs/action/__init__.py
[3.919s] -- Installing: /home/drwwwzer/index of open sources/5lakes/install/realsense2_camera_msgs/local/lib/python3.10/dist-packages/realsense2_camera_msgs/action/_triggered_calibration_s.c
[3.919s] -- Installing: /home/drwwwzer/index of open sources/5lakes/install/realsense2_camera_msgs/local/lib/python3.10/dist-packages/realsense2_camera_msgs/action/_triggered_calibration.py
[3.919s] -- Installing: /home/drwwwzer/index of open sources/5lakes/install/realsense2_camera_msgs/local/lib/python3.10/dist-packages/realsense2_camera_msgs/_realsense2_camera_msgs_s.ep.rosidl_typesupport_introspection_c.c
[3.919s] -- Installing: /home/drwwwzer/index of open sources/5lakes/install/realsense2_camera_msgs/local/lib/python3.10/dist-packages/realsense2_camera_msgs/msg
[3.919s] -- Installing: /home/drwwwzer/index of open sources/5lakes/install/realsense2_camera_msgs/local/lib/python3.10/dist-packages/realsense2_camera_msgs/msg/_rgbd.py
[3.919s] -- Installing: /home/drwwwzer/index of open sources/5lakes/install/realsense2_camera_msgs/local/lib/python3.10/dist-packages/realsense2_camera_msgs/msg/_extrinsics_s.c
[3.919s] -- Installing: /home/drwwwzer/index of open sources/5lakes/install/realsense2_camera_msgs/local/lib/python3.10/dist-packages/realsense2_camera_msgs/msg/_imu_info.py
[3.919s] -- Installing: /home/drwwwzer/index of open sources/5lakes/install/realsense2_camera_msgs/local/lib/python3.10/dist-packages/realsense2_camera_msgs/msg/__init__.py
[3.919s] -- Installing: /home/drwwwzer/index of open sources/5lakes/install/realsense2_camera_msgs/local/lib/python3.10/dist-packages/realsense2_camera_msgs/msg/_rgbd_s.c
[3.919s] -- Installing: /home/drwwwzer/index of open sources/5lakes/install/realsense2_camera_msgs/local/lib/python3.10/dist-packages/realsense2_camera_msgs/msg/_metadata_s.c
[3.919s] -- Installing: /home/drwwwzer/index of open sources/5lakes/install/realsense2_camera_msgs/local/lib/python3.10/dist-packages/realsense2_camera_msgs/msg/_metadata.py
[3.919s] -- Installing: /home/drwwwzer/index of open sources/5lakes/install/realsense2_camera_msgs/local/lib/python3.10/dist-packages/realsense2_camera_msgs/msg/_extrinsics.py
[3.919s] -- Installing: /home/drwwwzer/index of open sources/5lakes/install/realsense2_camera_msgs/local/lib/python3.10/dist-packages/realsense2_camera_msgs/msg/_imu_info_s.c
[3.919s] -- Installing: /home/drwwwzer/index of open sources/5lakes/install/realsense2_camera_msgs/local/lib/python3.10/dist-packages/realsense2_camera_msgs/_realsense2_camera_msgs_s.ep.rosidl_typesupport_fastrtps_c.c
[3.919s] -- Installing: /home/drwwwzer/index of open sources/5lakes/install/realsense2_camera_msgs/local/lib/python3.10/dist-packages/realsense2_camera_msgs/realsense2_camera_msgs_s__rosidl_typesupport_c.cpython-310-x86_64-linux-gnu.so
[3.945s] Listing '/home/drwwwzer/index of open sources/5lakes/install/realsense2_camera_msgs/local/lib/python3.10/dist-packages/realsense2_camera_msgs'...
[3.945s] Compiling '/home/drwwwzer/index of open sources/5lakes/install/realsense2_camera_msgs/local/lib/python3.10/dist-packages/realsense2_camera_msgs/__init__.py'...
[3.945s] Listing '/home/drwwwzer/index of open sources/5lakes/install/realsense2_camera_msgs/local/lib/python3.10/dist-packages/realsense2_camera_msgs/action'...
[3.945s] Compiling '/home/drwwwzer/index of open sources/5lakes/install/realsense2_camera_msgs/local/lib/python3.10/dist-packages/realsense2_camera_msgs/action/__init__.py'...
[3.945s] Compiling '/home/drwwwzer/index of open sources/5lakes/install/realsense2_camera_msgs/local/lib/python3.10/dist-packages/realsense2_camera_msgs/action/_triggered_calibration.py'...
[3.945s] Listing '/home/drwwwzer/index of open sources/5lakes/install/realsense2_camera_msgs/local/lib/python3.10/dist-packages/realsense2_camera_msgs/msg'...
[3.946s] Compiling '/home/drwwwzer/index of open sources/5lakes/install/realsense2_camera_msgs/local/lib/python3.10/dist-packages/realsense2_camera_msgs/msg/__init__.py'...
[3.946s] Compiling '/home/drwwwzer/index of open sources/5lakes/install/realsense2_camera_msgs/local/lib/python3.10/dist-packages/realsense2_camera_msgs/msg/_extrinsics.py'...
[3.946s] Compiling '/home/drwwwzer/index of open sources/5lakes/install/realsense2_camera_msgs/local/lib/python3.10/dist-packages/realsense2_camera_msgs/msg/_imu_info.py'...
[3.946s] Compiling '/home/drwwwzer/index of open sources/5lakes/install/realsense2_camera_msgs/local/lib/python3.10/dist-packages/realsense2_camera_msgs/msg/_metadata.py'...
[3.946s] Compiling '/home/drwwwzer/index of open sources/5lakes/install/realsense2_camera_msgs/local/lib/python3.10/dist-packages/realsense2_camera_msgs/msg/_rgbd.py'...
[3.946s] Listing '/home/drwwwzer/index of open sources/5lakes/install/realsense2_camera_msgs/local/lib/python3.10/dist-packages/realsense2_camera_msgs/srv'...
[3.946s] Compiling '/home/drwwwzer/index of open sources/5lakes/install/realsense2_camera_msgs/local/lib/python3.10/dist-packages/realsense2_camera_msgs/srv/__init__.py'...
[3.946s] Compiling '/home/drwwwzer/index of open sources/5lakes/install/realsense2_camera_msgs/local/lib/python3.10/dist-packages/realsense2_camera_msgs/srv/_calib_config_read.py'...
[3.946s] Compiling '/home/drwwwzer/index of open sources/5lakes/install/realsense2_camera_msgs/local/lib/python3.10/dist-packages/realsense2_camera_msgs/srv/_calib_config_write.py'...
[3.946s] Compiling '/home/drwwwzer/index of open sources/5lakes/install/realsense2_camera_msgs/local/lib/python3.10/dist-packages/realsense2_camera_msgs/srv/_device_info.py'...
[3.948s] -- Installing: /home/drwwwzer/index of open sources/5lakes/install/realsense2_camera_msgs/local/lib/python3.10/dist-packages/realsense2_camera_msgs/realsense2_camera_msgs_s__rosidl_typesupport_fastrtps_c.cpython-310-x86_64-linux-gnu.so
[3.948s] -- Set runtime path of "/home/drwwwzer/index of open sources/5lakes/install/realsense2_camera_msgs/local/lib/python3.10/dist-packages/realsense2_camera_msgs/realsense2_camera_msgs_s__rosidl_typesupport_fastrtps_c.cpython-310-x86_64-linux-gnu.so" to ""
[3.948s] -- Installing: /home/drwwwzer/index of open sources/5lakes/install/realsense2_camera_msgs/local/lib/python3.10/dist-packages/realsense2_camera_msgs/realsense2_camera_msgs_s__rosidl_typesupport_introspection_c.cpython-310-x86_64-linux-gnu.so
[3.948s] -- Set runtime path of "/home/drwwwzer/index of open sources/5lakes/install/realsense2_camera_msgs/local/lib/python3.10/dist-packages/realsense2_camera_msgs/realsense2_camera_msgs_s__rosidl_typesupport_introspection_c.cpython-310-x86_64-linux-gnu.so" to ""
[3.948s] -- Installing: /home/drwwwzer/index of open sources/5lakes/install/realsense2_camera_msgs/local/lib/python3.10/dist-packages/realsense2_camera_msgs/realsense2_camera_msgs_s__rosidl_typesupport_c.cpython-310-x86_64-linux-gnu.so
[3.948s] -- Set runtime path of "/home/drwwwzer/index of open sources/5lakes/install/realsense2_camera_msgs/local/lib/python3.10/dist-packages/realsense2_camera_msgs/realsense2_camera_msgs_s__rosidl_typesupport_c.cpython-310-x86_64-linux-gnu.so" to ""
[3.948s] -- Installing: /home/drwwwzer/index of open sources/5lakes/install/realsense2_camera_msgs/lib/librealsense2_camera_msgs__rosidl_generator_py.so
[3.948s] -- Set runtime path of "/home/drwwwzer/index of open sources/5lakes/install/realsense2_camera_msgs/lib/librealsense2_camera_msgs__rosidl_generator_py.so" to ""
[3.949s] -- Installing: /home/drwwwzer/index of open sources/5lakes/install/realsense2_camera_msgs/share/realsense2_camera_msgs/msg/IMUInfo.idl
[3.949s] -- Installing: /home/drwwwzer/index of open sources/5lakes/install/realsense2_camera_msgs/share/realsense2_camera_msgs/msg/Extrinsics.idl
[3.949s] -- Installing: /home/drwwwzer/index of open sources/5lakes/install/realsense2_camera_msgs/share/realsense2_camera_msgs/msg/Metadata.idl
[3.949s] -- Installing: /home/drwwwzer/index of open sources/5lakes/install/realsense2_camera_msgs/share/realsense2_camera_msgs/msg/RGBD.idl
[3.949s] -- Installing: /home/drwwwzer/index of open sources/5lakes/install/realsense2_camera_msgs/share/realsense2_camera_msgs/srv/DeviceInfo.idl
[3.949s] -- Installing: /home/drwwwzer/index of open sources/5lakes/install/realsense2_camera_msgs/share/realsense2_camera_msgs/srv/CalibConfigRead.idl
[3.949s] -- Installing: /home/drwwwzer/index of open sources/5lakes/install/realsense2_camera_msgs/share/realsense2_camera_msgs/srv/CalibConfigWrite.idl
[3.949s] -- Installing: /home/drwwwzer/index of open sources/5lakes/install/realsense2_camera_msgs/share/realsense2_camera_msgs/action/TriggeredCalibration.idl
[3.949s] -- Installing: /home/drwwwzer/index of open sources/5lakes/install/realsense2_camera_msgs/share/realsense2_camera_msgs/msg/IMUInfo.msg
[3.949s] -- Installing: /home/drwwwzer/index of open sources/5lakes/install/realsense2_camera_msgs/share/realsense2_camera_msgs/msg/Extrinsics.msg
[3.949s] -- Installing: /home/drwwwzer/index of open sources/5lakes/install/realsense2_camera_msgs/share/realsense2_camera_msgs/msg/Metadata.msg
[3.949s] -- Installing: /home/drwwwzer/index of open sources/5lakes/install/realsense2_camera_msgs/share/realsense2_camera_msgs/msg/RGBD.msg
[3.949s] -- Installing: /home/drwwwzer/index of open sources/5lakes/install/realsense2_camera_msgs/share/realsense2_camera_msgs/srv/DeviceInfo.srv
[3.949s] -- Installing: /home/drwwwzer/index of open sources/5lakes/install/realsense2_camera_msgs/share/realsense2_camera_msgs/srv/DeviceInfo_Request.msg
[3.949s] -- Installing: /home/drwwwzer/index of open sources/5lakes/install/realsense2_camera_msgs/share/realsense2_camera_msgs/srv/DeviceInfo_Response.msg
[3.949s] -- Installing: /home/drwwwzer/index of open sources/5lakes/install/realsense2_camera_msgs/share/realsense2_camera_msgs/srv/CalibConfigRead.srv
[3.949s] -- Installing: /home/drwwwzer/index of open sources/5lakes/install/realsense2_camera_msgs/share/realsense2_camera_msgs/srv/CalibConfigRead_Request.msg
[3.949s] -- Installing: /home/drwwwzer/index of open sources/5lakes/install/realsense2_camera_msgs/share/realsense2_camera_msgs/srv/CalibConfigRead_Response.msg
[3.949s] -- Installing: /home/drwwwzer/index of open sources/5lakes/install/realsense2_camera_msgs/share/realsense2_camera_msgs/srv/CalibConfigWrite.srv
[3.949s] -- Installing: /home/drwwwzer/index of open sources/5lakes/install/realsense2_camera_msgs/share/realsense2_camera_msgs/srv/CalibConfigWrite_Request.msg
[3.949s] -- Installing: /home/drwwwzer/index of open sources/5lakes/install/realsense2_camera_msgs/share/realsense2_camera_msgs/srv/CalibConfigWrite_Response.msg
[3.949s] -- Installing: /home/drwwwzer/index of open sources/5lakes/install/realsense2_camera_msgs/share/realsense2_camera_msgs/action/TriggeredCalibration.action
[3.949s] -- Installing: /home/drwwwzer/index of open sources/5lakes/install/realsense2_camera_msgs/share/ament_index/resource_index/package_run_dependencies/realsense2_camera_msgs
[3.949s] -- Installing: /home/drwwwzer/index of open sources/5lakes/install/realsense2_camera_msgs/share/ament_index/resource_index/parent_prefix_path/realsense2_camera_msgs
[3.950s] -- Installing: /home/drwwwzer/index of open sources/5lakes/install/realsense2_camera_msgs/share/realsense2_camera_msgs/environment/ament_prefix_path.sh
[3.950s] -- Installing: /home/drwwwzer/index of open sources/5lakes/install/realsense2_camera_msgs/share/realsense2_camera_msgs/environment/ament_prefix_path.dsv
[3.950s] -- Installing: /home/drwwwzer/index of open sources/5lakes/install/realsense2_camera_msgs/share/realsense2_camera_msgs/environment/path.sh
[3.950s] -- Installing: /home/drwwwzer/index of open sources/5lakes/install/realsense2_camera_msgs/share/realsense2_camera_msgs/environment/path.dsv
[3.950s] -- Installing: /home/drwwwzer/index of open sources/5lakes/install/realsense2_camera_msgs/share/realsense2_camera_msgs/local_setup.bash
[3.950s] -- Installing: /home/drwwwzer/index of open sources/5lakes/install/realsense2_camera_msgs/share/realsense2_camera_msgs/local_setup.sh
[3.950s] -- Installing: /home/drwwwzer/index of open sources/5lakes/install/realsense2_camera_msgs/share/realsense2_camera_msgs/local_setup.zsh
[3.950s] -- Installing: /home/drwwwzer/index of open sources/5lakes/install/realsense2_camera_msgs/share/realsense2_camera_msgs/local_setup.dsv
[3.950s] -- Installing: /home/drwwwzer/index of open sources/5lakes/install/realsense2_camera_msgs/share/realsense2_camera_msgs/package.dsv
[3.950s] -- Installing: /home/drwwwzer/index of open sources/5lakes/install/realsense2_camera_msgs/share/ament_index/resource_index/packages/realsense2_camera_msgs
[3.950s] -- Installing: /home/drwwwzer/index of open sources/5lakes/install/realsense2_camera_msgs/share/realsense2_camera_msgs/cmake/export_realsense2_camera_msgs__rosidl_generator_cExport.cmake
[3.950s] -- Installing: /home/drwwwzer/index of open sources/5lakes/install/realsense2_camera_msgs/share/realsense2_camera_msgs/cmake/export_realsense2_camera_msgs__rosidl_generator_cExport-noconfig.cmake
[3.950s] -- Installing: /home/drwwwzer/index of open sources/5lakes/install/realsense2_camera_msgs/share/realsense2_camera_msgs/cmake/export_realsense2_camera_msgs__rosidl_typesupport_fastrtps_cExport.cmake
[3.950s] -- Installing: /home/drwwwzer/index of open sources/5lakes/install/realsense2_camera_msgs/share/realsense2_camera_msgs/cmake/export_realsense2_camera_msgs__rosidl_typesupport_fastrtps_cExport-noconfig.cmake
[3.950s] -- Installing: /home/drwwwzer/index of open sources/5lakes/install/realsense2_camera_msgs/share/realsense2_camera_msgs/cmake/realsense2_camera_msgs__rosidl_typesupport_introspection_cExport.cmake
[3.950s] -- Installing: /home/drwwwzer/index of open sources/5lakes/install/realsense2_camera_msgs/share/realsense2_camera_msgs/cmake/realsense2_camera_msgs__rosidl_typesupport_introspection_cExport-noconfig.cmake
[3.950s] -- Installing: /home/drwwwzer/index of open sources/5lakes/install/realsense2_camera_msgs/share/realsense2_camera_msgs/cmake/realsense2_camera_msgs__rosidl_typesupport_cExport.cmake
[3.950s] -- Installing: /home/drwwwzer/index of open sources/5lakes/install/realsense2_camera_msgs/share/realsense2_camera_msgs/cmake/realsense2_camera_msgs__rosidl_typesupport_cExport-noconfig.cmake
[3.950s] -- Installing: /home/drwwwzer/index of open sources/5lakes/install/realsense2_camera_msgs/share/realsense2_camera_msgs/cmake/export_realsense2_camera_msgs__rosidl_generator_cppExport.cmake
[3.950s] -- Installing: /home/drwwwzer/index of open sources/5lakes/install/realsense2_camera_msgs/share/realsense2_camera_msgs/cmake/export_realsense2_camera_msgs__rosidl_typesupport_fastrtps_cppExport.cmake
[3.950s] -- Installing: /home/drwwwzer/index of open sources/5lakes/install/realsense2_camera_msgs/share/realsense2_camera_msgs/cmake/export_realsense2_camera_msgs__rosidl_typesupport_fastrtps_cppExport-noconfig.cmake
[3.951s] -- Installing: /home/drwwwzer/index of open sources/5lakes/install/realsense2_camera_msgs/share/realsense2_camera_msgs/cmake/realsense2_camera_msgs__rosidl_typesupport_introspection_cppExport.cmake
[3.951s] -- Installing: /home/drwwwzer/index of open sources/5lakes/install/realsense2_camera_msgs/share/realsense2_camera_msgs/cmake/realsense2_camera_msgs__rosidl_typesupport_introspection_cppExport-noconfig.cmake
[3.951s] -- Installing: /home/drwwwzer/index of open sources/5lakes/install/realsense2_camera_msgs/share/realsense2_camera_msgs/cmake/realsense2_camera_msgs__rosidl_typesupport_cppExport.cmake
[3.951s] -- Installing: /home/drwwwzer/index of open sources/5lakes/install/realsense2_camera_msgs/share/realsense2_camera_msgs/cmake/realsense2_camera_msgs__rosidl_typesupport_cppExport-noconfig.cmake
[3.951s] -- Installing: /home/drwwwzer/index of open sources/5lakes/install/realsense2_camera_msgs/share/realsense2_camera_msgs/cmake/export_realsense2_camera_msgs__rosidl_generator_pyExport.cmake
[3.951s] -- Installing: /home/drwwwzer/index of open sources/5lakes/install/realsense2_camera_msgs/share/realsense2_camera_msgs/cmake/export_realsense2_camera_msgs__rosidl_generator_pyExport-noconfig.cmake
[3.951s] -- Installing: /home/drwwwzer/index of open sources/5lakes/install/realsense2_camera_msgs/share/realsense2_camera_msgs/cmake/rosidl_cmake-extras.cmake
[3.951s] -- Installing: /home/drwwwzer/index of open sources/5lakes/install/realsense2_camera_msgs/share/realsense2_camera_msgs/cmake/ament_cmake_export_dependencies-extras.cmake
[3.951s] -- Installing: /home/drwwwzer/index of open sources/5lakes/install/realsense2_camera_msgs/share/realsense2_camera_msgs/cmake/ament_cmake_export_include_directories-extras.cmake
[3.951s] -- Installing: /home/drwwwzer/index of open sources/5lakes/install/realsense2_camera_msgs/share/realsense2_camera_msgs/cmake/ament_cmake_export_libraries-extras.cmake
[3.951s] -- Installing: /home/drwwwzer/index of open sources/5lakes/install/realsense2_camera_msgs/share/realsense2_camera_msgs/cmake/ament_cmake_export_targets-extras.cmake
[3.951s] -- Installing: /home/drwwwzer/index of open sources/5lakes/install/realsense2_camera_msgs/share/realsense2_camera_msgs/cmake/rosidl_cmake_export_typesupport_targets-extras.cmake
[3.951s] -- Installing: /home/drwwwzer/index of open sources/5lakes/install/realsense2_camera_msgs/share/realsense2_camera_msgs/cmake/rosidl_cmake_export_typesupport_libraries-extras.cmake
[3.951s] -- Installing: /home/drwwwzer/index of open sources/5lakes/install/realsense2_camera_msgs/share/realsense2_camera_msgs/cmake/realsense2_camera_msgsConfig.cmake
[3.951s] -- Installing: /home/drwwwzer/index of open sources/5lakes/install/realsense2_camera_msgs/share/realsense2_camera_msgs/cmake/realsense2_camera_msgsConfig-version.cmake
[3.951s] -- Installing: /home/drwwwzer/index of open sources/5lakes/install/realsense2_camera_msgs/share/realsense2_camera_msgs/package.xml
[3.953s] Invoked command in '/home/drwwwzer/index of open sources/5lakes/build/realsense2_camera_msgs' returned '0': CMAKE_PREFIX_PATH=/opt/ros/humble /usr/bin/cmake --install /home/drwwwzer/index of open sources/5lakes/build/realsense2_camera_msgs
