-- The C compiler identification is GNU 11.4.0
-- The CXX compiler identification is GNU 11.4.0
-- Detecting C compiler ABI info
-- Detecting C compiler ABI info - done
-- Check for working C compiler: /usr/bin/cc - skipped
-- Detecting C compile features
-- Detecting C compile features - done
-- Detecting CXX compiler ABI info
-- Detecting CXX compiler ABI info - done
-- Check for working CXX compiler: /usr/bin/c++ - skipped
-- Detecting CXX compile features
-- Detecting CXX compile features - done
-- Found ament_cmake: 1.3.12 (/opt/ros/humble/share/ament_cmake/cmake)
-- Found Python3: /usr/bin/python3 (found version "3.10.12") found components: Interpreter 
-- Found rclcpp: 16.0.15 (/opt/ros/humble/share/rclcpp/cmake)
-- Found rosidl_generator_c: 3.1.7 (/opt/ros/humble/share/rosidl_generator_c/cmake)
-- Found rosidl_adapter: 3.1.7 (/opt/ros/humble/share/rosidl_adapter/cmake)
-- Found rosidl_generator_cpp: 3.1.7 (/opt/ros/humble/share/rosidl_generator_cpp/cmake)
-- Using all available rosidl_typesupport_c: rosidl_typesupport_fastrtps_c;rosidl_typesupport_introspection_c
-- Using all available rosidl_typesupport_cpp: rosidl_typesupport_fastrtps_cpp;rosidl_typesupport_introspection_cpp
-- Found rmw_implementation_cmake: 6.1.2 (/opt/ros/humble/share/rmw_implementation_cmake/cmake)
-- Found rmw_fastrtps_cpp: 6.2.8 (/opt/ros/humble/share/rmw_fastrtps_cpp/cmake)
-- Found OpenSSL: /usr/lib/x86_64-linux-gnu/libcrypto.so (found version "3.0.2")  
-- Found FastRTPS: /opt/ros/humble/include  
-- Using RMW implementation 'rmw_fastrtps_cpp' as default
-- Looking for pthread.h
-- Looking for pthread.h - found
-- Performing Test CMAKE_HAVE_LIBC_PTHREAD
-- Performing Test CMAKE_HAVE_LIBC_PTHREAD - Success
-- Found Threads: TRUE  
-- Found rclcpp_components: 16.0.15 (/opt/ros/humble/share/rclcpp_components/cmake)
-- Found sensor_msgs: 4.9.0 (/opt/ros/humble/share/sensor_msgs/cmake)
-- Found cv_bridge: 3.2.1 (/opt/ros/humble/share/cv_bridge/cmake)
-- Found OpenCV: /usr (found version "4.5.4") 
-- Found rosidl_default_generators: 1.2.0 (/opt/ros/humble/share/rosidl_default_generators/cmake)
-- Found PkgConfig: /usr/bin/pkg-config (found version "0.29.2") 
-- Checking for modules 'gstreamer-1.0>=1.4;gstreamer-app-1.0>=1.4'
--   Found gstreamer-1.0, version 1.20.3
--   Found gstreamer-app-1.0, version 1.20.1
-- Found ament_cmake_ros: 0.10.0 (/opt/ros/humble/share/ament_cmake_ros/cmake)
-- Using all available rosidl_typesupport_c: rosidl_typesupport_fastrtps_c;rosidl_typesupport_introspection_c
-- Using all available rosidl_typesupport_cpp: rosidl_typesupport_fastrtps_cpp;rosidl_typesupport_introspection_cpp
-- Found PythonInterp: /usr/bin/python3 (found suitable version "3.10.12", minimum required is "3.6") 
-- Found python_cmake_module: 0.10.0 (/opt/ros/humble/share/python_cmake_module/cmake)
-- Found PythonLibs: /usr/lib/x86_64-linux-gnu/libpython3.10.so (found suitable version "3.10.12", minimum required is "3.5") 
-- Using PYTHON_EXECUTABLE: /usr/bin/python3
-- Using PYTHON_INCLUDE_DIRS: /usr/include/python3.10
-- Using PYTHON_LIBRARIES: /usr/lib/x86_64-linux-gnu/libpython3.10.so
-- Found PythonExtra: .so  
-- Configuring done
-- Generating done
-- Build files have been written to: /home/drwwwzer/index of open sources/5lakes/build/doorlock_sniper
[  3%] [34m[1mGenerating C code for ROS interfaces[0m
[  6%] [34m[1mGenerating C++ code for ROS interfaces[0m
[  6%] Built target ament_cmake_python_copy_doorlock_sniper
running egg_info
creating doorlock_sniper.egg-info
writing doorlock_sniper.egg-info/PKG-INFO
writing dependency_links to doorlock_sniper.egg-info/dependency_links.txt
writing top-level names to doorlock_sniper.egg-info/top_level.txt
writing manifest file 'doorlock_sniper.egg-info/SOURCES.txt'
reading manifest file 'doorlock_sniper.egg-info/SOURCES.txt'
writing manifest file 'doorlock_sniper.egg-info/SOURCES.txt'
[  9%] [32mBuilding C object CMakeFiles/doorlock_sniper__rosidl_generator_c.dir/rosidl_generator_c/doorlock_sniper/msg/detail/video_packet__functions.c.o[0m
[  9%] Built target ament_cmake_python_build_doorlock_sniper_egg
[  9%] Built target doorlock_sniper__cpp
[ 12%] [34m[1mGenerating C++ introspection for ROS interfaces[0m
[ 15%] [34m[1mGenerating C++ type support for eProsima Fast-RTPS[0m
[ 18%] [34m[1mGenerating C++ type support dispatch for ROS interfaces[0m
[ 21%] [32m[1mLinking C shared library libdoorlock_sniper__rosidl_generator_c.so[0m
[ 21%] Built target doorlock_sniper__rosidl_generator_c
[ 24%] [34m[1mGenerating C type support for eProsima Fast-RTPS[0m
[ 30%] [34m[1mGenerating C type support dispatch for ROS interfaces[0m
[ 30%] [34m[1mGenerating C introspection for ROS interfaces[0m
[ 33%] [32mBuilding CXX object CMakeFiles/doorlock_sniper__rosidl_typesupport_cpp.dir/rosidl_typesupport_cpp/doorlock_sniper/msg/video_packet__type_support.cpp.o[0m
[ 36%] [32mBuilding CXX object CMakeFiles/doorlock_sniper__rosidl_typesupport_fastrtps_cpp.dir/rosidl_typesupport_fastrtps_cpp/doorlock_sniper/msg/detail/dds_fastrtps/video_packet__type_support.cpp.o[0m
[ 39%] [32mBuilding CXX object CMakeFiles/doorlock_sniper__rosidl_typesupport_introspection_cpp.dir/rosidl_typesupport_introspection_cpp/doorlock_sniper/msg/detail/video_packet__type_support.cpp.o[0m
[ 42%] [32mBuilding CXX object CMakeFiles/doorlock_sniper__rosidl_typesupport_c.dir/rosidl_typesupport_c/doorlock_sniper/msg/video_packet__type_support.cpp.o[0m
[ 45%] [32m[1mLinking CXX shared library libdoorlock_sniper__rosidl_typesupport_c.so[0m
[ 48%] [32mBuilding C object CMakeFiles/doorlock_sniper__rosidl_typesupport_introspection_c.dir/rosidl_typesupport_introspection_c/doorlock_sniper/msg/detail/video_packet__type_support.c.o[0m
[ 51%] [32mBuilding CXX object CMakeFiles/doorlock_sniper__rosidl_typesupport_fastrtps_c.dir/rosidl_typesupport_fastrtps_c/doorlock_sniper/msg/detail/video_packet__type_support_c.cpp.o[0m
[ 51%] Built target doorlock_sniper__rosidl_typesupport_c
[ 54%] [32m[1mLinking C shared library libdoorlock_sniper__rosidl_typesupport_introspection_c.so[0m
[ 54%] Built target doorlock_sniper__rosidl_typesupport_introspection_c
[ 57%] [32m[1mLinking CXX shared library libdoorlock_sniper__rosidl_typesupport_cpp.so[0m
[ 57%] Built target doorlock_sniper__rosidl_typesupport_cpp
[ 60%] [32mBuilding CXX object CMakeFiles/video_encoder_node.dir/src/video_encoder_node.cpp.o[0m
[ 63%] [32m[1mLinking CXX shared library libdoorlock_sniper__rosidl_typesupport_introspection_cpp.so[0m
[ 66%] [32m[1mLinking CXX shared library libdoorlock_sniper__rosidl_typesupport_fastrtps_cpp.so[0m
[ 66%] Built target doorlock_sniper__rosidl_typesupport_introspection_cpp
[ 69%] [32m[1mLinking CXX shared library libdoorlock_sniper__rosidl_typesupport_fastrtps_c.so[0m
[ 69%] Built target doorlock_sniper__rosidl_typesupport_fastrtps_cpp
[ 69%] Built target doorlock_sniper__rosidl_typesupport_fastrtps_c
[ 69%] Built target doorlock_sniper
[ 72%] [34m[1mGenerating Python code for ROS interfaces[0m
[ 72%] Built target doorlock_sniper__py
[ 75%] [32mBuilding C object CMakeFiles/doorlock_sniper__rosidl_generator_py.dir/rosidl_generator_py/doorlock_sniper/msg/_video_packet_s.c.o[0m
[ 78%] [32m[1mLinking C shared library rosidl_generator_py/doorlock_sniper/libdoorlock_sniper__rosidl_generator_py.so[0m
[ 78%] Built target doorlock_sniper__rosidl_generator_py
[ 84%] [32mBuilding C object CMakeFiles/doorlock_sniper__rosidl_typesupport_fastrtps_c__pyext.dir/rosidl_generator_py/doorlock_sniper/_doorlock_sniper_s.ep.rosidl_typesupport_fastrtps_c.c.o[0m
[ 84%] [32mBuilding C object CMakeFiles/doorlock_sniper__rosidl_typesupport_c__pyext.dir/rosidl_generator_py/doorlock_sniper/_doorlock_sniper_s.ep.rosidl_typesupport_c.c.o[0m
[ 87%] [32mBuilding C object CMakeFiles/doorlock_sniper__rosidl_typesupport_introspection_c__pyext.dir/rosidl_generator_py/doorlock_sniper/_doorlock_sniper_s.ep.rosidl_typesupport_introspection_c.c.o[0m
[ 90%] [32m[1mLinking C shared library rosidl_generator_py/doorlock_sniper/doorlock_sniper_s__rosidl_typesupport_introspection_c.cpython-310-x86_64-linux-gnu.so[0m
[ 93%] [32m[1mLinking C shared library rosidl_generator_py/doorlock_sniper/doorlock_sniper_s__rosidl_typesupport_c.cpython-310-x86_64-linux-gnu.so[0m
[ 96%] [32m[1mLinking C shared library rosidl_generator_py/doorlock_sniper/doorlock_sniper_s__rosidl_typesupport_fastrtps_c.cpython-310-x86_64-linux-gnu.so[0m
[ 96%] Built target doorlock_sniper__rosidl_typesupport_c__pyext
[ 96%] Built target doorlock_sniper__rosidl_typesupport_introspection_c__pyext
[ 96%] Built target doorlock_sniper__rosidl_typesupport_fastrtps_c__pyext
[100%] [32m[1mLinking CXX shared library libvideo_encoder_node.so[0m
[100%] Built target video_encoder_node
-- Install configuration: ""
-- Installing: /home/drwwwzer/index of open sources/5lakes/install/doorlock_sniper/share/ament_index/resource_index/rosidl_interfaces/doorlock_sniper
-- Installing: /home/drwwwzer/index of open sources/5lakes/install/doorlock_sniper/include/doorlock_sniper/doorlock_sniper
-- Installing: /home/drwwwzer/index of open sources/5lakes/install/doorlock_sniper/include/doorlock_sniper/doorlock_sniper/msg
-- Installing: /home/drwwwzer/index of open sources/5lakes/install/doorlock_sniper/include/doorlock_sniper/doorlock_sniper/msg/detail
-- Installing: /home/drwwwzer/index of open sources/5lakes/install/doorlock_sniper/include/doorlock_sniper/doorlock_sniper/msg/detail/video_packet__functions.h
-- Installing: /home/drwwwzer/index of open sources/5lakes/install/doorlock_sniper/include/doorlock_sniper/doorlock_sniper/msg/detail/video_packet__struct.h
-- Installing: /home/drwwwzer/index of open sources/5lakes/install/doorlock_sniper/include/doorlock_sniper/doorlock_sniper/msg/detail/video_packet__type_support.h
-- Installing: /home/drwwwzer/index of open sources/5lakes/install/doorlock_sniper/include/doorlock_sniper/doorlock_sniper/msg/detail/video_packet__functions.c
-- Installing: /home/drwwwzer/index of open sources/5lakes/install/doorlock_sniper/include/doorlock_sniper/doorlock_sniper/msg/video_packet.h
-- Installing: /home/drwwwzer/index of open sources/5lakes/install/doorlock_sniper/include/doorlock_sniper/doorlock_sniper/msg/rosidl_generator_c__visibility_control.h
-- Installing: /home/drwwwzer/index of open sources/5lakes/install/doorlock_sniper/share/doorlock_sniper/environment/library_path.sh
-- Installing: /home/drwwwzer/index of open sources/5lakes/install/doorlock_sniper/share/doorlock_sniper/environment/library_path.dsv
-- Installing: /home/drwwwzer/index of open sources/5lakes/install/doorlock_sniper/lib/libdoorlock_sniper__rosidl_generator_c.so
-- Set runtime path of "/home/drwwwzer/index of open sources/5lakes/install/doorlock_sniper/lib/libdoorlock_sniper__rosidl_generator_c.so" to ""
-- Up-to-date: /home/drwwwzer/index of open sources/5lakes/install/doorlock_sniper/include/doorlock_sniper/doorlock_sniper
-- Up-to-date: /home/drwwwzer/index of open sources/5lakes/install/doorlock_sniper/include/doorlock_sniper/doorlock_sniper/msg
-- Up-to-date: /home/drwwwzer/index of open sources/5lakes/install/doorlock_sniper/include/doorlock_sniper/doorlock_sniper/msg/detail
-- Installing: /home/drwwwzer/index of open sources/5lakes/install/doorlock_sniper/include/doorlock_sniper/doorlock_sniper/msg/detail/video_packet__rosidl_typesupport_fastrtps_c.h
-- Installing: /home/drwwwzer/index of open sources/5lakes/install/doorlock_sniper/include/doorlock_sniper/doorlock_sniper/msg/rosidl_typesupport_fastrtps_c__visibility_control.h
-- Installing: /home/drwwwzer/index of open sources/5lakes/install/doorlock_sniper/lib/libdoorlock_sniper__rosidl_typesupport_fastrtps_c.so
-- Set runtime path of "/home/drwwwzer/index of open sources/5lakes/install/doorlock_sniper/lib/libdoorlock_sniper__rosidl_typesupport_fastrtps_c.so" to ""
-- Up-to-date: /home/drwwwzer/index of open sources/5lakes/install/doorlock_sniper/include/doorlock_sniper/doorlock_sniper
-- Up-to-date: /home/drwwwzer/index of open sources/5lakes/install/doorlock_sniper/include/doorlock_sniper/doorlock_sniper/msg
-- Up-to-date: /home/drwwwzer/index of open sources/5lakes/install/doorlock_sniper/include/doorlock_sniper/doorlock_sniper/msg/detail
-- Installing: /home/drwwwzer/index of open sources/5lakes/install/doorlock_sniper/include/doorlock_sniper/doorlock_sniper/msg/detail/video_packet__type_support.hpp
-- Installing: /home/drwwwzer/index of open sources/5lakes/install/doorlock_sniper/include/doorlock_sniper/doorlock_sniper/msg/detail/video_packet__traits.hpp
-- Installing: /home/drwwwzer/index of open sources/5lakes/install/doorlock_sniper/include/doorlock_sniper/doorlock_sniper/msg/detail/video_packet__struct.hpp
-- Installing: /home/drwwwzer/index of open sources/5lakes/install/doorlock_sniper/include/doorlock_sniper/doorlock_sniper/msg/detail/video_packet__builder.hpp
-- Installing: /home/drwwwzer/index of open sources/5lakes/install/doorlock_sniper/include/doorlock_sniper/doorlock_sniper/msg/video_packet.hpp
-- Installing: /home/drwwwzer/index of open sources/5lakes/install/doorlock_sniper/include/doorlock_sniper/doorlock_sniper/msg/rosidl_generator_cpp__visibility_control.hpp
-- Up-to-date: /home/drwwwzer/index of open sources/5lakes/install/doorlock_sniper/include/doorlock_sniper/doorlock_sniper
-- Up-to-date: /home/drwwwzer/index of open sources/5lakes/install/doorlock_sniper/include/doorlock_sniper/doorlock_sniper/msg
-- Up-to-date: /home/drwwwzer/index of open sources/5lakes/install/doorlock_sniper/include/doorlock_sniper/doorlock_sniper/msg/detail
-- Installing: /home/drwwwzer/index of open sources/5lakes/install/doorlock_sniper/include/doorlock_sniper/doorlock_sniper/msg/detail/video_packet__rosidl_typesupport_fastrtps_cpp.hpp
-- Installing: /home/drwwwzer/index of open sources/5lakes/install/doorlock_sniper/include/doorlock_sniper/doorlock_sniper/msg/detail/dds_fastrtps
-- Installing: /home/drwwwzer/index of open sources/5lakes/install/doorlock_sniper/include/doorlock_sniper/doorlock_sniper/msg/rosidl_typesupport_fastrtps_cpp__visibility_control.h
-- Installing: /home/drwwwzer/index of open sources/5lakes/install/doorlock_sniper/lib/libdoorlock_sniper__rosidl_typesupport_fastrtps_cpp.so
-- Set runtime path of "/home/drwwwzer/index of open sources/5lakes/install/doorlock_sniper/lib/libdoorlock_sniper__rosidl_typesupport_fastrtps_cpp.so" to ""
-- Up-to-date: /home/drwwwzer/index of open sources/5lakes/install/doorlock_sniper/include/doorlock_sniper/doorlock_sniper
-- Up-to-date: /home/drwwwzer/index of open sources/5lakes/install/doorlock_sniper/include/doorlock_sniper/doorlock_sniper/msg
-- Up-to-date: /home/drwwwzer/index of open sources/5lakes/install/doorlock_sniper/include/doorlock_sniper/doorlock_sniper/msg/detail
-- Installing: /home/drwwwzer/index of open sources/5lakes/install/doorlock_sniper/include/doorlock_sniper/doorlock_sniper/msg/detail/video_packet__rosidl_typesupport_introspection_c.h
-- Installing: /home/drwwwzer/index of open sources/5lakes/install/doorlock_sniper/include/doorlock_sniper/doorlock_sniper/msg/detail/video_packet__type_support.c
-- Installing: /home/drwwwzer/index of open sources/5lakes/install/doorlock_sniper/include/doorlock_sniper/doorlock_sniper/msg/rosidl_typesupport_introspection_c__visibility_control.h
-- Installing: /home/drwwwzer/index of open sources/5lakes/install/doorlock_sniper/lib/libdoorlock_sniper__rosidl_typesupport_introspection_c.so
-- Set runtime path of "/home/drwwwzer/index of open sources/5lakes/install/doorlock_sniper/lib/libdoorlock_sniper__rosidl_typesupport_introspection_c.so" to ""
-- Installing: /home/drwwwzer/index of open sources/5lakes/install/doorlock_sniper/lib/libdoorlock_sniper__rosidl_typesupport_c.so
-- Set runtime path of "/home/drwwwzer/index of open sources/5lakes/install/doorlock_sniper/lib/libdoorlock_sniper__rosidl_typesupport_c.so" to ""
-- Up-to-date: /home/drwwwzer/index of open sources/5lakes/install/doorlock_sniper/include/doorlock_sniper/doorlock_sniper
-- Up-to-date: /home/drwwwzer/index of open sources/5lakes/install/doorlock_sniper/include/doorlock_sniper/doorlock_sniper/msg
-- Up-to-date: /home/drwwwzer/index of open sources/5lakes/install/doorlock_sniper/include/doorlock_sniper/doorlock_sniper/msg/detail
-- Installing: /home/drwwwzer/index of open sources/5lakes/install/doorlock_sniper/include/doorlock_sniper/doorlock_sniper/msg/detail/video_packet__type_support.cpp
-- Installing: /home/drwwwzer/index of open sources/5lakes/install/doorlock_sniper/include/doorlock_sniper/doorlock_sniper/msg/detail/video_packet__rosidl_typesupport_introspection_cpp.hpp
-- Installing: /home/drwwwzer/index of open sources/5lakes/install/doorlock_sniper/lib/libdoorlock_sniper__rosidl_typesupport_introspection_cpp.so
-- Set runtime path of "/home/drwwwzer/index of open sources/5lakes/install/doorlock_sniper/lib/libdoorlock_sniper__rosidl_typesupport_introspection_cpp.so" to ""
-- Installing: /home/drwwwzer/index of open sources/5lakes/install/doorlock_sniper/lib/libdoorlock_sniper__rosidl_typesupport_cpp.so
-- Set runtime path of "/home/drwwwzer/index of open sources/5lakes/install/doorlock_sniper/lib/libdoorlock_sniper__rosidl_typesupport_cpp.so" to ""
-- Installing: /home/drwwwzer/index of open sources/5lakes/install/doorlock_sniper/share/doorlock_sniper/environment/pythonpath.sh
-- Installing: /home/drwwwzer/index of open sources/5lakes/install/doorlock_sniper/share/doorlock_sniper/environment/pythonpath.dsv
-- Installing: /home/drwwwzer/index of open sources/5lakes/install/doorlock_sniper/local/lib/python3.10/dist-packages/doorlock_sniper-0.1.0-py3.10.egg-info
-- Installing: /home/drwwwzer/index of open sources/5lakes/install/doorlock_sniper/local/lib/python3.10/dist-packages/doorlock_sniper-0.1.0-py3.10.egg-info/SOURCES.txt
-- Installing: /home/drwwwzer/index of open sources/5lakes/install/doorlock_sniper/local/lib/python3.10/dist-packages/doorlock_sniper-0.1.0-py3.10.egg-info/dependency_links.txt
-- Installing: /home/drwwwzer/index of open sources/5lakes/install/doorlock_sniper/local/lib/python3.10/dist-packages/doorlock_sniper-0.1.0-py3.10.egg-info/PKG-INFO
-- Installing: /home/drwwwzer/index of open sources/5lakes/install/doorlock_sniper/local/lib/python3.10/dist-packages/doorlock_sniper-0.1.0-py3.10.egg-info/top_level.txt
-- Installing: /home/drwwwzer/index of open sources/5lakes/install/doorlock_sniper/local/lib/python3.10/dist-packages/doorlock_sniper
-- Installing: /home/drwwwzer/index of open sources/5lakes/install/doorlock_sniper/local/lib/python3.10/dist-packages/doorlock_sniper/doorlock_sniper_s__rosidl_typesupport_fastrtps_c.cpython-310-x86_64-linux-gnu.so
-- Installing: /home/drwwwzer/index of open sources/5lakes/install/doorlock_sniper/local/lib/python3.10/dist-packages/doorlock_sniper/doorlock_sniper_s__rosidl_typesupport_introspection_c.cpython-310-x86_64-linux-gnu.so
-- Installing: /home/drwwwzer/index of open sources/5lakes/install/doorlock_sniper/local/lib/python3.10/dist-packages/doorlock_sniper/_doorlock_sniper_s.ep.rosidl_typesupport_introspection_c.c
-- Installing: /home/drwwwzer/index of open sources/5lakes/install/doorlock_sniper/local/lib/python3.10/dist-packages/doorlock_sniper/__init__.py
-- Installing: /home/drwwwzer/index of open sources/5lakes/install/doorlock_sniper/local/lib/python3.10/dist-packages/doorlock_sniper/doorlock_sniper_s__rosidl_typesupport_c.cpython-310-x86_64-linux-gnu.so
-- Installing: /home/drwwwzer/index of open sources/5lakes/install/doorlock_sniper/local/lib/python3.10/dist-packages/doorlock_sniper/_doorlock_sniper_s.ep.rosidl_typesupport_c.c
-- Installing: /home/drwwwzer/index of open sources/5lakes/install/doorlock_sniper/local/lib/python3.10/dist-packages/doorlock_sniper/_doorlock_sniper_s.ep.rosidl_typesupport_fastrtps_c.c
-- Installing: /home/drwwwzer/index of open sources/5lakes/install/doorlock_sniper/local/lib/python3.10/dist-packages/doorlock_sniper/libdoorlock_sniper__rosidl_generator_py.so
-- Installing: /home/drwwwzer/index of open sources/5lakes/install/doorlock_sniper/local/lib/python3.10/dist-packages/doorlock_sniper/msg
-- Installing: /home/drwwwzer/index of open sources/5lakes/install/doorlock_sniper/local/lib/python3.10/dist-packages/doorlock_sniper/msg/_video_packet.py
-- Installing: /home/drwwwzer/index of open sources/5lakes/install/doorlock_sniper/local/lib/python3.10/dist-packages/doorlock_sniper/msg/_video_packet_s.c
-- Installing: /home/drwwwzer/index of open sources/5lakes/install/doorlock_sniper/local/lib/python3.10/dist-packages/doorlock_sniper/msg/__init__.py
Listing '/home/drwwwzer/index of open sources/5lakes/install/doorlock_sniper/local/lib/python3.10/dist-packages/doorlock_sniper'...
Compiling '/home/drwwwzer/index of open sources/5lakes/install/doorlock_sniper/local/lib/python3.10/dist-packages/doorlock_sniper/__init__.py'...
Listing '/home/drwwwzer/index of open sources/5lakes/install/doorlock_sniper/local/lib/python3.10/dist-packages/doorlock_sniper/msg'...
Compiling '/home/drwwwzer/index of open sources/5lakes/install/doorlock_sniper/local/lib/python3.10/dist-packages/doorlock_sniper/msg/__init__.py'...
Compiling '/home/drwwwzer/index of open sources/5lakes/install/doorlock_sniper/local/lib/python3.10/dist-packages/doorlock_sniper/msg/_video_packet.py'...
-- Installing: /home/drwwwzer/index of open sources/5lakes/install/doorlock_sniper/local/lib/python3.10/dist-packages/doorlock_sniper/doorlock_sniper_s__rosidl_typesupport_fastrtps_c.cpython-310-x86_64-linux-gnu.so
-- Set runtime path of "/home/drwwwzer/index of open sources/5lakes/install/doorlock_sniper/local/lib/python3.10/dist-packages/doorlock_sniper/doorlock_sniper_s__rosidl_typesupport_fastrtps_c.cpython-310-x86_64-linux-gnu.so" to ""
-- Installing: /home/drwwwzer/index of open sources/5lakes/install/doorlock_sniper/local/lib/python3.10/dist-packages/doorlock_sniper/doorlock_sniper_s__rosidl_typesupport_introspection_c.cpython-310-x86_64-linux-gnu.so
-- Set runtime path of "/home/drwwwzer/index of open sources/5lakes/install/doorlock_sniper/local/lib/python3.10/dist-packages/doorlock_sniper/doorlock_sniper_s__rosidl_typesupport_introspection_c.cpython-310-x86_64-linux-gnu.so" to ""
-- Installing: /home/drwwwzer/index of open sources/5lakes/install/doorlock_sniper/local/lib/python3.10/dist-packages/doorlock_sniper/doorlock_sniper_s__rosidl_typesupport_c.cpython-310-x86_64-linux-gnu.so
-- Set runtime path of "/home/drwwwzer/index of open sources/5lakes/install/doorlock_sniper/local/lib/python3.10/dist-packages/doorlock_sniper/doorlock_sniper_s__rosidl_typesupport_c.cpython-310-x86_64-linux-gnu.so" to ""
-- Installing: /home/drwwwzer/index of open sources/5lakes/install/doorlock_sniper/lib/libdoorlock_sniper__rosidl_generator_py.so
-- Set runtime path of "/home/drwwwzer/index of open sources/5lakes/install/doorlock_sniper/lib/libdoorlock_sniper__rosidl_generator_py.so" to ""
-- Installing: /home/drwwwzer/index of open sources/5lakes/install/doorlock_sniper/share/doorlock_sniper/msg/VideoPacket.idl
-- Installing: /home/drwwwzer/index of open sources/5lakes/install/doorlock_sniper/share/doorlock_sniper/msg/VideoPacket.msg
-- Installing: /home/drwwwzer/index of open sources/5lakes/install/doorlock_sniper/lib/libvideo_encoder_node.so
-- Set runtime path of "/home/drwwwzer/index of open sources/5lakes/install/doorlock_sniper/lib/libvideo_encoder_node.so" to ""
-- Up-to-date: /home/drwwwzer/index of open sources/5lakes/install/doorlock_sniper/include
-- Up-to-date: /home/drwwwzer/index of open sources/5lakes/install/doorlock_sniper/include/doorlock_sniper
-- Installing: /home/drwwwzer/index of open sources/5lakes/install/doorlock_sniper/include/doorlock_sniper/video_encoder_node.hpp
-- Up-to-date: /home/drwwwzer/index of open sources/5lakes/install/doorlock_sniper/share/doorlock_sniper/msg
-- Up-to-date: /home/drwwwzer/index of open sources/5lakes/install/doorlock_sniper/share/doorlock_sniper/msg/VideoPacket.msg
-- Installing: /home/drwwwzer/index of open sources/5lakes/install/doorlock_sniper/lib/doorlock_sniper/udp_forwarder.py
-- Installing: /home/drwwwzer/index of open sources/5lakes/install/doorlock_sniper/share/ament_index/resource_index/package_run_dependencies/doorlock_sniper
-- Installing: /home/drwwwzer/index of open sources/5lakes/install/doorlock_sniper/share/ament_index/resource_index/parent_prefix_path/doorlock_sniper
-- Installing: /home/drwwwzer/index of open sources/5lakes/install/doorlock_sniper/share/doorlock_sniper/environment/ament_prefix_path.sh
-- Installing: /home/drwwwzer/index of open sources/5lakes/install/doorlock_sniper/share/doorlock_sniper/environment/ament_prefix_path.dsv
-- Installing: /home/drwwwzer/index of open sources/5lakes/install/doorlock_sniper/share/doorlock_sniper/environment/path.sh
-- Installing: /home/drwwwzer/index of open sources/5lakes/install/doorlock_sniper/share/doorlock_sniper/environment/path.dsv
-- Installing: /home/drwwwzer/index of open sources/5lakes/install/doorlock_sniper/share/doorlock_sniper/local_setup.bash
-- Installing: /home/drwwwzer/index of open sources/5lakes/install/doorlock_sniper/share/doorlock_sniper/local_setup.sh
-- Installing: /home/drwwwzer/index of open sources/5lakes/install/doorlock_sniper/share/doorlock_sniper/local_setup.zsh
-- Installing: /home/drwwwzer/index of open sources/5lakes/install/doorlock_sniper/share/doorlock_sniper/local_setup.dsv
-- Installing: /home/drwwwzer/index of open sources/5lakes/install/doorlock_sniper/share/doorlock_sniper/package.dsv
-- Installing: /home/drwwwzer/index of open sources/5lakes/install/doorlock_sniper/share/ament_index/resource_index/packages/doorlock_sniper
-- Installing: /home/drwwwzer/index of open sources/5lakes/install/doorlock_sniper/share/doorlock_sniper/cmake/export_doorlock_sniper__rosidl_generator_cExport.cmake
-- Installing: /home/drwwwzer/index of open sources/5lakes/install/doorlock_sniper/share/doorlock_sniper/cmake/export_doorlock_sniper__rosidl_generator_cExport-noconfig.cmake
-- Installing: /home/drwwwzer/index of open sources/5lakes/install/doorlock_sniper/share/doorlock_sniper/cmake/export_doorlock_sniper__rosidl_typesupport_fastrtps_cExport.cmake
-- Installing: /home/drwwwzer/index of open sources/5lakes/install/doorlock_sniper/share/doorlock_sniper/cmake/export_doorlock_sniper__rosidl_typesupport_fastrtps_cExport-noconfig.cmake
-- Installing: /home/drwwwzer/index of open sources/5lakes/install/doorlock_sniper/share/doorlock_sniper/cmake/export_doorlock_sniper__rosidl_generator_cppExport.cmake
-- Installing: /home/drwwwzer/index of open sources/5lakes/install/doorlock_sniper/share/doorlock_sniper/cmake/export_doorlock_sniper__rosidl_typesupport_fastrtps_cppExport.cmake
-- Installing: /home/drwwwzer/index of open sources/5lakes/install/doorlock_sniper/share/doorlock_sniper/cmake/export_doorlock_sniper__rosidl_typesupport_fastrtps_cppExport-noconfig.cmake
-- Installing: /home/drwwwzer/index of open sources/5lakes/install/doorlock_sniper/share/doorlock_sniper/cmake/doorlock_sniper__rosidl_typesupport_introspection_cExport.cmake
-- Installing: /home/drwwwzer/index of open sources/5lakes/install/doorlock_sniper/share/doorlock_sniper/cmake/doorlock_sniper__rosidl_typesupport_introspection_cExport-noconfig.cmake
-- Installing: /home/drwwwzer/index of open sources/5lakes/install/doorlock_sniper/share/doorlock_sniper/cmake/doorlock_sniper__rosidl_typesupport_cExport.cmake
-- Installing: /home/drwwwzer/index of open sources/5lakes/install/doorlock_sniper/share/doorlock_sniper/cmake/doorlock_sniper__rosidl_typesupport_cExport-noconfig.cmake
-- Installing: /home/drwwwzer/index of open sources/5lakes/install/doorlock_sniper/share/doorlock_sniper/cmake/doorlock_sniper__rosidl_typesupport_introspection_cppExport.cmake
-- Installing: /home/drwwwzer/index of open sources/5lakes/install/doorlock_sniper/share/doorlock_sniper/cmake/doorlock_sniper__rosidl_typesupport_introspection_cppExport-noconfig.cmake
-- Installing: /home/drwwwzer/index of open sources/5lakes/install/doorlock_sniper/share/doorlock_sniper/cmake/doorlock_sniper__rosidl_typesupport_cppExport.cmake
-- Installing: /home/drwwwzer/index of open sources/5lakes/install/doorlock_sniper/share/doorlock_sniper/cmake/doorlock_sniper__rosidl_typesupport_cppExport-noconfig.cmake
-- Installing: /home/drwwwzer/index of open sources/5lakes/install/doorlock_sniper/share/doorlock_sniper/cmake/export_doorlock_sniper__rosidl_generator_pyExport.cmake
-- Installing: /home/drwwwzer/index of open sources/5lakes/install/doorlock_sniper/share/doorlock_sniper/cmake/export_doorlock_sniper__rosidl_generator_pyExport-noconfig.cmake
-- Installing: /home/drwwwzer/index of open sources/5lakes/install/doorlock_sniper/share/ament_index/resource_index/rclcpp_components/doorlock_sniper
-- Installing: /home/drwwwzer/index of open sources/5lakes/install/doorlock_sniper/share/doorlock_sniper/cmake/rosidl_cmake-extras.cmake
-- Installing: /home/drwwwzer/index of open sources/5lakes/install/doorlock_sniper/share/doorlock_sniper/cmake/ament_cmake_export_dependencies-extras.cmake
-- Installing: /home/drwwwzer/index of open sources/5lakes/install/doorlock_sniper/share/doorlock_sniper/cmake/ament_cmake_export_include_directories-extras.cmake
-- Installing: /home/drwwwzer/index of open sources/5lakes/install/doorlock_sniper/share/doorlock_sniper/cmake/ament_cmake_export_libraries-extras.cmake
-- Installing: /home/drwwwzer/index of open sources/5lakes/install/doorlock_sniper/share/doorlock_sniper/cmake/ament_cmake_export_targets-extras.cmake
-- Installing: /home/drwwwzer/index of open sources/5lakes/install/doorlock_sniper/share/doorlock_sniper/cmake/rosidl_cmake_export_typesupport_targets-extras.cmake
-- Installing: /home/drwwwzer/index of open sources/5lakes/install/doorlock_sniper/share/doorlock_sniper/cmake/rosidl_cmake_export_typesupport_libraries-extras.cmake
-- Installing: /home/drwwwzer/index of open sources/5lakes/install/doorlock_sniper/share/doorlock_sniper/cmake/doorlock_sniperConfig.cmake
-- Installing: /home/drwwwzer/index of open sources/5lakes/install/doorlock_sniper/share/doorlock_sniper/cmake/doorlock_sniperConfig-version.cmake
-- Installing: /home/drwwwzer/index of open sources/5lakes/install/doorlock_sniper/share/doorlock_sniper/package.xml
