[0.008s] Invoking command in '/home/drwwwzer/index of open sources/5lakes/build/doorlock_sniper': CMAKE_PREFIX_PATH=/opt/ros/humble /usr/bin/cmake /home/drwwwzer/index of open sources/5lakes/zdykhd_ws/Pacific_doorlock_sniper/src/doorlock_sniper -DCMAKE_INSTALL_PREFIX=/home/drwwwzer/index of open sources/5lakes/install/doorlock_sniper
[0.047s] -- The C compiler identification is GNU 11.4.0
[0.088s] -- The CXX compiler identification is GNU 11.4.0
[0.093s] -- Detecting C compiler ABI info
[0.143s] -- Detecting C compiler ABI info - done
[0.147s] -- Check for working C compiler: /usr/bin/cc - skipped
[0.147s] -- Detecting C compile features
[0.147s] -- Detecting C compile features - done
[0.149s] -- Detecting CXX compiler ABI info
[0.204s] -- Detecting CXX compiler ABI info - done
[0.208s] -- Check for working CXX compiler: /usr/bin/c++ - skipped
[0.208s] -- Detecting CXX compile features
[0.208s] -- Detecting CXX compile features - done
[0.209s] -- Found ament_cmake: 1.3.12 (/opt/ros/humble/share/ament_cmake/cmake)
[0.294s] -- Found Python3: /usr/bin/python3 (found version "3.10.12") found components: Interpreter 
[0.343s] -- Found rclcpp: 16.0.15 (/opt/ros/humble/share/rclcpp/cmake)
[0.365s] -- Found rosidl_generator_c: 3.1.7 (/opt/ros/humble/share/rosidl_generator_c/cmake)
[0.368s] -- Found rosidl_adapter: 3.1.7 (/opt/ros/humble/share/rosidl_adapter/cmake)
[0.372s] -- Found rosidl_generator_cpp: 3.1.7 (/opt/ros/humble/share/rosidl_generator_cpp/cmake)
[0.379s] -- Using all available rosidl_typesupport_c: rosidl_typesupport_fastrtps_c;rosidl_typesupport_introspection_c
[0.387s] -- Using all available rosidl_typesupport_cpp: rosidl_typesupport_fastrtps_cpp;rosidl_typesupport_introspection_cpp
[0.410s] -- Found rmw_implementation_cmake: 6.1.2 (/opt/ros/humble/share/rmw_implementation_cmake/cmake)
[0.412s] -- Found rmw_fastrtps_cpp: 6.2.8 (/opt/ros/humble/share/rmw_fastrtps_cpp/cmake)
[0.466s] -- Found OpenSSL: /usr/lib/x86_64-linux-gnu/libcrypto.so (found version "3.0.2")  
[0.483s] -- Found FastRTPS: /opt/ros/humble/include  
[0.504s] -- Using RMW implementation 'rmw_fastrtps_cpp' as default
[0.508s] -- Looking for pthread.h
[0.554s] -- Looking for pthread.h - found
[0.554s] -- Performing Test CMAKE_HAVE_LIBC_PTHREAD
[0.600s] -- Performing Test CMAKE_HAVE_LIBC_PTHREAD - Success
[0.601s] -- Found Threads: TRUE  
[0.628s] -- Found rclcpp_components: 16.0.15 (/opt/ros/humble/share/rclcpp_components/cmake)
[0.642s] -- Found sensor_msgs: 4.9.0 (/opt/ros/humble/share/sensor_msgs/cmake)
[0.658s] -- Found cv_bridge: 3.2.1 (/opt/ros/humble/share/cv_bridge/cmake)
[0.666s] -- Found OpenCV: /usr (found version "4.5.4") 
[0.667s] -- Found rosidl_default_generators: 1.2.0 (/opt/ros/humble/share/rosidl_default_generators/cmake)
[0.674s] -- Found PkgConfig: /usr/bin/pkg-config (found version "0.29.2") 
[0.674s] -- Checking for modules 'gstreamer-1.0>=1.4;gstreamer-app-1.0>=1.4'
[0.690s] --   Found gstreamer-1.0, version 1.20.3
[0.697s] --   Found gstreamer-app-1.0, version 1.20.1
[0.870s] -- Found ament_cmake_ros: 0.10.0 (/opt/ros/humble/share/ament_cmake_ros/cmake)
[1.087s] -- Using all available rosidl_typesupport_c: rosidl_typesupport_fastrtps_c;rosidl_typesupport_introspection_c
[1.168s] -- Using all available rosidl_typesupport_cpp: rosidl_typesupport_fastrtps_cpp;rosidl_typesupport_introspection_cpp
[1.180s] -- Found PythonInterp: /usr/bin/python3 (found suitable version "3.10.12", minimum required is "3.6") 
[1.181s] -- Found python_cmake_module: 0.10.0 (/opt/ros/humble/share/python_cmake_module/cmake)
[1.194s] -- Found PythonLibs: /usr/lib/x86_64-linux-gnu/libpython3.10.so (found suitable version "3.10.12", minimum required is "3.5") 
[1.194s] -- Using PYTHON_EXECUTABLE: /usr/bin/python3
[1.194s] -- Using PYTHON_INCLUDE_DIRS: /usr/include/python3.10
[1.194s] -- Using PYTHON_LIBRARIES: /usr/lib/x86_64-linux-gnu/libpython3.10.so
[1.214s] -- Found PythonExtra: .so  
[1.244s] -- Configuring done
[1.263s] -- Generating done
[1.270s] -- Build files have been written to: /home/drwwwzer/index of open sources/5lakes/build/doorlock_sniper
[1.277s] Invoked command in '/home/drwwwzer/index of open sources/5lakes/build/doorlock_sniper' returned '0': CMAKE_PREFIX_PATH=/opt/ros/humble /usr/bin/cmake /home/drwwwzer/index of open sources/5lakes/zdykhd_ws/Pacific_doorlock_sniper/src/doorlock_sniper -DCMAKE_INSTALL_PREFIX=/home/drwwwzer/index of open sources/5lakes/install/doorlock_sniper
[1.278s] Invoking command in '/home/drwwwzer/index of open sources/5lakes/build/doorlock_sniper': CMAKE_PREFIX_PATH=/opt/ros/humble /usr/bin/cmake --build /home/drwwwzer/index of open sources/5lakes/build/doorlock_sniper -- -j24 -l24
[1.305s] [  3%] [34m[1mGenerating C code for ROS interfaces[0m
[1.311s] [  6%] [34m[1mGenerating C++ code for ROS interfaces[0m
[1.319s] [  6%] Built target ament_cmake_python_copy_doorlock_sniper
[1.437s] running egg_info
[1.437s] creating doorlock_sniper.egg-info
[1.437s] writing doorlock_sniper.egg-info/PKG-INFO
[1.437s] writing dependency_links to doorlock_sniper.egg-info/dependency_links.txt
[1.437s] writing top-level names to doorlock_sniper.egg-info/top_level.txt
[1.437s] writing manifest file 'doorlock_sniper.egg-info/SOURCES.txt'
[1.438s] reading manifest file 'doorlock_sniper.egg-info/SOURCES.txt'
[1.438s] writing manifest file 'doorlock_sniper.egg-info/SOURCES.txt'
[1.455s] [  9%] [32mBuilding C object CMakeFiles/doorlock_sniper__rosidl_generator_c.dir/rosidl_generator_c/doorlock_sniper/msg/detail/video_packet__functions.c.o[0m
[1.457s] [  9%] Built target ament_cmake_python_build_doorlock_sniper_egg
[1.459s] [  9%] Built target doorlock_sniper__cpp
[1.466s] [ 12%] [34m[1mGenerating C++ introspection for ROS interfaces[0m
[1.466s] [ 15%] [34m[1mGenerating C++ type support for eProsima Fast-RTPS[0m
[1.467s] [ 18%] [34m[1mGenerating C++ type support dispatch for ROS interfaces[0m
[1.495s] [ 21%] [32m[1mLinking C shared library libdoorlock_sniper__rosidl_generator_c.so[0m
[1.527s] [ 21%] Built target doorlock_sniper__rosidl_generator_c
[1.535s] [ 24%] [34m[1mGenerating C type support for eProsima Fast-RTPS[0m
[1.535s] [ 30%] [34m[1mGenerating C type support dispatch for ROS interfaces[0m
[1.535s] [ 30%] [34m[1mGenerating C introspection for ROS interfaces[0m
[1.607s] [ 33%] [32mBuilding CXX object CMakeFiles/doorlock_sniper__rosidl_typesupport_cpp.dir/rosidl_typesupport_cpp/doorlock_sniper/msg/video_packet__type_support.cpp.o[0m
[1.621s] [ 36%] [32mBuilding CXX object CMakeFiles/doorlock_sniper__rosidl_typesupport_fastrtps_cpp.dir/rosidl_typesupport_fastrtps_cpp/doorlock_sniper/msg/detail/dds_fastrtps/video_packet__type_support.cpp.o[0m
[1.621s] [ 39%] [32mBuilding CXX object CMakeFiles/doorlock_sniper__rosidl_typesupport_introspection_cpp.dir/rosidl_typesupport_introspection_cpp/doorlock_sniper/msg/detail/video_packet__type_support.cpp.o[0m
[1.690s] [ 42%] [32mBuilding CXX object CMakeFiles/doorlock_sniper__rosidl_typesupport_c.dir/rosidl_typesupport_c/doorlock_sniper/msg/video_packet__type_support.cpp.o[0m
[1.717s] [ 45%] [32m[1mLinking CXX shared library libdoorlock_sniper__rosidl_typesupport_c.so[0m
[1.724s] [ 48%] [32mBuilding C object CMakeFiles/doorlock_sniper__rosidl_typesupport_introspection_c.dir/rosidl_typesupport_introspection_c/doorlock_sniper/msg/detail/video_packet__type_support.c.o[0m
[1.724s] [ 51%] [32mBuilding CXX object CMakeFiles/doorlock_sniper__rosidl_typesupport_fastrtps_c.dir/rosidl_typesupport_fastrtps_c/doorlock_sniper/msg/detail/video_packet__type_support_c.cpp.o[0m
[1.750s] [ 51%] Built target doorlock_sniper__rosidl_typesupport_c
[1.753s] [ 54%] [32m[1mLinking C shared library libdoorlock_sniper__rosidl_typesupport_introspection_c.so[0m
[1.776s] [ 54%] Built target doorlock_sniper__rosidl_typesupport_introspection_c
[1.797s] [ 57%] [32m[1mLinking CXX shared library libdoorlock_sniper__rosidl_typesupport_cpp.so[0m
[1.827s] [ 57%] Built target doorlock_sniper__rosidl_typesupport_cpp
[1.843s] [ 60%] [32mBuilding CXX object CMakeFiles/video_encoder_node.dir/src/video_encoder_node.cpp.o[0m
[1.871s] [ 63%] [32m[1mLinking CXX shared library libdoorlock_sniper__rosidl_typesupport_introspection_cpp.so[0m
[1.872s] [ 66%] [32m[1mLinking CXX shared library libdoorlock_sniper__rosidl_typesupport_fastrtps_cpp.so[0m
[1.908s] [ 66%] Built target doorlock_sniper__rosidl_typesupport_introspection_cpp
[1.919s] [ 69%] [32m[1mLinking CXX shared library libdoorlock_sniper__rosidl_typesupport_fastrtps_c.so[0m
[1.924s] [ 69%] Built target doorlock_sniper__rosidl_typesupport_fastrtps_cpp
[1.966s] [ 69%] Built target doorlock_sniper__rosidl_typesupport_fastrtps_c
[1.981s] [ 69%] Built target doorlock_sniper
[1.997s] [ 72%] [34m[1mGenerating Python code for ROS interfaces[0m
[2.402s] [ 72%] Built target doorlock_sniper__py
[2.427s] [ 75%] [32mBuilding C object CMakeFiles/doorlock_sniper__rosidl_generator_py.dir/rosidl_generator_py/doorlock_sniper/msg/_video_packet_s.c.o[0m
[2.537s] [ 78%] [32m[1mLinking C shared library rosidl_generator_py/doorlock_sniper/libdoorlock_sniper__rosidl_generator_py.so[0m
[2.577s] [ 78%] Built target doorlock_sniper__rosidl_generator_py
[2.597s] [ 84%] [32mBuilding C object CMakeFiles/doorlock_sniper__rosidl_typesupport_fastrtps_c__pyext.dir/rosidl_generator_py/doorlock_sniper/_doorlock_sniper_s.ep.rosidl_typesupport_fastrtps_c.c.o[0m
[2.597s] [ 84%] [32mBuilding C object CMakeFiles/doorlock_sniper__rosidl_typesupport_c__pyext.dir/rosidl_generator_py/doorlock_sniper/_doorlock_sniper_s.ep.rosidl_typesupport_c.c.o[0m
[2.597s] [ 87%] [32mBuilding C object CMakeFiles/doorlock_sniper__rosidl_typesupport_introspection_c__pyext.dir/rosidl_generator_py/doorlock_sniper/_doorlock_sniper_s.ep.rosidl_typesupport_introspection_c.c.o[0m
[2.676s] [ 90%] [32m[1mLinking C shared library rosidl_generator_py/doorlock_sniper/doorlock_sniper_s__rosidl_typesupport_introspection_c.cpython-310-x86_64-linux-gnu.so[0m
[2.677s] [ 93%] [32m[1mLinking C shared library rosidl_generator_py/doorlock_sniper/doorlock_sniper_s__rosidl_typesupport_c.cpython-310-x86_64-linux-gnu.so[0m
[2.693s] [ 96%] [32m[1mLinking C shared library rosidl_generator_py/doorlock_sniper/doorlock_sniper_s__rosidl_typesupport_fastrtps_c.cpython-310-x86_64-linux-gnu.so[0m
[2.703s] [ 96%] Built target doorlock_sniper__rosidl_typesupport_c__pyext
[2.703s] [ 96%] Built target doorlock_sniper__rosidl_typesupport_introspection_c__pyext
[2.717s] [ 96%] Built target doorlock_sniper__rosidl_typesupport_fastrtps_c__pyext
[11.000s] [100%] [32m[1mLinking CXX shared library libvideo_encoder_node.so[0m
[11.199s] [100%] Built target video_encoder_node
[11.211s] Invoked command in '/home/drwwwzer/index of open sources/5lakes/build/doorlock_sniper' returned '0': CMAKE_PREFIX_PATH=/opt/ros/humble /usr/bin/cmake --build /home/drwwwzer/index of open sources/5lakes/build/doorlock_sniper -- -j24 -l24
[11.212s] Invoking command in '/home/drwwwzer/index of open sources/5lakes/build/doorlock_sniper': CMAKE_PREFIX_PATH=/opt/ros/humble /usr/bin/cmake --install /home/drwwwzer/index of open sources/5lakes/build/doorlock_sniper
[11.220s] -- Install configuration: ""
[11.220s] -- Installing: /home/drwwwzer/index of open sources/5lakes/install/doorlock_sniper/share/ament_index/resource_index/rosidl_interfaces/doorlock_sniper
[11.220s] -- Installing: /home/drwwwzer/index of open sources/5lakes/install/doorlock_sniper/include/doorlock_sniper/doorlock_sniper
[11.220s] -- Installing: /home/drwwwzer/index of open sources/5lakes/install/doorlock_sniper/include/doorlock_sniper/doorlock_sniper/msg
[11.221s] -- Installing: /home/drwwwzer/index of open sources/5lakes/install/doorlock_sniper/include/doorlock_sniper/doorlock_sniper/msg/detail
[11.221s] -- Installing: /home/drwwwzer/index of open sources/5lakes/install/doorlock_sniper/include/doorlock_sniper/doorlock_sniper/msg/detail/video_packet__functions.h
[11.221s] -- Installing: /home/drwwwzer/index of open sources/5lakes/install/doorlock_sniper/include/doorlock_sniper/doorlock_sniper/msg/detail/video_packet__struct.h
[11.221s] -- Installing: /home/drwwwzer/index of open sources/5lakes/install/doorlock_sniper/include/doorlock_sniper/doorlock_sniper/msg/detail/video_packet__type_support.h
[11.221s] -- Installing: /home/drwwwzer/index of open sources/5lakes/install/doorlock_sniper/include/doorlock_sniper/doorlock_sniper/msg/detail/video_packet__functions.c
[11.221s] -- Installing: /home/drwwwzer/index of open sources/5lakes/install/doorlock_sniper/include/doorlock_sniper/doorlock_sniper/msg/video_packet.h
[11.221s] -- Installing: /home/drwwwzer/index of open sources/5lakes/install/doorlock_sniper/include/doorlock_sniper/doorlock_sniper/msg/rosidl_generator_c__visibility_control.h
[11.221s] -- Installing: /home/drwwwzer/index of open sources/5lakes/install/doorlock_sniper/share/doorlock_sniper/environment/library_path.sh
[11.221s] -- Installing: /home/drwwwzer/index of open sources/5lakes/install/doorlock_sniper/share/doorlock_sniper/environment/library_path.dsv
[11.221s] -- Installing: /home/drwwwzer/index of open sources/5lakes/install/doorlock_sniper/lib/libdoorlock_sniper__rosidl_generator_c.so
[11.222s] -- Set runtime path of "/home/drwwwzer/index of open sources/5lakes/install/doorlock_sniper/lib/libdoorlock_sniper__rosidl_generator_c.so" to ""
[11.222s] -- Up-to-date: /home/drwwwzer/index of open sources/5lakes/install/doorlock_sniper/include/doorlock_sniper/doorlock_sniper
[11.222s] -- Up-to-date: /home/drwwwzer/index of open sources/5lakes/install/doorlock_sniper/include/doorlock_sniper/doorlock_sniper/msg
[11.222s] -- Up-to-date: /home/drwwwzer/index of open sources/5lakes/install/doorlock_sniper/include/doorlock_sniper/doorlock_sniper/msg/detail
[11.222s] -- Installing: /home/drwwwzer/index of open sources/5lakes/install/doorlock_sniper/include/doorlock_sniper/doorlock_sniper/msg/detail/video_packet__rosidl_typesupport_fastrtps_c.h
[11.222s] -- Installing: /home/drwwwzer/index of open sources/5lakes/install/doorlock_sniper/include/doorlock_sniper/doorlock_sniper/msg/rosidl_typesupport_fastrtps_c__visibility_control.h
[11.222s] -- Installing: /home/drwwwzer/index of open sources/5lakes/install/doorlock_sniper/lib/libdoorlock_sniper__rosidl_typesupport_fastrtps_c.so
[11.222s] -- Set runtime path of "/home/drwwwzer/index of open sources/5lakes/install/doorlock_sniper/lib/libdoorlock_sniper__rosidl_typesupport_fastrtps_c.so" to ""
[11.222s] -- Up-to-date: /home/drwwwzer/index of open sources/5lakes/install/doorlock_sniper/include/doorlock_sniper/doorlock_sniper
[11.222s] -- Up-to-date: /home/drwwwzer/index of open sources/5lakes/install/doorlock_sniper/include/doorlock_sniper/doorlock_sniper/msg
[11.222s] -- Up-to-date: /home/drwwwzer/index of open sources/5lakes/install/doorlock_sniper/include/doorlock_sniper/doorlock_sniper/msg/detail
[11.222s] -- Installing: /home/drwwwzer/index of open sources/5lakes/install/doorlock_sniper/include/doorlock_sniper/doorlock_sniper/msg/detail/video_packet__type_support.hpp
[11.223s] -- Installing: /home/drwwwzer/index of open sources/5lakes/install/doorlock_sniper/include/doorlock_sniper/doorlock_sniper/msg/detail/video_packet__traits.hpp
[11.223s] -- Installing: /home/drwwwzer/index of open sources/5lakes/install/doorlock_sniper/include/doorlock_sniper/doorlock_sniper/msg/detail/video_packet__struct.hpp
[11.223s] -- Installing: /home/drwwwzer/index of open sources/5lakes/install/doorlock_sniper/include/doorlock_sniper/doorlock_sniper/msg/detail/video_packet__builder.hpp
[11.223s] -- Installing: /home/drwwwzer/index of open sources/5lakes/install/doorlock_sniper/include/doorlock_sniper/doorlock_sniper/msg/video_packet.hpp
[11.223s] -- Installing: /home/drwwwzer/index of open sources/5lakes/install/doorlock_sniper/include/doorlock_sniper/doorlock_sniper/msg/rosidl_generator_cpp__visibility_control.hpp
[11.223s] -- Up-to-date: /home/drwwwzer/index of open sources/5lakes/install/doorlock_sniper/include/doorlock_sniper/doorlock_sniper
[11.223s] -- Up-to-date: /home/drwwwzer/index of open sources/5lakes/install/doorlock_sniper/include/doorlock_sniper/doorlock_sniper/msg
[11.223s] -- Up-to-date: /home/drwwwzer/index of open sources/5lakes/install/doorlock_sniper/include/doorlock_sniper/doorlock_sniper/msg/detail
[11.223s] -- Installing: /home/drwwwzer/index of open sources/5lakes/install/doorlock_sniper/include/doorlock_sniper/doorlock_sniper/msg/detail/video_packet__rosidl_typesupport_fastrtps_cpp.hpp
[11.223s] -- Installing: /home/drwwwzer/index of open sources/5lakes/install/doorlock_sniper/include/doorlock_sniper/doorlock_sniper/msg/detail/dds_fastrtps
[11.223s] -- Installing: /home/drwwwzer/index of open sources/5lakes/install/doorlock_sniper/include/doorlock_sniper/doorlock_sniper/msg/rosidl_typesupport_fastrtps_cpp__visibility_control.h
[11.223s] -- Installing: /home/drwwwzer/index of open sources/5lakes/install/doorlock_sniper/lib/libdoorlock_sniper__rosidl_typesupport_fastrtps_cpp.so
[11.223s] -- Set runtime path of "/home/drwwwzer/index of open sources/5lakes/install/doorlock_sniper/lib/libdoorlock_sniper__rosidl_typesupport_fastrtps_cpp.so" to ""
[11.224s] -- Up-to-date: /home/drwwwzer/index of open sources/5lakes/install/doorlock_sniper/include/doorlock_sniper/doorlock_sniper
[11.224s] -- Up-to-date: /home/drwwwzer/index of open sources/5lakes/install/doorlock_sniper/include/doorlock_sniper/doorlock_sniper/msg
[11.224s] -- Up-to-date: /home/drwwwzer/index of open sources/5lakes/install/doorlock_sniper/include/doorlock_sniper/doorlock_sniper/msg/detail
[11.224s] -- Installing: /home/drwwwzer/index of open sources/5lakes/install/doorlock_sniper/include/doorlock_sniper/doorlock_sniper/msg/detail/video_packet__rosidl_typesupport_introspection_c.h
[11.224s] -- Installing: /home/drwwwzer/index of open sources/5lakes/install/doorlock_sniper/include/doorlock_sniper/doorlock_sniper/msg/detail/video_packet__type_support.c
[11.224s] -- Installing: /home/drwwwzer/index of open sources/5lakes/install/doorlock_sniper/include/doorlock_sniper/doorlock_sniper/msg/rosidl_typesupport_introspection_c__visibility_control.h
[11.224s] -- Installing: /home/drwwwzer/index of open sources/5lakes/install/doorlock_sniper/lib/libdoorlock_sniper__rosidl_typesupport_introspection_c.so
[11.224s] -- Set runtime path of "/home/drwwwzer/index of open sources/5lakes/install/doorlock_sniper/lib/libdoorlock_sniper__rosidl_typesupport_introspection_c.so" to ""
[11.224s] -- Installing: /home/drwwwzer/index of open sources/5lakes/install/doorlock_sniper/lib/libdoorlock_sniper__rosidl_typesupport_c.so
[11.224s] -- Set runtime path of "/home/drwwwzer/index of open sources/5lakes/install/doorlock_sniper/lib/libdoorlock_sniper__rosidl_typesupport_c.so" to ""
[11.224s] -- Up-to-date: /home/drwwwzer/index of open sources/5lakes/install/doorlock_sniper/include/doorlock_sniper/doorlock_sniper
[11.225s] -- Up-to-date: /home/drwwwzer/index of open sources/5lakes/install/doorlock_sniper/include/doorlock_sniper/doorlock_sniper/msg
[11.225s] -- Up-to-date: /home/drwwwzer/index of open sources/5lakes/install/doorlock_sniper/include/doorlock_sniper/doorlock_sniper/msg/detail
[11.225s] -- Installing: /home/drwwwzer/index of open sources/5lakes/install/doorlock_sniper/include/doorlock_sniper/doorlock_sniper/msg/detail/video_packet__type_support.cpp
[11.225s] -- Installing: /home/drwwwzer/index of open sources/5lakes/install/doorlock_sniper/include/doorlock_sniper/doorlock_sniper/msg/detail/video_packet__rosidl_typesupport_introspection_cpp.hpp
[11.225s] -- Installing: /home/drwwwzer/index of open sources/5lakes/install/doorlock_sniper/lib/libdoorlock_sniper__rosidl_typesupport_introspection_cpp.so
[11.225s] -- Set runtime path of "/home/drwwwzer/index of open sources/5lakes/install/doorlock_sniper/lib/libdoorlock_sniper__rosidl_typesupport_introspection_cpp.so" to ""
[11.225s] -- Installing: /home/drwwwzer/index of open sources/5lakes/install/doorlock_sniper/lib/libdoorlock_sniper__rosidl_typesupport_cpp.so
[11.225s] -- Set runtime path of "/home/drwwwzer/index of open sources/5lakes/install/doorlock_sniper/lib/libdoorlock_sniper__rosidl_typesupport_cpp.so" to ""
[11.225s] -- Installing: /home/drwwwzer/index of open sources/5lakes/install/doorlock_sniper/share/doorlock_sniper/environment/pythonpath.sh
[11.225s] -- Installing: /home/drwwwzer/index of open sources/5lakes/install/doorlock_sniper/share/doorlock_sniper/environment/pythonpath.dsv
[11.226s] -- Installing: /home/drwwwzer/index of open sources/5lakes/install/doorlock_sniper/local/lib/python3.10/dist-packages/doorlock_sniper-0.1.0-py3.10.egg-info
[11.226s] -- Installing: /home/drwwwzer/index of open sources/5lakes/install/doorlock_sniper/local/lib/python3.10/dist-packages/doorlock_sniper-0.1.0-py3.10.egg-info/SOURCES.txt
[11.226s] -- Installing: /home/drwwwzer/index of open sources/5lakes/install/doorlock_sniper/local/lib/python3.10/dist-packages/doorlock_sniper-0.1.0-py3.10.egg-info/dependency_links.txt
[11.226s] -- Installing: /home/drwwwzer/index of open sources/5lakes/install/doorlock_sniper/local/lib/python3.10/dist-packages/doorlock_sniper-0.1.0-py3.10.egg-info/PKG-INFO
[11.226s] -- Installing: /home/drwwwzer/index of open sources/5lakes/install/doorlock_sniper/local/lib/python3.10/dist-packages/doorlock_sniper-0.1.0-py3.10.egg-info/top_level.txt
[11.226s] -- Installing: /home/drwwwzer/index of open sources/5lakes/install/doorlock_sniper/local/lib/python3.10/dist-packages/doorlock_sniper
[11.226s] -- Installing: /home/drwwwzer/index of open sources/5lakes/install/doorlock_sniper/local/lib/python3.10/dist-packages/doorlock_sniper/doorlock_sniper_s__rosidl_typesupport_fastrtps_c.cpython-310-x86_64-linux-gnu.so
[11.226s] -- Installing: /home/drwwwzer/index of open sources/5lakes/install/doorlock_sniper/local/lib/python3.10/dist-packages/doorlock_sniper/doorlock_sniper_s__rosidl_typesupport_introspection_c.cpython-310-x86_64-linux-gnu.so
[11.226s] -- Installing: /home/drwwwzer/index of open sources/5lakes/install/doorlock_sniper/local/lib/python3.10/dist-packages/doorlock_sniper/_doorlock_sniper_s.ep.rosidl_typesupport_introspection_c.c
[11.226s] -- Installing: /home/drwwwzer/index of open sources/5lakes/install/doorlock_sniper/local/lib/python3.10/dist-packages/doorlock_sniper/__init__.py
[11.226s] -- Installing: /home/drwwwzer/index of open sources/5lakes/install/doorlock_sniper/local/lib/python3.10/dist-packages/doorlock_sniper/doorlock_sniper_s__rosidl_typesupport_c.cpython-310-x86_64-linux-gnu.so
[11.226s] -- Installing: /home/drwwwzer/index of open sources/5lakes/install/doorlock_sniper/local/lib/python3.10/dist-packages/doorlock_sniper/_doorlock_sniper_s.ep.rosidl_typesupport_c.c
[11.227s] -- Installing: /home/drwwwzer/index of open sources/5lakes/install/doorlock_sniper/local/lib/python3.10/dist-packages/doorlock_sniper/_doorlock_sniper_s.ep.rosidl_typesupport_fastrtps_c.c
[11.227s] -- Installing: /home/drwwwzer/index of open sources/5lakes/install/doorlock_sniper/local/lib/python3.10/dist-packages/doorlock_sniper/libdoorlock_sniper__rosidl_generator_py.so
[11.227s] -- Installing: /home/drwwwzer/index of open sources/5lakes/install/doorlock_sniper/local/lib/python3.10/dist-packages/doorlock_sniper/msg
[11.227s] -- Installing: /home/drwwwzer/index of open sources/5lakes/install/doorlock_sniper/local/lib/python3.10/dist-packages/doorlock_sniper/msg/_video_packet.py
[11.227s] -- Installing: /home/drwwwzer/index of open sources/5lakes/install/doorlock_sniper/local/lib/python3.10/dist-packages/doorlock_sniper/msg/_video_packet_s.c
[11.227s] -- Installing: /home/drwwwzer/index of open sources/5lakes/install/doorlock_sniper/local/lib/python3.10/dist-packages/doorlock_sniper/msg/__init__.py
[11.251s] Listing '/home/drwwwzer/index of open sources/5lakes/install/doorlock_sniper/local/lib/python3.10/dist-packages/doorlock_sniper'...
[11.251s] Compiling '/home/drwwwzer/index of open sources/5lakes/install/doorlock_sniper/local/lib/python3.10/dist-packages/doorlock_sniper/__init__.py'...
[11.251s] Listing '/home/drwwwzer/index of open sources/5lakes/install/doorlock_sniper/local/lib/python3.10/dist-packages/doorlock_sniper/msg'...
[11.252s] Compiling '/home/drwwwzer/index of open sources/5lakes/install/doorlock_sniper/local/lib/python3.10/dist-packages/doorlock_sniper/msg/__init__.py'...
[11.252s] Compiling '/home/drwwwzer/index of open sources/5lakes/install/doorlock_sniper/local/lib/python3.10/dist-packages/doorlock_sniper/msg/_video_packet.py'...
[11.255s] -- Installing: /home/drwwwzer/index of open sources/5lakes/install/doorlock_sniper/local/lib/python3.10/dist-packages/doorlock_sniper/doorlock_sniper_s__rosidl_typesupport_fastrtps_c.cpython-310-x86_64-linux-gnu.so
[11.255s] -- Set runtime path of "/home/drwwwzer/index of open sources/5lakes/install/doorlock_sniper/local/lib/python3.10/dist-packages/doorlock_sniper/doorlock_sniper_s__rosidl_typesupport_fastrtps_c.cpython-310-x86_64-linux-gnu.so" to ""
[11.255s] -- Installing: /home/drwwwzer/index of open sources/5lakes/install/doorlock_sniper/local/lib/python3.10/dist-packages/doorlock_sniper/doorlock_sniper_s__rosidl_typesupport_introspection_c.cpython-310-x86_64-linux-gnu.so
[11.255s] -- Set runtime path of "/home/drwwwzer/index of open sources/5lakes/install/doorlock_sniper/local/lib/python3.10/dist-packages/doorlock_sniper/doorlock_sniper_s__rosidl_typesupport_introspection_c.cpython-310-x86_64-linux-gnu.so" to ""
[11.256s] -- Installing: /home/drwwwzer/index of open sources/5lakes/install/doorlock_sniper/local/lib/python3.10/dist-packages/doorlock_sniper/doorlock_sniper_s__rosidl_typesupport_c.cpython-310-x86_64-linux-gnu.so
[11.256s] -- Set runtime path of "/home/drwwwzer/index of open sources/5lakes/install/doorlock_sniper/local/lib/python3.10/dist-packages/doorlock_sniper/doorlock_sniper_s__rosidl_typesupport_c.cpython-310-x86_64-linux-gnu.so" to ""
[11.256s] -- Installing: /home/drwwwzer/index of open sources/5lakes/install/doorlock_sniper/lib/libdoorlock_sniper__rosidl_generator_py.so
[11.256s] -- Set runtime path of "/home/drwwwzer/index of open sources/5lakes/install/doorlock_sniper/lib/libdoorlock_sniper__rosidl_generator_py.so" to ""
[11.256s] -- Installing: /home/drwwwzer/index of open sources/5lakes/install/doorlock_sniper/share/doorlock_sniper/msg/VideoPacket.idl
[11.256s] -- Installing: /home/drwwwzer/index of open sources/5lakes/install/doorlock_sniper/share/doorlock_sniper/msg/VideoPacket.msg
[11.256s] -- Installing: /home/drwwwzer/index of open sources/5lakes/install/doorlock_sniper/lib/libvideo_encoder_node.so
[11.258s] -- Set runtime path of "/home/drwwwzer/index of open sources/5lakes/install/doorlock_sniper/lib/libvideo_encoder_node.so" to ""
[11.258s] -- Up-to-date: /home/drwwwzer/index of open sources/5lakes/install/doorlock_sniper/include
[11.258s] -- Up-to-date: /home/drwwwzer/index of open sources/5lakes/install/doorlock_sniper/include/doorlock_sniper
[11.258s] -- Installing: /home/drwwwzer/index of open sources/5lakes/install/doorlock_sniper/include/doorlock_sniper/video_encoder_node.hpp
[11.258s] -- Up-to-date: /home/drwwwzer/index of open sources/5lakes/install/doorlock_sniper/share/doorlock_sniper/msg
[11.258s] -- Up-to-date: /home/drwwwzer/index of open sources/5lakes/install/doorlock_sniper/share/doorlock_sniper/msg/VideoPacket.msg
[11.259s] -- Installing: /home/drwwwzer/index of open sources/5lakes/install/doorlock_sniper/lib/doorlock_sniper/udp_forwarder.py
[11.259s] -- Installing: /home/drwwwzer/index of open sources/5lakes/install/doorlock_sniper/share/ament_index/resource_index/package_run_dependencies/doorlock_sniper
[11.259s] -- Installing: /home/drwwwzer/index of open sources/5lakes/install/doorlock_sniper/share/ament_index/resource_index/parent_prefix_path/doorlock_sniper
[11.259s] -- Installing: /home/drwwwzer/index of open sources/5lakes/install/doorlock_sniper/share/doorlock_sniper/environment/ament_prefix_path.sh
[11.259s] -- Installing: /home/drwwwzer/index of open sources/5lakes/install/doorlock_sniper/share/doorlock_sniper/environment/ament_prefix_path.dsv
[11.259s] -- Installing: /home/drwwwzer/index of open sources/5lakes/install/doorlock_sniper/share/doorlock_sniper/environment/path.sh
[11.259s] -- Installing: /home/drwwwzer/index of open sources/5lakes/install/doorlock_sniper/share/doorlock_sniper/environment/path.dsv
[11.259s] -- Installing: /home/drwwwzer/index of open sources/5lakes/install/doorlock_sniper/share/doorlock_sniper/local_setup.bash
[11.259s] -- Installing: /home/drwwwzer/index of open sources/5lakes/install/doorlock_sniper/share/doorlock_sniper/local_setup.sh
[11.259s] -- Installing: /home/drwwwzer/index of open sources/5lakes/install/doorlock_sniper/share/doorlock_sniper/local_setup.zsh
[11.259s] -- Installing: /home/drwwwzer/index of open sources/5lakes/install/doorlock_sniper/share/doorlock_sniper/local_setup.dsv
[11.260s] -- Installing: /home/drwwwzer/index of open sources/5lakes/install/doorlock_sniper/share/doorlock_sniper/package.dsv
[11.260s] -- Installing: /home/drwwwzer/index of open sources/5lakes/install/doorlock_sniper/share/ament_index/resource_index/packages/doorlock_sniper
[11.260s] -- Installing: /home/drwwwzer/index of open sources/5lakes/install/doorlock_sniper/share/doorlock_sniper/cmake/export_doorlock_sniper__rosidl_generator_cExport.cmake
[11.260s] -- Installing: /home/drwwwzer/index of open sources/5lakes/install/doorlock_sniper/share/doorlock_sniper/cmake/export_doorlock_sniper__rosidl_generator_cExport-noconfig.cmake
[11.260s] -- Installing: /home/drwwwzer/index of open sources/5lakes/install/doorlock_sniper/share/doorlock_sniper/cmake/export_doorlock_sniper__rosidl_typesupport_fastrtps_cExport.cmake
[11.260s] -- Installing: /home/drwwwzer/index of open sources/5lakes/install/doorlock_sniper/share/doorlock_sniper/cmake/export_doorlock_sniper__rosidl_typesupport_fastrtps_cExport-noconfig.cmake
[11.260s] -- Installing: /home/drwwwzer/index of open sources/5lakes/install/doorlock_sniper/share/doorlock_sniper/cmake/export_doorlock_sniper__rosidl_generator_cppExport.cmake
[11.260s] -- Installing: /home/drwwwzer/index of open sources/5lakes/install/doorlock_sniper/share/doorlock_sniper/cmake/export_doorlock_sniper__rosidl_typesupport_fastrtps_cppExport.cmake
[11.261s] -- Installing: /home/drwwwzer/index of open sources/5lakes/install/doorlock_sniper/share/doorlock_sniper/cmake/export_doorlock_sniper__rosidl_typesupport_fastrtps_cppExport-noconfig.cmake
[11.261s] -- Installing: /home/drwwwzer/index of open sources/5lakes/install/doorlock_sniper/share/doorlock_sniper/cmake/doorlock_sniper__rosidl_typesupport_introspection_cExport.cmake
[11.261s] -- Installing: /home/drwwwzer/index of open sources/5lakes/install/doorlock_sniper/share/doorlock_sniper/cmake/doorlock_sniper__rosidl_typesupport_introspection_cExport-noconfig.cmake
[11.261s] -- Installing: /home/drwwwzer/index of open sources/5lakes/install/doorlock_sniper/share/doorlock_sniper/cmake/doorlock_sniper__rosidl_typesupport_cExport.cmake
[11.261s] -- Installing: /home/drwwwzer/index of open sources/5lakes/install/doorlock_sniper/share/doorlock_sniper/cmake/doorlock_sniper__rosidl_typesupport_cExport-noconfig.cmake
[11.261s] -- Installing: /home/drwwwzer/index of open sources/5lakes/install/doorlock_sniper/share/doorlock_sniper/cmake/doorlock_sniper__rosidl_typesupport_introspection_cppExport.cmake
[11.261s] -- Installing: /home/drwwwzer/index of open sources/5lakes/install/doorlock_sniper/share/doorlock_sniper/cmake/doorlock_sniper__rosidl_typesupport_introspection_cppExport-noconfig.cmake
[11.261s] -- Installing: /home/drwwwzer/index of open sources/5lakes/install/doorlock_sniper/share/doorlock_sniper/cmake/doorlock_sniper__rosidl_typesupport_cppExport.cmake
[11.262s] -- Installing: /home/drwwwzer/index of open sources/5lakes/install/doorlock_sniper/share/doorlock_sniper/cmake/doorlock_sniper__rosidl_typesupport_cppExport-noconfig.cmake
[11.262s] -- Installing: /home/drwwwzer/index of open sources/5lakes/install/doorlock_sniper/share/doorlock_sniper/cmake/export_doorlock_sniper__rosidl_generator_pyExport.cmake
[11.262s] -- Installing: /home/drwwwzer/index of open sources/5lakes/install/doorlock_sniper/share/doorlock_sniper/cmake/export_doorlock_sniper__rosidl_generator_pyExport-noconfig.cmake
[11.262s] -- Installing: /home/drwwwzer/index of open sources/5lakes/install/doorlock_sniper/share/ament_index/resource_index/rclcpp_components/doorlock_sniper
[11.262s] -- Installing: /home/drwwwzer/index of open sources/5lakes/install/doorlock_sniper/share/doorlock_sniper/cmake/rosidl_cmake-extras.cmake
[11.262s] -- Installing: /home/drwwwzer/index of open sources/5lakes/install/doorlock_sniper/share/doorlock_sniper/cmake/ament_cmake_export_dependencies-extras.cmake
[11.262s] -- Installing: /home/drwwwzer/index of open sources/5lakes/install/doorlock_sniper/share/doorlock_sniper/cmake/ament_cmake_export_include_directories-extras.cmake
[11.262s] -- Installing: /home/drwwwzer/index of open sources/5lakes/install/doorlock_sniper/share/doorlock_sniper/cmake/ament_cmake_export_libraries-extras.cmake
[11.262s] -- Installing: /home/drwwwzer/index of open sources/5lakes/install/doorlock_sniper/share/doorlock_sniper/cmake/ament_cmake_export_targets-extras.cmake
[11.263s] -- Installing: /home/drwwwzer/index of open sources/5lakes/install/doorlock_sniper/share/doorlock_sniper/cmake/rosidl_cmake_export_typesupport_targets-extras.cmake
[11.263s] -- Installing: /home/drwwwzer/index of open sources/5lakes/install/doorlock_sniper/share/doorlock_sniper/cmake/rosidl_cmake_export_typesupport_libraries-extras.cmake
[11.263s] -- Installing: /home/drwwwzer/index of open sources/5lakes/install/doorlock_sniper/share/doorlock_sniper/cmake/doorlock_sniperConfig.cmake
[11.263s] -- Installing: /home/drwwwzer/index of open sources/5lakes/install/doorlock_sniper/share/doorlock_sniper/cmake/doorlock_sniperConfig-version.cmake
[11.263s] -- Installing: /home/drwwwzer/index of open sources/5lakes/install/doorlock_sniper/share/doorlock_sniper/package.xml
[11.265s] Invoked command in '/home/drwwwzer/index of open sources/5lakes/build/doorlock_sniper' returned '0': CMAKE_PREFIX_PATH=/opt/ros/humble /usr/bin/cmake --install /home/drwwwzer/index of open sources/5lakes/build/doorlock_sniper
