[0.009s] Invoking command in '/home/drwwwzer/many/RM_myself/5lakes/build/bringup': CMAKE_PREFIX_PATH=${CMAKE_PREFIX_PATH}:/home/drwwwzer/many/RM_myself/5lakes/install/doorlock_decoder:/opt/ros/humble /usr/bin/cmake --build /home/drwwwzer/many/RM_myself/5lakes/build/bringup -- -j24 -l24
[0.039s] Invoked command in '/home/drwwwzer/many/RM_myself/5lakes/build/bringup' returned '0': CMAKE_PREFIX_PATH=${CMAKE_PREFIX_PATH}:/home/drwwwzer/many/RM_myself/5lakes/install/doorlock_decoder:/opt/ros/humble /usr/bin/cmake --build /home/drwwwzer/many/RM_myself/5lakes/build/bringup -- -j24 -l24
[0.053s] Invoking command in '/home/drwwwzer/many/RM_myself/5lakes/build/bringup': CMAKE_PREFIX_PATH=${CMAKE_PREFIX_PATH}:/home/drwwwzer/many/RM_myself/5lakes/install/doorlock_decoder:/opt/ros/humble /usr/bin/cmake --install /home/drwwwzer/many/RM_myself/5lakes/build/bringup
[0.062s] -- Install configuration: ""
[0.062s] -- Up-to-date: /home/drwwwzer/many/RM_myself/5lakes/install/bringup/share/bringup/launch
[0.062s] -- Up-to-date: /home/drwwwzer/many/RM_myself/5lakes/install/bringup/share/bringup/launch/__pycache__
[0.062s] -- Installing: /home/drwwwzer/many/RM_myself/5lakes/install/bringup/share/bringup/launch/__pycache__/sniper.launch.cpython-310.pyc
[0.062s] -- Up-to-date: /home/drwwwzer/many/RM_myself/5lakes/install/bringup/share/bringup/launch/sniper.launch.py
[0.062s] -- Up-to-date: /home/drwwwzer/many/RM_myself/5lakes/install/bringup/share/ament_index/resource_index/package_run_dependencies/bringup
[0.063s] -- Up-to-date: /home/drwwwzer/many/RM_myself/5lakes/install/bringup/share/ament_index/resource_index/parent_prefix_path/bringup
[0.063s] -- Up-to-date: /home/drwwwzer/many/RM_myself/5lakes/install/bringup/share/bringup/environment/ament_prefix_path.sh
[0.063s] -- Up-to-date: /home/drwwwzer/many/RM_myself/5lakes/install/bringup/share/bringup/environment/ament_prefix_path.dsv
[0.063s] -- Up-to-date: /home/drwwwzer/many/RM_myself/5lakes/install/bringup/share/bringup/environment/path.sh
[0.063s] -- Up-to-date: /home/drwwwzer/many/RM_myself/5lakes/install/bringup/share/bringup/environment/path.dsv
[0.064s] -- Up-to-date: /home/drwwwzer/many/RM_myself/5lakes/install/bringup/share/bringup/local_setup.bash
[0.064s] -- Up-to-date: /home/drwwwzer/many/RM_myself/5lakes/install/bringup/share/bringup/local_setup.sh
[0.064s] -- Up-to-date: /home/drwwwzer/many/RM_myself/5lakes/install/bringup/share/bringup/local_setup.zsh
[0.064s] -- Up-to-date: /home/drwwwzer/many/RM_myself/5lakes/install/bringup/share/bringup/local_setup.dsv
[0.064s] -- Installing: /home/drwwwzer/many/RM_myself/5lakes/install/bringup/share/bringup/package.dsv
[0.064s] -- Up-to-date: /home/drwwwzer/many/RM_myself/5lakes/install/bringup/share/ament_index/resource_index/packages/bringup
[0.064s] -- Up-to-date: /home/drwwwzer/many/RM_myself/5lakes/install/bringup/share/bringup/cmake/bringupConfig.cmake
[0.064s] -- Up-to-date: /home/drwwwzer/many/RM_myself/5lakes/install/bringup/share/bringup/cmake/bringupConfig-version.cmake
[0.065s] -- Up-to-date: /home/drwwwzer/many/RM_myself/5lakes/install/bringup/share/bringup/package.xml
[0.067s] Invoked command in '/home/drwwwzer/many/RM_myself/5lakes/build/bringup' returned '0': CMAKE_PREFIX_PATH=${CMAKE_PREFIX_PATH}:/home/drwwwzer/many/RM_myself/5lakes/install/doorlock_decoder:/opt/ros/humble /usr/bin/cmake --install /home/drwwwzer/many/RM_myself/5lakes/build/bringup
