-- Found ament_cmake: 1.3.12 (/opt/ros/humble/share/ament_cmake/cmake)
-- Found rclcpp: 16.0.15 (/opt/ros/humble/share/rclcpp/cmake)
-- Found rosidl_generator_c: 3.1.7 (/opt/ros/humble/share/rosidl_generator_c/cmake)
-- Found rosidl_adapter: 3.1.7 (/opt/ros/humble/share/rosidl_adapter/cmake)
-- Found rosidl_generator_cpp: 3.1.7 (/opt/ros/humble/share/rosidl_generator_cpp/cmake)
-- Using all available rosidl_typesupport_c: rosidl_typesupport_fastrtps_c;rosidl_typesupport_introspection_c
-- Using all available rosidl_typesupport_cpp: rosidl_typesupport_fastrtps_cpp;rosidl_typesupport_introspection_cpp
-- Found rmw_implementation_cmake: 6.1.2 (/opt/ros/humble/share/rmw_implementation_cmake/cmake)
-- Found rmw_fastrtps_cpp: 6.2.8 (/opt/ros/humble/share/rmw_fastrtps_cpp/cmake)
-- Using RMW implementation 'rmw_fastrtps_cpp' as default
-- Found rclcpp_components: 16.0.15 (/opt/ros/humble/share/rclcpp_components/cmake)
-- Found sensor_msgs: 4.9.0 (/opt/ros/humble/share/sensor_msgs/cmake)
-- Found cv_bridge: 3.2.1 (/opt/ros/humble/share/cv_bridge/cmake)
-- Found rosidl_default_generators: 1.2.0 (/opt/ros/humble/share/rosidl_default_generators/cmake)
-- Found ament_cmake_ros: 0.10.0 (/opt/ros/humble/share/ament_cmake_ros/cmake)
-- Using all available rosidl_typesupport_c: rosidl_typesupport_fastrtps_c;rosidl_typesupport_introspection_c
-- Using all available rosidl_typesupport_cpp: rosidl_typesupport_fastrtps_cpp;rosidl_typesupport_introspection_cpp
-- Found python_cmake_module: 0.10.0 (/opt/ros/humble/share/python_cmake_module/cmake)
-- Using PYTHON_EXECUTABLE: /usr/bin/python3
-- Using PYTHON_INCLUDE_DIRS: /usr/include/python3.10
-- Using PYTHON_LIBRARIES: /usr/lib/x86_64-linux-gnu/libpython3.10.so
-- Configuring done
-- Generating done
[33mCMake Warning:
  Manually-specified variables were not used by the project:

    ROS_DISTRO

[0m
-- Build files have been written to: /home/drwwwzer/many/RM_myself/5lakes/build/doorlock_sniper
[35m[1mConsolidate compiler generated dependencies of target doorlock_sniper__rosidl_generator_c[0m
[  3%] Built target doorlock_sniper__cpp
[ 12%] Built target doorlock_sniper__rosidl_generator_c
[35m[1mConsolidate compiler generated dependencies of target doorlock_sniper__rosidl_typesupport_fastrtps_cpp[0m
[ 12%] Built target ament_cmake_python_copy_doorlock_sniper
[35m[1mConsolidate compiler generated dependencies of target doorlock_sniper__rosidl_typesupport_c[0m
[35m[1mConsolidate compiler generated dependencies of target doorlock_sniper__rosidl_typesupport_introspection_c[0m
[35m[1mConsolidate compiler generated dependencies of target doorlock_sniper__rosidl_typesupport_cpp[0m
[35m[1mConsolidate compiler generated dependencies of target doorlock_sniper__rosidl_typesupport_introspection_cpp[0m
[35m[1mConsolidate compiler generated dependencies of target doorlock_sniper__rosidl_typesupport_fastrtps_c[0m
[ 27%] Built target doorlock_sniper__rosidl_typesupport_introspection_c
[ 30%] Built target doorlock_sniper__rosidl_typesupport_c
[ 39%] Built target doorlock_sniper__rosidl_typesupport_fastrtps_cpp
[ 48%] Built target doorlock_sniper__rosidl_typesupport_fastrtps_c
[ 57%] Built target doorlock_sniper__rosidl_typesupport_introspection_cpp
[ 66%] Built target doorlock_sniper__rosidl_typesupport_cpp
[35m[1mConsolidate compiler generated dependencies of target video_encoder_node[0m
[ 66%] Built target doorlock_sniper
[ 72%] Built target video_encoder_node
[ 75%] Built target doorlock_sniper__py
[35m[1mConsolidate compiler generated dependencies of target doorlock_sniper__rosidl_generator_py[0m
[ 81%] Built target doorlock_sniper__rosidl_generator_py
[35m[1mConsolidate compiler generated dependencies of target doorlock_sniper__rosidl_typesupport_c__pyext[0m
[35m[1mConsolidate compiler generated dependencies of target doorlock_sniper__rosidl_typesupport_introspection_c__pyext[0m
[35m[1mConsolidate compiler generated dependencies of target doorlock_sniper__rosidl_typesupport_fastrtps_c__pyext[0m
[ 87%] Built target doorlock_sniper__rosidl_typesupport_c__pyext
[ 93%] Built target doorlock_sniper__rosidl_typesupport_fastrtps_c__pyext
[100%] Built target doorlock_sniper__rosidl_typesupport_introspection_c__pyext
running egg_info
writing doorlock_sniper.egg-info/PKG-INFO
writing dependency_links to doorlock_sniper.egg-info/dependency_links.txt
writing top-level names to doorlock_sniper.egg-info/top_level.txt
reading manifest file 'doorlock_sniper.egg-info/SOURCES.txt'
writing manifest file 'doorlock_sniper.egg-info/SOURCES.txt'
[100%] Built target ament_cmake_python_build_doorlock_sniper_egg
-- Install configuration: ""
-- Up-to-date: /home/drwwwzer/many/RM_myself/5lakes/install/doorlock_sniper/share/ament_index/resource_index/rosidl_interfaces/doorlock_sniper
-- Up-to-date: /home/drwwwzer/many/RM_myself/5lakes/install/doorlock_sniper/include/doorlock_sniper/doorlock_sniper
-- Up-to-date: /home/drwwwzer/many/RM_myself/5lakes/install/doorlock_sniper/include/doorlock_sniper/doorlock_sniper/msg
-- Up-to-date: /home/drwwwzer/many/RM_myself/5lakes/install/doorlock_sniper/include/doorlock_sniper/doorlock_sniper/msg/detail
-- Up-to-date: /home/drwwwzer/many/RM_myself/5lakes/install/doorlock_sniper/include/doorlock_sniper/doorlock_sniper/msg/detail/video_packet__functions.h
-- Up-to-date: /home/drwwwzer/many/RM_myself/5lakes/install/doorlock_sniper/include/doorlock_sniper/doorlock_sniper/msg/detail/video_packet__struct.h
-- Up-to-date: /home/drwwwzer/many/RM_myself/5lakes/install/doorlock_sniper/include/doorlock_sniper/doorlock_sniper/msg/detail/video_packet__type_support.h
-- Up-to-date: /home/drwwwzer/many/RM_myself/5lakes/install/doorlock_sniper/include/doorlock_sniper/doorlock_sniper/msg/detail/video_packet__functions.c
-- Up-to-date: /home/drwwwzer/many/RM_myself/5lakes/install/doorlock_sniper/include/doorlock_sniper/doorlock_sniper/msg/video_packet.h
-- Up-to-date: /home/drwwwzer/many/RM_myself/5lakes/install/doorlock_sniper/include/doorlock_sniper/doorlock_sniper/msg/rosidl_generator_c__visibility_control.h
-- Up-to-date: /home/drwwwzer/many/RM_myself/5lakes/install/doorlock_sniper/share/doorlock_sniper/environment/library_path.sh
-- Installing: /home/drwwwzer/many/RM_myself/5lakes/install/doorlock_sniper/share/doorlock_sniper/environment/library_path.dsv
-- Up-to-date: /home/drwwwzer/many/RM_myself/5lakes/install/doorlock_sniper/lib/libdoorlock_sniper__rosidl_generator_c.so
-- Up-to-date: /home/drwwwzer/many/RM_myself/5lakes/install/doorlock_sniper/include/doorlock_sniper/doorlock_sniper
-- Up-to-date: /home/drwwwzer/many/RM_myself/5lakes/install/doorlock_sniper/include/doorlock_sniper/doorlock_sniper/msg
-- Up-to-date: /home/drwwwzer/many/RM_myself/5lakes/install/doorlock_sniper/include/doorlock_sniper/doorlock_sniper/msg/detail
-- Up-to-date: /home/drwwwzer/many/RM_myself/5lakes/install/doorlock_sniper/include/doorlock_sniper/doorlock_sniper/msg/detail/video_packet__rosidl_typesupport_fastrtps_c.h
-- Up-to-date: /home/drwwwzer/many/RM_myself/5lakes/install/doorlock_sniper/include/doorlock_sniper/doorlock_sniper/msg/rosidl_typesupport_fastrtps_c__visibility_control.h
-- Up-to-date: /home/drwwwzer/many/RM_myself/5lakes/install/doorlock_sniper/lib/libdoorlock_sniper__rosidl_typesupport_fastrtps_c.so
-- Up-to-date: /home/drwwwzer/many/RM_myself/5lakes/install/doorlock_sniper/include/doorlock_sniper/doorlock_sniper
-- Up-to-date: /home/drwwwzer/many/RM_myself/5lakes/install/doorlock_sniper/include/doorlock_sniper/doorlock_sniper/msg
-- Up-to-date: /home/drwwwzer/many/RM_myself/5lakes/install/doorlock_sniper/include/doorlock_sniper/doorlock_sniper/msg/detail
-- Up-to-date: /home/drwwwzer/many/RM_myself/5lakes/install/doorlock_sniper/include/doorlock_sniper/doorlock_sniper/msg/detail/video_packet__type_support.hpp
-- Up-to-date: /home/drwwwzer/many/RM_myself/5lakes/install/doorlock_sniper/include/doorlock_sniper/doorlock_sniper/msg/detail/video_packet__traits.hpp
-- Up-to-date: /home/drwwwzer/many/RM_myself/5lakes/install/doorlock_sniper/include/doorlock_sniper/doorlock_sniper/msg/detail/video_packet__struct.hpp
-- Up-to-date: /home/drwwwzer/many/RM_myself/5lakes/install/doorlock_sniper/include/doorlock_sniper/doorlock_sniper/msg/detail/video_packet__builder.hpp
-- Up-to-date: /home/drwwwzer/many/RM_myself/5lakes/install/doorlock_sniper/include/doorlock_sniper/doorlock_sniper/msg/video_packet.hpp
-- Up-to-date: /home/drwwwzer/many/RM_myself/5lakes/install/doorlock_sniper/include/doorlock_sniper/doorlock_sniper/msg/rosidl_generator_cpp__visibility_control.hpp
-- Up-to-date: /home/drwwwzer/many/RM_myself/5lakes/install/doorlock_sniper/include/doorlock_sniper/doorlock_sniper
-- Up-to-date: /home/drwwwzer/many/RM_myself/5lakes/install/doorlock_sniper/include/doorlock_sniper/doorlock_sniper/msg
-- Up-to-date: /home/drwwwzer/many/RM_myself/5lakes/install/doorlock_sniper/include/doorlock_sniper/doorlock_sniper/msg/detail
-- Up-to-date: /home/drwwwzer/many/RM_myself/5lakes/install/doorlock_sniper/include/doorlock_sniper/doorlock_sniper/msg/detail/video_packet__rosidl_typesupport_fastrtps_cpp.hpp
-- Up-to-date: /home/drwwwzer/many/RM_myself/5lakes/install/doorlock_sniper/include/doorlock_sniper/doorlock_sniper/msg/detail/dds_fastrtps
-- Up-to-date: /home/drwwwzer/many/RM_myself/5lakes/install/doorlock_sniper/include/doorlock_sniper/doorlock_sniper/msg/rosidl_typesupport_fastrtps_cpp__visibility_control.h
-- Up-to-date: /home/drwwwzer/many/RM_myself/5lakes/install/doorlock_sniper/lib/libdoorlock_sniper__rosidl_typesupport_fastrtps_cpp.so
-- Up-to-date: /home/drwwwzer/many/RM_myself/5lakes/install/doorlock_sniper/include/doorlock_sniper/doorlock_sniper
-- Up-to-date: /home/drwwwzer/many/RM_myself/5lakes/install/doorlock_sniper/include/doorlock_sniper/doorlock_sniper/msg
-- Up-to-date: /home/drwwwzer/many/RM_myself/5lakes/install/doorlock_sniper/include/doorlock_sniper/doorlock_sniper/msg/detail
-- Up-to-date: /home/drwwwzer/many/RM_myself/5lakes/install/doorlock_sniper/include/doorlock_sniper/doorlock_sniper/msg/detail/video_packet__rosidl_typesupport_introspection_c.h
-- Up-to-date: /home/drwwwzer/many/RM_myself/5lakes/install/doorlock_sniper/include/doorlock_sniper/doorlock_sniper/msg/detail/video_packet__type_support.c
-- Up-to-date: /home/drwwwzer/many/RM_myself/5lakes/install/doorlock_sniper/include/doorlock_sniper/doorlock_sniper/msg/rosidl_typesupport_introspection_c__visibility_control.h
-- Up-to-date: /home/drwwwzer/many/RM_myself/5lakes/install/doorlock_sniper/lib/libdoorlock_sniper__rosidl_typesupport_introspection_c.so
-- Up-to-date: /home/drwwwzer/many/RM_myself/5lakes/install/doorlock_sniper/lib/libdoorlock_sniper__rosidl_typesupport_c.so
-- Up-to-date: /home/drwwwzer/many/RM_myself/5lakes/install/doorlock_sniper/include/doorlock_sniper/doorlock_sniper
-- Up-to-date: /home/drwwwzer/many/RM_myself/5lakes/install/doorlock_sniper/include/doorlock_sniper/doorlock_sniper/msg
-- Up-to-date: /home/drwwwzer/many/RM_myself/5lakes/install/doorlock_sniper/include/doorlock_sniper/doorlock_sniper/msg/detail
-- Up-to-date: /home/drwwwzer/many/RM_myself/5lakes/install/doorlock_sniper/include/doorlock_sniper/doorlock_sniper/msg/detail/video_packet__type_support.cpp
-- Up-to-date: /home/drwwwzer/many/RM_myself/5lakes/install/doorlock_sniper/include/doorlock_sniper/doorlock_sniper/msg/detail/video_packet__rosidl_typesupport_introspection_cpp.hpp
-- Up-to-date: /home/drwwwzer/many/RM_myself/5lakes/install/doorlock_sniper/lib/libdoorlock_sniper__rosidl_typesupport_introspection_cpp.so
-- Up-to-date: /home/drwwwzer/many/RM_myself/5lakes/install/doorlock_sniper/lib/libdoorlock_sniper__rosidl_typesupport_cpp.so
-- Up-to-date: /home/drwwwzer/many/RM_myself/5lakes/install/doorlock_sniper/share/doorlock_sniper/environment/pythonpath.sh
-- Installing: /home/drwwwzer/many/RM_myself/5lakes/install/doorlock_sniper/share/doorlock_sniper/environment/pythonpath.dsv
-- Up-to-date: /home/drwwwzer/many/RM_myself/5lakes/install/doorlock_sniper/local/lib/python3.10/dist-packages/doorlock_sniper-0.1.0-py3.10.egg-info
-- Installing: /home/drwwwzer/many/RM_myself/5lakes/install/doorlock_sniper/local/lib/python3.10/dist-packages/doorlock_sniper-0.1.0-py3.10.egg-info/SOURCES.txt
-- Installing: /home/drwwwzer/many/RM_myself/5lakes/install/doorlock_sniper/local/lib/python3.10/dist-packages/doorlock_sniper-0.1.0-py3.10.egg-info/dependency_links.txt
-- Installing: /home/drwwwzer/many/RM_myself/5lakes/install/doorlock_sniper/local/lib/python3.10/dist-packages/doorlock_sniper-0.1.0-py3.10.egg-info/PKG-INFO
-- Installing: /home/drwwwzer/many/RM_myself/5lakes/install/doorlock_sniper/local/lib/python3.10/dist-packages/doorlock_sniper-0.1.0-py3.10.egg-info/top_level.txt
-- Up-to-date: /home/drwwwzer/many/RM_myself/5lakes/install/doorlock_sniper/local/lib/python3.10/dist-packages/doorlock_sniper
-- Up-to-date: /home/drwwwzer/many/RM_myself/5lakes/install/doorlock_sniper/local/lib/python3.10/dist-packages/doorlock_sniper/doorlock_sniper_s__rosidl_typesupport_fastrtps_c.cpython-310-x86_64-linux-gnu.so
-- Up-to-date: /home/drwwwzer/many/RM_myself/5lakes/install/doorlock_sniper/local/lib/python3.10/dist-packages/doorlock_sniper/doorlock_sniper_s__rosidl_typesupport_introspection_c.cpython-310-x86_64-linux-gnu.so
-- Up-to-date: /home/drwwwzer/many/RM_myself/5lakes/install/doorlock_sniper/local/lib/python3.10/dist-packages/doorlock_sniper/_doorlock_sniper_s.ep.rosidl_typesupport_introspection_c.c
-- Installing: /home/drwwwzer/many/RM_myself/5lakes/install/doorlock_sniper/local/lib/python3.10/dist-packages/doorlock_sniper/__init__.py
-- Up-to-date: /home/drwwwzer/many/RM_myself/5lakes/install/doorlock_sniper/local/lib/python3.10/dist-packages/doorlock_sniper/doorlock_sniper_s__rosidl_typesupport_c.cpython-310-x86_64-linux-gnu.so
-- Up-to-date: /home/drwwwzer/many/RM_myself/5lakes/install/doorlock_sniper/local/lib/python3.10/dist-packages/doorlock_sniper/_doorlock_sniper_s.ep.rosidl_typesupport_c.c
-- Up-to-date: /home/drwwwzer/many/RM_myself/5lakes/install/doorlock_sniper/local/lib/python3.10/dist-packages/doorlock_sniper/_doorlock_sniper_s.ep.rosidl_typesupport_fastrtps_c.c
-- Up-to-date: /home/drwwwzer/many/RM_myself/5lakes/install/doorlock_sniper/local/lib/python3.10/dist-packages/doorlock_sniper/libdoorlock_sniper__rosidl_generator_py.so
-- Up-to-date: /home/drwwwzer/many/RM_myself/5lakes/install/doorlock_sniper/local/lib/python3.10/dist-packages/doorlock_sniper/msg
-- Up-to-date: /home/drwwwzer/many/RM_myself/5lakes/install/doorlock_sniper/local/lib/python3.10/dist-packages/doorlock_sniper/msg/_video_packet.py
-- Up-to-date: /home/drwwwzer/many/RM_myself/5lakes/install/doorlock_sniper/local/lib/python3.10/dist-packages/doorlock_sniper/msg/_video_packet_s.c
-- Up-to-date: /home/drwwwzer/many/RM_myself/5lakes/install/doorlock_sniper/local/lib/python3.10/dist-packages/doorlock_sniper/msg/__init__.py
Listing '/home/drwwwzer/many/RM_myself/5lakes/install/doorlock_sniper/local/lib/python3.10/dist-packages/doorlock_sniper'...
Compiling '/home/drwwwzer/many/RM_myself/5lakes/install/doorlock_sniper/local/lib/python3.10/dist-packages/doorlock_sniper/__init__.py'...
Listing '/home/drwwwzer/many/RM_myself/5lakes/install/doorlock_sniper/local/lib/python3.10/dist-packages/doorlock_sniper/msg'...
-- Up-to-date: /home/drwwwzer/many/RM_myself/5lakes/install/doorlock_sniper/local/lib/python3.10/dist-packages/doorlock_sniper/doorlock_sniper_s__rosidl_typesupport_fastrtps_c.cpython-310-x86_64-linux-gnu.so
-- Up-to-date: /home/drwwwzer/many/RM_myself/5lakes/install/doorlock_sniper/local/lib/python3.10/dist-packages/doorlock_sniper/doorlock_sniper_s__rosidl_typesupport_introspection_c.cpython-310-x86_64-linux-gnu.so
-- Up-to-date: /home/drwwwzer/many/RM_myself/5lakes/install/doorlock_sniper/local/lib/python3.10/dist-packages/doorlock_sniper/doorlock_sniper_s__rosidl_typesupport_c.cpython-310-x86_64-linux-gnu.so
-- Up-to-date: /home/drwwwzer/many/RM_myself/5lakes/install/doorlock_sniper/lib/libdoorlock_sniper__rosidl_generator_py.so
-- Up-to-date: /home/drwwwzer/many/RM_myself/5lakes/install/doorlock_sniper/share/doorlock_sniper/msg/VideoPacket.idl
-- Up-to-date: /home/drwwwzer/many/RM_myself/5lakes/install/doorlock_sniper/share/doorlock_sniper/msg/VideoPacket.msg
-- Up-to-date: /home/drwwwzer/many/RM_myself/5lakes/install/doorlock_sniper/lib/libvideo_encoder_node.so
-- Up-to-date: /home/drwwwzer/many/RM_myself/5lakes/install/doorlock_sniper/include
-- Up-to-date: /home/drwwwzer/many/RM_myself/5lakes/install/doorlock_sniper/include/doorlock_sniper
-- Up-to-date: /home/drwwwzer/many/RM_myself/5lakes/install/doorlock_sniper/include/doorlock_sniper/video_encoder_node.hpp
-- Up-to-date: /home/drwwwzer/many/RM_myself/5lakes/install/doorlock_sniper/share/doorlock_sniper/msg
-- Up-to-date: /home/drwwwzer/many/RM_myself/5lakes/install/doorlock_sniper/share/doorlock_sniper/msg/VideoPacket.msg
-- Up-to-date: /home/drwwwzer/many/RM_myself/5lakes/install/doorlock_sniper/lib/doorlock_sniper/udp_forwarder.py
-- Up-to-date: /home/drwwwzer/many/RM_myself/5lakes/install/doorlock_sniper/share/ament_index/resource_index/package_run_dependencies/doorlock_sniper
-- Up-to-date: /home/drwwwzer/many/RM_myself/5lakes/install/doorlock_sniper/share/ament_index/resource_index/parent_prefix_path/doorlock_sniper
-- Up-to-date: /home/drwwwzer/many/RM_myself/5lakes/install/doorlock_sniper/share/doorlock_sniper/environment/ament_prefix_path.sh
-- Installing: /home/drwwwzer/many/RM_myself/5lakes/install/doorlock_sniper/share/doorlock_sniper/environment/ament_prefix_path.dsv
-- Up-to-date: /home/drwwwzer/many/RM_myself/5lakes/install/doorlock_sniper/share/doorlock_sniper/environment/path.sh
-- Installing: /home/drwwwzer/many/RM_myself/5lakes/install/doorlock_sniper/share/doorlock_sniper/environment/path.dsv
-- Up-to-date: /home/drwwwzer/many/RM_myself/5lakes/install/doorlock_sniper/share/doorlock_sniper/local_setup.bash
-- Up-to-date: /home/drwwwzer/many/RM_myself/5lakes/install/doorlock_sniper/share/doorlock_sniper/local_setup.sh
-- Up-to-date: /home/drwwwzer/many/RM_myself/5lakes/install/doorlock_sniper/share/doorlock_sniper/local_setup.zsh
-- Installing: /home/drwwwzer/many/RM_myself/5lakes/install/doorlock_sniper/share/doorlock_sniper/local_setup.dsv
-- Installing: /home/drwwwzer/many/RM_myself/5lakes/install/doorlock_sniper/share/doorlock_sniper/package.dsv
-- Up-to-date: /home/drwwwzer/many/RM_myself/5lakes/install/doorlock_sniper/share/ament_index/resource_index/packages/doorlock_sniper
-- Up-to-date: /home/drwwwzer/many/RM_myself/5lakes/install/doorlock_sniper/share/doorlock_sniper/cmake/export_doorlock_sniper__rosidl_generator_cExport.cmake
-- Up-to-date: /home/drwwwzer/many/RM_myself/5lakes/install/doorlock_sniper/share/doorlock_sniper/cmake/export_doorlock_sniper__rosidl_generator_cExport-noconfig.cmake
-- Up-to-date: /home/drwwwzer/many/RM_myself/5lakes/install/doorlock_sniper/share/doorlock_sniper/cmake/export_doorlock_sniper__rosidl_typesupport_fastrtps_cExport.cmake
-- Up-to-date: /home/drwwwzer/many/RM_myself/5lakes/install/doorlock_sniper/share/doorlock_sniper/cmake/export_doorlock_sniper__rosidl_typesupport_fastrtps_cExport-noconfig.cmake
-- Up-to-date: /home/drwwwzer/many/RM_myself/5lakes/install/doorlock_sniper/share/doorlock_sniper/cmake/export_doorlock_sniper__rosidl_generator_cppExport.cmake
-- Up-to-date: /home/drwwwzer/many/RM_myself/5lakes/install/doorlock_sniper/share/doorlock_sniper/cmake/export_doorlock_sniper__rosidl_typesupport_fastrtps_cppExport.cmake
-- Up-to-date: /home/drwwwzer/many/RM_myself/5lakes/install/doorlock_sniper/share/doorlock_sniper/cmake/export_doorlock_sniper__rosidl_typesupport_fastrtps_cppExport-noconfig.cmake
-- Up-to-date: /home/drwwwzer/many/RM_myself/5lakes/install/doorlock_sniper/share/doorlock_sniper/cmake/doorlock_sniper__rosidl_typesupport_introspection_cExport.cmake
-- Up-to-date: /home/drwwwzer/many/RM_myself/5lakes/install/doorlock_sniper/share/doorlock_sniper/cmake/doorlock_sniper__rosidl_typesupport_introspection_cExport-noconfig.cmake
-- Up-to-date: /home/drwwwzer/many/RM_myself/5lakes/install/doorlock_sniper/share/doorlock_sniper/cmake/doorlock_sniper__rosidl_typesupport_cExport.cmake
-- Up-to-date: /home/drwwwzer/many/RM_myself/5lakes/install/doorlock_sniper/share/doorlock_sniper/cmake/doorlock_sniper__rosidl_typesupport_cExport-noconfig.cmake
-- Up-to-date: /home/drwwwzer/many/RM_myself/5lakes/install/doorlock_sniper/share/doorlock_sniper/cmake/doorlock_sniper__rosidl_typesupport_introspection_cppExport.cmake
-- Up-to-date: /home/drwwwzer/many/RM_myself/5lakes/install/doorlock_sniper/share/doorlock_sniper/cmake/doorlock_sniper__rosidl_typesupport_introspection_cppExport-noconfig.cmake
-- Up-to-date: /home/drwwwzer/many/RM_myself/5lakes/install/doorlock_sniper/share/doorlock_sniper/cmake/doorlock_sniper__rosidl_typesupport_cppExport.cmake
-- Up-to-date: /home/drwwwzer/many/RM_myself/5lakes/install/doorlock_sniper/share/doorlock_sniper/cmake/doorlock_sniper__rosidl_typesupport_cppExport-noconfig.cmake
-- Up-to-date: /home/drwwwzer/many/RM_myself/5lakes/install/doorlock_sniper/share/doorlock_sniper/cmake/export_doorlock_sniper__rosidl_generator_pyExport.cmake
-- Up-to-date: /home/drwwwzer/many/RM_myself/5lakes/install/doorlock_sniper/share/doorlock_sniper/cmake/export_doorlock_sniper__rosidl_generator_pyExport-noconfig.cmake
-- Up-to-date: /home/drwwwzer/many/RM_myself/5lakes/install/doorlock_sniper/share/ament_index/resource_index/rclcpp_components/doorlock_sniper
-- Up-to-date: /home/drwwwzer/many/RM_myself/5lakes/install/doorlock_sniper/share/doorlock_sniper/cmake/rosidl_cmake-extras.cmake
-- Up-to-date: /home/drwwwzer/many/RM_myself/5lakes/install/doorlock_sniper/share/doorlock_sniper/cmake/ament_cmake_export_dependencies-extras.cmake
-- Up-to-date: /home/drwwwzer/many/RM_myself/5lakes/install/doorlock_sniper/share/doorlock_sniper/cmake/ament_cmake_export_include_directories-extras.cmake
-- Up-to-date: /home/drwwwzer/many/RM_myself/5lakes/install/doorlock_sniper/share/doorlock_sniper/cmake/ament_cmake_export_libraries-extras.cmake
-- Up-to-date: /home/drwwwzer/many/RM_myself/5lakes/install/doorlock_sniper/share/doorlock_sniper/cmake/ament_cmake_export_targets-extras.cmake
-- Up-to-date: /home/drwwwzer/many/RM_myself/5lakes/install/doorlock_sniper/share/doorlock_sniper/cmake/rosidl_cmake_export_typesupport_targets-extras.cmake
-- Up-to-date: /home/drwwwzer/many/RM_myself/5lakes/install/doorlock_sniper/share/doorlock_sniper/cmake/rosidl_cmake_export_typesupport_libraries-extras.cmake
-- Up-to-date: /home/drwwwzer/many/RM_myself/5lakes/install/doorlock_sniper/share/doorlock_sniper/cmake/doorlock_sniperConfig.cmake
-- Up-to-date: /home/drwwwzer/many/RM_myself/5lakes/install/doorlock_sniper/share/doorlock_sniper/cmake/doorlock_sniperConfig-version.cmake
-- Up-to-date: /home/drwwwzer/many/RM_myself/5lakes/install/doorlock_sniper/share/doorlock_sniper/package.xml
