[0.006s] Invoking command in '/home/drwwwzer/many/RM_myself/5lakes/build/doorlock_sniper': CMAKE_PREFIX_PATH=/opt/ros/humble /usr/bin/cmake /home/drwwwzer/many/RM_myself/5lakes/zdykhd_ws/Pacific_doorlock_sniper/src/doorlock_sniper -DROS_DISTRO=humble -DCMAKE_INSTALL_PREFIX=/home/drwwwzer/many/RM_myself/5lakes/install/doorlock_sniper
[0.012s] -- Found ament_cmake: 1.3.12 (/opt/ros/humble/share/ament_cmake/cmake)
[0.084s] -- Found rclcpp: 16.0.15 (/opt/ros/humble/share/rclcpp/cmake)
[0.099s] -- Found rosidl_generator_c: 3.1.7 (/opt/ros/humble/share/rosidl_generator_c/cmake)
[0.100s] -- Found rosidl_adapter: 3.1.7 (/opt/ros/humble/share/rosidl_adapter/cmake)
[0.103s] -- Found rosidl_generator_cpp: 3.1.7 (/opt/ros/humble/share/rosidl_generator_cpp/cmake)
[0.108s] -- Using all available rosidl_typesupport_c: rosidl_typesupport_fastrtps_c;rosidl_typesupport_introspection_c
[0.114s] -- Using all available rosidl_typesupport_cpp: rosidl_typesupport_fastrtps_cpp;rosidl_typesupport_introspection_cpp
[0.130s] -- Found rmw_implementation_cmake: 6.1.2 (/opt/ros/humble/share/rmw_implementation_cmake/cmake)
[0.131s] -- Found rmw_fastrtps_cpp: 6.2.8 (/opt/ros/humble/share/rmw_fastrtps_cpp/cmake)
[0.189s] -- Using RMW implementation 'rmw_fastrtps_cpp' as default
[0.227s] -- Found rclcpp_components: 16.0.15 (/opt/ros/humble/share/rclcpp_components/cmake)
[0.236s] -- Found sensor_msgs: 4.9.0 (/opt/ros/humble/share/sensor_msgs/cmake)
[0.250s] -- Found cv_bridge: 3.2.1 (/opt/ros/humble/share/cv_bridge/cmake)
[0.257s] -- Found rosidl_default_generators: 1.2.0 (/opt/ros/humble/share/rosidl_default_generators/cmake)
[0.401s] -- Found ament_cmake_ros: 0.10.0 (/opt/ros/humble/share/ament_cmake_ros/cmake)
[0.603s] -- Using all available rosidl_typesupport_c: rosidl_typesupport_fastrtps_c;rosidl_typesupport_introspection_c
[0.683s] -- Using all available rosidl_typesupport_cpp: rosidl_typesupport_fastrtps_cpp;rosidl_typesupport_introspection_cpp
[0.695s] -- Found python_cmake_module: 0.10.0 (/opt/ros/humble/share/python_cmake_module/cmake)
[0.714s] -- Using PYTHON_EXECUTABLE: /usr/bin/python3
[0.714s] -- Using PYTHON_INCLUDE_DIRS: /usr/include/python3.10
[0.714s] -- Using PYTHON_LIBRARIES: /usr/lib/x86_64-linux-gnu/libpython3.10.so
[0.736s] -- Configuring done
[0.755s] -- Generating done
[0.757s] [33mCMake Warning:
[0.757s]   Manually-specified variables were not used by the project:
[0.757s] 
[0.757s]     ROS_DISTRO
[0.757s] 
[0.757s] [0m
[0.763s] -- Build files have been written to: /home/drwwwzer/many/RM_myself/5lakes/build/doorlock_sniper
[0.768s] Invoked command in '/home/drwwwzer/many/RM_myself/5lakes/build/doorlock_sniper' returned '0': CMAKE_PREFIX_PATH=/opt/ros/humble /usr/bin/cmake /home/drwwwzer/many/RM_myself/5lakes/zdykhd_ws/Pacific_doorlock_sniper/src/doorlock_sniper -DROS_DISTRO=humble -DCMAKE_INSTALL_PREFIX=/home/drwwwzer/many/RM_myself/5lakes/install/doorlock_sniper
[0.769s] Invoking command in '/home/drwwwzer/many/RM_myself/5lakes/build/doorlock_sniper': CMAKE_PREFIX_PATH=/opt/ros/humble /usr/bin/cmake --build /home/drwwwzer/many/RM_myself/5lakes/build/doorlock_sniper -- -j24 -l24
[0.794s] [35m[1mConsolidate compiler generated dependencies of target doorlock_sniper__rosidl_generator_c[0m
[0.800s] [  3%] Built target doorlock_sniper__cpp
[0.802s] [ 12%] Built target doorlock_sniper__rosidl_generator_c
[0.806s] [35m[1mConsolidate compiler generated dependencies of target doorlock_sniper__rosidl_typesupport_fastrtps_cpp[0m
[0.806s] [ 12%] Built target ament_cmake_python_copy_doorlock_sniper
[0.807s] [35m[1mConsolidate compiler generated dependencies of target doorlock_sniper__rosidl_typesupport_c[0m
[0.807s] [35m[1mConsolidate compiler generated dependencies of target doorlock_sniper__rosidl_typesupport_introspection_c[0m
[0.808s] [35m[1mConsolidate compiler generated dependencies of target doorlock_sniper__rosidl_typesupport_cpp[0m
[0.808s] [35m[1mConsolidate compiler generated dependencies of target doorlock_sniper__rosidl_typesupport_introspection_cpp[0m
[0.809s] [35m[1mConsolidate compiler generated dependencies of target doorlock_sniper__rosidl_typesupport_fastrtps_c[0m
[0.812s] [ 27%] Built target doorlock_sniper__rosidl_typesupport_introspection_c
[0.812s] [ 30%] Built target doorlock_sniper__rosidl_typesupport_c
[0.814s] [ 39%] Built target doorlock_sniper__rosidl_typesupport_fastrtps_cpp
[0.815s] [ 48%] Built target doorlock_sniper__rosidl_typesupport_fastrtps_c
[0.815s] [ 57%] Built target doorlock_sniper__rosidl_typesupport_introspection_cpp
[0.816s] [ 66%] Built target doorlock_sniper__rosidl_typesupport_cpp
[0.823s] [35m[1mConsolidate compiler generated dependencies of target video_encoder_node[0m
[0.827s] [ 66%] Built target doorlock_sniper
[0.835s] [ 72%] Built target video_encoder_node
[0.838s] [ 75%] Built target doorlock_sniper__py
[0.844s] [35m[1mConsolidate compiler generated dependencies of target doorlock_sniper__rosidl_generator_py[0m
[0.851s] [ 81%] Built target doorlock_sniper__rosidl_generator_py
[0.856s] [35m[1mConsolidate compiler generated dependencies of target doorlock_sniper__rosidl_typesupport_c__pyext[0m
[0.858s] [35m[1mConsolidate compiler generated dependencies of target doorlock_sniper__rosidl_typesupport_introspection_c__pyext[0m
[0.858s] [35m[1mConsolidate compiler generated dependencies of target doorlock_sniper__rosidl_typesupport_fastrtps_c__pyext[0m
[0.862s] [ 87%] Built target doorlock_sniper__rosidl_typesupport_c__pyext
[0.864s] [ 93%] Built target doorlock_sniper__rosidl_typesupport_fastrtps_c__pyext
[0.867s] [100%] Built target doorlock_sniper__rosidl_typesupport_introspection_c__pyext
[0.925s] running egg_info
[0.926s] writing doorlock_sniper.egg-info/PKG-INFO
[0.926s] writing dependency_links to doorlock_sniper.egg-info/dependency_links.txt
[0.926s] writing top-level names to doorlock_sniper.egg-info/top_level.txt
[0.927s] reading manifest file 'doorlock_sniper.egg-info/SOURCES.txt'
[0.927s] writing manifest file 'doorlock_sniper.egg-info/SOURCES.txt'
[0.942s] [100%] Built target ament_cmake_python_build_doorlock_sniper_egg
[0.948s] Invoked command in '/home/drwwwzer/many/RM_myself/5lakes/build/doorlock_sniper' returned '0': CMAKE_PREFIX_PATH=/opt/ros/humble /usr/bin/cmake --build /home/drwwwzer/many/RM_myself/5lakes/build/doorlock_sniper -- -j24 -l24
[0.949s] Invoking command in '/home/drwwwzer/many/RM_myself/5lakes/build/doorlock_sniper': CMAKE_PREFIX_PATH=/opt/ros/humble /usr/bin/cmake --install /home/drwwwzer/many/RM_myself/5lakes/build/doorlock_sniper
[0.955s] -- Install configuration: ""
[0.955s] -- Up-to-date: /home/drwwwzer/many/RM_myself/5lakes/install/doorlock_sniper/share/ament_index/resource_index/rosidl_interfaces/doorlock_sniper
[0.955s] -- Up-to-date: /home/drwwwzer/many/RM_myself/5lakes/install/doorlock_sniper/include/doorlock_sniper/doorlock_sniper
[0.955s] -- Up-to-date: /home/drwwwzer/many/RM_myself/5lakes/install/doorlock_sniper/include/doorlock_sniper/doorlock_sniper/msg
[0.955s] -- Up-to-date: /home/drwwwzer/many/RM_myself/5lakes/install/doorlock_sniper/include/doorlock_sniper/doorlock_sniper/msg/detail
[0.956s] -- Up-to-date: /home/drwwwzer/many/RM_myself/5lakes/install/doorlock_sniper/include/doorlock_sniper/doorlock_sniper/msg/detail/video_packet__functions.h
[0.956s] -- Up-to-date: /home/drwwwzer/many/RM_myself/5lakes/install/doorlock_sniper/include/doorlock_sniper/doorlock_sniper/msg/detail/video_packet__struct.h
[0.956s] -- Up-to-date: /home/drwwwzer/many/RM_myself/5lakes/install/doorlock_sniper/include/doorlock_sniper/doorlock_sniper/msg/detail/video_packet__type_support.h
[0.956s] -- Up-to-date: /home/drwwwzer/many/RM_myself/5lakes/install/doorlock_sniper/include/doorlock_sniper/doorlock_sniper/msg/detail/video_packet__functions.c
[0.956s] -- Up-to-date: /home/drwwwzer/many/RM_myself/5lakes/install/doorlock_sniper/include/doorlock_sniper/doorlock_sniper/msg/video_packet.h
[0.956s] -- Up-to-date: /home/drwwwzer/many/RM_myself/5lakes/install/doorlock_sniper/include/doorlock_sniper/doorlock_sniper/msg/rosidl_generator_c__visibility_control.h
[0.956s] -- Up-to-date: /home/drwwwzer/many/RM_myself/5lakes/install/doorlock_sniper/share/doorlock_sniper/environment/library_path.sh
[0.956s] -- Installing: /home/drwwwzer/many/RM_myself/5lakes/install/doorlock_sniper/share/doorlock_sniper/environment/library_path.dsv
[0.956s] -- Up-to-date: /home/drwwwzer/many/RM_myself/5lakes/install/doorlock_sniper/lib/libdoorlock_sniper__rosidl_generator_c.so
[0.956s] -- Up-to-date: /home/drwwwzer/many/RM_myself/5lakes/install/doorlock_sniper/include/doorlock_sniper/doorlock_sniper
[0.956s] -- Up-to-date: /home/drwwwzer/many/RM_myself/5lakes/install/doorlock_sniper/include/doorlock_sniper/doorlock_sniper/msg
[0.956s] -- Up-to-date: /home/drwwwzer/many/RM_myself/5lakes/install/doorlock_sniper/include/doorlock_sniper/doorlock_sniper/msg/detail
[0.956s] -- Up-to-date: /home/drwwwzer/many/RM_myself/5lakes/install/doorlock_sniper/include/doorlock_sniper/doorlock_sniper/msg/detail/video_packet__rosidl_typesupport_fastrtps_c.h
[0.956s] -- Up-to-date: /home/drwwwzer/many/RM_myself/5lakes/install/doorlock_sniper/include/doorlock_sniper/doorlock_sniper/msg/rosidl_typesupport_fastrtps_c__visibility_control.h
[0.956s] -- Up-to-date: /home/drwwwzer/many/RM_myself/5lakes/install/doorlock_sniper/lib/libdoorlock_sniper__rosidl_typesupport_fastrtps_c.so
[0.957s] -- Up-to-date: /home/drwwwzer/many/RM_myself/5lakes/install/doorlock_sniper/include/doorlock_sniper/doorlock_sniper
[0.957s] -- Up-to-date: /home/drwwwzer/many/RM_myself/5lakes/install/doorlock_sniper/include/doorlock_sniper/doorlock_sniper/msg
[0.957s] -- Up-to-date: /home/drwwwzer/many/RM_myself/5lakes/install/doorlock_sniper/include/doorlock_sniper/doorlock_sniper/msg/detail
[0.957s] -- Up-to-date: /home/drwwwzer/many/RM_myself/5lakes/install/doorlock_sniper/include/doorlock_sniper/doorlock_sniper/msg/detail/video_packet__type_support.hpp
[0.957s] -- Up-to-date: /home/drwwwzer/many/RM_myself/5lakes/install/doorlock_sniper/include/doorlock_sniper/doorlock_sniper/msg/detail/video_packet__traits.hpp
[0.957s] -- Up-to-date: /home/drwwwzer/many/RM_myself/5lakes/install/doorlock_sniper/include/doorlock_sniper/doorlock_sniper/msg/detail/video_packet__struct.hpp
[0.957s] -- Up-to-date: /home/drwwwzer/many/RM_myself/5lakes/install/doorlock_sniper/include/doorlock_sniper/doorlock_sniper/msg/detail/video_packet__builder.hpp
[0.957s] -- Up-to-date: /home/drwwwzer/many/RM_myself/5lakes/install/doorlock_sniper/include/doorlock_sniper/doorlock_sniper/msg/video_packet.hpp
[0.957s] -- Up-to-date: /home/drwwwzer/many/RM_myself/5lakes/install/doorlock_sniper/include/doorlock_sniper/doorlock_sniper/msg/rosidl_generator_cpp__visibility_control.hpp
[0.957s] -- Up-to-date: /home/drwwwzer/many/RM_myself/5lakes/install/doorlock_sniper/include/doorlock_sniper/doorlock_sniper
[0.957s] -- Up-to-date: /home/drwwwzer/many/RM_myself/5lakes/install/doorlock_sniper/include/doorlock_sniper/doorlock_sniper/msg
[0.957s] -- Up-to-date: /home/drwwwzer/many/RM_myself/5lakes/install/doorlock_sniper/include/doorlock_sniper/doorlock_sniper/msg/detail
[0.957s] -- Up-to-date: /home/drwwwzer/many/RM_myself/5lakes/install/doorlock_sniper/include/doorlock_sniper/doorlock_sniper/msg/detail/video_packet__rosidl_typesupport_fastrtps_cpp.hpp
[0.957s] -- Up-to-date: /home/drwwwzer/many/RM_myself/5lakes/install/doorlock_sniper/include/doorlock_sniper/doorlock_sniper/msg/detail/dds_fastrtps
[0.957s] -- Up-to-date: /home/drwwwzer/many/RM_myself/5lakes/install/doorlock_sniper/include/doorlock_sniper/doorlock_sniper/msg/rosidl_typesupport_fastrtps_cpp__visibility_control.h
[0.957s] -- Up-to-date: /home/drwwwzer/many/RM_myself/5lakes/install/doorlock_sniper/lib/libdoorlock_sniper__rosidl_typesupport_fastrtps_cpp.so
[0.958s] -- Up-to-date: /home/drwwwzer/many/RM_myself/5lakes/install/doorlock_sniper/include/doorlock_sniper/doorlock_sniper
[0.958s] -- Up-to-date: /home/drwwwzer/many/RM_myself/5lakes/install/doorlock_sniper/include/doorlock_sniper/doorlock_sniper/msg
[0.958s] -- Up-to-date: /home/drwwwzer/many/RM_myself/5lakes/install/doorlock_sniper/include/doorlock_sniper/doorlock_sniper/msg/detail
[0.958s] -- Up-to-date: /home/drwwwzer/many/RM_myself/5lakes/install/doorlock_sniper/include/doorlock_sniper/doorlock_sniper/msg/detail/video_packet__rosidl_typesupport_introspection_c.h
[0.958s] -- Up-to-date: /home/drwwwzer/many/RM_myself/5lakes/install/doorlock_sniper/include/doorlock_sniper/doorlock_sniper/msg/detail/video_packet__type_support.c
[0.958s] -- Up-to-date: /home/drwwwzer/many/RM_myself/5lakes/install/doorlock_sniper/include/doorlock_sniper/doorlock_sniper/msg/rosidl_typesupport_introspection_c__visibility_control.h
[0.958s] -- Up-to-date: /home/drwwwzer/many/RM_myself/5lakes/install/doorlock_sniper/lib/libdoorlock_sniper__rosidl_typesupport_introspection_c.so
[0.958s] -- Up-to-date: /home/drwwwzer/many/RM_myself/5lakes/install/doorlock_sniper/lib/libdoorlock_sniper__rosidl_typesupport_c.so
[0.958s] -- Up-to-date: /home/drwwwzer/many/RM_myself/5lakes/install/doorlock_sniper/include/doorlock_sniper/doorlock_sniper
[0.958s] -- Up-to-date: /home/drwwwzer/many/RM_myself/5lakes/install/doorlock_sniper/include/doorlock_sniper/doorlock_sniper/msg
[0.958s] -- Up-to-date: /home/drwwwzer/many/RM_myself/5lakes/install/doorlock_sniper/include/doorlock_sniper/doorlock_sniper/msg/detail
[0.958s] -- Up-to-date: /home/drwwwzer/many/RM_myself/5lakes/install/doorlock_sniper/include/doorlock_sniper/doorlock_sniper/msg/detail/video_packet__type_support.cpp
[0.958s] -- Up-to-date: /home/drwwwzer/many/RM_myself/5lakes/install/doorlock_sniper/include/doorlock_sniper/doorlock_sniper/msg/detail/video_packet__rosidl_typesupport_introspection_cpp.hpp
[0.958s] -- Up-to-date: /home/drwwwzer/many/RM_myself/5lakes/install/doorlock_sniper/lib/libdoorlock_sniper__rosidl_typesupport_introspection_cpp.so
[0.958s] -- Up-to-date: /home/drwwwzer/many/RM_myself/5lakes/install/doorlock_sniper/lib/libdoorlock_sniper__rosidl_typesupport_cpp.so
[0.958s] -- Up-to-date: /home/drwwwzer/many/RM_myself/5lakes/install/doorlock_sniper/share/doorlock_sniper/environment/pythonpath.sh
[0.958s] -- Installing: /home/drwwwzer/many/RM_myself/5lakes/install/doorlock_sniper/share/doorlock_sniper/environment/pythonpath.dsv
[0.959s] -- Up-to-date: /home/drwwwzer/many/RM_myself/5lakes/install/doorlock_sniper/local/lib/python3.10/dist-packages/doorlock_sniper-0.1.0-py3.10.egg-info
[0.959s] -- Installing: /home/drwwwzer/many/RM_myself/5lakes/install/doorlock_sniper/local/lib/python3.10/dist-packages/doorlock_sniper-0.1.0-py3.10.egg-info/SOURCES.txt
[0.959s] -- Installing: /home/drwwwzer/many/RM_myself/5lakes/install/doorlock_sniper/local/lib/python3.10/dist-packages/doorlock_sniper-0.1.0-py3.10.egg-info/dependency_links.txt
[0.959s] -- Installing: /home/drwwwzer/many/RM_myself/5lakes/install/doorlock_sniper/local/lib/python3.10/dist-packages/doorlock_sniper-0.1.0-py3.10.egg-info/PKG-INFO
[0.959s] -- Installing: /home/drwwwzer/many/RM_myself/5lakes/install/doorlock_sniper/local/lib/python3.10/dist-packages/doorlock_sniper-0.1.0-py3.10.egg-info/top_level.txt
[0.959s] -- Up-to-date: /home/drwwwzer/many/RM_myself/5lakes/install/doorlock_sniper/local/lib/python3.10/dist-packages/doorlock_sniper
[0.959s] -- Up-to-date: /home/drwwwzer/many/RM_myself/5lakes/install/doorlock_sniper/local/lib/python3.10/dist-packages/doorlock_sniper/doorlock_sniper_s__rosidl_typesupport_fastrtps_c.cpython-310-x86_64-linux-gnu.so
[0.959s] -- Up-to-date: /home/drwwwzer/many/RM_myself/5lakes/install/doorlock_sniper/local/lib/python3.10/dist-packages/doorlock_sniper/doorlock_sniper_s__rosidl_typesupport_introspection_c.cpython-310-x86_64-linux-gnu.so
[0.959s] -- Up-to-date: /home/drwwwzer/many/RM_myself/5lakes/install/doorlock_sniper/local/lib/python3.10/dist-packages/doorlock_sniper/_doorlock_sniper_s.ep.rosidl_typesupport_introspection_c.c
[0.959s] -- Installing: /home/drwwwzer/many/RM_myself/5lakes/install/doorlock_sniper/local/lib/python3.10/dist-packages/doorlock_sniper/__init__.py
[0.959s] -- Up-to-date: /home/drwwwzer/many/RM_myself/5lakes/install/doorlock_sniper/local/lib/python3.10/dist-packages/doorlock_sniper/doorlock_sniper_s__rosidl_typesupport_c.cpython-310-x86_64-linux-gnu.so
[0.959s] -- Up-to-date: /home/drwwwzer/many/RM_myself/5lakes/install/doorlock_sniper/local/lib/python3.10/dist-packages/doorlock_sniper/_doorlock_sniper_s.ep.rosidl_typesupport_c.c
[0.959s] -- Up-to-date: /home/drwwwzer/many/RM_myself/5lakes/install/doorlock_sniper/local/lib/python3.10/dist-packages/doorlock_sniper/_doorlock_sniper_s.ep.rosidl_typesupport_fastrtps_c.c
[0.959s] -- Up-to-date: /home/drwwwzer/many/RM_myself/5lakes/install/doorlock_sniper/local/lib/python3.10/dist-packages/doorlock_sniper/libdoorlock_sniper__rosidl_generator_py.so
[0.959s] -- Up-to-date: /home/drwwwzer/many/RM_myself/5lakes/install/doorlock_sniper/local/lib/python3.10/dist-packages/doorlock_sniper/msg
[0.959s] -- Up-to-date: /home/drwwwzer/many/RM_myself/5lakes/install/doorlock_sniper/local/lib/python3.10/dist-packages/doorlock_sniper/msg/_video_packet.py
[0.959s] -- Up-to-date: /home/drwwwzer/many/RM_myself/5lakes/install/doorlock_sniper/local/lib/python3.10/dist-packages/doorlock_sniper/msg/_video_packet_s.c
[0.959s] -- Up-to-date: /home/drwwwzer/many/RM_myself/5lakes/install/doorlock_sniper/local/lib/python3.10/dist-packages/doorlock_sniper/msg/__init__.py
[0.976s] Listing '/home/drwwwzer/many/RM_myself/5lakes/install/doorlock_sniper/local/lib/python3.10/dist-packages/doorlock_sniper'...
[0.976s] Compiling '/home/drwwwzer/many/RM_myself/5lakes/install/doorlock_sniper/local/lib/python3.10/dist-packages/doorlock_sniper/__init__.py'...
[0.976s] Listing '/home/drwwwzer/many/RM_myself/5lakes/install/doorlock_sniper/local/lib/python3.10/dist-packages/doorlock_sniper/msg'...
[0.978s] -- Up-to-date: /home/drwwwzer/many/RM_myself/5lakes/install/doorlock_sniper/local/lib/python3.10/dist-packages/doorlock_sniper/doorlock_sniper_s__rosidl_typesupport_fastrtps_c.cpython-310-x86_64-linux-gnu.so
[0.978s] -- Up-to-date: /home/drwwwzer/many/RM_myself/5lakes/install/doorlock_sniper/local/lib/python3.10/dist-packages/doorlock_sniper/doorlock_sniper_s__rosidl_typesupport_introspection_c.cpython-310-x86_64-linux-gnu.so
[0.979s] -- Up-to-date: /home/drwwwzer/many/RM_myself/5lakes/install/doorlock_sniper/local/lib/python3.10/dist-packages/doorlock_sniper/doorlock_sniper_s__rosidl_typesupport_c.cpython-310-x86_64-linux-gnu.so
[0.979s] -- Up-to-date: /home/drwwwzer/many/RM_myself/5lakes/install/doorlock_sniper/lib/libdoorlock_sniper__rosidl_generator_py.so
[0.979s] -- Up-to-date: /home/drwwwzer/many/RM_myself/5lakes/install/doorlock_sniper/share/doorlock_sniper/msg/VideoPacket.idl
[0.979s] -- Up-to-date: /home/drwwwzer/many/RM_myself/5lakes/install/doorlock_sniper/share/doorlock_sniper/msg/VideoPacket.msg
[0.979s] -- Up-to-date: /home/drwwwzer/many/RM_myself/5lakes/install/doorlock_sniper/lib/libvideo_encoder_node.so
[0.979s] -- Up-to-date: /home/drwwwzer/many/RM_myself/5lakes/install/doorlock_sniper/include
[0.979s] -- Up-to-date: /home/drwwwzer/many/RM_myself/5lakes/install/doorlock_sniper/include/doorlock_sniper
[0.979s] -- Up-to-date: /home/drwwwzer/many/RM_myself/5lakes/install/doorlock_sniper/include/doorlock_sniper/video_encoder_node.hpp
[0.979s] -- Up-to-date: /home/drwwwzer/many/RM_myself/5lakes/install/doorlock_sniper/share/doorlock_sniper/msg
[0.979s] -- Up-to-date: /home/drwwwzer/many/RM_myself/5lakes/install/doorlock_sniper/share/doorlock_sniper/msg/VideoPacket.msg
[0.979s] -- Up-to-date: /home/drwwwzer/many/RM_myself/5lakes/install/doorlock_sniper/lib/doorlock_sniper/udp_forwarder.py
[0.979s] -- Up-to-date: /home/drwwwzer/many/RM_myself/5lakes/install/doorlock_sniper/share/ament_index/resource_index/package_run_dependencies/doorlock_sniper
[0.979s] -- Up-to-date: /home/drwwwzer/many/RM_myself/5lakes/install/doorlock_sniper/share/ament_index/resource_index/parent_prefix_path/doorlock_sniper
[0.980s] -- Up-to-date: /home/drwwwzer/many/RM_myself/5lakes/install/doorlock_sniper/share/doorlock_sniper/environment/ament_prefix_path.sh
[0.980s] -- Installing: /home/drwwwzer/many/RM_myself/5lakes/install/doorlock_sniper/share/doorlock_sniper/environment/ament_prefix_path.dsv
[0.980s] -- Up-to-date: /home/drwwwzer/many/RM_myself/5lakes/install/doorlock_sniper/share/doorlock_sniper/environment/path.sh
[0.980s] -- Installing: /home/drwwwzer/many/RM_myself/5lakes/install/doorlock_sniper/share/doorlock_sniper/environment/path.dsv
[0.980s] -- Up-to-date: /home/drwwwzer/many/RM_myself/5lakes/install/doorlock_sniper/share/doorlock_sniper/local_setup.bash
[0.980s] -- Up-to-date: /home/drwwwzer/many/RM_myself/5lakes/install/doorlock_sniper/share/doorlock_sniper/local_setup.sh
[0.980s] -- Up-to-date: /home/drwwwzer/many/RM_myself/5lakes/install/doorlock_sniper/share/doorlock_sniper/local_setup.zsh
[0.980s] -- Installing: /home/drwwwzer/many/RM_myself/5lakes/install/doorlock_sniper/share/doorlock_sniper/local_setup.dsv
[0.980s] -- Installing: /home/drwwwzer/many/RM_myself/5lakes/install/doorlock_sniper/share/doorlock_sniper/package.dsv
[0.980s] -- Up-to-date: /home/drwwwzer/many/RM_myself/5lakes/install/doorlock_sniper/share/ament_index/resource_index/packages/doorlock_sniper
[0.980s] -- Up-to-date: /home/drwwwzer/many/RM_myself/5lakes/install/doorlock_sniper/share/doorlock_sniper/cmake/export_doorlock_sniper__rosidl_generator_cExport.cmake
[0.980s] -- Up-to-date: /home/drwwwzer/many/RM_myself/5lakes/install/doorlock_sniper/share/doorlock_sniper/cmake/export_doorlock_sniper__rosidl_generator_cExport-noconfig.cmake
[0.980s] -- Up-to-date: /home/drwwwzer/many/RM_myself/5lakes/install/doorlock_sniper/share/doorlock_sniper/cmake/export_doorlock_sniper__rosidl_typesupport_fastrtps_cExport.cmake
[0.980s] -- Up-to-date: /home/drwwwzer/many/RM_myself/5lakes/install/doorlock_sniper/share/doorlock_sniper/cmake/export_doorlock_sniper__rosidl_typesupport_fastrtps_cExport-noconfig.cmake
[0.980s] -- Up-to-date: /home/drwwwzer/many/RM_myself/5lakes/install/doorlock_sniper/share/doorlock_sniper/cmake/export_doorlock_sniper__rosidl_generator_cppExport.cmake
[0.980s] -- Up-to-date: /home/drwwwzer/many/RM_myself/5lakes/install/doorlock_sniper/share/doorlock_sniper/cmake/export_doorlock_sniper__rosidl_typesupport_fastrtps_cppExport.cmake
[0.981s] -- Up-to-date: /home/drwwwzer/many/RM_myself/5lakes/install/doorlock_sniper/share/doorlock_sniper/cmake/export_doorlock_sniper__rosidl_typesupport_fastrtps_cppExport-noconfig.cmake
[0.981s] -- Up-to-date: /home/drwwwzer/many/RM_myself/5lakes/install/doorlock_sniper/share/doorlock_sniper/cmake/doorlock_sniper__rosidl_typesupport_introspection_cExport.cmake
[0.981s] -- Up-to-date: /home/drwwwzer/many/RM_myself/5lakes/install/doorlock_sniper/share/doorlock_sniper/cmake/doorlock_sniper__rosidl_typesupport_introspection_cExport-noconfig.cmake
[0.981s] -- Up-to-date: /home/drwwwzer/many/RM_myself/5lakes/install/doorlock_sniper/share/doorlock_sniper/cmake/doorlock_sniper__rosidl_typesupport_cExport.cmake
[0.981s] -- Up-to-date: /home/drwwwzer/many/RM_myself/5lakes/install/doorlock_sniper/share/doorlock_sniper/cmake/doorlock_sniper__rosidl_typesupport_cExport-noconfig.cmake
[0.981s] -- Up-to-date: /home/drwwwzer/many/RM_myself/5lakes/install/doorlock_sniper/share/doorlock_sniper/cmake/doorlock_sniper__rosidl_typesupport_introspection_cppExport.cmake
[0.981s] -- Up-to-date: /home/drwwwzer/many/RM_myself/5lakes/install/doorlock_sniper/share/doorlock_sniper/cmake/doorlock_sniper__rosidl_typesupport_introspection_cppExport-noconfig.cmake
[0.981s] -- Up-to-date: /home/drwwwzer/many/RM_myself/5lakes/install/doorlock_sniper/share/doorlock_sniper/cmake/doorlock_sniper__rosidl_typesupport_cppExport.cmake
[0.981s] -- Up-to-date: /home/drwwwzer/many/RM_myself/5lakes/install/doorlock_sniper/share/doorlock_sniper/cmake/doorlock_sniper__rosidl_typesupport_cppExport-noconfig.cmake
[0.981s] -- Up-to-date: /home/drwwwzer/many/RM_myself/5lakes/install/doorlock_sniper/share/doorlock_sniper/cmake/export_doorlock_sniper__rosidl_generator_pyExport.cmake
[0.981s] -- Up-to-date: /home/drwwwzer/many/RM_myself/5lakes/install/doorlock_sniper/share/doorlock_sniper/cmake/export_doorlock_sniper__rosidl_generator_pyExport-noconfig.cmake
[0.981s] -- Up-to-date: /home/drwwwzer/many/RM_myself/5lakes/install/doorlock_sniper/share/ament_index/resource_index/rclcpp_components/doorlock_sniper
[0.981s] -- Up-to-date: /home/drwwwzer/many/RM_myself/5lakes/install/doorlock_sniper/share/doorlock_sniper/cmake/rosidl_cmake-extras.cmake
[0.981s] -- Up-to-date: /home/drwwwzer/many/RM_myself/5lakes/install/doorlock_sniper/share/doorlock_sniper/cmake/ament_cmake_export_dependencies-extras.cmake
[0.982s] -- Up-to-date: /home/drwwwzer/many/RM_myself/5lakes/install/doorlock_sniper/share/doorlock_sniper/cmake/ament_cmake_export_include_directories-extras.cmake
[0.983s] -- Up-to-date: /home/drwwwzer/many/RM_myself/5lakes/install/doorlock_sniper/share/doorlock_sniper/cmake/ament_cmake_export_libraries-extras.cmake
[0.983s] -- Up-to-date: /home/drwwwzer/many/RM_myself/5lakes/install/doorlock_sniper/share/doorlock_sniper/cmake/ament_cmake_export_targets-extras.cmake
[0.983s] -- Up-to-date: /home/drwwwzer/many/RM_myself/5lakes/install/doorlock_sniper/share/doorlock_sniper/cmake/rosidl_cmake_export_typesupport_targets-extras.cmake
[0.983s] -- Up-to-date: /home/drwwwzer/many/RM_myself/5lakes/install/doorlock_sniper/share/doorlock_sniper/cmake/rosidl_cmake_export_typesupport_libraries-extras.cmake
[0.983s] -- Up-to-date: /home/drwwwzer/many/RM_myself/5lakes/install/doorlock_sniper/share/doorlock_sniper/cmake/doorlock_sniperConfig.cmake
[0.983s] -- Up-to-date: /home/drwwwzer/many/RM_myself/5lakes/install/doorlock_sniper/share/doorlock_sniper/cmake/doorlock_sniperConfig-version.cmake
[0.983s] -- Up-to-date: /home/drwwwzer/many/RM_myself/5lakes/install/doorlock_sniper/share/doorlock_sniper/package.xml
[0.983s] Invoked command in '/home/drwwwzer/many/RM_myself/5lakes/build/doorlock_sniper' returned '0': CMAKE_PREFIX_PATH=/opt/ros/humble /usr/bin/cmake --install /home/drwwwzer/many/RM_myself/5lakes/build/doorlock_sniper
