[0.015s] Invoking command in '/home/drwwwzer/index of open sources/5lakes/build/bringup': CMAKE_PREFIX_PATH=/opt/ros/humble /usr/bin/cmake --build /home/drwwwzer/index of open sources/5lakes/build/bringup -- -j24 -l24
[0.052s] Invoked command in '/home/drwwwzer/index of open sources/5lakes/build/bringup' returned '0': CMAKE_PREFIX_PATH=/opt/ros/humble /usr/bin/cmake --build /home/drwwwzer/index of open sources/5lakes/build/bringup -- -j24 -l24
[0.067s] Invoking command in '/home/drwwwzer/index of open sources/5lakes/build/bringup': CMAKE_PREFIX_PATH=/opt/ros/humble /usr/bin/cmake --install /home/drwwwzer/index of open sources/5lakes/build/bringup
[0.078s] -- Install configuration: ""
[0.078s] -- Up-to-date: /home/drwwwzer/index of open sources/5lakes/install/bringup/share/bringup/launch
[0.078s] -- Up-to-date: /home/drwwwzer/index of open sources/5lakes/install/bringup/share/bringup/launch/__pycache__
[0.078s] -- Installing: /home/drwwwzer/index of open sources/5lakes/install/bringup/share/bringup/launch/__pycache__/sniper.launch.cpython-310.pyc
[0.078s] -- Up-to-date: /home/drwwwzer/index of open sources/5lakes/install/bringup/share/bringup/launch/sniper.launch.py
[0.079s] -- Up-to-date: /home/drwwwzer/index of open sources/5lakes/install/bringup/share/ament_index/resource_index/package_run_dependencies/bringup
[0.080s] -- Up-to-date: /home/drwwwzer/index of open sources/5lakes/install/bringup/share/ament_index/resource_index/parent_prefix_path/bringup
[0.080s] -- Up-to-date: /home/drwwwzer/index of open sources/5lakes/install/bringup/share/bringup/environment/ament_prefix_path.sh
[0.080s] -- Up-to-date: /home/drwwwzer/index of open sources/5lakes/install/bringup/share/bringup/environment/ament_prefix_path.dsv
[0.080s] -- Up-to-date: /home/drwwwzer/index of open sources/5lakes/install/bringup/share/bringup/environment/path.sh
[0.080s] -- Up-to-date: /home/drwwwzer/index of open sources/5lakes/install/bringup/share/bringup/environment/path.dsv
[0.080s] -- Up-to-date: /home/drwwwzer/index of open sources/5lakes/install/bringup/share/bringup/local_setup.bash
[0.081s] -- Up-to-date: /home/drwwwzer/index of open sources/5lakes/install/bringup/share/bringup/local_setup.sh
[0.081s] -- Up-to-date: /home/drwwwzer/index of open sources/5lakes/install/bringup/share/bringup/local_setup.zsh
[0.082s] -- Up-to-date: /home/drwwwzer/index of open sources/5lakes/install/bringup/share/bringup/local_setup.dsv
[0.082s] -- Up-to-date: /home/drwwwzer/index of open sources/5lakes/install/bringup/share/bringup/package.dsv
[0.082s] -- Up-to-date: /home/drwwwzer/index of open sources/5lakes/install/bringup/share/ament_index/resource_index/packages/bringup
[0.082s] -- Up-to-date: /home/drwwwzer/index of open sources/5lakes/install/bringup/share/bringup/cmake/bringupConfig.cmake
[0.082s] -- Up-to-date: /home/drwwwzer/index of open sources/5lakes/install/bringup/share/bringup/cmake/bringupConfig-version.cmake
[0.082s] -- Up-to-date: /home/drwwwzer/index of open sources/5lakes/install/bringup/share/bringup/package.xml
[0.084s] Invoked command in '/home/drwwwzer/index of open sources/5lakes/build/bringup' returned '0': CMAKE_PREFIX_PATH=/opt/ros/humble /usr/bin/cmake --install /home/drwwwzer/index of open sources/5lakes/build/bringup
