[1.039s] DEBUG:colcon:Command line arguments: ['/usr/bin/colcon', 'build']
[1.039s] DEBUG:colcon:Parsed command line arguments: Namespace(log_base=None, log_level=None, verb_name='build', build_base='build', install_base='install', merge_install=False, symlink_install=False, test_result_base=None, continue_on_error=False, executor='parallel', parallel_workers=24, event_handlers=None, ignore_user_meta=False, metas=['./colcon.meta'], base_paths=['.'], packages_ignore=None, packages_ignore_regex=None, paths=None, packages_up_to=None, packages_up_to_regex=None, packages_above=None, packages_above_and_dependencies=None, packages_above_depth=None, packages_select_by_dep=None, packages_skip_by_dep=None, packages_skip_up_to=None, packages_select_build_failed=False, packages_skip_build_finished=False, packages_select_test_failures=False, packages_skip_test_passed=False, packages_select=None, packages_skip=None, packages_select_regex=None, packages_skip_regex=None, packages_start=None, packages_end=None, allow_overriding=[], cmake_args=None, cmake_target=None, cmake_target_skip_unavailable=False, cmake_clean_cache=False, cmake_clean_first=False, cmake_force_configure=False, ament_cmake_args=None, catkin_cmake_args=None, catkin_skip_building_tests=False, verb_parser=<colcon_defaults.argument_parser.defaults.DefaultArgumentsDecorator object at 0x71ea92655060>, verb_extension=<colcon_core.verb.build.BuildVerb object at 0x71ea92654b50>, main=<bound method BuildVerb.main of <colcon_core.verb.build.BuildVerb object at 0x71ea92654b50>>)
[2.510s] Level 1:colcon.colcon_core.package_discovery:discover_packages(colcon_meta) check parameters
[2.510s] Level 1:colcon.colcon_core.package_discovery:discover_packages(recursive) check parameters
[2.510s] Level 1:colcon.colcon_core.package_discovery:discover_packages(ignore) check parameters
[2.510s] Level 1:colcon.colcon_core.package_discovery:discover_packages(path) check parameters
[2.510s] Level 1:colcon.colcon_core.package_discovery:discover_packages(colcon_meta) discover
[2.510s] Level 1:colcon.colcon_core.package_discovery:discover_packages(recursive) discover
[2.510s] INFO:colcon.colcon_core.package_discovery:Crawling recursively for packages in '/home/drwwwzer/many/RM_myself/5lakes'
[2.510s] Level 1:colcon.colcon_core.package_identification:_identify(.) by extensions ['ignore', 'ignore_ament_install']
[2.511s] Level 1:colcon.colcon_core.package_identification:_identify(.) by extension 'ignore'
[2.511s] Level 1:colcon.colcon_core.package_identification:_identify(.) by extension 'ignore_ament_install'
[2.511s] Level 1:colcon.colcon_core.package_identification:_identify(.) by extensions ['colcon_pkg']
[2.511s] Level 1:colcon.colcon_core.package_identification:_identify(.) by extension 'colcon_pkg'
[2.511s] Level 1:colcon.colcon_core.package_identification:_identify(.) by extensions ['colcon_meta']
[2.511s] Level 1:colcon.colcon_core.package_identification:_identify(.) by extension 'colcon_meta'
[2.511s] Level 1:colcon.colcon_core.package_identification:_identify(.) by extensions ['ros']
[2.511s] Level 1:colcon.colcon_core.package_identification:_identify(.) by extension 'ros'
[2.527s] Level 1:colcon.colcon_core.package_identification:_identify(.) by extensions ['cmake', 'python']
[2.527s] Level 1:colcon.colcon_core.package_identification:_identify(.) by extension 'cmake'
[2.527s] Level 1:colcon.colcon_core.package_identification:_identify(.) by extension 'python'
[2.527s] Level 1:colcon.colcon_core.package_identification:_identify(.) by extensions ['python_setup_py']
[2.527s] Level 1:colcon.colcon_core.package_identification:_identify(.) by extension 'python_setup_py'
[2.527s] Level 1:colcon.colcon_core.package_identification:_identify(build) by extensions ['ignore', 'ignore_ament_install']
[2.527s] Level 1:colcon.colcon_core.package_identification:_identify(build) by extension 'ignore'
[2.527s] Level 1:colcon.colcon_core.package_identification:_identify(build) ignored
[2.527s] Level 1:colcon.colcon_core.package_identification:_identify(install) by extensions ['ignore', 'ignore_ament_install']
[2.527s] Level 1:colcon.colcon_core.package_identification:_identify(install) by extension 'ignore'
[2.528s] Level 1:colcon.colcon_core.package_identification:_identify(install) ignored
[2.528s] Level 1:colcon.colcon_core.package_identification:_identify(log) by extensions ['ignore', 'ignore_ament_install']
[2.528s] Level 1:colcon.colcon_core.package_identification:_identify(log) by extension 'ignore'
[2.528s] Level 1:colcon.colcon_core.package_identification:_identify(log) ignored
[2.528s] Level 1:colcon.colcon_core.package_identification:_identify(zdykhd_ws) by extensions ['ignore', 'ignore_ament_install']
[2.528s] Level 1:colcon.colcon_core.package_identification:_identify(zdykhd_ws) by extension 'ignore'
[2.528s] Level 1:colcon.colcon_core.package_identification:_identify(zdykhd_ws) by extension 'ignore_ament_install'
[2.528s] Level 1:colcon.colcon_core.package_identification:_identify(zdykhd_ws) by extensions ['colcon_pkg']
[2.528s] Level 1:colcon.colcon_core.package_identification:_identify(zdykhd_ws) by extension 'colcon_pkg'
[2.528s] Level 1:colcon.colcon_core.package_identification:_identify(zdykhd_ws) by extensions ['colcon_meta']
[2.528s] Level 1:colcon.colcon_core.package_identification:_identify(zdykhd_ws) by extension 'colcon_meta'
[2.528s] Level 1:colcon.colcon_core.package_identification:_identify(zdykhd_ws) by extensions ['ros']
[2.528s] Level 1:colcon.colcon_core.package_identification:_identify(zdykhd_ws) by extension 'ros'
[2.528s] Level 1:colcon.colcon_core.package_identification:_identify(zdykhd_ws) by extensions ['cmake', 'python']
[2.528s] Level 1:colcon.colcon_core.package_identification:_identify(zdykhd_ws) by extension 'cmake'
[2.528s] Level 1:colcon.colcon_core.package_identification:_identify(zdykhd_ws) by extension 'python'
[2.528s] Level 1:colcon.colcon_core.package_identification:_identify(zdykhd_ws) by extensions ['python_setup_py']
[2.528s] Level 1:colcon.colcon_core.package_identification:_identify(zdykhd_ws) by extension 'python_setup_py'
[2.528s] Level 1:colcon.colcon_core.package_identification:_identify(zdykhd_ws/Pacific_doorlock_sniper) by extensions ['ignore', 'ignore_ament_install']
[2.528s] Level 1:colcon.colcon_core.package_identification:_identify(zdykhd_ws/Pacific_doorlock_sniper) by extension 'ignore'
[2.528s] Level 1:colcon.colcon_core.package_identification:_identify(zdykhd_ws/Pacific_doorlock_sniper) by extension 'ignore_ament_install'
[2.528s] Level 1:colcon.colcon_core.package_identification:_identify(zdykhd_ws/Pacific_doorlock_sniper) by extensions ['colcon_pkg']
[2.528s] Level 1:colcon.colcon_core.package_identification:_identify(zdykhd_ws/Pacific_doorlock_sniper) by extension 'colcon_pkg'
[2.528s] Level 1:colcon.colcon_core.package_identification:_identify(zdykhd_ws/Pacific_doorlock_sniper) by extensions ['colcon_meta']
[2.528s] Level 1:colcon.colcon_core.package_identification:_identify(zdykhd_ws/Pacific_doorlock_sniper) by extension 'colcon_meta'
[2.528s] Level 1:colcon.colcon_core.package_identification:_identify(zdykhd_ws/Pacific_doorlock_sniper) by extensions ['ros']
[2.528s] Level 1:colcon.colcon_core.package_identification:_identify(zdykhd_ws/Pacific_doorlock_sniper) by extension 'ros'
[2.528s] Level 1:colcon.colcon_core.package_identification:_identify(zdykhd_ws/Pacific_doorlock_sniper) by extensions ['cmake', 'python']
[2.528s] Level 1:colcon.colcon_core.package_identification:_identify(zdykhd_ws/Pacific_doorlock_sniper) by extension 'cmake'
[2.528s] Level 1:colcon.colcon_core.package_identification:_identify(zdykhd_ws/Pacific_doorlock_sniper) by extension 'python'
[2.528s] Level 1:colcon.colcon_core.package_identification:_identify(zdykhd_ws/Pacific_doorlock_sniper) by extensions ['python_setup_py']
[2.528s] Level 1:colcon.colcon_core.package_identification:_identify(zdykhd_ws/Pacific_doorlock_sniper) by extension 'python_setup_py'
[2.528s] Level 1:colcon.colcon_core.package_identification:_identify(zdykhd_ws/Pacific_doorlock_sniper/build) by extensions ['ignore', 'ignore_ament_install']
[2.528s] Level 1:colcon.colcon_core.package_identification:_identify(zdykhd_ws/Pacific_doorlock_sniper/build) by extension 'ignore'
[2.528s] Level 1:colcon.colcon_core.package_identification:_identify(zdykhd_ws/Pacific_doorlock_sniper/build) ignored
[2.529s] Level 1:colcon.colcon_core.package_identification:_identify(zdykhd_ws/Pacific_doorlock_sniper/install) by extensions ['ignore', 'ignore_ament_install']
[2.529s] Level 1:colcon.colcon_core.package_identification:_identify(zdykhd_ws/Pacific_doorlock_sniper/install) by extension 'ignore'
[2.529s] Level 1:colcon.colcon_core.package_identification:_identify(zdykhd_ws/Pacific_doorlock_sniper/install) ignored
[2.529s] Level 1:colcon.colcon_core.package_identification:_identify(zdykhd_ws/Pacific_doorlock_sniper/log) by extensions ['ignore', 'ignore_ament_install']
[2.529s] Level 1:colcon.colcon_core.package_identification:_identify(zdykhd_ws/Pacific_doorlock_sniper/log) by extension 'ignore'
[2.529s] Level 1:colcon.colcon_core.package_identification:_identify(zdykhd_ws/Pacific_doorlock_sniper/log) ignored
[2.529s] Level 1:colcon.colcon_core.package_identification:_identify(zdykhd_ws/Pacific_doorlock_sniper/src) by extensions ['ignore', 'ignore_ament_install']
[2.529s] Level 1:colcon.colcon_core.package_identification:_identify(zdykhd_ws/Pacific_doorlock_sniper/src) by extension 'ignore'
[2.529s] Level 1:colcon.colcon_core.package_identification:_identify(zdykhd_ws/Pacific_doorlock_sniper/src) by extension 'ignore_ament_install'
[2.529s] Level 1:colcon.colcon_core.package_identification:_identify(zdykhd_ws/Pacific_doorlock_sniper/src) by extensions ['colcon_pkg']
[2.529s] Level 1:colcon.colcon_core.package_identification:_identify(zdykhd_ws/Pacific_doorlock_sniper/src) by extension 'colcon_pkg'
[2.529s] Level 1:colcon.colcon_core.package_identification:_identify(zdykhd_ws/Pacific_doorlock_sniper/src) by extensions ['colcon_meta']
[2.529s] Level 1:colcon.colcon_core.package_identification:_identify(zdykhd_ws/Pacific_doorlock_sniper/src) by extension 'colcon_meta'
[2.529s] Level 1:colcon.colcon_core.package_identification:_identify(zdykhd_ws/Pacific_doorlock_sniper/src) by extensions ['ros']
[2.529s] Level 1:colcon.colcon_core.package_identification:_identify(zdykhd_ws/Pacific_doorlock_sniper/src) by extension 'ros'
[2.529s] Level 1:colcon.colcon_core.package_identification:_identify(zdykhd_ws/Pacific_doorlock_sniper/src) by extensions ['cmake', 'python']
[2.529s] Level 1:colcon.colcon_core.package_identification:_identify(zdykhd_ws/Pacific_doorlock_sniper/src) by extension 'cmake'
[2.529s] Level 1:colcon.colcon_core.package_identification:_identify(zdykhd_ws/Pacific_doorlock_sniper/src) by extension 'python'
[2.529s] Level 1:colcon.colcon_core.package_identification:_identify(zdykhd_ws/Pacific_doorlock_sniper/src) by extensions ['python_setup_py']
[2.529s] Level 1:colcon.colcon_core.package_identification:_identify(zdykhd_ws/Pacific_doorlock_sniper/src) by extension 'python_setup_py'
[2.529s] Level 1:colcon.colcon_core.package_identification:_identify(zdykhd_ws/Pacific_doorlock_sniper/src/bringup) by extensions ['ignore', 'ignore_ament_install']
[2.529s] Level 1:colcon.colcon_core.package_identification:_identify(zdykhd_ws/Pacific_doorlock_sniper/src/bringup) by extension 'ignore'
[2.529s] Level 1:colcon.colcon_core.package_identification:_identify(zdykhd_ws/Pacific_doorlock_sniper/src/bringup) by extension 'ignore_ament_install'
[2.529s] Level 1:colcon.colcon_core.package_identification:_identify(zdykhd_ws/Pacific_doorlock_sniper/src/bringup) by extensions ['colcon_pkg']
[2.529s] Level 1:colcon.colcon_core.package_identification:_identify(zdykhd_ws/Pacific_doorlock_sniper/src/bringup) by extension 'colcon_pkg'
[2.529s] Level 1:colcon.colcon_core.package_identification:_identify(zdykhd_ws/Pacific_doorlock_sniper/src/bringup) by extensions ['colcon_meta']
[2.529s] Level 1:colcon.colcon_core.package_identification:_identify(zdykhd_ws/Pacific_doorlock_sniper/src/bringup) by extension 'colcon_meta'
[2.529s] Level 1:colcon.colcon_core.package_identification:_identify(zdykhd_ws/Pacific_doorlock_sniper/src/bringup) by extensions ['ros']
[2.529s] Level 1:colcon.colcon_core.package_identification:_identify(zdykhd_ws/Pacific_doorlock_sniper/src/bringup) by extension 'ros'
[2.533s] DEBUG:colcon.colcon_core.package_identification:Package 'zdykhd_ws/Pacific_doorlock_sniper/src/bringup' with type 'ros.ament_cmake' and name 'bringup'
[2.533s] Level 1:colcon.colcon_core.package_identification:_identify(zdykhd_ws/Pacific_doorlock_sniper/src/doorlock_decoder) by extensions ['ignore', 'ignore_ament_install']
[2.533s] Level 1:colcon.colcon_core.package_identification:_identify(zdykhd_ws/Pacific_doorlock_sniper/src/doorlock_decoder) by extension 'ignore'
[2.533s] Level 1:colcon.colcon_core.package_identification:_identify(zdykhd_ws/Pacific_doorlock_sniper/src/doorlock_decoder) by extension 'ignore_ament_install'
[2.533s] Level 1:colcon.colcon_core.package_identification:_identify(zdykhd_ws/Pacific_doorlock_sniper/src/doorlock_decoder) by extensions ['colcon_pkg']
[2.533s] Level 1:colcon.colcon_core.package_identification:_identify(zdykhd_ws/Pacific_doorlock_sniper/src/doorlock_decoder) by extension 'colcon_pkg'
[2.533s] Level 1:colcon.colcon_core.package_identification:_identify(zdykhd_ws/Pacific_doorlock_sniper/src/doorlock_decoder) by extensions ['colcon_meta']
[2.533s] Level 1:colcon.colcon_core.package_identification:_identify(zdykhd_ws/Pacific_doorlock_sniper/src/doorlock_decoder) by extension 'colcon_meta'
[2.533s] Level 1:colcon.colcon_core.package_identification:_identify(zdykhd_ws/Pacific_doorlock_sniper/src/doorlock_decoder) by extensions ['ros']
[2.533s] Level 1:colcon.colcon_core.package_identification:_identify(zdykhd_ws/Pacific_doorlock_sniper/src/doorlock_decoder) by extension 'ros'
[2.533s] DEBUG:colcon.colcon_core.package_identification:Package 'zdykhd_ws/Pacific_doorlock_sniper/src/doorlock_decoder' with type 'ros.ament_python' and name 'doorlock_decoder'
[2.534s] Level 1:colcon.colcon_core.package_identification:_identify(zdykhd_ws/Pacific_doorlock_sniper/src/doorlock_sniper) by extensions ['ignore', 'ignore_ament_install']
[2.534s] Level 1:colcon.colcon_core.package_identification:_identify(zdykhd_ws/Pacific_doorlock_sniper/src/doorlock_sniper) by extension 'ignore'
[2.534s] Level 1:colcon.colcon_core.package_identification:_identify(zdykhd_ws/Pacific_doorlock_sniper/src/doorlock_sniper) by extension 'ignore_ament_install'
[2.534s] Level 1:colcon.colcon_core.package_identification:_identify(zdykhd_ws/Pacific_doorlock_sniper/src/doorlock_sniper) by extensions ['colcon_pkg']
[2.534s] Level 1:colcon.colcon_core.package_identification:_identify(zdykhd_ws/Pacific_doorlock_sniper/src/doorlock_sniper) by extension 'colcon_pkg'
[2.534s] Level 1:colcon.colcon_core.package_identification:_identify(zdykhd_ws/Pacific_doorlock_sniper/src/doorlock_sniper) by extensions ['colcon_meta']
[2.534s] Level 1:colcon.colcon_core.package_identification:_identify(zdykhd_ws/Pacific_doorlock_sniper/src/doorlock_sniper) by extension 'colcon_meta'
[2.534s] Level 1:colcon.colcon_core.package_identification:_identify(zdykhd_ws/Pacific_doorlock_sniper/src/doorlock_sniper) by extensions ['ros']
[2.534s] Level 1:colcon.colcon_core.package_identification:_identify(zdykhd_ws/Pacific_doorlock_sniper/src/doorlock_sniper) by extension 'ros'
[2.534s] DEBUG:colcon.colcon_core.package_identification:Package 'zdykhd_ws/Pacific_doorlock_sniper/src/doorlock_sniper' with type 'ros.ament_cmake' and name 'doorlock_sniper'
[2.534s] Level 1:colcon.colcon_core.package_identification:_identify(zdykhd_ws/realsense-ros) by extensions ['ignore', 'ignore_ament_install']
[2.534s] Level 1:colcon.colcon_core.package_identification:_identify(zdykhd_ws/realsense-ros) by extension 'ignore'
[2.534s] Level 1:colcon.colcon_core.package_identification:_identify(zdykhd_ws/realsense-ros) by extension 'ignore_ament_install'
[2.534s] Level 1:colcon.colcon_core.package_identification:_identify(zdykhd_ws/realsense-ros) by extensions ['colcon_pkg']
[2.534s] Level 1:colcon.colcon_core.package_identification:_identify(zdykhd_ws/realsense-ros) by extension 'colcon_pkg'
[2.534s] Level 1:colcon.colcon_core.package_identification:_identify(zdykhd_ws/realsense-ros) by extensions ['colcon_meta']
[2.534s] Level 1:colcon.colcon_core.package_identification:_identify(zdykhd_ws/realsense-ros) by extension 'colcon_meta'
[2.534s] Level 1:colcon.colcon_core.package_identification:_identify(zdykhd_ws/realsense-ros) by extensions ['ros']
[2.534s] Level 1:colcon.colcon_core.package_identification:_identify(zdykhd_ws/realsense-ros) by extension 'ros'
[2.534s] Level 1:colcon.colcon_core.package_identification:_identify(zdykhd_ws/realsense-ros) by extensions ['cmake', 'python']
[2.534s] Level 1:colcon.colcon_core.package_identification:_identify(zdykhd_ws/realsense-ros) by extension 'cmake'
[2.534s] Level 1:colcon.colcon_core.package_identification:_identify(zdykhd_ws/realsense-ros) by extension 'python'
[2.534s] Level 1:colcon.colcon_core.package_identification:_identify(zdykhd_ws/realsense-ros) by extensions ['python_setup_py']
[2.534s] Level 1:colcon.colcon_core.package_identification:_identify(zdykhd_ws/realsense-ros) by extension 'python_setup_py'
[2.535s] Level 1:colcon.colcon_core.package_identification:_identify(zdykhd_ws/realsense-ros/realsense2_camera) by extensions ['ignore', 'ignore_ament_install']
[2.535s] Level 1:colcon.colcon_core.package_identification:_identify(zdykhd_ws/realsense-ros/realsense2_camera) by extension 'ignore'
[2.535s] Level 1:colcon.colcon_core.package_identification:_identify(zdykhd_ws/realsense-ros/realsense2_camera) by extension 'ignore_ament_install'
[2.535s] Level 1:colcon.colcon_core.package_identification:_identify(zdykhd_ws/realsense-ros/realsense2_camera) by extensions ['colcon_pkg']
[2.535s] Level 1:colcon.colcon_core.package_identification:_identify(zdykhd_ws/realsense-ros/realsense2_camera) by extension 'colcon_pkg'
[2.535s] Level 1:colcon.colcon_core.package_identification:_identify(zdykhd_ws/realsense-ros/realsense2_camera) by extensions ['colcon_meta']
[2.535s] Level 1:colcon.colcon_core.package_identification:_identify(zdykhd_ws/realsense-ros/realsense2_camera) by extension 'colcon_meta'
[2.535s] Level 1:colcon.colcon_core.package_identification:_identify(zdykhd_ws/realsense-ros/realsense2_camera) by extensions ['ros']
[2.535s] Level 1:colcon.colcon_core.package_identification:_identify(zdykhd_ws/realsense-ros/realsense2_camera) by extension 'ros'
[2.541s] DEBUG:colcon.colcon_core.package_identification:Package 'zdykhd_ws/realsense-ros/realsense2_camera' with type 'ros.ament_cmake' and name 'realsense2_camera'
[2.541s] Level 1:colcon.colcon_core.package_identification:_identify(zdykhd_ws/realsense-ros/realsense2_camera_msgs) by extensions ['ignore', 'ignore_ament_install']
[2.541s] Level 1:colcon.colcon_core.package_identification:_identify(zdykhd_ws/realsense-ros/realsense2_camera_msgs) by extension 'ignore'
[2.541s] Level 1:colcon.colcon_core.package_identification:_identify(zdykhd_ws/realsense-ros/realsense2_camera_msgs) by extension 'ignore_ament_install'
[2.541s] Level 1:colcon.colcon_core.package_identification:_identify(zdykhd_ws/realsense-ros/realsense2_camera_msgs) by extensions ['colcon_pkg']
[2.541s] Level 1:colcon.colcon_core.package_identification:_identify(zdykhd_ws/realsense-ros/realsense2_camera_msgs) by extension 'colcon_pkg'
[2.541s] Level 1:colcon.colcon_core.package_identification:_identify(zdykhd_ws/realsense-ros/realsense2_camera_msgs) by extensions ['colcon_meta']
[2.541s] Level 1:colcon.colcon_core.package_identification:_identify(zdykhd_ws/realsense-ros/realsense2_camera_msgs) by extension 'colcon_meta'
[2.541s] Level 1:colcon.colcon_core.package_identification:_identify(zdykhd_ws/realsense-ros/realsense2_camera_msgs) by extensions ['ros']
[2.541s] Level 1:colcon.colcon_core.package_identification:_identify(zdykhd_ws/realsense-ros/realsense2_camera_msgs) by extension 'ros'
[2.542s] DEBUG:colcon.colcon_core.package_identification:Package 'zdykhd_ws/realsense-ros/realsense2_camera_msgs' with type 'ros.ament_cmake' and name 'realsense2_camera_msgs'
[2.542s] Level 1:colcon.colcon_core.package_identification:_identify(zdykhd_ws/realsense-ros/realsense2_description) by extensions ['ignore', 'ignore_ament_install']
[2.542s] Level 1:colcon.colcon_core.package_identification:_identify(zdykhd_ws/realsense-ros/realsense2_description) by extension 'ignore'
[2.542s] Level 1:colcon.colcon_core.package_identification:_identify(zdykhd_ws/realsense-ros/realsense2_description) by extension 'ignore_ament_install'
[2.542s] Level 1:colcon.colcon_core.package_identification:_identify(zdykhd_ws/realsense-ros/realsense2_description) by extensions ['colcon_pkg']
[2.542s] Level 1:colcon.colcon_core.package_identification:_identify(zdykhd_ws/realsense-ros/realsense2_description) by extension 'colcon_pkg'
[2.542s] Level 1:colcon.colcon_core.package_identification:_identify(zdykhd_ws/realsense-ros/realsense2_description) by extensions ['colcon_meta']
[2.542s] Level 1:colcon.colcon_core.package_identification:_identify(zdykhd_ws/realsense-ros/realsense2_description) by extension 'colcon_meta'
[2.542s] Level 1:colcon.colcon_core.package_identification:_identify(zdykhd_ws/realsense-ros/realsense2_description) by extensions ['ros']
[2.542s] Level 1:colcon.colcon_core.package_identification:_identify(zdykhd_ws/realsense-ros/realsense2_description) by extension 'ros'
[2.542s] DEBUG:colcon.colcon_core.package_identification:Package 'zdykhd_ws/realsense-ros/realsense2_description' with type 'ros.ament_cmake' and name 'realsense2_description'
[2.542s] Level 1:colcon.colcon_core.package_identification:_identify(zdykhd_ws/realsense-ros/scripts) by extensions ['ignore', 'ignore_ament_install']
[2.542s] Level 1:colcon.colcon_core.package_identification:_identify(zdykhd_ws/realsense-ros/scripts) by extension 'ignore'
[2.542s] Level 1:colcon.colcon_core.package_identification:_identify(zdykhd_ws/realsense-ros/scripts) by extension 'ignore_ament_install'
[2.542s] Level 1:colcon.colcon_core.package_identification:_identify(zdykhd_ws/realsense-ros/scripts) by extensions ['colcon_pkg']
[2.543s] Level 1:colcon.colcon_core.package_identification:_identify(zdykhd_ws/realsense-ros/scripts) by extension 'colcon_pkg'
[2.543s] Level 1:colcon.colcon_core.package_identification:_identify(zdykhd_ws/realsense-ros/scripts) by extensions ['colcon_meta']
[2.543s] Level 1:colcon.colcon_core.package_identification:_identify(zdykhd_ws/realsense-ros/scripts) by extension 'colcon_meta'
[2.543s] Level 1:colcon.colcon_core.package_identification:_identify(zdykhd_ws/realsense-ros/scripts) by extensions ['ros']
[2.543s] Level 1:colcon.colcon_core.package_identification:_identify(zdykhd_ws/realsense-ros/scripts) by extension 'ros'
[2.543s] Level 1:colcon.colcon_core.package_identification:_identify(zdykhd_ws/realsense-ros/scripts) by extensions ['cmake', 'python']
[2.543s] Level 1:colcon.colcon_core.package_identification:_identify(zdykhd_ws/realsense-ros/scripts) by extension 'cmake'
[2.543s] Level 1:colcon.colcon_core.package_identification:_identify(zdykhd_ws/realsense-ros/scripts) by extension 'python'
[2.543s] Level 1:colcon.colcon_core.package_identification:_identify(zdykhd_ws/realsense-ros/scripts) by extensions ['python_setup_py']
[2.543s] Level 1:colcon.colcon_core.package_identification:_identify(zdykhd_ws/realsense-ros/scripts) by extension 'python_setup_py'
[2.543s] Level 1:colcon.colcon_core.package_discovery:discover_packages(recursive) using defaults
[2.543s] Level 1:colcon.colcon_core.package_discovery:discover_packages(ignore) discover
[2.543s] Level 1:colcon.colcon_core.package_discovery:discover_packages(ignore) using defaults
[2.543s] Level 1:colcon.colcon_core.package_discovery:discover_packages(path) discover
[2.543s] Level 1:colcon.colcon_core.package_discovery:discover_packages(path) using defaults
[2.639s] Level 1:colcon.colcon_core.package_discovery:discover_packages(prefix_path) check parameters
[2.639s] Level 1:colcon.colcon_core.package_discovery:discover_packages(prefix_path) discover
[2.646s] DEBUG:colcon.colcon_installed_package_information.package_discovery:Found 445 installed packages in /opt/ros/humble
[2.649s] Level 1:colcon.colcon_core.package_discovery:discover_packages(prefix_path) using defaults
[2.684s] Level 5:colcon.colcon_core.verb:set package 'bringup' build argument 'cmake_args' from command line to 'None'
[2.684s] Level 5:colcon.colcon_core.verb:set package 'bringup' build argument 'cmake_target' from command line to 'None'
[2.684s] Level 5:colcon.colcon_core.verb:set package 'bringup' build argument 'cmake_target_skip_unavailable' from command line to 'False'
[2.684s] Level 5:colcon.colcon_core.verb:set package 'bringup' build argument 'cmake_clean_cache' from command line to 'False'
[2.684s] Level 5:colcon.colcon_core.verb:set package 'bringup' build argument 'cmake_clean_first' from command line to 'False'
[2.684s] Level 5:colcon.colcon_core.verb:set package 'bringup' build argument 'cmake_force_configure' from command line to 'False'
[2.684s] Level 5:colcon.colcon_core.verb:set package 'bringup' build argument 'ament_cmake_args' from command line to 'None'
[2.684s] Level 5:colcon.colcon_core.verb:set package 'bringup' build argument 'catkin_cmake_args' from command line to 'None'
[2.685s] Level 5:colcon.colcon_core.verb:set package 'bringup' build argument 'catkin_skip_building_tests' from command line to 'False'
[2.685s] DEBUG:colcon.colcon_core.verb:Building package 'bringup' with the following arguments: {'ament_cmake_args': None, 'build_base': '/home/drwwwzer/many/RM_myself/5lakes/build/bringup', 'catkin_cmake_args': None, 'catkin_skip_building_tests': False, 'cmake_args': None, 'cmake_clean_cache': False, 'cmake_clean_first': False, 'cmake_force_configure': False, 'cmake_target': None, 'cmake_target_skip_unavailable': False, 'install_base': '/home/drwwwzer/many/RM_myself/5lakes/install/bringup', 'merge_install': False, 'path': '/home/drwwwzer/many/RM_myself/5lakes/zdykhd_ws/Pacific_doorlock_sniper/src/bringup', 'symlink_install': False, 'test_result_base': None}
[2.685s] Level 5:colcon.colcon_core.verb:set package 'doorlock_sniper' build argument 'cmake_args' from command line to 'None'
[2.685s] Level 5:colcon.colcon_core.verb:set package 'doorlock_sniper' build argument 'cmake_target' from command line to 'None'
[2.685s] Level 5:colcon.colcon_core.verb:set package 'doorlock_sniper' build argument 'cmake_target_skip_unavailable' from command line to 'False'
[2.685s] Level 5:colcon.colcon_core.verb:set package 'doorlock_sniper' build argument 'cmake_clean_cache' from command line to 'False'
[2.685s] Level 5:colcon.colcon_core.verb:set package 'doorlock_sniper' build argument 'cmake_clean_first' from command line to 'False'
[2.685s] Level 5:colcon.colcon_core.verb:set package 'doorlock_sniper' build argument 'cmake_force_configure' from command line to 'False'
[2.685s] Level 5:colcon.colcon_core.verb:set package 'doorlock_sniper' build argument 'ament_cmake_args' from command line to 'None'
[2.685s] Level 5:colcon.colcon_core.verb:set package 'doorlock_sniper' build argument 'catkin_cmake_args' from command line to 'None'
[2.685s] Level 5:colcon.colcon_core.verb:set package 'doorlock_sniper' build argument 'catkin_skip_building_tests' from command line to 'False'
[2.685s] DEBUG:colcon.colcon_core.verb:Building package 'doorlock_sniper' with the following arguments: {'ament_cmake_args': None, 'build_base': '/home/drwwwzer/many/RM_myself/5lakes/build/doorlock_sniper', 'catkin_cmake_args': None, 'catkin_skip_building_tests': False, 'cmake_args': None, 'cmake_clean_cache': False, 'cmake_clean_first': False, 'cmake_force_configure': False, 'cmake_target': None, 'cmake_target_skip_unavailable': False, 'install_base': '/home/drwwwzer/many/RM_myself/5lakes/install/doorlock_sniper', 'merge_install': False, 'path': '/home/drwwwzer/many/RM_myself/5lakes/zdykhd_ws/Pacific_doorlock_sniper/src/doorlock_sniper', 'symlink_install': False, 'test_result_base': None}
[2.685s] Level 5:colcon.colcon_core.verb:set package 'realsense2_camera_msgs' build argument 'cmake_args' from command line to 'None'
[2.685s] Level 5:colcon.colcon_core.verb:set package 'realsense2_camera_msgs' build argument 'cmake_target' from command line to 'None'
[2.685s] Level 5:colcon.colcon_core.verb:set package 'realsense2_camera_msgs' build argument 'cmake_target_skip_unavailable' from command line to 'False'
[2.685s] Level 5:colcon.colcon_core.verb:set package 'realsense2_camera_msgs' build argument 'cmake_clean_cache' from command line to 'False'
[2.685s] Level 5:colcon.colcon_core.verb:set package 'realsense2_camera_msgs' build argument 'cmake_clean_first' from command line to 'False'
[2.685s] Level 5:colcon.colcon_core.verb:set package 'realsense2_camera_msgs' build argument 'cmake_force_configure' from command line to 'False'
[2.685s] Level 5:colcon.colcon_core.verb:set package 'realsense2_camera_msgs' build argument 'ament_cmake_args' from command line to 'None'
[2.685s] Level 5:colcon.colcon_core.verb:set package 'realsense2_camera_msgs' build argument 'catkin_cmake_args' from command line to 'None'
[2.685s] Level 5:colcon.colcon_core.verb:set package 'realsense2_camera_msgs' build argument 'catkin_skip_building_tests' from command line to 'False'
[2.685s] DEBUG:colcon.colcon_core.verb:Building package 'realsense2_camera_msgs' with the following arguments: {'ament_cmake_args': None, 'build_base': '/home/drwwwzer/many/RM_myself/5lakes/build/realsense2_camera_msgs', 'catkin_cmake_args': None, 'catkin_skip_building_tests': False, 'cmake_args': None, 'cmake_clean_cache': False, 'cmake_clean_first': False, 'cmake_force_configure': False, 'cmake_target': None, 'cmake_target_skip_unavailable': False, 'install_base': '/home/drwwwzer/many/RM_myself/5lakes/install/realsense2_camera_msgs', 'merge_install': False, 'path': '/home/drwwwzer/many/RM_myself/5lakes/zdykhd_ws/realsense-ros/realsense2_camera_msgs', 'symlink_install': False, 'test_result_base': None}
[2.685s] Level 5:colcon.colcon_core.verb:set package 'doorlock_decoder' build argument 'cmake_args' from command line to 'None'
[2.685s] Level 5:colcon.colcon_core.verb:set package 'doorlock_decoder' build argument 'cmake_target' from command line to 'None'
[2.685s] Level 5:colcon.colcon_core.verb:set package 'doorlock_decoder' build argument 'cmake_target_skip_unavailable' from command line to 'False'
[2.685s] Level 5:colcon.colcon_core.verb:set package 'doorlock_decoder' build argument 'cmake_clean_cache' from command line to 'False'
[2.685s] Level 5:colcon.colcon_core.verb:set package 'doorlock_decoder' build argument 'cmake_clean_first' from command line to 'False'
[2.685s] Level 5:colcon.colcon_core.verb:set package 'doorlock_decoder' build argument 'cmake_force_configure' from command line to 'False'
[2.685s] Level 5:colcon.colcon_core.verb:set package 'doorlock_decoder' build argument 'ament_cmake_args' from command line to 'None'
[2.685s] Level 5:colcon.colcon_core.verb:set package 'doorlock_decoder' build argument 'catkin_cmake_args' from command line to 'None'
[2.685s] Level 5:colcon.colcon_core.verb:set package 'doorlock_decoder' build argument 'catkin_skip_building_tests' from command line to 'False'
[2.685s] DEBUG:colcon.colcon_core.verb:Building package 'doorlock_decoder' with the following arguments: {'ament_cmake_args': None, 'build_base': '/home/drwwwzer/many/RM_myself/5lakes/build/doorlock_decoder', 'catkin_cmake_args': None, 'catkin_skip_building_tests': False, 'cmake_args': None, 'cmake_clean_cache': False, 'cmake_clean_first': False, 'cmake_force_configure': False, 'cmake_target': None, 'cmake_target_skip_unavailable': False, 'install_base': '/home/drwwwzer/many/RM_myself/5lakes/install/doorlock_decoder', 'merge_install': False, 'path': '/home/drwwwzer/many/RM_myself/5lakes/zdykhd_ws/Pacific_doorlock_sniper/src/doorlock_decoder', 'symlink_install': False, 'test_result_base': None}
[2.685s] Level 5:colcon.colcon_core.verb:set package 'realsense2_camera' build argument 'cmake_args' from command line to 'None'
[2.685s] Level 5:colcon.colcon_core.verb:set package 'realsense2_camera' build argument 'cmake_target' from command line to 'None'
[2.685s] Level 5:colcon.colcon_core.verb:set package 'realsense2_camera' build argument 'cmake_target_skip_unavailable' from command line to 'False'
[2.685s] Level 5:colcon.colcon_core.verb:set package 'realsense2_camera' build argument 'cmake_clean_cache' from command line to 'False'
[2.685s] Level 5:colcon.colcon_core.verb:set package 'realsense2_camera' build argument 'cmake_clean_first' from command line to 'False'
[2.685s] Level 5:colcon.colcon_core.verb:set package 'realsense2_camera' build argument 'cmake_force_configure' from command line to 'False'
[2.685s] Level 5:colcon.colcon_core.verb:set package 'realsense2_camera' build argument 'ament_cmake_args' from command line to 'None'
[2.685s] Level 5:colcon.colcon_core.verb:set package 'realsense2_camera' build argument 'catkin_cmake_args' from command line to 'None'
[2.685s] Level 5:colcon.colcon_core.verb:set package 'realsense2_camera' build argument 'catkin_skip_building_tests' from command line to 'False'
[2.685s] DEBUG:colcon.colcon_core.verb:Building package 'realsense2_camera' with the following arguments: {'ament_cmake_args': None, 'build_base': '/home/drwwwzer/many/RM_myself/5lakes/build/realsense2_camera', 'catkin_cmake_args': None, 'catkin_skip_building_tests': False, 'cmake_args': None, 'cmake_clean_cache': False, 'cmake_clean_first': False, 'cmake_force_configure': False, 'cmake_target': None, 'cmake_target_skip_unavailable': False, 'install_base': '/home/drwwwzer/many/RM_myself/5lakes/install/realsense2_camera', 'merge_install': False, 'path': '/home/drwwwzer/many/RM_myself/5lakes/zdykhd_ws/realsense-ros/realsense2_camera', 'symlink_install': False, 'test_result_base': None}
[2.686s] Level 5:colcon.colcon_core.verb:set package 'realsense2_description' build argument 'cmake_args' from command line to 'None'
[2.686s] Level 5:colcon.colcon_core.verb:set package 'realsense2_description' build argument 'cmake_target' from command line to 'None'
[2.686s] Level 5:colcon.colcon_core.verb:set package 'realsense2_description' build argument 'cmake_target_skip_unavailable' from command line to 'False'
[2.686s] Level 5:colcon.colcon_core.verb:set package 'realsense2_description' build argument 'cmake_clean_cache' from command line to 'False'
[2.686s] Level 5:colcon.colcon_core.verb:set package 'realsense2_description' build argument 'cmake_clean_first' from command line to 'False'
[2.686s] Level 5:colcon.colcon_core.verb:set package 'realsense2_description' build argument 'cmake_force_configure' from command line to 'False'
[2.686s] Level 5:colcon.colcon_core.verb:set package 'realsense2_description' build argument 'ament_cmake_args' from command line to 'None'
[2.686s] Level 5:colcon.colcon_core.verb:set package 'realsense2_description' build argument 'catkin_cmake_args' from command line to 'None'
[2.686s] Level 5:colcon.colcon_core.verb:set package 'realsense2_description' build argument 'catkin_skip_building_tests' from command line to 'False'
[2.686s] DEBUG:colcon.colcon_core.verb:Building package 'realsense2_description' with the following arguments: {'ament_cmake_args': None, 'build_base': '/home/drwwwzer/many/RM_myself/5lakes/build/realsense2_description', 'catkin_cmake_args': None, 'catkin_skip_building_tests': False, 'cmake_args': None, 'cmake_clean_cache': False, 'cmake_clean_first': False, 'cmake_force_configure': False, 'cmake_target': None, 'cmake_target_skip_unavailable': False, 'install_base': '/home/drwwwzer/many/RM_myself/5lakes/install/realsense2_description', 'merge_install': False, 'path': '/home/drwwwzer/many/RM_myself/5lakes/zdykhd_ws/realsense-ros/realsense2_description', 'symlink_install': False, 'test_result_base': None}
[2.686s] INFO:colcon.colcon_core.executor:Executing jobs using 'parallel' executor
[2.686s] DEBUG:colcon.colcon_parallel_executor.executor.parallel:run_until_complete
[2.686s] INFO:colcon.colcon_ros.task.ament_cmake.build:Building ROS package in '/home/drwwwzer/many/RM_myself/5lakes/zdykhd_ws/realsense-ros/realsense2_camera_msgs' with build type 'ament_cmake'
[2.687s] INFO:colcon.colcon_cmake.task.cmake.build:Building CMake package in '/home/drwwwzer/many/RM_myself/5lakes/zdykhd_ws/realsense-ros/realsense2_camera_msgs'
[2.695s] INFO:colcon.colcon_core.plugin_system:Skipping extension 'colcon_core.shell.bat': Not used on non-Windows systems
[2.695s] INFO:colcon.colcon_core.shell:Skip shell extension 'powershell' for command environment: Not usable outside of PowerShell
[2.695s] DEBUG:colcon.colcon_core.shell:Skip shell extension 'dsv' for command environment
[2.701s] INFO:colcon.colcon_ros.task.ament_cmake.build:Building ROS package in '/home/drwwwzer/many/RM_myself/5lakes/zdykhd_ws/Pacific_doorlock_sniper/src/doorlock_sniper' with build type 'ament_cmake'
[2.702s] INFO:colcon.colcon_cmake.task.cmake.build:Building CMake package in '/home/drwwwzer/many/RM_myself/5lakes/zdykhd_ws/Pacific_doorlock_sniper/src/doorlock_sniper'
[2.702s] INFO:colcon.colcon_core.shell:Skip shell extension 'powershell' for command environment: Not usable outside of PowerShell
[2.702s] DEBUG:colcon.colcon_core.shell:Skip shell extension 'dsv' for command environment
[2.703s] INFO:colcon.colcon_ros.task.ament_cmake.build:Building ROS package in '/home/drwwwzer/many/RM_myself/5lakes/zdykhd_ws/Pacific_doorlock_sniper/src/bringup' with build type 'ament_cmake'
[2.703s] INFO:colcon.colcon_cmake.task.cmake.build:Building CMake package in '/home/drwwwzer/many/RM_myself/5lakes/zdykhd_ws/Pacific_doorlock_sniper/src/bringup'
[2.703s] INFO:colcon.colcon_core.shell:Skip shell extension 'powershell' for command environment: Not usable outside of PowerShell
[2.703s] DEBUG:colcon.colcon_core.shell:Skip shell extension 'dsv' for command environment
[2.707s] DEBUG:colcon.colcon_core.event_handler.log_command:Invoking command in '/home/drwwwzer/many/RM_myself/5lakes/build/realsense2_camera_msgs': CMAKE_PREFIX_PATH=/opt/ros/humble /usr/bin/cmake --build /home/drwwwzer/many/RM_myself/5lakes/build/realsense2_camera_msgs -- -j24 -l24
[2.708s] DEBUG:colcon.colcon_core.event_handler.log_command:Invoking command in '/home/drwwwzer/many/RM_myself/5lakes/build/doorlock_sniper': CMAKE_PREFIX_PATH=/opt/ros/humble /usr/bin/cmake --build /home/drwwwzer/many/RM_myself/5lakes/build/doorlock_sniper -- -j24 -l24
[2.710s] DEBUG:colcon.colcon_core.event_handler.log_command:Invoking command in '/home/drwwwzer/many/RM_myself/5lakes/build/bringup': CMAKE_PREFIX_PATH=/opt/ros/humble /usr/bin/cmake --build /home/drwwwzer/many/RM_myself/5lakes/build/bringup -- -j24 -l24
[2.861s] DEBUG:colcon.colcon_core.event_handler.log_command:Invoked command in '/home/drwwwzer/many/RM_myself/5lakes/build/bringup' returned '0': CMAKE_PREFIX_PATH=/opt/ros/humble /usr/bin/cmake --build /home/drwwwzer/many/RM_myself/5lakes/build/bringup -- -j24 -l24
[2.868s] DEBUG:colcon.colcon_core.event_handler.log_command:Invoking command in '/home/drwwwzer/many/RM_myself/5lakes/build/bringup': CMAKE_PREFIX_PATH=/opt/ros/humble /usr/bin/cmake --install /home/drwwwzer/many/RM_myself/5lakes/build/bringup
[2.874s] Level 1:colcon.colcon_core.environment:create_environment_scripts_only(bringup)
[2.874s] DEBUG:colcon.colcon_core.event_handler.log_command:Invoked command in '/home/drwwwzer/many/RM_myself/5lakes/build/bringup' returned '0': CMAKE_PREFIX_PATH=/opt/ros/humble /usr/bin/cmake --install /home/drwwwzer/many/RM_myself/5lakes/build/bringup
[2.891s] Level 1:colcon.colcon_core.environment:checking '/home/drwwwzer/many/RM_myself/5lakes/install/bringup' for CMake module files
[2.891s] Level 1:colcon.colcon_core.environment:checking '/home/drwwwzer/many/RM_myself/5lakes/install/bringup' for CMake config files
[2.892s] Level 1:colcon.colcon_core.shell:create_environment_hook('bringup', 'cmake_prefix_path')
[2.892s] INFO:colcon.colcon_core.shell:Creating environment hook '/home/drwwwzer/many/RM_myself/5lakes/install/bringup/share/bringup/hook/cmake_prefix_path.ps1'
[2.894s] INFO:colcon.colcon_core.shell:Creating environment descriptor '/home/drwwwzer/many/RM_myself/5lakes/install/bringup/share/bringup/hook/cmake_prefix_path.dsv'
[2.899s] INFO:colcon.colcon_core.shell:Creating environment hook '/home/drwwwzer/many/RM_myself/5lakes/install/bringup/share/bringup/hook/cmake_prefix_path.sh'
[2.907s] Level 1:colcon.colcon_core.environment:checking '/home/drwwwzer/many/RM_myself/5lakes/install/bringup/bin'
[2.907s] Level 1:colcon.colcon_core.environment:checking '/home/drwwwzer/many/RM_myself/5lakes/install/bringup/lib/pkgconfig/bringup.pc'
[2.908s] Level 1:colcon.colcon_core.environment:checking '/home/drwwwzer/many/RM_myself/5lakes/install/bringup/lib/python3.10/site-packages'
[2.908s] Level 1:colcon.colcon_core.environment:checking '/home/drwwwzer/many/RM_myself/5lakes/install/bringup/bin'
[2.909s] INFO:colcon.colcon_core.shell:Creating package script '/home/drwwwzer/many/RM_myself/5lakes/install/bringup/share/bringup/package.ps1'
[2.919s] INFO:colcon.colcon_core.shell:Creating package descriptor '/home/drwwwzer/many/RM_myself/5lakes/install/bringup/share/bringup/package.dsv'
[2.922s] INFO:colcon.colcon_core.shell:Creating package script '/home/drwwwzer/many/RM_myself/5lakes/install/bringup/share/bringup/package.sh'
[2.925s] INFO:colcon.colcon_core.shell:Creating package script '/home/drwwwzer/many/RM_myself/5lakes/install/bringup/share/bringup/package.bash'
[2.928s] INFO:colcon.colcon_core.shell:Creating package script '/home/drwwwzer/many/RM_myself/5lakes/install/bringup/share/bringup/package.zsh'
[2.933s] Level 1:colcon.colcon_core.environment:create_file_with_runtime_dependencies(/home/drwwwzer/many/RM_myself/5lakes/install/bringup/share/colcon-core/packages/bringup)
[2.934s] Level 1:colcon.colcon_core.environment:create_environment_scripts_only(bringup)
[2.934s] Level 1:colcon.colcon_core.environment:checking '/home/drwwwzer/many/RM_myself/5lakes/install/bringup' for CMake module files
[2.934s] Level 1:colcon.colcon_core.environment:checking '/home/drwwwzer/many/RM_myself/5lakes/install/bringup' for CMake config files
[2.934s] Level 1:colcon.colcon_core.shell:create_environment_hook('bringup', 'cmake_prefix_path')
[2.934s] INFO:colcon.colcon_core.shell:Creating environment hook '/home/drwwwzer/many/RM_myself/5lakes/install/bringup/share/bringup/hook/cmake_prefix_path.ps1'
[2.934s] INFO:colcon.colcon_core.shell:Creating environment descriptor '/home/drwwwzer/many/RM_myself/5lakes/install/bringup/share/bringup/hook/cmake_prefix_path.dsv'
[2.934s] INFO:colcon.colcon_core.shell:Creating environment hook '/home/drwwwzer/many/RM_myself/5lakes/install/bringup/share/bringup/hook/cmake_prefix_path.sh'
[2.935s] Level 1:colcon.colcon_core.environment:checking '/home/drwwwzer/many/RM_myself/5lakes/install/bringup/bin'
[2.935s] Level 1:colcon.colcon_core.environment:checking '/home/drwwwzer/many/RM_myself/5lakes/install/bringup/lib/pkgconfig/bringup.pc'
[2.935s] Level 1:colcon.colcon_core.environment:checking '/home/drwwwzer/many/RM_myself/5lakes/install/bringup/lib/python3.10/site-packages'
[2.935s] Level 1:colcon.colcon_core.environment:checking '/home/drwwwzer/many/RM_myself/5lakes/install/bringup/bin'
[2.935s] INFO:colcon.colcon_core.shell:Creating package script '/home/drwwwzer/many/RM_myself/5lakes/install/bringup/share/bringup/package.ps1'
[2.935s] INFO:colcon.colcon_core.shell:Creating package descriptor '/home/drwwwzer/many/RM_myself/5lakes/install/bringup/share/bringup/package.dsv'
[2.936s] INFO:colcon.colcon_core.shell:Creating package script '/home/drwwwzer/many/RM_myself/5lakes/install/bringup/share/bringup/package.sh'
[2.936s] INFO:colcon.colcon_core.shell:Creating package script '/home/drwwwzer/many/RM_myself/5lakes/install/bringup/share/bringup/package.bash'
[2.936s] INFO:colcon.colcon_core.shell:Creating package script '/home/drwwwzer/many/RM_myself/5lakes/install/bringup/share/bringup/package.zsh'
[2.936s] Level 1:colcon.colcon_core.environment:create_file_with_runtime_dependencies(/home/drwwwzer/many/RM_myself/5lakes/install/bringup/share/colcon-core/packages/bringup)
[3.073s] DEBUG:colcon.colcon_core.event_handler.log_command:Invoked command in '/home/drwwwzer/many/RM_myself/5lakes/build/realsense2_camera_msgs' returned '0': CMAKE_PREFIX_PATH=/opt/ros/humble /usr/bin/cmake --build /home/drwwwzer/many/RM_myself/5lakes/build/realsense2_camera_msgs -- -j24 -l24
[3.074s] DEBUG:colcon.colcon_core.event_handler.log_command:Invoking command in '/home/drwwwzer/many/RM_myself/5lakes/build/realsense2_camera_msgs': CMAKE_PREFIX_PATH=/opt/ros/humble /usr/bin/cmake --install /home/drwwwzer/many/RM_myself/5lakes/build/realsense2_camera_msgs
[3.075s] DEBUG:colcon.colcon_core.event_handler.log_command:Invoked command in '/home/drwwwzer/many/RM_myself/5lakes/build/doorlock_sniper' returned '0': CMAKE_PREFIX_PATH=/opt/ros/humble /usr/bin/cmake --build /home/drwwwzer/many/RM_myself/5lakes/build/doorlock_sniper -- -j24 -l24
[3.076s] DEBUG:colcon.colcon_core.event_handler.log_command:Invoking command in '/home/drwwwzer/many/RM_myself/5lakes/build/doorlock_sniper': CMAKE_PREFIX_PATH=/opt/ros/humble /usr/bin/cmake --install /home/drwwwzer/many/RM_myself/5lakes/build/doorlock_sniper
[3.120s] Level 1:colcon.colcon_core.environment:create_environment_scripts_only(doorlock_sniper)
[3.120s] Level 1:colcon.colcon_core.environment:checking '/home/drwwwzer/many/RM_myself/5lakes/install/doorlock_sniper' for CMake module files
[3.122s] DEBUG:colcon.colcon_core.event_handler.log_command:Invoked command in '/home/drwwwzer/many/RM_myself/5lakes/build/doorlock_sniper' returned '0': CMAKE_PREFIX_PATH=/opt/ros/humble /usr/bin/cmake --install /home/drwwwzer/many/RM_myself/5lakes/build/doorlock_sniper
[3.122s] Level 1:colcon.colcon_core.environment:checking '/home/drwwwzer/many/RM_myself/5lakes/install/doorlock_sniper' for CMake config files
[3.122s] Level 1:colcon.colcon_core.shell:create_environment_hook('doorlock_sniper', 'cmake_prefix_path')
[3.122s] INFO:colcon.colcon_core.shell:Creating environment hook '/home/drwwwzer/many/RM_myself/5lakes/install/doorlock_sniper/share/doorlock_sniper/hook/cmake_prefix_path.ps1'
[3.122s] INFO:colcon.colcon_core.shell:Creating environment descriptor '/home/drwwwzer/many/RM_myself/5lakes/install/doorlock_sniper/share/doorlock_sniper/hook/cmake_prefix_path.dsv'
[3.123s] INFO:colcon.colcon_core.shell:Creating environment hook '/home/drwwwzer/many/RM_myself/5lakes/install/doorlock_sniper/share/doorlock_sniper/hook/cmake_prefix_path.sh'
[3.123s] Level 1:colcon.colcon_core.environment:checking '/home/drwwwzer/many/RM_myself/5lakes/install/doorlock_sniper/lib'
[3.123s] Level 1:colcon.colcon_core.shell:create_environment_hook('doorlock_sniper', 'ld_library_path_lib')
[3.123s] INFO:colcon.colcon_core.shell:Creating environment hook '/home/drwwwzer/many/RM_myself/5lakes/install/doorlock_sniper/share/doorlock_sniper/hook/ld_library_path_lib.ps1'
[3.123s] INFO:colcon.colcon_core.shell:Creating environment descriptor '/home/drwwwzer/many/RM_myself/5lakes/install/doorlock_sniper/share/doorlock_sniper/hook/ld_library_path_lib.dsv'
[3.123s] INFO:colcon.colcon_core.shell:Creating environment hook '/home/drwwwzer/many/RM_myself/5lakes/install/doorlock_sniper/share/doorlock_sniper/hook/ld_library_path_lib.sh'
[3.124s] Level 1:colcon.colcon_core.environment:checking '/home/drwwwzer/many/RM_myself/5lakes/install/doorlock_sniper/bin'
[3.124s] Level 1:colcon.colcon_core.environment:checking '/home/drwwwzer/many/RM_myself/5lakes/install/doorlock_sniper/lib/pkgconfig/doorlock_sniper.pc'
[3.124s] Level 1:colcon.colcon_core.environment:checking '/home/drwwwzer/many/RM_myself/5lakes/install/doorlock_sniper/lib/python3.10/site-packages'
[3.124s] Level 1:colcon.colcon_core.environment:checking '/home/drwwwzer/many/RM_myself/5lakes/install/doorlock_sniper/bin'
[3.124s] INFO:colcon.colcon_core.shell:Creating package script '/home/drwwwzer/many/RM_myself/5lakes/install/doorlock_sniper/share/doorlock_sniper/package.ps1'
[3.124s] INFO:colcon.colcon_core.shell:Creating package descriptor '/home/drwwwzer/many/RM_myself/5lakes/install/doorlock_sniper/share/doorlock_sniper/package.dsv'
[3.124s] INFO:colcon.colcon_core.shell:Creating package script '/home/drwwwzer/many/RM_myself/5lakes/install/doorlock_sniper/share/doorlock_sniper/package.sh'
[3.124s] INFO:colcon.colcon_core.shell:Creating package script '/home/drwwwzer/many/RM_myself/5lakes/install/doorlock_sniper/share/doorlock_sniper/package.bash'
[3.125s] INFO:colcon.colcon_core.shell:Creating package script '/home/drwwwzer/many/RM_myself/5lakes/install/doorlock_sniper/share/doorlock_sniper/package.zsh'
[3.125s] Level 1:colcon.colcon_core.environment:create_file_with_runtime_dependencies(/home/drwwwzer/many/RM_myself/5lakes/install/doorlock_sniper/share/colcon-core/packages/doorlock_sniper)
[3.125s] Level 1:colcon.colcon_core.environment:create_environment_scripts_only(doorlock_sniper)
[3.125s] Level 1:colcon.colcon_core.environment:checking '/home/drwwwzer/many/RM_myself/5lakes/install/doorlock_sniper' for CMake module files
[3.125s] Level 1:colcon.colcon_core.environment:checking '/home/drwwwzer/many/RM_myself/5lakes/install/doorlock_sniper' for CMake config files
[3.126s] Level 1:colcon.colcon_core.shell:create_environment_hook('doorlock_sniper', 'cmake_prefix_path')
[3.126s] INFO:colcon.colcon_core.shell:Creating environment hook '/home/drwwwzer/many/RM_myself/5lakes/install/doorlock_sniper/share/doorlock_sniper/hook/cmake_prefix_path.ps1'
[3.126s] INFO:colcon.colcon_core.shell:Creating environment descriptor '/home/drwwwzer/many/RM_myself/5lakes/install/doorlock_sniper/share/doorlock_sniper/hook/cmake_prefix_path.dsv'
[3.126s] INFO:colcon.colcon_core.shell:Creating environment hook '/home/drwwwzer/many/RM_myself/5lakes/install/doorlock_sniper/share/doorlock_sniper/hook/cmake_prefix_path.sh'
[3.126s] Level 1:colcon.colcon_core.environment:checking '/home/drwwwzer/many/RM_myself/5lakes/install/doorlock_sniper/lib'
[3.126s] Level 1:colcon.colcon_core.shell:create_environment_hook('doorlock_sniper', 'ld_library_path_lib')
[3.126s] INFO:colcon.colcon_core.shell:Creating environment hook '/home/drwwwzer/many/RM_myself/5lakes/install/doorlock_sniper/share/doorlock_sniper/hook/ld_library_path_lib.ps1'
[3.127s] INFO:colcon.colcon_core.shell:Creating environment descriptor '/home/drwwwzer/many/RM_myself/5lakes/install/doorlock_sniper/share/doorlock_sniper/hook/ld_library_path_lib.dsv'
[3.127s] INFO:colcon.colcon_core.shell:Creating environment hook '/home/drwwwzer/many/RM_myself/5lakes/install/doorlock_sniper/share/doorlock_sniper/hook/ld_library_path_lib.sh'
[3.127s] Level 1:colcon.colcon_core.environment:checking '/home/drwwwzer/many/RM_myself/5lakes/install/doorlock_sniper/bin'
[3.127s] Level 1:colcon.colcon_core.environment:checking '/home/drwwwzer/many/RM_myself/5lakes/install/doorlock_sniper/lib/pkgconfig/doorlock_sniper.pc'
[3.127s] Level 1:colcon.colcon_core.environment:checking '/home/drwwwzer/many/RM_myself/5lakes/install/doorlock_sniper/lib/python3.10/site-packages'
[3.127s] Level 1:colcon.colcon_core.environment:checking '/home/drwwwzer/many/RM_myself/5lakes/install/doorlock_sniper/bin'
[3.127s] INFO:colcon.colcon_core.shell:Creating package script '/home/drwwwzer/many/RM_myself/5lakes/install/doorlock_sniper/share/doorlock_sniper/package.ps1'
[3.127s] INFO:colcon.colcon_core.shell:Creating package descriptor '/home/drwwwzer/many/RM_myself/5lakes/install/doorlock_sniper/share/doorlock_sniper/package.dsv'
[3.128s] INFO:colcon.colcon_core.shell:Creating package script '/home/drwwwzer/many/RM_myself/5lakes/install/doorlock_sniper/share/doorlock_sniper/package.sh'
[3.128s] INFO:colcon.colcon_core.shell:Creating package script '/home/drwwwzer/many/RM_myself/5lakes/install/doorlock_sniper/share/doorlock_sniper/package.bash'
[3.128s] INFO:colcon.colcon_core.shell:Creating package script '/home/drwwwzer/many/RM_myself/5lakes/install/doorlock_sniper/share/doorlock_sniper/package.zsh'
[3.128s] Level 1:colcon.colcon_core.environment:create_file_with_runtime_dependencies(/home/drwwwzer/many/RM_myself/5lakes/install/doorlock_sniper/share/colcon-core/packages/doorlock_sniper)
[3.128s] INFO:colcon.colcon_ros.task.ament_python.build:Building ROS package in '/home/drwwwzer/many/RM_myself/5lakes/zdykhd_ws/Pacific_doorlock_sniper/src/doorlock_decoder' with build type 'ament_python'
[3.128s] Level 1:colcon.colcon_core.shell:create_environment_hook('doorlock_decoder', 'ament_prefix_path')
[3.129s] INFO:colcon.colcon_core.shell:Creating environment hook '/home/drwwwzer/many/RM_myself/5lakes/install/doorlock_decoder/share/doorlock_decoder/hook/ament_prefix_path.ps1'
[3.129s] INFO:colcon.colcon_core.shell:Creating environment descriptor '/home/drwwwzer/many/RM_myself/5lakes/install/doorlock_decoder/share/doorlock_decoder/hook/ament_prefix_path.dsv'
[3.129s] INFO:colcon.colcon_core.shell:Creating environment hook '/home/drwwwzer/many/RM_myself/5lakes/install/doorlock_decoder/share/doorlock_decoder/hook/ament_prefix_path.sh'
[3.129s] INFO:colcon.colcon_core.shell:Skip shell extension 'powershell' for command environment: Not usable outside of PowerShell
[3.129s] DEBUG:colcon.colcon_core.shell:Skip shell extension 'dsv' for command environment
[3.131s] Level 1:colcon.colcon_core.environment:create_environment_scripts_only(realsense2_camera_msgs)
[3.131s] Level 1:colcon.colcon_core.environment:checking '/home/drwwwzer/many/RM_myself/5lakes/install/realsense2_camera_msgs' for CMake module files
[3.131s] DEBUG:colcon.colcon_core.event_handler.log_command:Invoked command in '/home/drwwwzer/many/RM_myself/5lakes/build/realsense2_camera_msgs' returned '0': CMAKE_PREFIX_PATH=/opt/ros/humble /usr/bin/cmake --install /home/drwwwzer/many/RM_myself/5lakes/build/realsense2_camera_msgs
[3.131s] Level 1:colcon.colcon_core.environment:checking '/home/drwwwzer/many/RM_myself/5lakes/install/realsense2_camera_msgs' for CMake config files
[3.132s] Level 1:colcon.colcon_core.shell:create_environment_hook('realsense2_camera_msgs', 'cmake_prefix_path')
[3.132s] INFO:colcon.colcon_core.shell:Creating environment hook '/home/drwwwzer/many/RM_myself/5lakes/install/realsense2_camera_msgs/share/realsense2_camera_msgs/hook/cmake_prefix_path.ps1'
[3.132s] INFO:colcon.colcon_core.shell:Creating environment descriptor '/home/drwwwzer/many/RM_myself/5lakes/install/realsense2_camera_msgs/share/realsense2_camera_msgs/hook/cmake_prefix_path.dsv'
[3.132s] INFO:colcon.colcon_core.shell:Creating environment hook '/home/drwwwzer/many/RM_myself/5lakes/install/realsense2_camera_msgs/share/realsense2_camera_msgs/hook/cmake_prefix_path.sh'
[3.132s] Level 1:colcon.colcon_core.environment:checking '/home/drwwwzer/many/RM_myself/5lakes/install/realsense2_camera_msgs/lib'
[3.132s] Level 1:colcon.colcon_core.shell:create_environment_hook('realsense2_camera_msgs', 'ld_library_path_lib')
[3.132s] INFO:colcon.colcon_core.shell:Creating environment hook '/home/drwwwzer/many/RM_myself/5lakes/install/realsense2_camera_msgs/share/realsense2_camera_msgs/hook/ld_library_path_lib.ps1'
[3.133s] INFO:colcon.colcon_core.shell:Creating environment descriptor '/home/drwwwzer/many/RM_myself/5lakes/install/realsense2_camera_msgs/share/realsense2_camera_msgs/hook/ld_library_path_lib.dsv'
[3.133s] INFO:colcon.colcon_core.shell:Creating environment hook '/home/drwwwzer/many/RM_myself/5lakes/install/realsense2_camera_msgs/share/realsense2_camera_msgs/hook/ld_library_path_lib.sh'
[3.133s] Level 1:colcon.colcon_core.environment:checking '/home/drwwwzer/many/RM_myself/5lakes/install/realsense2_camera_msgs/bin'
[3.133s] Level 1:colcon.colcon_core.environment:checking '/home/drwwwzer/many/RM_myself/5lakes/install/realsense2_camera_msgs/lib/pkgconfig/realsense2_camera_msgs.pc'
[3.133s] Level 1:colcon.colcon_core.environment:checking '/home/drwwwzer/many/RM_myself/5lakes/install/realsense2_camera_msgs/lib/python3.10/site-packages'
[3.133s] Level 1:colcon.colcon_core.environment:checking '/home/drwwwzer/many/RM_myself/5lakes/install/realsense2_camera_msgs/bin'
[3.133s] INFO:colcon.colcon_core.shell:Creating package script '/home/drwwwzer/many/RM_myself/5lakes/install/realsense2_camera_msgs/share/realsense2_camera_msgs/package.ps1'
[3.134s] INFO:colcon.colcon_core.shell:Creating package descriptor '/home/drwwwzer/many/RM_myself/5lakes/install/realsense2_camera_msgs/share/realsense2_camera_msgs/package.dsv'
[3.134s] INFO:colcon.colcon_core.shell:Creating package script '/home/drwwwzer/many/RM_myself/5lakes/install/realsense2_camera_msgs/share/realsense2_camera_msgs/package.sh'
[3.134s] INFO:colcon.colcon_core.shell:Creating package script '/home/drwwwzer/many/RM_myself/5lakes/install/realsense2_camera_msgs/share/realsense2_camera_msgs/package.bash'
[3.134s] INFO:colcon.colcon_core.shell:Creating package script '/home/drwwwzer/many/RM_myself/5lakes/install/realsense2_camera_msgs/share/realsense2_camera_msgs/package.zsh'
[3.134s] Level 1:colcon.colcon_core.environment:create_file_with_runtime_dependencies(/home/drwwwzer/many/RM_myself/5lakes/install/realsense2_camera_msgs/share/colcon-core/packages/realsense2_camera_msgs)
[3.134s] Level 1:colcon.colcon_core.environment:create_environment_scripts_only(realsense2_camera_msgs)
[3.135s] Level 1:colcon.colcon_core.environment:checking '/home/drwwwzer/many/RM_myself/5lakes/install/realsense2_camera_msgs' for CMake module files
[3.135s] Level 1:colcon.colcon_core.environment:checking '/home/drwwwzer/many/RM_myself/5lakes/install/realsense2_camera_msgs' for CMake config files
[3.135s] Level 1:colcon.colcon_core.shell:create_environment_hook('realsense2_camera_msgs', 'cmake_prefix_path')
[3.135s] INFO:colcon.colcon_core.shell:Creating environment hook '/home/drwwwzer/many/RM_myself/5lakes/install/realsense2_camera_msgs/share/realsense2_camera_msgs/hook/cmake_prefix_path.ps1'
[3.135s] INFO:colcon.colcon_core.shell:Creating environment descriptor '/home/drwwwzer/many/RM_myself/5lakes/install/realsense2_camera_msgs/share/realsense2_camera_msgs/hook/cmake_prefix_path.dsv'
[3.136s] INFO:colcon.colcon_core.shell:Creating environment hook '/home/drwwwzer/many/RM_myself/5lakes/install/realsense2_camera_msgs/share/realsense2_camera_msgs/hook/cmake_prefix_path.sh'
[3.136s] Level 1:colcon.colcon_core.environment:checking '/home/drwwwzer/many/RM_myself/5lakes/install/realsense2_camera_msgs/lib'
[3.136s] Level 1:colcon.colcon_core.shell:create_environment_hook('realsense2_camera_msgs', 'ld_library_path_lib')
[3.136s] INFO:colcon.colcon_core.shell:Creating environment hook '/home/drwwwzer/many/RM_myself/5lakes/install/realsense2_camera_msgs/share/realsense2_camera_msgs/hook/ld_library_path_lib.ps1'
[3.136s] INFO:colcon.colcon_core.shell:Creating environment descriptor '/home/drwwwzer/many/RM_myself/5lakes/install/realsense2_camera_msgs/share/realsense2_camera_msgs/hook/ld_library_path_lib.dsv'
[3.136s] INFO:colcon.colcon_core.shell:Creating environment hook '/home/drwwwzer/many/RM_myself/5lakes/install/realsense2_camera_msgs/share/realsense2_camera_msgs/hook/ld_library_path_lib.sh'
[3.137s] Level 1:colcon.colcon_core.environment:checking '/home/drwwwzer/many/RM_myself/5lakes/install/realsense2_camera_msgs/bin'
[3.137s] Level 1:colcon.colcon_core.environment:checking '/home/drwwwzer/many/RM_myself/5lakes/install/realsense2_camera_msgs/lib/pkgconfig/realsense2_camera_msgs.pc'
[3.137s] Level 1:colcon.colcon_core.environment:checking '/home/drwwwzer/many/RM_myself/5lakes/install/realsense2_camera_msgs/lib/python3.10/site-packages'
[3.137s] Level 1:colcon.colcon_core.environment:checking '/home/drwwwzer/many/RM_myself/5lakes/install/realsense2_camera_msgs/bin'
[3.137s] INFO:colcon.colcon_core.shell:Creating package script '/home/drwwwzer/many/RM_myself/5lakes/install/realsense2_camera_msgs/share/realsense2_camera_msgs/package.ps1'
[3.137s] INFO:colcon.colcon_core.shell:Creating package descriptor '/home/drwwwzer/many/RM_myself/5lakes/install/realsense2_camera_msgs/share/realsense2_camera_msgs/package.dsv'
[3.137s] INFO:colcon.colcon_core.shell:Creating package script '/home/drwwwzer/many/RM_myself/5lakes/install/realsense2_camera_msgs/share/realsense2_camera_msgs/package.sh'
[3.138s] INFO:colcon.colcon_core.shell:Creating package script '/home/drwwwzer/many/RM_myself/5lakes/install/realsense2_camera_msgs/share/realsense2_camera_msgs/package.bash'
[3.138s] INFO:colcon.colcon_core.shell:Creating package script '/home/drwwwzer/many/RM_myself/5lakes/install/realsense2_camera_msgs/share/realsense2_camera_msgs/package.zsh'
[3.138s] Level 1:colcon.colcon_core.environment:create_file_with_runtime_dependencies(/home/drwwwzer/many/RM_myself/5lakes/install/realsense2_camera_msgs/share/colcon-core/packages/realsense2_camera_msgs)
[3.138s] INFO:colcon.colcon_ros.task.ament_cmake.build:Building ROS package in '/home/drwwwzer/many/RM_myself/5lakes/zdykhd_ws/realsense-ros/realsense2_camera' with build type 'ament_cmake'
[3.138s] INFO:colcon.colcon_cmake.task.cmake.build:Building CMake package in '/home/drwwwzer/many/RM_myself/5lakes/zdykhd_ws/realsense-ros/realsense2_camera'
[3.138s] INFO:colcon.colcon_core.shell:Skip shell extension 'powershell' for command environment: Not usable outside of PowerShell
[3.138s] DEBUG:colcon.colcon_core.shell:Skip shell extension 'dsv' for command environment
[3.140s] INFO:colcon.colcon_ros.task.ament_cmake.build:Building ROS package in '/home/drwwwzer/many/RM_myself/5lakes/zdykhd_ws/realsense-ros/realsense2_description' with build type 'ament_cmake'
[3.140s] INFO:colcon.colcon_cmake.task.cmake.build:Building CMake package in '/home/drwwwzer/many/RM_myself/5lakes/zdykhd_ws/realsense-ros/realsense2_description'
[3.140s] INFO:colcon.colcon_core.shell:Skip shell extension 'powershell' for command environment: Not usable outside of PowerShell
[3.140s] DEBUG:colcon.colcon_core.shell:Skip shell extension 'dsv' for command environment
[3.268s] INFO:colcon.colcon_core.task.python.build:Building Python package in '/home/drwwwzer/many/RM_myself/5lakes/zdykhd_ws/Pacific_doorlock_sniper/src/doorlock_decoder'
[3.269s] INFO:colcon.colcon_core.shell:Skip shell extension 'powershell' for command environment: Not usable outside of PowerShell
[3.269s] DEBUG:colcon.colcon_core.shell:Skip shell extension 'dsv' for command environment
[3.272s] DEBUG:colcon.colcon_core.event_handler.log_command:Invoking command in '/home/drwwwzer/many/RM_myself/5lakes/build/realsense2_camera': AMENT_PREFIX_PATH=/home/drwwwzer/index of open sources/5lakes/install/realsense2_camera_msgs:${AMENT_PREFIX_PATH} CMAKE_PREFIX_PATH=/home/drwwwzer/many/RM_myself/5lakes/install/realsense2_camera_msgs:/opt/ros/humble LD_LIBRARY_PATH=/home/drwwwzer/index of open sources/5lakes/install/realsense2_camera_msgs/lib:/home/drwwwzer/many/RM_myself/5lakes/install/realsense2_camera_msgs/lib:${LD_LIBRARY_PATH} PYTHONPATH=/home/drwwwzer/index of open sources/5lakes/install/realsense2_camera_msgs/local/lib/python3.10/dist-packages:${PYTHONPATH} /usr/bin/cmake --build /home/drwwwzer/many/RM_myself/5lakes/build/realsense2_camera -- -j24 -l24
[3.273s] DEBUG:colcon.colcon_core.event_handler.log_command:Invoking command in '/home/drwwwzer/many/RM_myself/5lakes/build/realsense2_description': AMENT_PREFIX_PATH=/home/drwwwzer/index of open sources/5lakes/install/realsense2_camera_msgs:${AMENT_PREFIX_PATH} CMAKE_PREFIX_PATH=/home/drwwwzer/many/RM_myself/5lakes/install/realsense2_camera_msgs:/opt/ros/humble LD_LIBRARY_PATH=/home/drwwwzer/index of open sources/5lakes/install/realsense2_camera_msgs/lib:/home/drwwwzer/many/RM_myself/5lakes/install/realsense2_camera_msgs/lib:${LD_LIBRARY_PATH} PYTHONPATH=/home/drwwwzer/index of open sources/5lakes/install/realsense2_camera_msgs/local/lib/python3.10/dist-packages:${PYTHONPATH} /usr/bin/cmake --build /home/drwwwzer/many/RM_myself/5lakes/build/realsense2_description -- -j24 -l24
[3.301s] DEBUG:colcon.colcon_core.event_handler.log_command:Invoked command in '/home/drwwwzer/many/RM_myself/5lakes/build/realsense2_description' returned '0': AMENT_PREFIX_PATH=/home/drwwwzer/index of open sources/5lakes/install/realsense2_camera_msgs:${AMENT_PREFIX_PATH} CMAKE_PREFIX_PATH=/home/drwwwzer/many/RM_myself/5lakes/install/realsense2_camera_msgs:/opt/ros/humble LD_LIBRARY_PATH=/home/drwwwzer/index of open sources/5lakes/install/realsense2_camera_msgs/lib:/home/drwwwzer/many/RM_myself/5lakes/install/realsense2_camera_msgs/lib:${LD_LIBRARY_PATH} PYTHONPATH=/home/drwwwzer/index of open sources/5lakes/install/realsense2_camera_msgs/local/lib/python3.10/dist-packages:${PYTHONPATH} /usr/bin/cmake --build /home/drwwwzer/many/RM_myself/5lakes/build/realsense2_description -- -j24 -l24
[3.302s] DEBUG:colcon.colcon_core.event_handler.log_command:Invoking command in '/home/drwwwzer/many/RM_myself/5lakes/build/realsense2_description': AMENT_PREFIX_PATH=/home/drwwwzer/index of open sources/5lakes/install/realsense2_camera_msgs:${AMENT_PREFIX_PATH} CMAKE_PREFIX_PATH=/home/drwwwzer/many/RM_myself/5lakes/install/realsense2_camera_msgs:/opt/ros/humble LD_LIBRARY_PATH=/home/drwwwzer/index of open sources/5lakes/install/realsense2_camera_msgs/lib:/home/drwwwzer/many/RM_myself/5lakes/install/realsense2_camera_msgs/lib:${LD_LIBRARY_PATH} PYTHONPATH=/home/drwwwzer/index of open sources/5lakes/install/realsense2_camera_msgs/local/lib/python3.10/dist-packages:${PYTHONPATH} /usr/bin/cmake --install /home/drwwwzer/many/RM_myself/5lakes/build/realsense2_description
[3.310s] Level 1:colcon.colcon_core.environment:create_environment_scripts_only(realsense2_description)
[3.311s] Level 1:colcon.colcon_core.environment:checking '/home/drwwwzer/many/RM_myself/5lakes/install/realsense2_description' for CMake module files
[3.312s] DEBUG:colcon.colcon_core.event_handler.log_command:Invoked command in '/home/drwwwzer/many/RM_myself/5lakes/build/realsense2_description' returned '0': AMENT_PREFIX_PATH=/home/drwwwzer/index of open sources/5lakes/install/realsense2_camera_msgs:${AMENT_PREFIX_PATH} CMAKE_PREFIX_PATH=/home/drwwwzer/many/RM_myself/5lakes/install/realsense2_camera_msgs:/opt/ros/humble LD_LIBRARY_PATH=/home/drwwwzer/index of open sources/5lakes/install/realsense2_camera_msgs/lib:/home/drwwwzer/many/RM_myself/5lakes/install/realsense2_camera_msgs/lib:${LD_LIBRARY_PATH} PYTHONPATH=/home/drwwwzer/index of open sources/5lakes/install/realsense2_camera_msgs/local/lib/python3.10/dist-packages:${PYTHONPATH} /usr/bin/cmake --install /home/drwwwzer/many/RM_myself/5lakes/build/realsense2_description
[3.312s] Level 1:colcon.colcon_core.environment:checking '/home/drwwwzer/many/RM_myself/5lakes/install/realsense2_description' for CMake config files
[3.312s] Level 1:colcon.colcon_core.shell:create_environment_hook('realsense2_description', 'cmake_prefix_path')
[3.313s] INFO:colcon.colcon_core.shell:Creating environment hook '/home/drwwwzer/many/RM_myself/5lakes/install/realsense2_description/share/realsense2_description/hook/cmake_prefix_path.ps1'
[3.313s] INFO:colcon.colcon_core.shell:Creating environment descriptor '/home/drwwwzer/many/RM_myself/5lakes/install/realsense2_description/share/realsense2_description/hook/cmake_prefix_path.dsv'
[3.313s] INFO:colcon.colcon_core.shell:Creating environment hook '/home/drwwwzer/many/RM_myself/5lakes/install/realsense2_description/share/realsense2_description/hook/cmake_prefix_path.sh'
[3.313s] Level 1:colcon.colcon_core.environment:checking '/home/drwwwzer/many/RM_myself/5lakes/install/realsense2_description/bin'
[3.313s] Level 1:colcon.colcon_core.environment:checking '/home/drwwwzer/many/RM_myself/5lakes/install/realsense2_description/lib/pkgconfig/realsense2_description.pc'
[3.313s] Level 1:colcon.colcon_core.environment:checking '/home/drwwwzer/many/RM_myself/5lakes/install/realsense2_description/lib/python3.10/site-packages'
[3.314s] Level 1:colcon.colcon_core.environment:checking '/home/drwwwzer/many/RM_myself/5lakes/install/realsense2_description/bin'
[3.314s] INFO:colcon.colcon_core.shell:Creating package script '/home/drwwwzer/many/RM_myself/5lakes/install/realsense2_description/share/realsense2_description/package.ps1'
[3.314s] INFO:colcon.colcon_core.shell:Creating package descriptor '/home/drwwwzer/many/RM_myself/5lakes/install/realsense2_description/share/realsense2_description/package.dsv'
[3.314s] INFO:colcon.colcon_core.shell:Creating package script '/home/drwwwzer/many/RM_myself/5lakes/install/realsense2_description/share/realsense2_description/package.sh'
[3.314s] INFO:colcon.colcon_core.shell:Creating package script '/home/drwwwzer/many/RM_myself/5lakes/install/realsense2_description/share/realsense2_description/package.bash'
[3.314s] INFO:colcon.colcon_core.shell:Creating package script '/home/drwwwzer/many/RM_myself/5lakes/install/realsense2_description/share/realsense2_description/package.zsh'
[3.315s] Level 1:colcon.colcon_core.environment:create_file_with_runtime_dependencies(/home/drwwwzer/many/RM_myself/5lakes/install/realsense2_description/share/colcon-core/packages/realsense2_description)
[3.315s] Level 1:colcon.colcon_core.environment:create_environment_scripts_only(realsense2_description)
[3.315s] Level 1:colcon.colcon_core.environment:checking '/home/drwwwzer/many/RM_myself/5lakes/install/realsense2_description' for CMake module files
[3.315s] Level 1:colcon.colcon_core.environment:checking '/home/drwwwzer/many/RM_myself/5lakes/install/realsense2_description' for CMake config files
[3.315s] Level 1:colcon.colcon_core.shell:create_environment_hook('realsense2_description', 'cmake_prefix_path')
[3.315s] INFO:colcon.colcon_core.shell:Creating environment hook '/home/drwwwzer/many/RM_myself/5lakes/install/realsense2_description/share/realsense2_description/hook/cmake_prefix_path.ps1'
[3.316s] INFO:colcon.colcon_core.shell:Creating environment descriptor '/home/drwwwzer/many/RM_myself/5lakes/install/realsense2_description/share/realsense2_description/hook/cmake_prefix_path.dsv'
[3.316s] INFO:colcon.colcon_core.shell:Creating environment hook '/home/drwwwzer/many/RM_myself/5lakes/install/realsense2_description/share/realsense2_description/hook/cmake_prefix_path.sh'
[3.316s] Level 1:colcon.colcon_core.environment:checking '/home/drwwwzer/many/RM_myself/5lakes/install/realsense2_description/bin'
[3.316s] Level 1:colcon.colcon_core.environment:checking '/home/drwwwzer/many/RM_myself/5lakes/install/realsense2_description/lib/pkgconfig/realsense2_description.pc'
[3.316s] Level 1:colcon.colcon_core.environment:checking '/home/drwwwzer/many/RM_myself/5lakes/install/realsense2_description/lib/python3.10/site-packages'
[3.316s] Level 1:colcon.colcon_core.environment:checking '/home/drwwwzer/many/RM_myself/5lakes/install/realsense2_description/bin'
[3.316s] INFO:colcon.colcon_core.shell:Creating package script '/home/drwwwzer/many/RM_myself/5lakes/install/realsense2_description/share/realsense2_description/package.ps1'
[3.317s] INFO:colcon.colcon_core.shell:Creating package descriptor '/home/drwwwzer/many/RM_myself/5lakes/install/realsense2_description/share/realsense2_description/package.dsv'
[3.317s] INFO:colcon.colcon_core.shell:Creating package script '/home/drwwwzer/many/RM_myself/5lakes/install/realsense2_description/share/realsense2_description/package.sh'
[3.317s] INFO:colcon.colcon_core.shell:Creating package script '/home/drwwwzer/many/RM_myself/5lakes/install/realsense2_description/share/realsense2_description/package.bash'
[3.317s] INFO:colcon.colcon_core.shell:Creating package script '/home/drwwwzer/many/RM_myself/5lakes/install/realsense2_description/share/realsense2_description/package.zsh'
[3.317s] Level 1:colcon.colcon_core.environment:create_file_with_runtime_dependencies(/home/drwwwzer/many/RM_myself/5lakes/install/realsense2_description/share/colcon-core/packages/realsense2_description)
[3.421s] DEBUG:colcon.colcon_core.event_handler.log_command:Invoked command in '/home/drwwwzer/many/RM_myself/5lakes/build/realsense2_camera' returned '0': AMENT_PREFIX_PATH=/home/drwwwzer/index of open sources/5lakes/install/realsense2_camera_msgs:${AMENT_PREFIX_PATH} CMAKE_PREFIX_PATH=/home/drwwwzer/many/RM_myself/5lakes/install/realsense2_camera_msgs:/opt/ros/humble LD_LIBRARY_PATH=/home/drwwwzer/index of open sources/5lakes/install/realsense2_camera_msgs/lib:/home/drwwwzer/many/RM_myself/5lakes/install/realsense2_camera_msgs/lib:${LD_LIBRARY_PATH} PYTHONPATH=/home/drwwwzer/index of open sources/5lakes/install/realsense2_camera_msgs/local/lib/python3.10/dist-packages:${PYTHONPATH} /usr/bin/cmake --build /home/drwwwzer/many/RM_myself/5lakes/build/realsense2_camera -- -j24 -l24
[3.422s] DEBUG:colcon.colcon_core.event_handler.log_command:Invoking command in '/home/drwwwzer/many/RM_myself/5lakes/build/realsense2_camera': AMENT_PREFIX_PATH=/home/drwwwzer/index of open sources/5lakes/install/realsense2_camera_msgs:${AMENT_PREFIX_PATH} CMAKE_PREFIX_PATH=/home/drwwwzer/many/RM_myself/5lakes/install/realsense2_camera_msgs:/opt/ros/humble LD_LIBRARY_PATH=/home/drwwwzer/index of open sources/5lakes/install/realsense2_camera_msgs/lib:/home/drwwwzer/many/RM_myself/5lakes/install/realsense2_camera_msgs/lib:${LD_LIBRARY_PATH} PYTHONPATH=/home/drwwwzer/index of open sources/5lakes/install/realsense2_camera_msgs/local/lib/python3.10/dist-packages:${PYTHONPATH} /usr/bin/cmake --install /home/drwwwzer/many/RM_myself/5lakes/build/realsense2_camera
[3.429s] Level 1:colcon.colcon_core.environment:create_environment_scripts_only(realsense2_camera)
[3.429s] Level 1:colcon.colcon_core.environment:checking '/home/drwwwzer/many/RM_myself/5lakes/install/realsense2_camera' for CMake module files
[3.429s] DEBUG:colcon.colcon_core.event_handler.log_command:Invoked command in '/home/drwwwzer/many/RM_myself/5lakes/build/realsense2_camera' returned '0': AMENT_PREFIX_PATH=/home/drwwwzer/index of open sources/5lakes/install/realsense2_camera_msgs:${AMENT_PREFIX_PATH} CMAKE_PREFIX_PATH=/home/drwwwzer/many/RM_myself/5lakes/install/realsense2_camera_msgs:/opt/ros/humble LD_LIBRARY_PATH=/home/drwwwzer/index of open sources/5lakes/install/realsense2_camera_msgs/lib:/home/drwwwzer/many/RM_myself/5lakes/install/realsense2_camera_msgs/lib:${LD_LIBRARY_PATH} PYTHONPATH=/home/drwwwzer/index of open sources/5lakes/install/realsense2_camera_msgs/local/lib/python3.10/dist-packages:${PYTHONPATH} /usr/bin/cmake --install /home/drwwwzer/many/RM_myself/5lakes/build/realsense2_camera
[3.429s] Level 1:colcon.colcon_core.environment:checking '/home/drwwwzer/many/RM_myself/5lakes/install/realsense2_camera' for CMake config files
[3.429s] Level 1:colcon.colcon_core.shell:create_environment_hook('realsense2_camera', 'cmake_prefix_path')
[3.429s] INFO:colcon.colcon_core.shell:Creating environment hook '/home/drwwwzer/many/RM_myself/5lakes/install/realsense2_camera/share/realsense2_camera/hook/cmake_prefix_path.ps1'
[3.430s] INFO:colcon.colcon_core.shell:Creating environment descriptor '/home/drwwwzer/many/RM_myself/5lakes/install/realsense2_camera/share/realsense2_camera/hook/cmake_prefix_path.dsv'
[3.430s] INFO:colcon.colcon_core.shell:Creating environment hook '/home/drwwwzer/many/RM_myself/5lakes/install/realsense2_camera/share/realsense2_camera/hook/cmake_prefix_path.sh'
[3.430s] Level 1:colcon.colcon_core.environment:checking '/home/drwwwzer/many/RM_myself/5lakes/install/realsense2_camera/lib'
[3.430s] Level 1:colcon.colcon_core.shell:create_environment_hook('realsense2_camera', 'ld_library_path_lib')
[3.430s] INFO:colcon.colcon_core.shell:Creating environment hook '/home/drwwwzer/many/RM_myself/5lakes/install/realsense2_camera/share/realsense2_camera/hook/ld_library_path_lib.ps1'
[3.430s] INFO:colcon.colcon_core.shell:Creating environment descriptor '/home/drwwwzer/many/RM_myself/5lakes/install/realsense2_camera/share/realsense2_camera/hook/ld_library_path_lib.dsv'
[3.430s] INFO:colcon.colcon_core.shell:Creating environment hook '/home/drwwwzer/many/RM_myself/5lakes/install/realsense2_camera/share/realsense2_camera/hook/ld_library_path_lib.sh'
[3.430s] Level 1:colcon.colcon_core.environment:checking '/home/drwwwzer/many/RM_myself/5lakes/install/realsense2_camera/bin'
[3.431s] Level 1:colcon.colcon_core.environment:checking '/home/drwwwzer/many/RM_myself/5lakes/install/realsense2_camera/lib/pkgconfig/realsense2_camera.pc'
[3.431s] Level 1:colcon.colcon_core.environment:checking '/home/drwwwzer/many/RM_myself/5lakes/install/realsense2_camera/lib/python3.10/site-packages'
[3.431s] Level 1:colcon.colcon_core.environment:checking '/home/drwwwzer/many/RM_myself/5lakes/install/realsense2_camera/bin'
[3.431s] INFO:colcon.colcon_core.shell:Creating package script '/home/drwwwzer/many/RM_myself/5lakes/install/realsense2_camera/share/realsense2_camera/package.ps1'
[3.431s] INFO:colcon.colcon_core.shell:Creating package descriptor '/home/drwwwzer/many/RM_myself/5lakes/install/realsense2_camera/share/realsense2_camera/package.dsv'
[3.431s] INFO:colcon.colcon_core.shell:Creating package script '/home/drwwwzer/many/RM_myself/5lakes/install/realsense2_camera/share/realsense2_camera/package.sh'
[3.432s] INFO:colcon.colcon_core.shell:Creating package script '/home/drwwwzer/many/RM_myself/5lakes/install/realsense2_camera/share/realsense2_camera/package.bash'
[3.432s] INFO:colcon.colcon_core.shell:Creating package script '/home/drwwwzer/many/RM_myself/5lakes/install/realsense2_camera/share/realsense2_camera/package.zsh'
[3.432s] Level 1:colcon.colcon_core.environment:create_file_with_runtime_dependencies(/home/drwwwzer/many/RM_myself/5lakes/install/realsense2_camera/share/colcon-core/packages/realsense2_camera)
[3.432s] Level 1:colcon.colcon_core.environment:create_environment_scripts_only(realsense2_camera)
[3.432s] Level 1:colcon.colcon_core.environment:checking '/home/drwwwzer/many/RM_myself/5lakes/install/realsense2_camera' for CMake module files
[3.432s] Level 1:colcon.colcon_core.environment:checking '/home/drwwwzer/many/RM_myself/5lakes/install/realsense2_camera' for CMake config files
[3.432s] Level 1:colcon.colcon_core.shell:create_environment_hook('realsense2_camera', 'cmake_prefix_path')
[3.433s] INFO:colcon.colcon_core.shell:Creating environment hook '/home/drwwwzer/many/RM_myself/5lakes/install/realsense2_camera/share/realsense2_camera/hook/cmake_prefix_path.ps1'
[3.433s] INFO:colcon.colcon_core.shell:Creating environment descriptor '/home/drwwwzer/many/RM_myself/5lakes/install/realsense2_camera/share/realsense2_camera/hook/cmake_prefix_path.dsv'
[3.433s] INFO:colcon.colcon_core.shell:Creating environment hook '/home/drwwwzer/many/RM_myself/5lakes/install/realsense2_camera/share/realsense2_camera/hook/cmake_prefix_path.sh'
[3.433s] Level 1:colcon.colcon_core.environment:checking '/home/drwwwzer/many/RM_myself/5lakes/install/realsense2_camera/lib'
[3.433s] Level 1:colcon.colcon_core.shell:create_environment_hook('realsense2_camera', 'ld_library_path_lib')
[3.433s] INFO:colcon.colcon_core.shell:Creating environment hook '/home/drwwwzer/many/RM_myself/5lakes/install/realsense2_camera/share/realsense2_camera/hook/ld_library_path_lib.ps1'
[3.433s] INFO:colcon.colcon_core.shell:Creating environment descriptor '/home/drwwwzer/many/RM_myself/5lakes/install/realsense2_camera/share/realsense2_camera/hook/ld_library_path_lib.dsv'
[3.433s] INFO:colcon.colcon_core.shell:Creating environment hook '/home/drwwwzer/many/RM_myself/5lakes/install/realsense2_camera/share/realsense2_camera/hook/ld_library_path_lib.sh'
[3.434s] Level 1:colcon.colcon_core.environment:checking '/home/drwwwzer/many/RM_myself/5lakes/install/realsense2_camera/bin'
[3.434s] Level 1:colcon.colcon_core.environment:checking '/home/drwwwzer/many/RM_myself/5lakes/install/realsense2_camera/lib/pkgconfig/realsense2_camera.pc'
[3.434s] Level 1:colcon.colcon_core.environment:checking '/home/drwwwzer/many/RM_myself/5lakes/install/realsense2_camera/lib/python3.10/site-packages'
[3.434s] Level 1:colcon.colcon_core.environment:checking '/home/drwwwzer/many/RM_myself/5lakes/install/realsense2_camera/bin'
[3.434s] INFO:colcon.colcon_core.shell:Creating package script '/home/drwwwzer/many/RM_myself/5lakes/install/realsense2_camera/share/realsense2_camera/package.ps1'
[3.434s] INFO:colcon.colcon_core.shell:Creating package descriptor '/home/drwwwzer/many/RM_myself/5lakes/install/realsense2_camera/share/realsense2_camera/package.dsv'
[3.434s] INFO:colcon.colcon_core.shell:Creating package script '/home/drwwwzer/many/RM_myself/5lakes/install/realsense2_camera/share/realsense2_camera/package.sh'
[3.435s] INFO:colcon.colcon_core.shell:Creating package script '/home/drwwwzer/many/RM_myself/5lakes/install/realsense2_camera/share/realsense2_camera/package.bash'
[3.435s] INFO:colcon.colcon_core.shell:Creating package script '/home/drwwwzer/many/RM_myself/5lakes/install/realsense2_camera/share/realsense2_camera/package.zsh'
[3.435s] Level 1:colcon.colcon_core.environment:create_file_with_runtime_dependencies(/home/drwwwzer/many/RM_myself/5lakes/install/realsense2_camera/share/colcon-core/packages/realsense2_camera)
[4.168s] DEBUG:colcon.colcon_core.event_handler.log_command:Invoking command in '/home/drwwwzer/many/RM_myself/5lakes/zdykhd_ws/Pacific_doorlock_sniper/src/doorlock_decoder': AMENT_PREFIX_PATH=/home/drwwwzer/index of open sources/5lakes/install/doorlock_sniper:${AMENT_PREFIX_PATH} CMAKE_PREFIX_PATH=/home/drwwwzer/many/RM_myself/5lakes/install/doorlock_sniper LD_LIBRARY_PATH=/home/drwwwzer/index of open sources/5lakes/install/doorlock_sniper/lib:/home/drwwwzer/many/RM_myself/5lakes/install/doorlock_sniper/lib:${LD_LIBRARY_PATH} PYTHONPATH=/home/drwwwzer/many/RM_myself/5lakes/build/doorlock_decoder/prefix_override:/usr/lib/python3/dist-packages/colcon_core/task/python/colcon_distutils_commands:/home/drwwwzer/many/RM_myself/5lakes/install/doorlock_decoder/lib/python3.10/site-packages:/home/drwwwzer/index of open sources/5lakes/install/doorlock_sniper/local/lib/python3.10/dist-packages:${PYTHONPATH} /usr/bin/python3 -W ignore:setup.py install is deprecated -W ignore:easy_install command is deprecated setup.py egg_info --egg-base ../../../../build/doorlock_decoder build --build-base /home/drwwwzer/many/RM_myself/5lakes/build/doorlock_decoder/build install --record /home/drwwwzer/many/RM_myself/5lakes/build/doorlock_decoder/install.log --single-version-externally-managed install_data
[4.310s] Level 1:colcon.colcon_core.environment:checking '/home/drwwwzer/many/RM_myself/5lakes/install/doorlock_decoder' for CMake module files
[4.310s] DEBUG:colcon.colcon_core.event_handler.log_command:Invoked command in '/home/drwwwzer/many/RM_myself/5lakes/zdykhd_ws/Pacific_doorlock_sniper/src/doorlock_decoder' returned '0': AMENT_PREFIX_PATH=/home/drwwwzer/index of open sources/5lakes/install/doorlock_sniper:${AMENT_PREFIX_PATH} CMAKE_PREFIX_PATH=/home/drwwwzer/many/RM_myself/5lakes/install/doorlock_sniper LD_LIBRARY_PATH=/home/drwwwzer/index of open sources/5lakes/install/doorlock_sniper/lib:/home/drwwwzer/many/RM_myself/5lakes/install/doorlock_sniper/lib:${LD_LIBRARY_PATH} PYTHONPATH=/home/drwwwzer/many/RM_myself/5lakes/build/doorlock_decoder/prefix_override:/usr/lib/python3/dist-packages/colcon_core/task/python/colcon_distutils_commands:/home/drwwwzer/many/RM_myself/5lakes/install/doorlock_decoder/lib/python3.10/site-packages:/home/drwwwzer/index of open sources/5lakes/install/doorlock_sniper/local/lib/python3.10/dist-packages:${PYTHONPATH} /usr/bin/python3 -W ignore:setup.py install is deprecated -W ignore:easy_install command is deprecated setup.py egg_info --egg-base ../../../../build/doorlock_decoder build --build-base /home/drwwwzer/many/RM_myself/5lakes/build/doorlock_decoder/build install --record /home/drwwwzer/many/RM_myself/5lakes/build/doorlock_decoder/install.log --single-version-externally-managed install_data
[4.311s] Level 1:colcon.colcon_core.environment:checking '/home/drwwwzer/many/RM_myself/5lakes/install/doorlock_decoder' for CMake config files
[4.311s] Level 1:colcon.colcon_core.environment:checking '/home/drwwwzer/many/RM_myself/5lakes/install/doorlock_decoder/lib'
[4.311s] Level 1:colcon.colcon_core.environment:checking '/home/drwwwzer/many/RM_myself/5lakes/install/doorlock_decoder/bin'
[4.311s] Level 1:colcon.colcon_core.environment:checking '/home/drwwwzer/many/RM_myself/5lakes/install/doorlock_decoder/lib/pkgconfig/doorlock_decoder.pc'
[4.312s] Level 1:colcon.colcon_core.environment:checking '/home/drwwwzer/many/RM_myself/5lakes/install/doorlock_decoder/lib/python3.10/site-packages'
[4.312s] Level 1:colcon.colcon_core.shell:create_environment_hook('doorlock_decoder', 'pythonpath')
[4.312s] INFO:colcon.colcon_core.shell:Creating environment hook '/home/drwwwzer/many/RM_myself/5lakes/install/doorlock_decoder/share/doorlock_decoder/hook/pythonpath.ps1'
[4.312s] INFO:colcon.colcon_core.shell:Creating environment descriptor '/home/drwwwzer/many/RM_myself/5lakes/install/doorlock_decoder/share/doorlock_decoder/hook/pythonpath.dsv'
[4.313s] INFO:colcon.colcon_core.shell:Creating environment hook '/home/drwwwzer/many/RM_myself/5lakes/install/doorlock_decoder/share/doorlock_decoder/hook/pythonpath.sh'
[4.313s] Level 1:colcon.colcon_core.environment:checking '/home/drwwwzer/many/RM_myself/5lakes/install/doorlock_decoder/bin'
[4.313s] Level 1:colcon.colcon_core.environment:create_environment_scripts_only(doorlock_decoder)
[4.313s] INFO:colcon.colcon_core.shell:Creating package script '/home/drwwwzer/many/RM_myself/5lakes/install/doorlock_decoder/share/doorlock_decoder/package.ps1'
[4.314s] INFO:colcon.colcon_core.shell:Creating package descriptor '/home/drwwwzer/many/RM_myself/5lakes/install/doorlock_decoder/share/doorlock_decoder/package.dsv'
[4.314s] INFO:colcon.colcon_core.shell:Creating package script '/home/drwwwzer/many/RM_myself/5lakes/install/doorlock_decoder/share/doorlock_decoder/package.sh'
[4.315s] INFO:colcon.colcon_core.shell:Creating package script '/home/drwwwzer/many/RM_myself/5lakes/install/doorlock_decoder/share/doorlock_decoder/package.bash'
[4.315s] INFO:colcon.colcon_core.shell:Creating package script '/home/drwwwzer/many/RM_myself/5lakes/install/doorlock_decoder/share/doorlock_decoder/package.zsh'
[4.315s] Level 1:colcon.colcon_core.environment:create_file_with_runtime_dependencies(/home/drwwwzer/many/RM_myself/5lakes/install/doorlock_decoder/share/colcon-core/packages/doorlock_decoder)
[4.315s] DEBUG:colcon.colcon_parallel_executor.executor.parallel:closing loop
[4.315s] DEBUG:colcon.colcon_parallel_executor.executor.parallel:loop closed
[4.315s] DEBUG:colcon.colcon_parallel_executor.executor.parallel:run_until_complete finished with '0'
[4.315s] DEBUG:colcon.colcon_core.event_reactor:joining thread
[4.323s] INFO:colcon.colcon_core.plugin_system:Skipping extension 'colcon_notification.desktop_notification.terminal_notifier': Not used on non-Darwin systems
[4.323s] INFO:colcon.colcon_core.plugin_system:Skipping extension 'colcon_notification.desktop_notification.win32': Not used on non-Windows systems
[4.323s] INFO:colcon.colcon_notification.desktop_notification:Sending desktop notification using 'notify2'
[4.330s] DEBUG:colcon.colcon_core.event_reactor:joined thread
[4.330s] INFO:colcon.colcon_core.shell:Creating prefix script '/home/drwwwzer/many/RM_myself/5lakes/install/local_setup.ps1'
[4.331s] INFO:colcon.colcon_core.shell:Creating prefix util module '/home/drwwwzer/many/RM_myself/5lakes/install/_local_setup_util_ps1.py'
[4.333s] INFO:colcon.colcon_core.shell:Creating prefix chain script '/home/drwwwzer/many/RM_myself/5lakes/install/setup.ps1'
[4.336s] INFO:colcon.colcon_core.shell:Creating prefix script '/home/drwwwzer/many/RM_myself/5lakes/install/local_setup.sh'
[4.337s] INFO:colcon.colcon_core.shell:Creating prefix util module '/home/drwwwzer/many/RM_myself/5lakes/install/_local_setup_util_sh.py'
[4.337s] INFO:colcon.colcon_core.shell:Creating prefix chain script '/home/drwwwzer/many/RM_myself/5lakes/install/setup.sh'
[4.338s] INFO:colcon.colcon_core.shell:Creating prefix script '/home/drwwwzer/many/RM_myself/5lakes/install/local_setup.bash'
[4.349s] INFO:colcon.colcon_core.shell:Creating prefix chain script '/home/drwwwzer/many/RM_myself/5lakes/install/setup.bash'
[4.353s] INFO:colcon.colcon_core.shell:Creating prefix script '/home/drwwwzer/many/RM_myself/5lakes/install/local_setup.zsh'
[4.353s] INFO:colcon.colcon_core.shell:Creating prefix chain script '/home/drwwwzer/many/RM_myself/5lakes/install/setup.zsh'
