[0.006s] Invoking command in '/home/drwwwzer/many/RM_myself/gxu_rm_custom_client-main/build/RmCustomClient': /usr/bin/cmake --build /home/drwwwzer/many/RM_myself/gxu_rm_custom_client-main/build/RmCustomClient -- -j24 -l24
[0.050s] [  9%] [34m[1mAutomatic MOC and UIC for target RmCustomClient[0m
[0.074s] [ 18%] Built target RmCustomClient_autogen
[0.104s] [ 27%] [32m[1mLinking CXX executable RmCustomClient[0m
[0.318s] /usr/bin/ld: CMakeFiles/RmCustomClient.dir/network/MqttManager.cpp.o: in function `MqttManager::MqttManager(QString const&, QObject*)':
[0.318s] MqttManager.cpp:(.text+0x9e): undefined reference to `mosquitto_lib_init'
[0.318s] /usr/bin/ld: MqttManager.cpp:(.text+0xd4): undefined reference to `mosquitto_new'
[0.318s] /usr/bin/ld: MqttManager.cpp:(.text+0x164): undefined reference to `mosquitto_connect_callback_set'
[0.318s] /usr/bin/ld: MqttManager.cpp:(.text+0x17e): undefined reference to `mosquitto_disconnect_callback_set'
[0.318s] /usr/bin/ld: MqttManager.cpp:(.text+0x198): undefined reference to `mosquitto_message_callback_set'
[0.318s] /usr/bin/ld: CMakeFiles/RmCustomClient.dir/network/MqttManager.cpp.o: in function `MqttManager::~MqttManager()':
[0.318s] MqttManager.cpp:(.text+0x299): undefined reference to `mosquitto_disconnect'
[0.318s] /usr/bin/ld: MqttManager.cpp:(.text+0x2ae): undefined reference to `mosquitto_loop_stop'
[0.318s] /usr/bin/ld: MqttManager.cpp:(.text+0x2be): undefined reference to `mosquitto_destroy'
[0.318s] /usr/bin/ld: MqttManager.cpp:(.text+0x2c3): undefined reference to `mosquitto_lib_cleanup'
[0.318s] /usr/bin/ld: CMakeFiles/RmCustomClient.dir/network/MqttManager.cpp.o: in function `MqttManager::connectToBroker(QString const&, unsigned short)':
[0.318s] MqttManager.cpp:(.text+0x412): undefined reference to `mosquitto_connect_async'
[0.318s] /usr/bin/ld: MqttManager.cpp:(.text+0x437): undefined reference to `mosquitto_loop_start'
[0.318s] /usr/bin/ld: MqttManager.cpp:(.text+0x48d): undefined reference to `mosquitto_strerror'
[0.318s] /usr/bin/ld: CMakeFiles/RmCustomClient.dir/network/MqttManager.cpp.o: in function `MqttManager::disconnectFromBroker()':
[0.318s] MqttManager.cpp:(.text+0x549): undefined reference to `mosquitto_disconnect'
[0.318s] /usr/bin/ld: CMakeFiles/RmCustomClient.dir/network/MqttManager.cpp.o: in function `MqttManager::publishMsg(QString const&, QByteArray const&)':
[0.318s] MqttManager.cpp:(.text+0x5ee): undefined reference to `mosquitto_publish'
[0.318s] /usr/bin/ld: CMakeFiles/RmCustomClient.dir/network/MqttManager.cpp.o: in function `MqttManager::on_connect_cb(mosquitto*, void*, int)':
[0.318s] MqttManager.cpp:(.text+0x7b4): undefined reference to `mosquitto_subscribe'
[0.318s] /usr/bin/ld: MqttManager.cpp:(.text+0x7d1): undefined reference to `mosquitto_subscribe'
[0.318s] /usr/bin/ld: MqttManager.cpp:(.text+0x7ee): undefined reference to `mosquitto_subscribe'
[0.318s] /usr/bin/ld: MqttManager.cpp:(.text+0x80b): undefined reference to `mosquitto_subscribe'
[0.318s] /usr/bin/ld: MqttManager.cpp:(.text+0x828): undefined reference to `mosquitto_subscribe'
[0.318s] /usr/bin/ld: CMakeFiles/RmCustomClient.dir/network/MqttManager.cpp.o:MqttManager.cpp:(.text+0x845): more undefined references to `mosquitto_subscribe' follow
[0.318s] /usr/bin/ld: CMakeFiles/RmCustomClient.dir/network/MqttManager.cpp.o: in function `MqttManager::on_connect_cb(mosquitto*, void*, int)':
[0.318s] MqttManager.cpp:(.text+0x8a7): undefined reference to `mosquitto_connack_string'
[0.319s] /usr/bin/ld: CMakeFiles/RmCustomClient.dir/video/VideoDecoder.cpp.o: in function `VideoDecoder::receiveFrames()':
[0.319s] VideoDecoder.cpp:(.text+0xe45): undefined reference to `av_image_alloc(unsigned char**, int*, int, int, AVPixelFormat, int)'
[0.334s] collect2: error: ld returned 1 exit status
[0.336s] gmake[2]: *** [CMakeFiles/RmCustomClient.dir/build.make:216：RmCustomClient] 错误 1
[0.336s] gmake[1]: *** [CMakeFiles/Makefile2:84：CMakeFiles/RmCustomClient.dir/all] 错误 2
[0.336s] gmake: *** [Makefile:91：all] 错误 2
[0.338s] Invoked command in '/home/drwwwzer/many/RM_myself/gxu_rm_custom_client-main/build/RmCustomClient' returned '2': /usr/bin/cmake --build /home/drwwwzer/many/RM_myself/gxu_rm_custom_client-main/build/RmCustomClient -- -j24 -l24
