[0.007s] Invoking command in '/home/drwwwzer/many/RM_myself/5lakes/build/realsense2_camera_msgs': CMAKE_PREFIX_PATH=/opt/ros/humble /usr/bin/cmake --build /home/drwwwzer/many/RM_myself/5lakes/build/realsense2_camera_msgs -- -j24 -l24
[0.025s] -- Found ament_cmake: 1.3.12 (/opt/ros/humble/share/ament_cmake/cmake)
[0.108s] -- Found rosidl_default_generators: 1.2.0 (/opt/ros/humble/share/rosidl_default_generators/cmake)
[0.109s] -- Using all available rosidl_typesupport_c: rosidl_typesupport_fastrtps_c;rosidl_typesupport_introspection_c
[0.110s] -- Found rosidl_adapter: 3.1.7 (/opt/ros/humble/share/rosidl_adapter/cmake)
[0.125s] -- Using all available rosidl_typesupport_cpp: rosidl_typesupport_fastrtps_cpp;rosidl_typesupport_introspection_cpp
[0.138s] -- Found builtin_interfaces: 1.2.2 (/opt/ros/humble/share/builtin_interfaces/cmake)
[0.144s] -- Found std_msgs: 4.9.0 (/opt/ros/humble/share/std_msgs/cmake)
[0.151s] -- Found sensor_msgs: 4.9.0 (/opt/ros/humble/share/sensor_msgs/cmake)
[0.364s] -- Found ament_cmake_cppcheck: 0.12.15 (/opt/ros/humble/share/ament_cmake_cppcheck/cmake)
[0.371s] [31mCMake Error at /opt/ros/humble/share/rosidl_generator_c/cmake/rosidl_generator_c_generate_interfaces.cmake:184 (find_package):
[0.371s]   By not providing "Findament_cmake_cpplint.cmake" in CMAKE_MODULE_PATH this
[0.371s]   project has asked CMake to find a package configuration file provided by
[0.371s]   "ament_cmake_cpplint", but CMake did not find one.
[0.371s] 
[0.371s]   Could not find a package configuration file provided by
[0.371s]   "ament_cmake_cpplint" with any of the following names:
[0.371s] 
[0.371s]     ament_cmake_cpplintConfig.cmake
[0.371s]     ament_cmake_cpplint-config.cmake
[0.371s] 
[0.371s]   Add the installation prefix of "ament_cmake_cpplint" to CMAKE_PREFIX_PATH
[0.372s]   or set "ament_cmake_cpplint_DIR" to a directory containing one of the above
[0.372s]   files.  If "ament_cmake_cpplint" provides a separate development package or
[0.372s]   SDK, be sure it has been installed.
[0.372s] Call Stack (most recent call first):
[0.372s]   /opt/ros/humble/share/ament_cmake_core/cmake/core/ament_execute_extensions.cmake:48 (include)
[0.372s]   /opt/ros/humble/share/rosidl_cmake/cmake/rosidl_generate_interfaces.cmake:286 (ament_execute_extensions)
[0.372s]   CMakeLists.txt:43 (rosidl_generate_interfaces)
[0.372s] 
[0.372s] [0m
[0.372s] -- Configuring incomplete, errors occurred!
[0.372s] See also "/home/drwwwzer/many/RM_myself/5lakes/build/realsense2_camera_msgs/CMakeFiles/CMakeOutput.log".
[0.375s] gmake: *** [Makefile:2259：cmake_check_build_system] 错误 1
[0.383s] Invoked command in '/home/drwwwzer/many/RM_myself/5lakes/build/realsense2_camera_msgs' returned '2': CMAKE_PREFIX_PATH=/opt/ros/humble /usr/bin/cmake --build /home/drwwwzer/many/RM_myself/5lakes/build/realsense2_camera_msgs -- -j24 -l24
