[0.009s] Invoking command in '/home/drwwwzer/many/RM_myself/rm_vision_ros2_galaxy_camera-master/build/galaxy_camera': CMAKE_PREFIX_PATH=/opt/ros/humble /usr/bin/cmake --build /home/drwwwzer/many/RM_myself/rm_vision_ros2_galaxy_camera-master/build/galaxy_camera -- -j24 -l24
[0.077s] [ 50%] Built target galaxy_camera_node
[0.078s] [100%] Built target galaxy_camera
[0.087s] Invoked command in '/home/drwwwzer/many/RM_myself/rm_vision_ros2_galaxy_camera-master/build/galaxy_camera' returned '0': CMAKE_PREFIX_PATH=/opt/ros/humble /usr/bin/cmake --build /home/drwwwzer/many/RM_myself/rm_vision_ros2_galaxy_camera-master/build/galaxy_camera -- -j24 -l24
[0.102s] Invoking command in '/home/drwwwzer/many/RM_myself/rm_vision_ros2_galaxy_camera-master/build/galaxy_camera': CMAKE_PREFIX_PATH=/opt/ros/humble /usr/bin/cmake --install /home/drwwwzer/many/RM_myself/rm_vision_ros2_galaxy_camera-master/build/galaxy_camera
[0.113s] -- Install configuration: ""
[0.113s] -- Up-to-date: /home/drwwwzer/many/RM_myself/rm_vision_ros2_galaxy_camera-master/install/galaxy_camera/lib
[0.113s] -- Up-to-date: /home/drwwwzer/many/RM_myself/rm_vision_ros2_galaxy_camera-master/install/galaxy_camera/lib/GxU3VTL.cti
[0.113s] -- Up-to-date: /home/drwwwzer/many/RM_myself/rm_vision_ros2_galaxy_camera-master/install/galaxy_camera/lib/bc4b08373788f18282ff1e747a98dd6c21a8b629.cache
[0.113s] -- Up-to-date: /home/drwwwzer/many/RM_myself/rm_vision_ros2_galaxy_camera-master/install/galaxy_camera/lib/GxGVTL.cti
[0.113s] -- Up-to-date: /home/drwwwzer/many/RM_myself/rm_vision_ros2_galaxy_camera-master/install/galaxy_camera/lib/libgxiapi.so
[0.114s] -- Up-to-date: /home/drwwwzer/many/RM_myself/rm_vision_ros2_galaxy_camera-master/install/galaxy_camera/lib/galaxy_camera/galaxy_camera_node
[0.114s] -- Up-to-date: /home/drwwwzer/many/RM_myself/rm_vision_ros2_galaxy_camera-master/install/galaxy_camera/share/galaxy_camera/environment/library_path.sh
[0.114s] -- Up-to-date: /home/drwwwzer/many/RM_myself/rm_vision_ros2_galaxy_camera-master/install/galaxy_camera/share/galaxy_camera/environment/library_path.dsv
[0.115s] -- Up-to-date: /home/drwwwzer/many/RM_myself/rm_vision_ros2_galaxy_camera-master/install/galaxy_camera/lib/libgalaxy_camera.so
[0.115s] -- Up-to-date: /home/drwwwzer/many/RM_myself/rm_vision_ros2_galaxy_camera-master/install/galaxy_camera/share/galaxy_camera/config
[0.115s] -- Up-to-date: /home/drwwwzer/many/RM_myself/rm_vision_ros2_galaxy_camera-master/install/galaxy_camera/share/galaxy_camera/config/camera_params.yaml
[0.115s] -- Up-to-date: /home/drwwwzer/many/RM_myself/rm_vision_ros2_galaxy_camera-master/install/galaxy_camera/share/galaxy_camera/config/camera_info.yaml
[0.115s] -- Up-to-date: /home/drwwwzer/many/RM_myself/rm_vision_ros2_galaxy_camera-master/install/galaxy_camera/share/galaxy_camera/launch
[0.116s] -- Up-to-date: /home/drwwwzer/many/RM_myself/rm_vision_ros2_galaxy_camera-master/install/galaxy_camera/share/galaxy_camera/launch/galaxy_camera.launch.py
[0.116s] -- Up-to-date: /home/drwwwzer/many/RM_myself/rm_vision_ros2_galaxy_camera-master/install/galaxy_camera/share/ament_index/resource_index/package_run_dependencies/galaxy_camera
[0.116s] -- Up-to-date: /home/drwwwzer/many/RM_myself/rm_vision_ros2_galaxy_camera-master/install/galaxy_camera/share/ament_index/resource_index/parent_prefix_path/galaxy_camera
[0.116s] -- Up-to-date: /home/drwwwzer/many/RM_myself/rm_vision_ros2_galaxy_camera-master/install/galaxy_camera/share/galaxy_camera/environment/ament_prefix_path.sh
[0.116s] -- Up-to-date: /home/drwwwzer/many/RM_myself/rm_vision_ros2_galaxy_camera-master/install/galaxy_camera/share/galaxy_camera/environment/ament_prefix_path.dsv
[0.116s] -- Up-to-date: /home/drwwwzer/many/RM_myself/rm_vision_ros2_galaxy_camera-master/install/galaxy_camera/share/galaxy_camera/environment/path.sh
[0.117s] -- Up-to-date: /home/drwwwzer/many/RM_myself/rm_vision_ros2_galaxy_camera-master/install/galaxy_camera/share/galaxy_camera/environment/path.dsv
[0.117s] -- Up-to-date: /home/drwwwzer/many/RM_myself/rm_vision_ros2_galaxy_camera-master/install/galaxy_camera/share/galaxy_camera/local_setup.bash
[0.117s] -- Up-to-date: /home/drwwwzer/many/RM_myself/rm_vision_ros2_galaxy_camera-master/install/galaxy_camera/share/galaxy_camera/local_setup.sh
[0.117s] -- Up-to-date: /home/drwwwzer/many/RM_myself/rm_vision_ros2_galaxy_camera-master/install/galaxy_camera/share/galaxy_camera/local_setup.zsh
[0.117s] -- Up-to-date: /home/drwwwzer/many/RM_myself/rm_vision_ros2_galaxy_camera-master/install/galaxy_camera/share/galaxy_camera/local_setup.dsv
[0.117s] -- Installing: /home/drwwwzer/many/RM_myself/rm_vision_ros2_galaxy_camera-master/install/galaxy_camera/share/galaxy_camera/package.dsv
[0.117s] -- Up-to-date: /home/drwwwzer/many/RM_myself/rm_vision_ros2_galaxy_camera-master/install/galaxy_camera/share/ament_index/resource_index/packages/galaxy_camera
[0.117s] -- Up-to-date: /home/drwwwzer/many/RM_myself/rm_vision_ros2_galaxy_camera-master/install/galaxy_camera/share/ament_index/resource_index/rclcpp_components/galaxy_camera
[0.117s] -- Up-to-date: /home/drwwwzer/many/RM_myself/rm_vision_ros2_galaxy_camera-master/install/galaxy_camera/share/galaxy_camera/cmake/ament_cmake_export_dependencies-extras.cmake
[0.117s] -- Up-to-date: /home/drwwwzer/many/RM_myself/rm_vision_ros2_galaxy_camera-master/install/galaxy_camera/share/galaxy_camera/cmake/ament_cmake_export_libraries-extras.cmake
[0.117s] -- Up-to-date: /home/drwwwzer/many/RM_myself/rm_vision_ros2_galaxy_camera-master/install/galaxy_camera/share/galaxy_camera/cmake/galaxy_cameraConfig.cmake
[0.117s] -- Up-to-date: /home/drwwwzer/many/RM_myself/rm_vision_ros2_galaxy_camera-master/install/galaxy_camera/share/galaxy_camera/cmake/galaxy_cameraConfig-version.cmake
[0.117s] -- Up-to-date: /home/drwwwzer/many/RM_myself/rm_vision_ros2_galaxy_camera-master/install/galaxy_camera/share/galaxy_camera/package.xml
[0.119s] Invoked command in '/home/drwwwzer/many/RM_myself/rm_vision_ros2_galaxy_camera-master/build/galaxy_camera' returned '0': CMAKE_PREFIX_PATH=/opt/ros/humble /usr/bin/cmake --install /home/drwwwzer/many/RM_myself/rm_vision_ros2_galaxy_camera-master/build/galaxy_camera
