[0.011s] Invoking command in '/home/drwwwzer/many/RM_myself/5lakes/build/doorlock_sniper': CMAKE_PREFIX_PATH=/opt/ros/humble /usr/bin/cmake --build /home/drwwwzer/many/RM_myself/5lakes/build/doorlock_sniper -- -j24 -l24
[0.047s] [35m[1mConsolidate compiler generated dependencies of target doorlock_sniper__rosidl_generator_c[0m
[0.057s] [  3%] Built target doorlock_sniper__cpp
[0.065s] [ 12%] Built target doorlock_sniper__rosidl_generator_c
[0.067s] [ 12%] Built target ament_cmake_python_copy_doorlock_sniper
[0.070s] [35m[1mConsolidate compiler generated dependencies of target doorlock_sniper__rosidl_typesupport_introspection_cpp[0m
[0.071s] [35m[1mConsolidate compiler generated dependencies of target doorlock_sniper__rosidl_typesupport_cpp[0m
[0.071s] [35m[1mConsolidate compiler generated dependencies of target doorlock_sniper__rosidl_typesupport_fastrtps_cpp[0m
[0.080s] [35m[1mConsolidate compiler generated dependencies of target doorlock_sniper__rosidl_typesupport_introspection_c[0m
[0.080s] [35m[1mConsolidate compiler generated dependencies of target doorlock_sniper__rosidl_typesupport_fastrtps_c[0m
[0.083s] [35m[1mConsolidate compiler generated dependencies of target doorlock_sniper__rosidl_typesupport_c[0m
[0.089s] [ 21%] Built target doorlock_sniper__rosidl_typesupport_cpp
[0.092s] [ 30%] Built target doorlock_sniper__rosidl_typesupport_introspection_cpp
[0.095s] [ 39%] Built target doorlock_sniper__rosidl_typesupport_fastrtps_cpp
[0.095s] [ 48%] Built target doorlock_sniper__rosidl_typesupport_introspection_c
[0.098s] [ 57%] Built target doorlock_sniper__rosidl_typesupport_fastrtps_c
[0.099s] [ 66%] Built target doorlock_sniper__rosidl_typesupport_c
[0.102s] [35m[1mConsolidate compiler generated dependencies of target video_encoder_node[0m
[0.116s] [ 66%] Built target doorlock_sniper
[0.119s] [ 72%] Built target video_encoder_node
[0.135s] [ 75%] Built target doorlock_sniper__py
[0.146s] [35m[1mConsolidate compiler generated dependencies of target doorlock_sniper__rosidl_generator_py[0m
[0.157s] [ 81%] Built target doorlock_sniper__rosidl_generator_py
[0.165s] [35m[1mConsolidate compiler generated dependencies of target doorlock_sniper__rosidl_typesupport_fastrtps_c__pyext[0m
[0.166s] [35m[1mConsolidate compiler generated dependencies of target doorlock_sniper__rosidl_typesupport_introspection_c__pyext[0m
[0.168s] [35m[1mConsolidate compiler generated dependencies of target doorlock_sniper__rosidl_typesupport_c__pyext[0m
[0.176s] [ 87%] Built target doorlock_sniper__rosidl_typesupport_introspection_c__pyext
[0.178s] [ 93%] Built target doorlock_sniper__rosidl_typesupport_fastrtps_c__pyext
[0.178s] [100%] Built target doorlock_sniper__rosidl_typesupport_c__pyext
[0.279s] running egg_info
[0.280s] writing doorlock_sniper.egg-info/PKG-INFO
[0.280s] writing dependency_links to doorlock_sniper.egg-info/dependency_links.txt
[0.280s] writing top-level names to doorlock_sniper.egg-info/top_level.txt
[0.281s] reading manifest file 'doorlock_sniper.egg-info/SOURCES.txt'
[0.282s] writing manifest file 'doorlock_sniper.egg-info/SOURCES.txt'
[0.300s] [100%] Built target ament_cmake_python_build_doorlock_sniper_egg
[0.310s] Invoked command in '/home/drwwwzer/many/RM_myself/5lakes/build/doorlock_sniper' returned '0': CMAKE_PREFIX_PATH=/opt/ros/humble /usr/bin/cmake --build /home/drwwwzer/many/RM_myself/5lakes/build/doorlock_sniper -- -j24 -l24
[0.311s] Invoking command in '/home/drwwwzer/many/RM_myself/5lakes/build/doorlock_sniper': CMAKE_PREFIX_PATH=/opt/ros/humble /usr/bin/cmake --install /home/drwwwzer/many/RM_myself/5lakes/build/doorlock_sniper
[0.317s] -- Install configuration: ""
[0.317s] -- Up-to-date: /home/drwwwzer/many/RM_myself/5lakes/install/doorlock_sniper/share/ament_index/resource_index/rosidl_interfaces/doorlock_sniper
[0.317s] -- Up-to-date: /home/drwwwzer/many/RM_myself/5lakes/install/doorlock_sniper/include/doorlock_sniper/doorlock_sniper
[0.317s] -- Up-to-date: /home/drwwwzer/many/RM_myself/5lakes/install/doorlock_sniper/include/doorlock_sniper/doorlock_sniper/msg
[0.317s] -- Up-to-date: /home/drwwwzer/many/RM_myself/5lakes/install/doorlock_sniper/include/doorlock_sniper/doorlock_sniper/msg/detail
[0.317s] -- Up-to-date: /home/drwwwzer/many/RM_myself/5lakes/install/doorlock_sniper/include/doorlock_sniper/doorlock_sniper/msg/detail/video_packet__functions.h
[0.317s] -- Up-to-date: /home/drwwwzer/many/RM_myself/5lakes/install/doorlock_sniper/include/doorlock_sniper/doorlock_sniper/msg/detail/video_packet__struct.h
[0.317s] -- Up-to-date: /home/drwwwzer/many/RM_myself/5lakes/install/doorlock_sniper/include/doorlock_sniper/doorlock_sniper/msg/detail/video_packet__type_support.h
[0.318s] -- Up-to-date: /home/drwwwzer/many/RM_myself/5lakes/install/doorlock_sniper/include/doorlock_sniper/doorlock_sniper/msg/detail/video_packet__functions.c
[0.318s] -- Up-to-date: /home/drwwwzer/many/RM_myself/5lakes/install/doorlock_sniper/include/doorlock_sniper/doorlock_sniper/msg/video_packet.h
[0.318s] -- Up-to-date: /home/drwwwzer/many/RM_myself/5lakes/install/doorlock_sniper/include/doorlock_sniper/doorlock_sniper/msg/rosidl_generator_c__visibility_control.h
[0.318s] -- Up-to-date: /home/drwwwzer/many/RM_myself/5lakes/install/doorlock_sniper/share/doorlock_sniper/environment/library_path.sh
[0.318s] -- Up-to-date: /home/drwwwzer/many/RM_myself/5lakes/install/doorlock_sniper/share/doorlock_sniper/environment/library_path.dsv
[0.318s] -- Up-to-date: /home/drwwwzer/many/RM_myself/5lakes/install/doorlock_sniper/lib/libdoorlock_sniper__rosidl_generator_c.so
[0.318s] -- Up-to-date: /home/drwwwzer/many/RM_myself/5lakes/install/doorlock_sniper/include/doorlock_sniper/doorlock_sniper
[0.318s] -- Up-to-date: /home/drwwwzer/many/RM_myself/5lakes/install/doorlock_sniper/include/doorlock_sniper/doorlock_sniper/msg
[0.318s] -- Up-to-date: /home/drwwwzer/many/RM_myself/5lakes/install/doorlock_sniper/include/doorlock_sniper/doorlock_sniper/msg/detail
[0.318s] -- Up-to-date: /home/drwwwzer/many/RM_myself/5lakes/install/doorlock_sniper/include/doorlock_sniper/doorlock_sniper/msg/detail/video_packet__rosidl_typesupport_fastrtps_c.h
[0.318s] -- Up-to-date: /home/drwwwzer/many/RM_myself/5lakes/install/doorlock_sniper/include/doorlock_sniper/doorlock_sniper/msg/rosidl_typesupport_fastrtps_c__visibility_control.h
[0.318s] -- Up-to-date: /home/drwwwzer/many/RM_myself/5lakes/install/doorlock_sniper/lib/libdoorlock_sniper__rosidl_typesupport_fastrtps_c.so
[0.318s] -- Up-to-date: /home/drwwwzer/many/RM_myself/5lakes/install/doorlock_sniper/include/doorlock_sniper/doorlock_sniper
[0.318s] -- Up-to-date: /home/drwwwzer/many/RM_myself/5lakes/install/doorlock_sniper/include/doorlock_sniper/doorlock_sniper/msg
[0.318s] -- Up-to-date: /home/drwwwzer/many/RM_myself/5lakes/install/doorlock_sniper/include/doorlock_sniper/doorlock_sniper/msg/detail
[0.318s] -- Up-to-date: /home/drwwwzer/many/RM_myself/5lakes/install/doorlock_sniper/include/doorlock_sniper/doorlock_sniper/msg/detail/video_packet__type_support.hpp
[0.318s] -- Up-to-date: /home/drwwwzer/many/RM_myself/5lakes/install/doorlock_sniper/include/doorlock_sniper/doorlock_sniper/msg/detail/video_packet__traits.hpp
[0.318s] -- Up-to-date: /home/drwwwzer/many/RM_myself/5lakes/install/doorlock_sniper/include/doorlock_sniper/doorlock_sniper/msg/detail/video_packet__struct.hpp
[0.318s] -- Up-to-date: /home/drwwwzer/many/RM_myself/5lakes/install/doorlock_sniper/include/doorlock_sniper/doorlock_sniper/msg/detail/video_packet__builder.hpp
[0.318s] -- Up-to-date: /home/drwwwzer/many/RM_myself/5lakes/install/doorlock_sniper/include/doorlock_sniper/doorlock_sniper/msg/video_packet.hpp
[0.318s] -- Up-to-date: /home/drwwwzer/many/RM_myself/5lakes/install/doorlock_sniper/include/doorlock_sniper/doorlock_sniper/msg/rosidl_generator_cpp__visibility_control.hpp
[0.319s] -- Up-to-date: /home/drwwwzer/many/RM_myself/5lakes/install/doorlock_sniper/include/doorlock_sniper/doorlock_sniper
[0.319s] -- Up-to-date: /home/drwwwzer/many/RM_myself/5lakes/install/doorlock_sniper/include/doorlock_sniper/doorlock_sniper/msg
[0.319s] -- Up-to-date: /home/drwwwzer/many/RM_myself/5lakes/install/doorlock_sniper/include/doorlock_sniper/doorlock_sniper/msg/detail
[0.319s] -- Up-to-date: /home/drwwwzer/many/RM_myself/5lakes/install/doorlock_sniper/include/doorlock_sniper/doorlock_sniper/msg/detail/video_packet__rosidl_typesupport_fastrtps_cpp.hpp
[0.319s] -- Up-to-date: /home/drwwwzer/many/RM_myself/5lakes/install/doorlock_sniper/include/doorlock_sniper/doorlock_sniper/msg/detail/dds_fastrtps
[0.319s] -- Up-to-date: /home/drwwwzer/many/RM_myself/5lakes/install/doorlock_sniper/include/doorlock_sniper/doorlock_sniper/msg/rosidl_typesupport_fastrtps_cpp__visibility_control.h
[0.319s] -- Up-to-date: /home/drwwwzer/many/RM_myself/5lakes/install/doorlock_sniper/lib/libdoorlock_sniper__rosidl_typesupport_fastrtps_cpp.so
[0.319s] -- Up-to-date: /home/drwwwzer/many/RM_myself/5lakes/install/doorlock_sniper/include/doorlock_sniper/doorlock_sniper
[0.319s] -- Up-to-date: /home/drwwwzer/many/RM_myself/5lakes/install/doorlock_sniper/include/doorlock_sniper/doorlock_sniper/msg
[0.319s] -- Up-to-date: /home/drwwwzer/many/RM_myself/5lakes/install/doorlock_sniper/include/doorlock_sniper/doorlock_sniper/msg/detail
[0.319s] -- Up-to-date: /home/drwwwzer/many/RM_myself/5lakes/install/doorlock_sniper/include/doorlock_sniper/doorlock_sniper/msg/detail/video_packet__rosidl_typesupport_introspection_c.h
[0.319s] -- Up-to-date: /home/drwwwzer/many/RM_myself/5lakes/install/doorlock_sniper/include/doorlock_sniper/doorlock_sniper/msg/detail/video_packet__type_support.c
[0.319s] -- Up-to-date: /home/drwwwzer/many/RM_myself/5lakes/install/doorlock_sniper/include/doorlock_sniper/doorlock_sniper/msg/rosidl_typesupport_introspection_c__visibility_control.h
[0.319s] -- Up-to-date: /home/drwwwzer/many/RM_myself/5lakes/install/doorlock_sniper/lib/libdoorlock_sniper__rosidl_typesupport_introspection_c.so
[0.319s] -- Up-to-date: /home/drwwwzer/many/RM_myself/5lakes/install/doorlock_sniper/lib/libdoorlock_sniper__rosidl_typesupport_c.so
[0.319s] -- Up-to-date: /home/drwwwzer/many/RM_myself/5lakes/install/doorlock_sniper/include/doorlock_sniper/doorlock_sniper
[0.319s] -- Up-to-date: /home/drwwwzer/many/RM_myself/5lakes/install/doorlock_sniper/include/doorlock_sniper/doorlock_sniper/msg
[0.319s] -- Up-to-date: /home/drwwwzer/many/RM_myself/5lakes/install/doorlock_sniper/include/doorlock_sniper/doorlock_sniper/msg/detail
[0.319s] -- Up-to-date: /home/drwwwzer/many/RM_myself/5lakes/install/doorlock_sniper/include/doorlock_sniper/doorlock_sniper/msg/detail/video_packet__type_support.cpp
[0.319s] -- Up-to-date: /home/drwwwzer/many/RM_myself/5lakes/install/doorlock_sniper/include/doorlock_sniper/doorlock_sniper/msg/detail/video_packet__rosidl_typesupport_introspection_cpp.hpp
[0.319s] -- Up-to-date: /home/drwwwzer/many/RM_myself/5lakes/install/doorlock_sniper/lib/libdoorlock_sniper__rosidl_typesupport_introspection_cpp.so
[0.320s] -- Up-to-date: /home/drwwwzer/many/RM_myself/5lakes/install/doorlock_sniper/lib/libdoorlock_sniper__rosidl_typesupport_cpp.so
[0.320s] -- Up-to-date: /home/drwwwzer/many/RM_myself/5lakes/install/doorlock_sniper/share/doorlock_sniper/environment/pythonpath.sh
[0.320s] -- Up-to-date: /home/drwwwzer/many/RM_myself/5lakes/install/doorlock_sniper/share/doorlock_sniper/environment/pythonpath.dsv
[0.320s] -- Up-to-date: /home/drwwwzer/many/RM_myself/5lakes/install/doorlock_sniper/local/lib/python3.10/dist-packages/doorlock_sniper-0.1.0-py3.10.egg-info
[0.320s] -- Installing: /home/drwwwzer/many/RM_myself/5lakes/install/doorlock_sniper/local/lib/python3.10/dist-packages/doorlock_sniper-0.1.0-py3.10.egg-info/SOURCES.txt
[0.320s] -- Installing: /home/drwwwzer/many/RM_myself/5lakes/install/doorlock_sniper/local/lib/python3.10/dist-packages/doorlock_sniper-0.1.0-py3.10.egg-info/dependency_links.txt
[0.320s] -- Installing: /home/drwwwzer/many/RM_myself/5lakes/install/doorlock_sniper/local/lib/python3.10/dist-packages/doorlock_sniper-0.1.0-py3.10.egg-info/PKG-INFO
[0.320s] -- Installing: /home/drwwwzer/many/RM_myself/5lakes/install/doorlock_sniper/local/lib/python3.10/dist-packages/doorlock_sniper-0.1.0-py3.10.egg-info/top_level.txt
[0.320s] -- Up-to-date: /home/drwwwzer/many/RM_myself/5lakes/install/doorlock_sniper/local/lib/python3.10/dist-packages/doorlock_sniper
[0.320s] -- Up-to-date: /home/drwwwzer/many/RM_myself/5lakes/install/doorlock_sniper/local/lib/python3.10/dist-packages/doorlock_sniper/doorlock_sniper_s__rosidl_typesupport_fastrtps_c.cpython-310-x86_64-linux-gnu.so
[0.320s] -- Up-to-date: /home/drwwwzer/many/RM_myself/5lakes/install/doorlock_sniper/local/lib/python3.10/dist-packages/doorlock_sniper/doorlock_sniper_s__rosidl_typesupport_introspection_c.cpython-310-x86_64-linux-gnu.so
[0.320s] -- Up-to-date: /home/drwwwzer/many/RM_myself/5lakes/install/doorlock_sniper/local/lib/python3.10/dist-packages/doorlock_sniper/_doorlock_sniper_s.ep.rosidl_typesupport_introspection_c.c
[0.320s] -- Up-to-date: /home/drwwwzer/many/RM_myself/5lakes/install/doorlock_sniper/local/lib/python3.10/dist-packages/doorlock_sniper/__init__.py
[0.320s] -- Up-to-date: /home/drwwwzer/many/RM_myself/5lakes/install/doorlock_sniper/local/lib/python3.10/dist-packages/doorlock_sniper/doorlock_sniper_s__rosidl_typesupport_c.cpython-310-x86_64-linux-gnu.so
[0.320s] -- Up-to-date: /home/drwwwzer/many/RM_myself/5lakes/install/doorlock_sniper/local/lib/python3.10/dist-packages/doorlock_sniper/_doorlock_sniper_s.ep.rosidl_typesupport_c.c
[0.320s] -- Up-to-date: /home/drwwwzer/many/RM_myself/5lakes/install/doorlock_sniper/local/lib/python3.10/dist-packages/doorlock_sniper/_doorlock_sniper_s.ep.rosidl_typesupport_fastrtps_c.c
[0.320s] -- Up-to-date: /home/drwwwzer/many/RM_myself/5lakes/install/doorlock_sniper/local/lib/python3.10/dist-packages/doorlock_sniper/libdoorlock_sniper__rosidl_generator_py.so
[0.320s] -- Up-to-date: /home/drwwwzer/many/RM_myself/5lakes/install/doorlock_sniper/local/lib/python3.10/dist-packages/doorlock_sniper/msg
[0.320s] -- Up-to-date: /home/drwwwzer/many/RM_myself/5lakes/install/doorlock_sniper/local/lib/python3.10/dist-packages/doorlock_sniper/msg/_video_packet.py
[0.320s] -- Up-to-date: /home/drwwwzer/many/RM_myself/5lakes/install/doorlock_sniper/local/lib/python3.10/dist-packages/doorlock_sniper/msg/_video_packet_s.c
[0.321s] -- Up-to-date: /home/drwwwzer/many/RM_myself/5lakes/install/doorlock_sniper/local/lib/python3.10/dist-packages/doorlock_sniper/msg/__init__.py
[0.349s] Listing '/home/drwwwzer/many/RM_myself/5lakes/install/doorlock_sniper/local/lib/python3.10/dist-packages/doorlock_sniper'...
[0.349s] Listing '/home/drwwwzer/many/RM_myself/5lakes/install/doorlock_sniper/local/lib/python3.10/dist-packages/doorlock_sniper/msg'...
[0.350s] -- Up-to-date: /home/drwwwzer/many/RM_myself/5lakes/install/doorlock_sniper/local/lib/python3.10/dist-packages/doorlock_sniper/doorlock_sniper_s__rosidl_typesupport_fastrtps_c.cpython-310-x86_64-linux-gnu.so
[0.350s] -- Up-to-date: /home/drwwwzer/many/RM_myself/5lakes/install/doorlock_sniper/local/lib/python3.10/dist-packages/doorlock_sniper/doorlock_sniper_s__rosidl_typesupport_introspection_c.cpython-310-x86_64-linux-gnu.so
[0.350s] -- Up-to-date: /home/drwwwzer/many/RM_myself/5lakes/install/doorlock_sniper/local/lib/python3.10/dist-packages/doorlock_sniper/doorlock_sniper_s__rosidl_typesupport_c.cpython-310-x86_64-linux-gnu.so
[0.350s] -- Up-to-date: /home/drwwwzer/many/RM_myself/5lakes/install/doorlock_sniper/lib/libdoorlock_sniper__rosidl_generator_py.so
[0.350s] -- Up-to-date: /home/drwwwzer/many/RM_myself/5lakes/install/doorlock_sniper/share/doorlock_sniper/msg/VideoPacket.idl
[0.350s] -- Up-to-date: /home/drwwwzer/many/RM_myself/5lakes/install/doorlock_sniper/share/doorlock_sniper/msg/VideoPacket.msg
[0.350s] -- Up-to-date: /home/drwwwzer/many/RM_myself/5lakes/install/doorlock_sniper/lib/libvideo_encoder_node.so
[0.350s] -- Up-to-date: /home/drwwwzer/many/RM_myself/5lakes/install/doorlock_sniper/include
[0.350s] -- Up-to-date: /home/drwwwzer/many/RM_myself/5lakes/install/doorlock_sniper/include/doorlock_sniper
[0.350s] -- Up-to-date: /home/drwwwzer/many/RM_myself/5lakes/install/doorlock_sniper/include/doorlock_sniper/video_encoder_node.hpp
[0.351s] -- Up-to-date: /home/drwwwzer/many/RM_myself/5lakes/install/doorlock_sniper/share/doorlock_sniper/msg
[0.351s] -- Up-to-date: /home/drwwwzer/many/RM_myself/5lakes/install/doorlock_sniper/share/doorlock_sniper/msg/VideoPacket.msg
[0.351s] -- Up-to-date: /home/drwwwzer/many/RM_myself/5lakes/install/doorlock_sniper/lib/doorlock_sniper/udp_forwarder.py
[0.351s] -- Up-to-date: /home/drwwwzer/many/RM_myself/5lakes/install/doorlock_sniper/share/ament_index/resource_index/package_run_dependencies/doorlock_sniper
[0.351s] -- Up-to-date: /home/drwwwzer/many/RM_myself/5lakes/install/doorlock_sniper/share/ament_index/resource_index/parent_prefix_path/doorlock_sniper
[0.351s] -- Up-to-date: /home/drwwwzer/many/RM_myself/5lakes/install/doorlock_sniper/share/doorlock_sniper/environment/ament_prefix_path.sh
[0.351s] -- Up-to-date: /home/drwwwzer/many/RM_myself/5lakes/install/doorlock_sniper/share/doorlock_sniper/environment/ament_prefix_path.dsv
[0.351s] -- Up-to-date: /home/drwwwzer/many/RM_myself/5lakes/install/doorlock_sniper/share/doorlock_sniper/environment/path.sh
[0.351s] -- Up-to-date: /home/drwwwzer/many/RM_myself/5lakes/install/doorlock_sniper/share/doorlock_sniper/environment/path.dsv
[0.351s] -- Up-to-date: /home/drwwwzer/many/RM_myself/5lakes/install/doorlock_sniper/share/doorlock_sniper/local_setup.bash
[0.351s] -- Up-to-date: /home/drwwwzer/many/RM_myself/5lakes/install/doorlock_sniper/share/doorlock_sniper/local_setup.sh
[0.351s] -- Up-to-date: /home/drwwwzer/many/RM_myself/5lakes/install/doorlock_sniper/share/doorlock_sniper/local_setup.zsh
[0.351s] -- Up-to-date: /home/drwwwzer/many/RM_myself/5lakes/install/doorlock_sniper/share/doorlock_sniper/local_setup.dsv
[0.351s] -- Installing: /home/drwwwzer/many/RM_myself/5lakes/install/doorlock_sniper/share/doorlock_sniper/package.dsv
[0.351s] -- Up-to-date: /home/drwwwzer/many/RM_myself/5lakes/install/doorlock_sniper/share/ament_index/resource_index/packages/doorlock_sniper
[0.351s] -- Up-to-date: /home/drwwwzer/many/RM_myself/5lakes/install/doorlock_sniper/share/doorlock_sniper/cmake/export_doorlock_sniper__rosidl_generator_cExport.cmake
[0.351s] -- Up-to-date: /home/drwwwzer/many/RM_myself/5lakes/install/doorlock_sniper/share/doorlock_sniper/cmake/export_doorlock_sniper__rosidl_generator_cExport-noconfig.cmake
[0.351s] -- Up-to-date: /home/drwwwzer/many/RM_myself/5lakes/install/doorlock_sniper/share/doorlock_sniper/cmake/export_doorlock_sniper__rosidl_typesupport_fastrtps_cExport.cmake
[0.351s] -- Up-to-date: /home/drwwwzer/many/RM_myself/5lakes/install/doorlock_sniper/share/doorlock_sniper/cmake/export_doorlock_sniper__rosidl_typesupport_fastrtps_cExport-noconfig.cmake
[0.351s] -- Up-to-date: /home/drwwwzer/many/RM_myself/5lakes/install/doorlock_sniper/share/doorlock_sniper/cmake/export_doorlock_sniper__rosidl_generator_cppExport.cmake
[0.351s] -- Up-to-date: /home/drwwwzer/many/RM_myself/5lakes/install/doorlock_sniper/share/doorlock_sniper/cmake/export_doorlock_sniper__rosidl_typesupport_fastrtps_cppExport.cmake
[0.351s] -- Up-to-date: /home/drwwwzer/many/RM_myself/5lakes/install/doorlock_sniper/share/doorlock_sniper/cmake/export_doorlock_sniper__rosidl_typesupport_fastrtps_cppExport-noconfig.cmake
[0.351s] -- Up-to-date: /home/drwwwzer/many/RM_myself/5lakes/install/doorlock_sniper/share/doorlock_sniper/cmake/doorlock_sniper__rosidl_typesupport_introspection_cExport.cmake
[0.352s] -- Up-to-date: /home/drwwwzer/many/RM_myself/5lakes/install/doorlock_sniper/share/doorlock_sniper/cmake/doorlock_sniper__rosidl_typesupport_introspection_cExport-noconfig.cmake
[0.352s] -- Up-to-date: /home/drwwwzer/many/RM_myself/5lakes/install/doorlock_sniper/share/doorlock_sniper/cmake/doorlock_sniper__rosidl_typesupport_cExport.cmake
[0.352s] -- Up-to-date: /home/drwwwzer/many/RM_myself/5lakes/install/doorlock_sniper/share/doorlock_sniper/cmake/doorlock_sniper__rosidl_typesupport_cExport-noconfig.cmake
[0.352s] -- Up-to-date: /home/drwwwzer/many/RM_myself/5lakes/install/doorlock_sniper/share/doorlock_sniper/cmake/doorlock_sniper__rosidl_typesupport_introspection_cppExport.cmake
[0.352s] -- Up-to-date: /home/drwwwzer/many/RM_myself/5lakes/install/doorlock_sniper/share/doorlock_sniper/cmake/doorlock_sniper__rosidl_typesupport_introspection_cppExport-noconfig.cmake
[0.352s] -- Up-to-date: /home/drwwwzer/many/RM_myself/5lakes/install/doorlock_sniper/share/doorlock_sniper/cmake/doorlock_sniper__rosidl_typesupport_cppExport.cmake
[0.352s] -- Up-to-date: /home/drwwwzer/many/RM_myself/5lakes/install/doorlock_sniper/share/doorlock_sniper/cmake/doorlock_sniper__rosidl_typesupport_cppExport-noconfig.cmake
[0.352s] -- Up-to-date: /home/drwwwzer/many/RM_myself/5lakes/install/doorlock_sniper/share/doorlock_sniper/cmake/export_doorlock_sniper__rosidl_generator_pyExport.cmake
[0.352s] -- Up-to-date: /home/drwwwzer/many/RM_myself/5lakes/install/doorlock_sniper/share/doorlock_sniper/cmake/export_doorlock_sniper__rosidl_generator_pyExport-noconfig.cmake
[0.352s] -- Up-to-date: /home/drwwwzer/many/RM_myself/5lakes/install/doorlock_sniper/share/ament_index/resource_index/rclcpp_components/doorlock_sniper
[0.352s] -- Up-to-date: /home/drwwwzer/many/RM_myself/5lakes/install/doorlock_sniper/share/doorlock_sniper/cmake/rosidl_cmake-extras.cmake
[0.352s] -- Up-to-date: /home/drwwwzer/many/RM_myself/5lakes/install/doorlock_sniper/share/doorlock_sniper/cmake/ament_cmake_export_dependencies-extras.cmake
[0.352s] -- Up-to-date: /home/drwwwzer/many/RM_myself/5lakes/install/doorlock_sniper/share/doorlock_sniper/cmake/ament_cmake_export_include_directories-extras.cmake
[0.352s] -- Up-to-date: /home/drwwwzer/many/RM_myself/5lakes/install/doorlock_sniper/share/doorlock_sniper/cmake/ament_cmake_export_libraries-extras.cmake
[0.352s] -- Up-to-date: /home/drwwwzer/many/RM_myself/5lakes/install/doorlock_sniper/share/doorlock_sniper/cmake/ament_cmake_export_targets-extras.cmake
[0.352s] -- Up-to-date: /home/drwwwzer/many/RM_myself/5lakes/install/doorlock_sniper/share/doorlock_sniper/cmake/rosidl_cmake_export_typesupport_targets-extras.cmake
[0.352s] -- Up-to-date: /home/drwwwzer/many/RM_myself/5lakes/install/doorlock_sniper/share/doorlock_sniper/cmake/rosidl_cmake_export_typesupport_libraries-extras.cmake
[0.352s] -- Up-to-date: /home/drwwwzer/many/RM_myself/5lakes/install/doorlock_sniper/share/doorlock_sniper/cmake/doorlock_sniperConfig.cmake
[0.352s] -- Up-to-date: /home/drwwwzer/many/RM_myself/5lakes/install/doorlock_sniper/share/doorlock_sniper/cmake/doorlock_sniperConfig-version.cmake
[0.352s] -- Up-to-date: /home/drwwwzer/many/RM_myself/5lakes/install/doorlock_sniper/share/doorlock_sniper/package.xml
[0.354s] Invoked command in '/home/drwwwzer/many/RM_myself/5lakes/build/doorlock_sniper' returned '0': CMAKE_PREFIX_PATH=/opt/ros/humble /usr/bin/cmake --install /home/drwwwzer/many/RM_myself/5lakes/build/doorlock_sniper
