[0.013s] Invoking command in '/home/drwwwzer/many/RM_myself/rm_vision_ros2_galaxy_camera-master/build/galaxy_camera': CMAKE_PREFIX_PATH=${CMAKE_PREFIX_PATH}:/opt/ros/humble /usr/bin/cmake --build /home/drwwwzer/many/RM_myself/rm_vision_ros2_galaxy_camera-master/build/galaxy_camera -- -j24 -l24
[0.115s] [35m[1mConsolidate compiler generated dependencies of target galaxy_camera_node[0m
[0.116s] [35m[1mConsolidate compiler generated dependencies of target galaxy_camera[0m
[0.147s] [ 50%] Built target galaxy_camera_node
[0.150s] [ 75%] [32mBuilding CXX object CMakeFiles/galaxy_camera.dir/src/galaxy_camera_node.cpp.o[0m
[2.038s] [100%] [32m[1mLinking CXX shared library libgalaxy_camera.so[0m
[2.202s] [100%] Built target galaxy_camera
[2.211s] Invoked command in '/home/drwwwzer/many/RM_myself/rm_vision_ros2_galaxy_camera-master/build/galaxy_camera' returned '0': CMAKE_PREFIX_PATH=${CMAKE_PREFIX_PATH}:/opt/ros/humble /usr/bin/cmake --build /home/drwwwzer/many/RM_myself/rm_vision_ros2_galaxy_camera-master/build/galaxy_camera -- -j24 -l24
[2.220s] Invoking command in '/home/drwwwzer/many/RM_myself/rm_vision_ros2_galaxy_camera-master/build/galaxy_camera': CMAKE_PREFIX_PATH=${CMAKE_PREFIX_PATH}:/opt/ros/humble /usr/bin/cmake --install /home/drwwwzer/many/RM_myself/rm_vision_ros2_galaxy_camera-master/build/galaxy_camera
[2.229s] -- Install configuration: ""
[2.229s] -- Up-to-date: /home/drwwwzer/many/RM_myself/rm_vision_ros2_galaxy_camera-master/install/galaxy_camera/lib
[2.229s] -- Up-to-date: /home/drwwwzer/many/RM_myself/rm_vision_ros2_galaxy_camera-master/install/galaxy_camera/lib/GxU3VTL.cti
[2.229s] -- Up-to-date: /home/drwwwzer/many/RM_myself/rm_vision_ros2_galaxy_camera-master/install/galaxy_camera/lib/bc4b08373788f18282ff1e747a98dd6c21a8b629.cache
[2.229s] -- Up-to-date: /home/drwwwzer/many/RM_myself/rm_vision_ros2_galaxy_camera-master/install/galaxy_camera/lib/GxGVTL.cti
[2.229s] -- Up-to-date: /home/drwwwzer/many/RM_myself/rm_vision_ros2_galaxy_camera-master/install/galaxy_camera/lib/libgxiapi.so
[2.230s] -- Up-to-date: /home/drwwwzer/many/RM_myself/rm_vision_ros2_galaxy_camera-master/install/galaxy_camera/lib/galaxy_camera/galaxy_camera_node
[2.230s] -- Up-to-date: /home/drwwwzer/many/RM_myself/rm_vision_ros2_galaxy_camera-master/install/galaxy_camera/share/galaxy_camera/environment/library_path.sh
[2.231s] -- Up-to-date: /home/drwwwzer/many/RM_myself/rm_vision_ros2_galaxy_camera-master/install/galaxy_camera/share/galaxy_camera/environment/library_path.dsv
[2.231s] -- Installing: /home/drwwwzer/many/RM_myself/rm_vision_ros2_galaxy_camera-master/install/galaxy_camera/lib/libgalaxy_camera.so
[2.232s] -- Set runtime path of "/home/drwwwzer/many/RM_myself/rm_vision_ros2_galaxy_camera-master/install/galaxy_camera/lib/libgalaxy_camera.so" to ""
[2.233s] -- Up-to-date: /home/drwwwzer/many/RM_myself/rm_vision_ros2_galaxy_camera-master/install/galaxy_camera/share/galaxy_camera/config
[2.233s] -- Up-to-date: /home/drwwwzer/many/RM_myself/rm_vision_ros2_galaxy_camera-master/install/galaxy_camera/share/galaxy_camera/config/camera_params.yaml
[2.233s] -- Up-to-date: /home/drwwwzer/many/RM_myself/rm_vision_ros2_galaxy_camera-master/install/galaxy_camera/share/galaxy_camera/config/camera_info.yaml
[2.233s] -- Up-to-date: /home/drwwwzer/many/RM_myself/rm_vision_ros2_galaxy_camera-master/install/galaxy_camera/share/galaxy_camera/launch
[2.233s] -- Up-to-date: /home/drwwwzer/many/RM_myself/rm_vision_ros2_galaxy_camera-master/install/galaxy_camera/share/galaxy_camera/launch/galaxy_camera.launch.py
[2.233s] -- Up-to-date: /home/drwwwzer/many/RM_myself/rm_vision_ros2_galaxy_camera-master/install/galaxy_camera/share/ament_index/resource_index/package_run_dependencies/galaxy_camera
[2.233s] -- Up-to-date: /home/drwwwzer/many/RM_myself/rm_vision_ros2_galaxy_camera-master/install/galaxy_camera/share/ament_index/resource_index/parent_prefix_path/galaxy_camera
[2.234s] -- Up-to-date: /home/drwwwzer/many/RM_myself/rm_vision_ros2_galaxy_camera-master/install/galaxy_camera/share/galaxy_camera/environment/ament_prefix_path.sh
[2.234s] -- Up-to-date: /home/drwwwzer/many/RM_myself/rm_vision_ros2_galaxy_camera-master/install/galaxy_camera/share/galaxy_camera/environment/ament_prefix_path.dsv
[2.234s] -- Up-to-date: /home/drwwwzer/many/RM_myself/rm_vision_ros2_galaxy_camera-master/install/galaxy_camera/share/galaxy_camera/environment/path.sh
[2.234s] -- Up-to-date: /home/drwwwzer/many/RM_myself/rm_vision_ros2_galaxy_camera-master/install/galaxy_camera/share/galaxy_camera/environment/path.dsv
[2.234s] -- Up-to-date: /home/drwwwzer/many/RM_myself/rm_vision_ros2_galaxy_camera-master/install/galaxy_camera/share/galaxy_camera/local_setup.bash
[2.234s] -- Up-to-date: /home/drwwwzer/many/RM_myself/rm_vision_ros2_galaxy_camera-master/install/galaxy_camera/share/galaxy_camera/local_setup.sh
[2.234s] -- Up-to-date: /home/drwwwzer/many/RM_myself/rm_vision_ros2_galaxy_camera-master/install/galaxy_camera/share/galaxy_camera/local_setup.zsh
[2.234s] -- Up-to-date: /home/drwwwzer/many/RM_myself/rm_vision_ros2_galaxy_camera-master/install/galaxy_camera/share/galaxy_camera/local_setup.dsv
[2.234s] -- Installing: /home/drwwwzer/many/RM_myself/rm_vision_ros2_galaxy_camera-master/install/galaxy_camera/share/galaxy_camera/package.dsv
[2.234s] -- Up-to-date: /home/drwwwzer/many/RM_myself/rm_vision_ros2_galaxy_camera-master/install/galaxy_camera/share/ament_index/resource_index/packages/galaxy_camera
[2.234s] -- Up-to-date: /home/drwwwzer/many/RM_myself/rm_vision_ros2_galaxy_camera-master/install/galaxy_camera/share/ament_index/resource_index/rclcpp_components/galaxy_camera
[2.234s] -- Up-to-date: /home/drwwwzer/many/RM_myself/rm_vision_ros2_galaxy_camera-master/install/galaxy_camera/share/galaxy_camera/cmake/ament_cmake_export_dependencies-extras.cmake
[2.234s] -- Up-to-date: /home/drwwwzer/many/RM_myself/rm_vision_ros2_galaxy_camera-master/install/galaxy_camera/share/galaxy_camera/cmake/ament_cmake_export_libraries-extras.cmake
[2.234s] -- Up-to-date: /home/drwwwzer/many/RM_myself/rm_vision_ros2_galaxy_camera-master/install/galaxy_camera/share/galaxy_camera/cmake/galaxy_cameraConfig.cmake
[2.235s] -- Up-to-date: /home/drwwwzer/many/RM_myself/rm_vision_ros2_galaxy_camera-master/install/galaxy_camera/share/galaxy_camera/cmake/galaxy_cameraConfig-version.cmake
[2.235s] -- Up-to-date: /home/drwwwzer/many/RM_myself/rm_vision_ros2_galaxy_camera-master/install/galaxy_camera/share/galaxy_camera/package.xml
[2.236s] Invoked command in '/home/drwwwzer/many/RM_myself/rm_vision_ros2_galaxy_camera-master/build/galaxy_camera' returned '0': CMAKE_PREFIX_PATH=${CMAKE_PREFIX_PATH}:/opt/ros/humble /usr/bin/cmake --install /home/drwwwzer/many/RM_myself/rm_vision_ros2_galaxy_camera-master/build/galaxy_camera
