[0.006s] Invoking command in '/home/drwwwzer/many/RM_myself/gxu_rm_custom_client-main/build/RmCustomClient': /usr/bin/cmake /home/drwwwzer/many/RM_myself/gxu_rm_custom_client-main/src -DCMAKE_INSTALL_PREFIX=/home/drwwwzer/many/RM_myself/gxu_rm_custom_client-main/install/RmCustomClient
[0.043s] -- The C compiler identification is GNU 11.4.0
[0.098s] -- The CXX compiler identification is GNU 11.4.0
[0.102s] -- Detecting C compiler ABI info
[0.161s] -- Detecting C compiler ABI info - done
[0.170s] -- Check for working C compiler: /usr/bin/cc - skipped
[0.171s] -- Detecting C compile features
[0.171s] -- Detecting C compile features - done
[0.173s] -- Detecting CXX compiler ABI info
[0.246s] -- Detecting CXX compiler ABI info - done
[0.250s] -- Check for working CXX compiler: /usr/bin/c++ - skipped
[0.250s] -- Detecting CXX compile features
[0.251s] -- Detecting CXX compile features - done
[0.255s] -- Looking for pthread.h
[0.316s] -- Looking for pthread.h - found
[0.317s] -- Performing Test CMAKE_HAVE_LIBC_PTHREAD
[0.383s] -- Performing Test CMAKE_HAVE_LIBC_PTHREAD - Success
[0.384s] -- Found Threads: TRUE  
[0.392s] -- Performing Test HAVE_STDATOMIC
[0.492s] -- Performing Test HAVE_STDATOMIC - Success
[0.492s] -- Found WrapAtomic: TRUE  
[0.513s] -- Found OpenGL: /usr/lib/x86_64-linux-gnu/libOpenGL.so   
[0.514s] -- Found WrapOpenGL: TRUE  
[0.556s] -- Found XKB: /usr/lib/x86_64-linux-gnu/libxkbcommon.so (found suitable version "1.4.0", minimum required is "0.5.0") 
[0.562s] -- Found WrapVulkanHeaders: /usr/include  
[0.598s] -- Found Protobuf: /usr/lib/x86_64-linux-gnu/libprotobuf.so (found version "3.12.4") 
[0.598s] [33mCMake Warning at CMakeLists.txt:23 (message):
[0.598s]   Qt6 Mqtt module NOT found! Please install qt6-mqtt-dev.  MQTT features will
[0.598s]   be disabled or mocked.
[0.598s] 
[0.598s] [0m
[0.601s] -- Found PkgConfig: /usr/bin/pkg-config (found version "0.29.2") 
[0.602s] -- Checking for modules 'libavcodec;libavutil;libswscale'
[0.614s] --   Found libavcodec, version 58.134.100
[0.624s] --   Found libavutil, version 56.70.100
[0.635s] --   Found libswscale, version 5.9.100
[0.679s] -- Configuring done
[0.710s] -- Generating done
[0.713s] -- Build files have been written to: /home/drwwwzer/many/RM_myself/gxu_rm_custom_client-main/build/RmCustomClient
[0.721s] Invoked command in '/home/drwwwzer/many/RM_myself/gxu_rm_custom_client-main/build/RmCustomClient' returned '0': /usr/bin/cmake /home/drwwwzer/many/RM_myself/gxu_rm_custom_client-main/src -DCMAKE_INSTALL_PREFIX=/home/drwwwzer/many/RM_myself/gxu_rm_custom_client-main/install/RmCustomClient
[0.723s] Invoking command in '/home/drwwwzer/many/RM_myself/gxu_rm_custom_client-main/build/RmCustomClient': /usr/bin/cmake --build /home/drwwwzer/many/RM_myself/gxu_rm_custom_client-main/build/RmCustomClient -- -j24 -l24
[0.776s] [  9%] [34m[1mRunning cpp protocol buffer compiler on model/messages.proto[0m
[0.826s] [ 18%] [34m[1mAutomatic MOC and UIC for target RmCustomClient[0m
[0.970s] [ 18%] Built target RmCustomClient_autogen
[0.982s] [ 27%] [32mBuilding CXX object CMakeFiles/RmCustomClient.dir/network/VideoReceiver.cpp.o[0m
[0.983s] [ 36%] [32mBuilding CXX object CMakeFiles/RmCustomClient.dir/ui/MainWindow.cpp.o[0m
[0.983s] [ 45%] [32mBuilding CXX object CMakeFiles/RmCustomClient.dir/video/VideoDecoder.cpp.o[0m
[0.983s] [ 54%] [32mBuilding CXX object CMakeFiles/RmCustomClient.dir/RmCustomClient_autogen/mocs_compilation.cpp.o[0m
[0.984s] [ 63%] [32mBuilding CXX object CMakeFiles/RmCustomClient.dir/messages.pb.cc.o[0m
[0.984s] [ 72%] [32mBuilding CXX object CMakeFiles/RmCustomClient.dir/main.cpp.o[0m
[0.985s] [ 81%] [32mBuilding CXX object CMakeFiles/RmCustomClient.dir/model/RobotState.cpp.o[0m
[0.985s] [ 90%] [32mBuilding CXX object CMakeFiles/RmCustomClient.dir/network/MqttManager.cpp.o[0m
[2.283s] [100%] [32m[1mLinking CXX executable RmCustomClient[0m
[2.529s] [100%] Built target RmCustomClient
[2.537s] Invoked command in '/home/drwwwzer/many/RM_myself/gxu_rm_custom_client-main/build/RmCustomClient' returned '0': /usr/bin/cmake --build /home/drwwwzer/many/RM_myself/gxu_rm_custom_client-main/build/RmCustomClient -- -j24 -l24
