[0.005s] Invoking command in '/home/drwwwzer/many/RM_myself/gxu_rm_custom_client-main/build/RmCustomClient': /usr/bin/cmake /home/drwwwzer/many/RM_myself/gxu_rm_custom_client-main/src -DCMAKE_INSTALL_PREFIX=/home/drwwwzer/many/RM_myself/gxu_rm_custom_client-main/install/RmCustomClient
[0.204s] -- The C compiler identification is GNU 11.4.0
[0.273s] -- The CXX compiler identification is GNU 11.4.0
[0.284s] -- Detecting C compiler ABI info
[0.367s] -- Detecting C compiler ABI info - done
[0.375s] -- Check for working C compiler: /usr/bin/cc - skipped
[0.378s] -- Detecting C compile features
[0.378s] -- Detecting C compile features - done
[0.382s] -- Detecting CXX compiler ABI info
[0.453s] -- Detecting CXX compiler ABI info - done
[0.456s] -- Check for working CXX compiler: /usr/bin/c++ - skipped
[0.456s] -- Detecting CXX compile features
[0.457s] -- Detecting CXX compile features - done
[0.466s] -- Looking for pthread.h
[0.526s] -- Looking for pthread.h - found
[0.526s] -- Performing Test CMAKE_HAVE_LIBC_PTHREAD
[0.603s] -- Performing Test CMAKE_HAVE_LIBC_PTHREAD - Success
[0.604s] -- Found Threads: TRUE  
[0.613s] -- Performing Test HAVE_STDATOMIC
[0.709s] -- Performing Test HAVE_STDATOMIC - Success
[0.710s] -- Found WrapAtomic: TRUE  
[0.732s] -- Found OpenGL: /usr/lib/x86_64-linux-gnu/libOpenGL.so   
[0.732s] -- Found WrapOpenGL: TRUE  
[0.778s] -- Found XKB: /usr/lib/x86_64-linux-gnu/libxkbcommon.so (found suitable version "1.4.0", minimum required is "0.5.0") 
[0.783s] -- Found WrapVulkanHeaders: /usr/include  
[0.815s] -- Found Protobuf: /usr/lib/x86_64-linux-gnu/libprotobuf.so (found version "3.12.4") 
[0.816s] [33mCMake Warning at CMakeLists.txt:23 (message):
[0.816s]   Qt6 Mqtt module NOT found! Please install qt6-mqtt-dev.  MQTT features will
[0.816s]   be disabled or mocked.
[0.816s] 
[0.816s] [0m
[0.818s] -- Found PkgConfig: /usr/bin/pkg-config (found version "0.29.2") 
[0.818s] -- Checking for modules 'libavcodec;libavutil;libswscale'
[0.838s] --   Found libavcodec, version 58.134.100
[0.849s] --   Found libavutil, version 56.70.100
[0.860s] --   Found libswscale, version 5.9.100
[0.898s] -- Configuring done
[0.923s] -- Generating done
[0.926s] -- Build files have been written to: /home/drwwwzer/many/RM_myself/gxu_rm_custom_client-main/build/RmCustomClient
[0.934s] Invoked command in '/home/drwwwzer/many/RM_myself/gxu_rm_custom_client-main/build/RmCustomClient' returned '0': /usr/bin/cmake /home/drwwwzer/many/RM_myself/gxu_rm_custom_client-main/src -DCMAKE_INSTALL_PREFIX=/home/drwwwzer/many/RM_myself/gxu_rm_custom_client-main/install/RmCustomClient
[0.935s] Invoking command in '/home/drwwwzer/many/RM_myself/gxu_rm_custom_client-main/build/RmCustomClient': /usr/bin/cmake --build /home/drwwwzer/many/RM_myself/gxu_rm_custom_client-main/build/RmCustomClient -- -j24 -l24
[0.994s] [  9%] [34m[1mRunning cpp protocol buffer compiler on model/messages.proto[0m
[1.039s] [ 18%] [34m[1mAutomatic MOC and UIC for target RmCustomClient[0m
[1.188s] [ 18%] Built target RmCustomClient_autogen
[1.202s] [ 27%] [32mBuilding CXX object CMakeFiles/RmCustomClient.dir/network/VideoReceiver.cpp.o[0m
[1.202s] [ 45%] [32mBuilding CXX object CMakeFiles/RmCustomClient.dir/video/VideoDecoder.cpp.o[0m
[1.202s] [ 45%] [32mBuilding CXX object CMakeFiles/RmCustomClient.dir/ui/MainWindow.cpp.o[0m
[1.202s] [ 54%] [32mBuilding CXX object CMakeFiles/RmCustomClient.dir/messages.pb.cc.o[0m
[1.202s] [ 63%] [32mBuilding CXX object CMakeFiles/RmCustomClient.dir/RmCustomClient_autogen/mocs_compilation.cpp.o[0m
[1.203s] [ 72%] [32mBuilding CXX object CMakeFiles/RmCustomClient.dir/network/MqttManager.cpp.o[0m
[1.203s] [ 81%] [32mBuilding CXX object CMakeFiles/RmCustomClient.dir/model/RobotState.cpp.o[0m
[1.204s] [ 90%] [32mBuilding CXX object CMakeFiles/RmCustomClient.dir/main.cpp.o[0m
[2.492s] [100%] [32m[1mLinking CXX executable RmCustomClient[0m
[2.732s] [100%] Built target RmCustomClient
[2.740s] Invoked command in '/home/drwwwzer/many/RM_myself/gxu_rm_custom_client-main/build/RmCustomClient' returned '0': /usr/bin/cmake --build /home/drwwwzer/many/RM_myself/gxu_rm_custom_client-main/build/RmCustomClient -- -j24 -l24
