-- The C compiler identification is GNU 11.4.0
-- The CXX compiler identification is GNU 11.4.0
-- Detecting C compiler ABI info
-- Detecting C compiler ABI info - done
-- Check for working C compiler: /usr/bin/cc - skipped
-- Detecting C compile features
-- Detecting C compile features - done
-- Detecting CXX compiler ABI info
-- Detecting CXX compiler ABI info - done
-- Check for working CXX compiler: /usr/bin/c++ - skipped
-- Detecting CXX compile features
-- Detecting CXX compile features - done
-- Looking for pthread.h
-- Looking for pthread.h - found
-- Performing Test CMAKE_HAVE_LIBC_PTHREAD
-- Performing Test CMAKE_HAVE_LIBC_PTHREAD - Success
-- Found Threads: TRUE  
-- Performing Test HAVE_STDATOMIC
-- Performing Test HAVE_STDATOMIC - Success
-- Found WrapAtomic: TRUE  
-- Found OpenGL: /usr/lib/x86_64-linux-gnu/libOpenGL.so   
-- Found WrapOpenGL: TRUE  
-- Found XKB: /usr/lib/x86_64-linux-gnu/libxkbcommon.so (found suitable version "1.4.0", minimum required is "0.5.0") 
-- Found WrapVulkanHeaders: /usr/include  
-- Found Protobuf: /usr/lib/x86_64-linux-gnu/libprotobuf.so (found version "3.12.4") 
[33mCMake Warning at CMakeLists.txt:23 (message):
  Qt6 Mqtt module NOT found! Please install qt6-mqtt-dev.  MQTT features will
  be disabled or mocked.

[0m
-- Found PkgConfig: /usr/bin/pkg-config (found version "0.29.2") 
-- Checking for modules 'libavcodec;libavutil;libswscale'
--   Found libavcodec, version 58.134.100
--   Found libavutil, version 56.70.100
--   Found libswscale, version 5.9.100
-- Configuring done
-- Generating done
-- Build files have been written to: /home/drwwwzer/many/RM_myself/gxu_rm_custom_client-main/build/RmCustomClient
[  9%] [34m[1mRunning cpp protocol buffer compiler on model/messages.proto[0m
[ 18%] [34m[1mAutomatic MOC and UIC for target RmCustomClient[0m
[ 18%] Built target RmCustomClient_autogen
[ 27%] [32mBuilding CXX object CMakeFiles/RmCustomClient.dir/network/MqttManager.cpp.o[0m
[ 36%] [32mBuilding CXX object CMakeFiles/RmCustomClient.dir/network/VideoReceiver.cpp.o[0m
[ 45%] [32mBuilding CXX object CMakeFiles/RmCustomClient.dir/ui/MainWindow.cpp.o[0m
[ 54%] [32mBuilding CXX object CMakeFiles/RmCustomClient.dir/messages.pb.cc.o[0m
[ 72%] [32mBuilding CXX object CMakeFiles/RmCustomClient.dir/RmCustomClient_autogen/mocs_compilation.cpp.o[0m
[ 72%] [32mBuilding CXX object CMakeFiles/RmCustomClient.dir/main.cpp.o[0m
[ 90%] [32mBuilding CXX object CMakeFiles/RmCustomClient.dir/video/VideoDecoder.cpp.o[0m
[ 90%] [32mBuilding CXX object CMakeFiles/RmCustomClient.dir/model/RobotState.cpp.o[0m
[01m[K/home/drwwwzer/many/RM_myself/gxu_rm_custom_client-main/src/network/VideoReceiver.cpp:46:1:[m[K [01;31m[Kerror: [m[K‘[01m[Kv[m[K’ does not name a type
   46 | [01;31m[Kv[m[K// VideoReceiver.cpp 修改后的关键部分
      | [01;31m[K^[m[K
[01m[K/home/drwwwzer/many/RM_myself/gxu_rm_custom_client-main/src/video/VideoDecoder.cpp:[m[K In member function ‘[01m[Kvoid VideoDecoder::processData(const uint8_t*, int)[m[K’:
[01m[K/home/drwwwzer/many/RM_myself/gxu_rm_custom_client-main/src/video/VideoDecoder.cpp:106:13:[m[K [01;31m[Kerror: [m[K‘[01m[Km_decodeErrors[m[K’ was not declared in this scope
  106 |             [01;31m[Km_decodeErrors[m[K++;
      |             [01;31m[K^~~~~~~~~~~~~~[m[K
[01m[K/home/drwwwzer/many/RM_myself/gxu_rm_custom_client-main/src/video/VideoDecoder.cpp:115:17:[m[K [01;31m[Kerror: [m[K‘[01m[Km_decodeErrors[m[K’ was not declared in this scope
  115 |                 [01;31m[Km_decodeErrors[m[K++;
      |                 [01;31m[K^~~~~~~~~~~~~~[m[K
[01m[K/home/drwwwzer/many/RM_myself/gxu_rm_custom_client-main/src/video/VideoDecoder.cpp:118:13:[m[K [01;31m[Kerror: [m[K‘[01m[KreceiveFrames[m[K’ was not declared in this scope; did you mean ‘[01m[Kreceivers[m[K’?
  118 |             [01;31m[KreceiveFrames[m[K();
      |             [01;31m[K^~~~~~~~~~~~~[m[K
      |             [32m[Kreceivers[m[K
gmake[2]: *** [CMakeFiles/RmCustomClient.dir/build.make:132：CMakeFiles/RmCustomClient.dir/network/VideoReceiver.cpp.o] 错误 1
gmake[2]: *** 正在等待未完成的任务....
gmake[2]: *** [CMakeFiles/RmCustomClient.dir/build.make:160：CMakeFiles/RmCustomClient.dir/video/VideoDecoder.cpp.o] 错误 1
gmake[1]: *** [CMakeFiles/Makefile2:84：CMakeFiles/RmCustomClient.dir/all] 错误 2
gmake: *** [Makefile:91：all] 错误 2
