[0.005s] Invoking command in '/home/drwwwzer/many/RM_myself/gxu_rm_custom_client-main/build/RmCustomClient': /usr/bin/cmake /home/drwwwzer/many/RM_myself/gxu_rm_custom_client-main/src -DCMAKE_INSTALL_PREFIX=/home/drwwwzer/many/RM_myself/gxu_rm_custom_client-main/install/RmCustomClient
[0.051s] -- The C compiler identification is GNU 11.4.0
[0.103s] -- The CXX compiler identification is GNU 11.4.0
[0.107s] -- Detecting C compiler ABI info
[0.162s] -- Detecting C compiler ABI info - done
[0.167s] -- Check for working C compiler: /usr/bin/cc - skipped
[0.167s] -- Detecting C compile features
[0.168s] -- Detecting C compile features - done
[0.170s] -- Detecting CXX compiler ABI info
[0.235s] -- Detecting CXX compiler ABI info - done
[0.239s] -- Check for working CXX compiler: /usr/bin/c++ - skipped
[0.239s] -- Detecting CXX compile features
[0.239s] -- Detecting CXX compile features - done
[0.244s] -- Looking for pthread.h
[0.304s] -- Looking for pthread.h - found
[0.304s] -- Performing Test CMAKE_HAVE_LIBC_PTHREAD
[0.381s] -- Performing Test CMAKE_HAVE_LIBC_PTHREAD - Success
[0.382s] -- Found Threads: TRUE  
[0.386s] -- Performing Test HAVE_STDATOMIC
[0.479s] -- Performing Test HAVE_STDATOMIC - Success
[0.480s] -- Found WrapAtomic: TRUE  
[0.505s] -- Found OpenGL: /usr/lib/x86_64-linux-gnu/libOpenGL.so   
[0.506s] -- Found WrapOpenGL: TRUE  
[0.543s] -- Found XKB: /usr/lib/x86_64-linux-gnu/libxkbcommon.so (found suitable version "1.4.0", minimum required is "0.5.0") 
[0.549s] -- Found WrapVulkanHeaders: /usr/include  
[0.584s] -- Found Protobuf: /usr/lib/x86_64-linux-gnu/libprotobuf.so (found version "3.12.4") 
[0.585s] [33mCMake Warning at CMakeLists.txt:23 (message):
[0.585s]   Qt6 Mqtt module NOT found! Please install qt6-mqtt-dev.  MQTT features will
[0.585s]   be disabled or mocked.
[0.585s] 
[0.585s] [0m
[0.587s] -- Found PkgConfig: /usr/bin/pkg-config (found version "0.29.2") 
[0.588s] -- Checking for modules 'libavcodec;libavutil;libswscale'
[0.604s] --   Found libavcodec, version 58.134.100
[0.616s] --   Found libavutil, version 56.70.100
[0.631s] --   Found libswscale, version 5.9.100
[0.678s] -- Configuring done
[0.704s] -- Generating done
[0.706s] -- Build files have been written to: /home/drwwwzer/many/RM_myself/gxu_rm_custom_client-main/build/RmCustomClient
[0.715s] Invoked command in '/home/drwwwzer/many/RM_myself/gxu_rm_custom_client-main/build/RmCustomClient' returned '0': /usr/bin/cmake /home/drwwwzer/many/RM_myself/gxu_rm_custom_client-main/src -DCMAKE_INSTALL_PREFIX=/home/drwwwzer/many/RM_myself/gxu_rm_custom_client-main/install/RmCustomClient
[0.718s] Invoking command in '/home/drwwwzer/many/RM_myself/gxu_rm_custom_client-main/build/RmCustomClient': /usr/bin/cmake --build /home/drwwwzer/many/RM_myself/gxu_rm_custom_client-main/build/RmCustomClient -- -j24 -l24
[0.779s] [  9%] [34m[1mRunning cpp protocol buffer compiler on model/messages.proto[0m
[0.808s] [ 18%] [34m[1mAutomatic MOC and UIC for target RmCustomClient[0m
[0.933s] [ 18%] Built target RmCustomClient_autogen
[0.948s] [ 27%] [32mBuilding CXX object CMakeFiles/RmCustomClient.dir/network/MqttManager.cpp.o[0m
[0.948s] [ 36%] [32mBuilding CXX object CMakeFiles/RmCustomClient.dir/network/VideoReceiver.cpp.o[0m
[0.949s] [ 45%] [32mBuilding CXX object CMakeFiles/RmCustomClient.dir/ui/MainWindow.cpp.o[0m
[0.950s] [ 54%] [32mBuilding CXX object CMakeFiles/RmCustomClient.dir/messages.pb.cc.o[0m
[0.951s] [ 72%] [32mBuilding CXX object CMakeFiles/RmCustomClient.dir/RmCustomClient_autogen/mocs_compilation.cpp.o[0m
[0.951s] [ 72%] [32mBuilding CXX object CMakeFiles/RmCustomClient.dir/main.cpp.o[0m
[0.951s] [ 90%] [32mBuilding CXX object CMakeFiles/RmCustomClient.dir/video/VideoDecoder.cpp.o[0m
[0.951s] [ 90%] [32mBuilding CXX object CMakeFiles/RmCustomClient.dir/model/RobotState.cpp.o[0m
[1.572s] [01m[K/home/drwwwzer/many/RM_myself/gxu_rm_custom_client-main/src/network/VideoReceiver.cpp:46:1:[m[K [01;31m[Kerror: [m[K‘[01m[Kv[m[K’ does not name a type
[1.572s]    46 | [01;31m[Kv[m[K// VideoReceiver.cpp 修改后的关键部分
[1.573s]       | [01;31m[K^[m[K
[1.575s] [01m[K/home/drwwwzer/many/RM_myself/gxu_rm_custom_client-main/src/video/VideoDecoder.cpp:[m[K In member function ‘[01m[Kvoid VideoDecoder::processData(const uint8_t*, int)[m[K’:
[1.576s] [01m[K/home/drwwwzer/many/RM_myself/gxu_rm_custom_client-main/src/video/VideoDecoder.cpp:106:13:[m[K [01;31m[Kerror: [m[K‘[01m[Km_decodeErrors[m[K’ was not declared in this scope
[1.576s]   106 |             [01;31m[Km_decodeErrors[m[K++;
[1.576s]       |             [01;31m[K^~~~~~~~~~~~~~[m[K
[1.582s] [01m[K/home/drwwwzer/many/RM_myself/gxu_rm_custom_client-main/src/video/VideoDecoder.cpp:115:17:[m[K [01;31m[Kerror: [m[K‘[01m[Km_decodeErrors[m[K’ was not declared in this scope
[1.582s]   115 |                 [01;31m[Km_decodeErrors[m[K++;
[1.582s]       |                 [01;31m[K^~~~~~~~~~~~~~[m[K
[1.588s] [01m[K/home/drwwwzer/many/RM_myself/gxu_rm_custom_client-main/src/video/VideoDecoder.cpp:118:13:[m[K [01;31m[Kerror: [m[K‘[01m[KreceiveFrames[m[K’ was not declared in this scope; did you mean ‘[01m[Kreceivers[m[K’?
[1.588s]   118 |             [01;31m[KreceiveFrames[m[K();
[1.588s]       |             [01;31m[K^~~~~~~~~~~~~[m[K
[1.588s]       |             [32m[Kreceivers[m[K
[1.672s] gmake[2]: *** [CMakeFiles/RmCustomClient.dir/build.make:132：CMakeFiles/RmCustomClient.dir/network/VideoReceiver.cpp.o] 错误 1
[1.672s] gmake[2]: *** 正在等待未完成的任务....
[1.689s] gmake[2]: *** [CMakeFiles/RmCustomClient.dir/build.make:160：CMakeFiles/RmCustomClient.dir/video/VideoDecoder.cpp.o] 错误 1
[2.253s] gmake[1]: *** [CMakeFiles/Makefile2:84：CMakeFiles/RmCustomClient.dir/all] 错误 2
[2.254s] gmake: *** [Makefile:91：all] 错误 2
[2.255s] Invoked command in '/home/drwwwzer/many/RM_myself/gxu_rm_custom_client-main/build/RmCustomClient' returned '2': /usr/bin/cmake --build /home/drwwwzer/many/RM_myself/gxu_rm_custom_client-main/build/RmCustomClient -- -j24 -l24
