[0.048s] DEBUG:colcon:Command line arguments: ['/usr/bin/colcon', 'build']
[0.048s] DEBUG:colcon:Parsed command line arguments: Namespace(log_base=None, log_level=None, verb_name='build', build_base='build', install_base='install', merge_install=False, symlink_install=False, test_result_base=None, continue_on_error=False, executor='parallel', parallel_workers=24, event_handlers=None, ignore_user_meta=False, metas=['./colcon.meta'], base_paths=['.'], packages_ignore=None, packages_ignore_regex=None, paths=None, packages_up_to=None, packages_up_to_regex=None, packages_above=None, packages_above_and_dependencies=None, packages_above_depth=None, packages_select_by_dep=None, packages_skip_by_dep=None, packages_skip_up_to=None, packages_select_build_failed=False, packages_skip_build_finished=False, packages_select_test_failures=False, packages_skip_test_passed=False, packages_select=None, packages_skip=None, packages_select_regex=None, packages_skip_regex=None, packages_start=None, packages_end=None, allow_overriding=[], cmake_args=None, cmake_target=None, cmake_target_skip_unavailable=False, cmake_clean_cache=False, cmake_clean_first=False, cmake_force_configure=False, ament_cmake_args=None, catkin_cmake_args=None, catkin_skip_building_tests=False, verb_parser=<colcon_defaults.argument_parser.defaults.DefaultArgumentsDecorator object at 0x7d48f70b7160>, verb_extension=<colcon_core.verb.build.BuildVerb object at 0x7d48f70b6c50>, main=<bound method BuildVerb.main of <colcon_core.verb.build.BuildVerb object at 0x7d48f70b6c50>>)
[0.116s] Level 1:colcon.colcon_core.package_discovery:discover_packages(colcon_meta) check parameters
[0.116s] Level 1:colcon.colcon_core.package_discovery:discover_packages(recursive) check parameters
[0.116s] Level 1:colcon.colcon_core.package_discovery:discover_packages(ignore) check parameters
[0.116s] Level 1:colcon.colcon_core.package_discovery:discover_packages(path) check parameters
[0.116s] Level 1:colcon.colcon_core.package_discovery:discover_packages(colcon_meta) discover
[0.116s] Level 1:colcon.colcon_core.package_discovery:discover_packages(recursive) discover
[0.116s] INFO:colcon.colcon_core.package_discovery:Crawling recursively for packages in '/home/drwwwzer/many/RM_myself/5lakes'
[0.116s] Level 1:colcon.colcon_core.package_identification:_identify(.) by extensions ['ignore', 'ignore_ament_install']
[0.116s] Level 1:colcon.colcon_core.package_identification:_identify(.) by extension 'ignore'
[0.116s] Level 1:colcon.colcon_core.package_identification:_identify(.) by extension 'ignore_ament_install'
[0.116s] Level 1:colcon.colcon_core.package_identification:_identify(.) by extensions ['colcon_pkg']
[0.116s] Level 1:colcon.colcon_core.package_identification:_identify(.) by extension 'colcon_pkg'
[0.116s] Level 1:colcon.colcon_core.package_identification:_identify(.) by extensions ['colcon_meta']
[0.116s] Level 1:colcon.colcon_core.package_identification:_identify(.) by extension 'colcon_meta'
[0.116s] Level 1:colcon.colcon_core.package_identification:_identify(.) by extensions ['ros']
[0.116s] Level 1:colcon.colcon_core.package_identification:_identify(.) by extension 'ros'
[0.122s] Level 1:colcon.colcon_core.package_identification:_identify(.) by extensions ['cmake', 'python']
[0.122s] Level 1:colcon.colcon_core.package_identification:_identify(.) by extension 'cmake'
[0.122s] Level 1:colcon.colcon_core.package_identification:_identify(.) by extension 'python'
[0.122s] Level 1:colcon.colcon_core.package_identification:_identify(.) by extensions ['python_setup_py']
[0.122s] Level 1:colcon.colcon_core.package_identification:_identify(.) by extension 'python_setup_py'
[0.122s] Level 1:colcon.colcon_core.package_identification:_identify(build) by extensions ['ignore', 'ignore_ament_install']
[0.122s] Level 1:colcon.colcon_core.package_identification:_identify(build) by extension 'ignore'
[0.122s] Level 1:colcon.colcon_core.package_identification:_identify(build) ignored
[0.122s] Level 1:colcon.colcon_core.package_identification:_identify(install) by extensions ['ignore', 'ignore_ament_install']
[0.122s] Level 1:colcon.colcon_core.package_identification:_identify(install) by extension 'ignore'
[0.122s] Level 1:colcon.colcon_core.package_identification:_identify(install) ignored
[0.122s] Level 1:colcon.colcon_core.package_identification:_identify(log) by extensions ['ignore', 'ignore_ament_install']
[0.122s] Level 1:colcon.colcon_core.package_identification:_identify(log) by extension 'ignore'
[0.122s] Level 1:colcon.colcon_core.package_identification:_identify(log) ignored
[0.122s] Level 1:colcon.colcon_core.package_identification:_identify(zdykhd_ws) by extensions ['ignore', 'ignore_ament_install']
[0.122s] Level 1:colcon.colcon_core.package_identification:_identify(zdykhd_ws) by extension 'ignore'
[0.122s] Level 1:colcon.colcon_core.package_identification:_identify(zdykhd_ws) by extension 'ignore_ament_install'
[0.122s] Level 1:colcon.colcon_core.package_identification:_identify(zdykhd_ws) by extensions ['colcon_pkg']
[0.122s] Level 1:colcon.colcon_core.package_identification:_identify(zdykhd_ws) by extension 'colcon_pkg'
[0.122s] Level 1:colcon.colcon_core.package_identification:_identify(zdykhd_ws) by extensions ['colcon_meta']
[0.122s] Level 1:colcon.colcon_core.package_identification:_identify(zdykhd_ws) by extension 'colcon_meta'
[0.122s] Level 1:colcon.colcon_core.package_identification:_identify(zdykhd_ws) by extensions ['ros']
[0.122s] Level 1:colcon.colcon_core.package_identification:_identify(zdykhd_ws) by extension 'ros'
[0.122s] Level 1:colcon.colcon_core.package_identification:_identify(zdykhd_ws) by extensions ['cmake', 'python']
[0.122s] Level 1:colcon.colcon_core.package_identification:_identify(zdykhd_ws) by extension 'cmake'
[0.122s] Level 1:colcon.colcon_core.package_identification:_identify(zdykhd_ws) by extension 'python'
[0.122s] Level 1:colcon.colcon_core.package_identification:_identify(zdykhd_ws) by extensions ['python_setup_py']
[0.122s] Level 1:colcon.colcon_core.package_identification:_identify(zdykhd_ws) by extension 'python_setup_py'
[0.122s] Level 1:colcon.colcon_core.package_identification:_identify(zdykhd_ws/Pacific_doorlock_sniper) by extensions ['ignore', 'ignore_ament_install']
[0.122s] Level 1:colcon.colcon_core.package_identification:_identify(zdykhd_ws/Pacific_doorlock_sniper) by extension 'ignore'
[0.122s] Level 1:colcon.colcon_core.package_identification:_identify(zdykhd_ws/Pacific_doorlock_sniper) by extension 'ignore_ament_install'
[0.122s] Level 1:colcon.colcon_core.package_identification:_identify(zdykhd_ws/Pacific_doorlock_sniper) by extensions ['colcon_pkg']
[0.123s] Level 1:colcon.colcon_core.package_identification:_identify(zdykhd_ws/Pacific_doorlock_sniper) by extension 'colcon_pkg'
[0.123s] Level 1:colcon.colcon_core.package_identification:_identify(zdykhd_ws/Pacific_doorlock_sniper) by extensions ['colcon_meta']
[0.123s] Level 1:colcon.colcon_core.package_identification:_identify(zdykhd_ws/Pacific_doorlock_sniper) by extension 'colcon_meta'
[0.123s] Level 1:colcon.colcon_core.package_identification:_identify(zdykhd_ws/Pacific_doorlock_sniper) by extensions ['ros']
[0.123s] Level 1:colcon.colcon_core.package_identification:_identify(zdykhd_ws/Pacific_doorlock_sniper) by extension 'ros'
[0.123s] Level 1:colcon.colcon_core.package_identification:_identify(zdykhd_ws/Pacific_doorlock_sniper) by extensions ['cmake', 'python']
[0.123s] Level 1:colcon.colcon_core.package_identification:_identify(zdykhd_ws/Pacific_doorlock_sniper) by extension 'cmake'
[0.123s] Level 1:colcon.colcon_core.package_identification:_identify(zdykhd_ws/Pacific_doorlock_sniper) by extension 'python'
[0.123s] Level 1:colcon.colcon_core.package_identification:_identify(zdykhd_ws/Pacific_doorlock_sniper) by extensions ['python_setup_py']
[0.123s] Level 1:colcon.colcon_core.package_identification:_identify(zdykhd_ws/Pacific_doorlock_sniper) by extension 'python_setup_py'
[0.123s] Level 1:colcon.colcon_core.package_identification:_identify(zdykhd_ws/Pacific_doorlock_sniper/build) by extensions ['ignore', 'ignore_ament_install']
[0.123s] Level 1:colcon.colcon_core.package_identification:_identify(zdykhd_ws/Pacific_doorlock_sniper/build) by extension 'ignore'
[0.123s] Level 1:colcon.colcon_core.package_identification:_identify(zdykhd_ws/Pacific_doorlock_sniper/build) ignored
[0.123s] Level 1:colcon.colcon_core.package_identification:_identify(zdykhd_ws/Pacific_doorlock_sniper/install) by extensions ['ignore', 'ignore_ament_install']
[0.123s] Level 1:colcon.colcon_core.package_identification:_identify(zdykhd_ws/Pacific_doorlock_sniper/install) by extension 'ignore'
[0.123s] Level 1:colcon.colcon_core.package_identification:_identify(zdykhd_ws/Pacific_doorlock_sniper/install) ignored
[0.123s] Level 1:colcon.colcon_core.package_identification:_identify(zdykhd_ws/Pacific_doorlock_sniper/log) by extensions ['ignore', 'ignore_ament_install']
[0.123s] Level 1:colcon.colcon_core.package_identification:_identify(zdykhd_ws/Pacific_doorlock_sniper/log) by extension 'ignore'
[0.123s] Level 1:colcon.colcon_core.package_identification:_identify(zdykhd_ws/Pacific_doorlock_sniper/log) ignored
[0.123s] Level 1:colcon.colcon_core.package_identification:_identify(zdykhd_ws/Pacific_doorlock_sniper/src) by extensions ['ignore', 'ignore_ament_install']
[0.123s] Level 1:colcon.colcon_core.package_identification:_identify(zdykhd_ws/Pacific_doorlock_sniper/src) by extension 'ignore'
[0.123s] Level 1:colcon.colcon_core.package_identification:_identify(zdykhd_ws/Pacific_doorlock_sniper/src) by extension 'ignore_ament_install'
[0.123s] Level 1:colcon.colcon_core.package_identification:_identify(zdykhd_ws/Pacific_doorlock_sniper/src) by extensions ['colcon_pkg']
[0.123s] Level 1:colcon.colcon_core.package_identification:_identify(zdykhd_ws/Pacific_doorlock_sniper/src) by extension 'colcon_pkg'
[0.123s] Level 1:colcon.colcon_core.package_identification:_identify(zdykhd_ws/Pacific_doorlock_sniper/src) by extensions ['colcon_meta']
[0.123s] Level 1:colcon.colcon_core.package_identification:_identify(zdykhd_ws/Pacific_doorlock_sniper/src) by extension 'colcon_meta'
[0.123s] Level 1:colcon.colcon_core.package_identification:_identify(zdykhd_ws/Pacific_doorlock_sniper/src) by extensions ['ros']
[0.123s] Level 1:colcon.colcon_core.package_identification:_identify(zdykhd_ws/Pacific_doorlock_sniper/src) by extension 'ros'
[0.123s] Level 1:colcon.colcon_core.package_identification:_identify(zdykhd_ws/Pacific_doorlock_sniper/src) by extensions ['cmake', 'python']
[0.123s] Level 1:colcon.colcon_core.package_identification:_identify(zdykhd_ws/Pacific_doorlock_sniper/src) by extension 'cmake'
[0.123s] Level 1:colcon.colcon_core.package_identification:_identify(zdykhd_ws/Pacific_doorlock_sniper/src) by extension 'python'
[0.123s] Level 1:colcon.colcon_core.package_identification:_identify(zdykhd_ws/Pacific_doorlock_sniper/src) by extensions ['python_setup_py']
[0.123s] Level 1:colcon.colcon_core.package_identification:_identify(zdykhd_ws/Pacific_doorlock_sniper/src) by extension 'python_setup_py'
[0.123s] Level 1:colcon.colcon_core.package_identification:_identify(zdykhd_ws/Pacific_doorlock_sniper/src/bringup) by extensions ['ignore', 'ignore_ament_install']
[0.123s] Level 1:colcon.colcon_core.package_identification:_identify(zdykhd_ws/Pacific_doorlock_sniper/src/bringup) by extension 'ignore'
[0.123s] Level 1:colcon.colcon_core.package_identification:_identify(zdykhd_ws/Pacific_doorlock_sniper/src/bringup) by extension 'ignore_ament_install'
[0.123s] Level 1:colcon.colcon_core.package_identification:_identify(zdykhd_ws/Pacific_doorlock_sniper/src/bringup) by extensions ['colcon_pkg']
[0.123s] Level 1:colcon.colcon_core.package_identification:_identify(zdykhd_ws/Pacific_doorlock_sniper/src/bringup) by extension 'colcon_pkg'
[0.123s] Level 1:colcon.colcon_core.package_identification:_identify(zdykhd_ws/Pacific_doorlock_sniper/src/bringup) by extensions ['colcon_meta']
[0.123s] Level 1:colcon.colcon_core.package_identification:_identify(zdykhd_ws/Pacific_doorlock_sniper/src/bringup) by extension 'colcon_meta'
[0.123s] Level 1:colcon.colcon_core.package_identification:_identify(zdykhd_ws/Pacific_doorlock_sniper/src/bringup) by extensions ['ros']
[0.123s] Level 1:colcon.colcon_core.package_identification:_identify(zdykhd_ws/Pacific_doorlock_sniper/src/bringup) by extension 'ros'
[0.125s] DEBUG:colcon.colcon_core.package_identification:Package 'zdykhd_ws/Pacific_doorlock_sniper/src/bringup' with type 'ros.ament_cmake' and name 'bringup'
[0.125s] Level 1:colcon.colcon_core.package_identification:_identify(zdykhd_ws/Pacific_doorlock_sniper/src/doorlock_decoder) by extensions ['ignore', 'ignore_ament_install']
[0.125s] Level 1:colcon.colcon_core.package_identification:_identify(zdykhd_ws/Pacific_doorlock_sniper/src/doorlock_decoder) by extension 'ignore'
[0.125s] Level 1:colcon.colcon_core.package_identification:_identify(zdykhd_ws/Pacific_doorlock_sniper/src/doorlock_decoder) by extension 'ignore_ament_install'
[0.125s] Level 1:colcon.colcon_core.package_identification:_identify(zdykhd_ws/Pacific_doorlock_sniper/src/doorlock_decoder) by extensions ['colcon_pkg']
[0.125s] Level 1:colcon.colcon_core.package_identification:_identify(zdykhd_ws/Pacific_doorlock_sniper/src/doorlock_decoder) by extension 'colcon_pkg'
[0.125s] Level 1:colcon.colcon_core.package_identification:_identify(zdykhd_ws/Pacific_doorlock_sniper/src/doorlock_decoder) by extensions ['colcon_meta']
[0.125s] Level 1:colcon.colcon_core.package_identification:_identify(zdykhd_ws/Pacific_doorlock_sniper/src/doorlock_decoder) by extension 'colcon_meta'
[0.125s] Level 1:colcon.colcon_core.package_identification:_identify(zdykhd_ws/Pacific_doorlock_sniper/src/doorlock_decoder) by extensions ['ros']
[0.125s] Level 1:colcon.colcon_core.package_identification:_identify(zdykhd_ws/Pacific_doorlock_sniper/src/doorlock_decoder) by extension 'ros'
[0.125s] DEBUG:colcon.colcon_core.package_identification:Package 'zdykhd_ws/Pacific_doorlock_sniper/src/doorlock_decoder' with type 'ros.ament_python' and name 'doorlock_decoder'
[0.125s] Level 1:colcon.colcon_core.package_identification:_identify(zdykhd_ws/Pacific_doorlock_sniper/src/doorlock_sniper) by extensions ['ignore', 'ignore_ament_install']
[0.125s] Level 1:colcon.colcon_core.package_identification:_identify(zdykhd_ws/Pacific_doorlock_sniper/src/doorlock_sniper) by extension 'ignore'
[0.125s] Level 1:colcon.colcon_core.package_identification:_identify(zdykhd_ws/Pacific_doorlock_sniper/src/doorlock_sniper) by extension 'ignore_ament_install'
[0.125s] Level 1:colcon.colcon_core.package_identification:_identify(zdykhd_ws/Pacific_doorlock_sniper/src/doorlock_sniper) by extensions ['colcon_pkg']
[0.125s] Level 1:colcon.colcon_core.package_identification:_identify(zdykhd_ws/Pacific_doorlock_sniper/src/doorlock_sniper) by extension 'colcon_pkg'
[0.125s] Level 1:colcon.colcon_core.package_identification:_identify(zdykhd_ws/Pacific_doorlock_sniper/src/doorlock_sniper) by extensions ['colcon_meta']
[0.125s] Level 1:colcon.colcon_core.package_identification:_identify(zdykhd_ws/Pacific_doorlock_sniper/src/doorlock_sniper) by extension 'colcon_meta'
[0.125s] Level 1:colcon.colcon_core.package_identification:_identify(zdykhd_ws/Pacific_doorlock_sniper/src/doorlock_sniper) by extensions ['ros']
[0.125s] Level 1:colcon.colcon_core.package_identification:_identify(zdykhd_ws/Pacific_doorlock_sniper/src/doorlock_sniper) by extension 'ros'
[0.126s] DEBUG:colcon.colcon_core.package_identification:Package 'zdykhd_ws/Pacific_doorlock_sniper/src/doorlock_sniper' with type 'ros.ament_cmake' and name 'doorlock_sniper'
[0.126s] Level 1:colcon.colcon_core.package_identification:_identify(zdykhd_ws/realsense-ros) by extensions ['ignore', 'ignore_ament_install']
[0.126s] Level 1:colcon.colcon_core.package_identification:_identify(zdykhd_ws/realsense-ros) by extension 'ignore'
[0.126s] Level 1:colcon.colcon_core.package_identification:_identify(zdykhd_ws/realsense-ros) by extension 'ignore_ament_install'
[0.126s] Level 1:colcon.colcon_core.package_identification:_identify(zdykhd_ws/realsense-ros) by extensions ['colcon_pkg']
[0.126s] Level 1:colcon.colcon_core.package_identification:_identify(zdykhd_ws/realsense-ros) by extension 'colcon_pkg'
[0.126s] Level 1:colcon.colcon_core.package_identification:_identify(zdykhd_ws/realsense-ros) by extensions ['colcon_meta']
[0.126s] Level 1:colcon.colcon_core.package_identification:_identify(zdykhd_ws/realsense-ros) by extension 'colcon_meta'
[0.126s] Level 1:colcon.colcon_core.package_identification:_identify(zdykhd_ws/realsense-ros) by extensions ['ros']
[0.126s] Level 1:colcon.colcon_core.package_identification:_identify(zdykhd_ws/realsense-ros) by extension 'ros'
[0.126s] Level 1:colcon.colcon_core.package_identification:_identify(zdykhd_ws/realsense-ros) by extensions ['cmake', 'python']
[0.126s] Level 1:colcon.colcon_core.package_identification:_identify(zdykhd_ws/realsense-ros) by extension 'cmake'
[0.126s] Level 1:colcon.colcon_core.package_identification:_identify(zdykhd_ws/realsense-ros) by extension 'python'
[0.126s] Level 1:colcon.colcon_core.package_identification:_identify(zdykhd_ws/realsense-ros) by extensions ['python_setup_py']
[0.126s] Level 1:colcon.colcon_core.package_identification:_identify(zdykhd_ws/realsense-ros) by extension 'python_setup_py'
[0.126s] Level 1:colcon.colcon_core.package_identification:_identify(zdykhd_ws/realsense-ros/realsense2_camera) by extensions ['ignore', 'ignore_ament_install']
[0.126s] Level 1:colcon.colcon_core.package_identification:_identify(zdykhd_ws/realsense-ros/realsense2_camera) by extension 'ignore'
[0.126s] Level 1:colcon.colcon_core.package_identification:_identify(zdykhd_ws/realsense-ros/realsense2_camera) by extension 'ignore_ament_install'
[0.126s] Level 1:colcon.colcon_core.package_identification:_identify(zdykhd_ws/realsense-ros/realsense2_camera) by extensions ['colcon_pkg']
[0.126s] Level 1:colcon.colcon_core.package_identification:_identify(zdykhd_ws/realsense-ros/realsense2_camera) by extension 'colcon_pkg'
[0.126s] Level 1:colcon.colcon_core.package_identification:_identify(zdykhd_ws/realsense-ros/realsense2_camera) by extensions ['colcon_meta']
[0.126s] Level 1:colcon.colcon_core.package_identification:_identify(zdykhd_ws/realsense-ros/realsense2_camera) by extension 'colcon_meta'
[0.126s] Level 1:colcon.colcon_core.package_identification:_identify(zdykhd_ws/realsense-ros/realsense2_camera) by extensions ['ros']
[0.126s] Level 1:colcon.colcon_core.package_identification:_identify(zdykhd_ws/realsense-ros/realsense2_camera) by extension 'ros'
[0.129s] DEBUG:colcon.colcon_core.package_identification:Package 'zdykhd_ws/realsense-ros/realsense2_camera' with type 'ros.ament_cmake' and name 'realsense2_camera'
[0.129s] Level 1:colcon.colcon_core.package_identification:_identify(zdykhd_ws/realsense-ros/realsense2_camera_msgs) by extensions ['ignore', 'ignore_ament_install']
[0.129s] Level 1:colcon.colcon_core.package_identification:_identify(zdykhd_ws/realsense-ros/realsense2_camera_msgs) by extension 'ignore'
[0.129s] Level 1:colcon.colcon_core.package_identification:_identify(zdykhd_ws/realsense-ros/realsense2_camera_msgs) by extension 'ignore_ament_install'
[0.129s] Level 1:colcon.colcon_core.package_identification:_identify(zdykhd_ws/realsense-ros/realsense2_camera_msgs) by extensions ['colcon_pkg']
[0.129s] Level 1:colcon.colcon_core.package_identification:_identify(zdykhd_ws/realsense-ros/realsense2_camera_msgs) by extension 'colcon_pkg'
[0.129s] Level 1:colcon.colcon_core.package_identification:_identify(zdykhd_ws/realsense-ros/realsense2_camera_msgs) by extensions ['colcon_meta']
[0.129s] Level 1:colcon.colcon_core.package_identification:_identify(zdykhd_ws/realsense-ros/realsense2_camera_msgs) by extension 'colcon_meta'
[0.129s] Level 1:colcon.colcon_core.package_identification:_identify(zdykhd_ws/realsense-ros/realsense2_camera_msgs) by extensions ['ros']
[0.129s] Level 1:colcon.colcon_core.package_identification:_identify(zdykhd_ws/realsense-ros/realsense2_camera_msgs) by extension 'ros'
[0.130s] DEBUG:colcon.colcon_core.package_identification:Package 'zdykhd_ws/realsense-ros/realsense2_camera_msgs' with type 'ros.ament_cmake' and name 'realsense2_camera_msgs'
[0.130s] Level 1:colcon.colcon_core.package_identification:_identify(zdykhd_ws/realsense-ros/realsense2_description) by extensions ['ignore', 'ignore_ament_install']
[0.130s] Level 1:colcon.colcon_core.package_identification:_identify(zdykhd_ws/realsense-ros/realsense2_description) by extension 'ignore'
[0.130s] Level 1:colcon.colcon_core.package_identification:_identify(zdykhd_ws/realsense-ros/realsense2_description) by extension 'ignore_ament_install'
[0.130s] Level 1:colcon.colcon_core.package_identification:_identify(zdykhd_ws/realsense-ros/realsense2_description) by extensions ['colcon_pkg']
[0.130s] Level 1:colcon.colcon_core.package_identification:_identify(zdykhd_ws/realsense-ros/realsense2_description) by extension 'colcon_pkg'
[0.130s] Level 1:colcon.colcon_core.package_identification:_identify(zdykhd_ws/realsense-ros/realsense2_description) by extensions ['colcon_meta']
[0.130s] Level 1:colcon.colcon_core.package_identification:_identify(zdykhd_ws/realsense-ros/realsense2_description) by extension 'colcon_meta'
[0.130s] Level 1:colcon.colcon_core.package_identification:_identify(zdykhd_ws/realsense-ros/realsense2_description) by extensions ['ros']
[0.130s] Level 1:colcon.colcon_core.package_identification:_identify(zdykhd_ws/realsense-ros/realsense2_description) by extension 'ros'
[0.130s] DEBUG:colcon.colcon_core.package_identification:Package 'zdykhd_ws/realsense-ros/realsense2_description' with type 'ros.ament_cmake' and name 'realsense2_description'
[0.130s] Level 1:colcon.colcon_core.package_identification:_identify(zdykhd_ws/realsense-ros/scripts) by extensions ['ignore', 'ignore_ament_install']
[0.130s] Level 1:colcon.colcon_core.package_identification:_identify(zdykhd_ws/realsense-ros/scripts) by extension 'ignore'
[0.130s] Level 1:colcon.colcon_core.package_identification:_identify(zdykhd_ws/realsense-ros/scripts) by extension 'ignore_ament_install'
[0.130s] Level 1:colcon.colcon_core.package_identification:_identify(zdykhd_ws/realsense-ros/scripts) by extensions ['colcon_pkg']
[0.130s] Level 1:colcon.colcon_core.package_identification:_identify(zdykhd_ws/realsense-ros/scripts) by extension 'colcon_pkg'
[0.131s] Level 1:colcon.colcon_core.package_identification:_identify(zdykhd_ws/realsense-ros/scripts) by extensions ['colcon_meta']
[0.131s] Level 1:colcon.colcon_core.package_identification:_identify(zdykhd_ws/realsense-ros/scripts) by extension 'colcon_meta'
[0.131s] Level 1:colcon.colcon_core.package_identification:_identify(zdykhd_ws/realsense-ros/scripts) by extensions ['ros']
[0.131s] Level 1:colcon.colcon_core.package_identification:_identify(zdykhd_ws/realsense-ros/scripts) by extension 'ros'
[0.131s] Level 1:colcon.colcon_core.package_identification:_identify(zdykhd_ws/realsense-ros/scripts) by extensions ['cmake', 'python']
[0.131s] Level 1:colcon.colcon_core.package_identification:_identify(zdykhd_ws/realsense-ros/scripts) by extension 'cmake'
[0.131s] Level 1:colcon.colcon_core.package_identification:_identify(zdykhd_ws/realsense-ros/scripts) by extension 'python'
[0.131s] Level 1:colcon.colcon_core.package_identification:_identify(zdykhd_ws/realsense-ros/scripts) by extensions ['python_setup_py']
[0.131s] Level 1:colcon.colcon_core.package_identification:_identify(zdykhd_ws/realsense-ros/scripts) by extension 'python_setup_py'
[0.131s] Level 1:colcon.colcon_core.package_discovery:discover_packages(recursive) using defaults
[0.131s] Level 1:colcon.colcon_core.package_discovery:discover_packages(ignore) discover
[0.131s] Level 1:colcon.colcon_core.package_discovery:discover_packages(ignore) using defaults
[0.131s] Level 1:colcon.colcon_core.package_discovery:discover_packages(path) discover
[0.131s] Level 1:colcon.colcon_core.package_discovery:discover_packages(path) using defaults
[0.145s] Level 1:colcon.colcon_core.package_discovery:discover_packages(prefix_path) check parameters
[0.145s] Level 1:colcon.colcon_core.package_discovery:discover_packages(prefix_path) discover
[0.146s] DEBUG:colcon.colcon_installed_package_information.package_discovery:Found 6 installed packages in /home/drwwwzer/many/RM_myself/5lakes/install
[0.147s] DEBUG:colcon.colcon_installed_package_information.package_discovery:Found 281 installed packages in /opt/ros/humble
[0.147s] Level 1:colcon.colcon_core.package_discovery:discover_packages(prefix_path) using defaults
[0.162s] Level 5:colcon.colcon_core.verb:set package 'bringup' build argument 'cmake_args' from command line to 'None'
[0.162s] Level 5:colcon.colcon_core.verb:set package 'bringup' build argument 'cmake_target' from command line to 'None'
[0.162s] Level 5:colcon.colcon_core.verb:set package 'bringup' build argument 'cmake_target_skip_unavailable' from command line to 'False'
[0.162s] Level 5:colcon.colcon_core.verb:set package 'bringup' build argument 'cmake_clean_cache' from command line to 'False'
[0.162s] Level 5:colcon.colcon_core.verb:set package 'bringup' build argument 'cmake_clean_first' from command line to 'False'
[0.162s] Level 5:colcon.colcon_core.verb:set package 'bringup' build argument 'cmake_force_configure' from command line to 'False'
[0.162s] Level 5:colcon.colcon_core.verb:set package 'bringup' build argument 'ament_cmake_args' from command line to 'None'
[0.162s] Level 5:colcon.colcon_core.verb:set package 'bringup' build argument 'catkin_cmake_args' from command line to 'None'
[0.162s] Level 5:colcon.colcon_core.verb:set package 'bringup' build argument 'catkin_skip_building_tests' from command line to 'False'
[0.162s] DEBUG:colcon.colcon_core.verb:Building package 'bringup' with the following arguments: {'ament_cmake_args': None, 'build_base': '/home/drwwwzer/many/RM_myself/5lakes/build/bringup', 'catkin_cmake_args': None, 'catkin_skip_building_tests': False, 'cmake_args': None, 'cmake_clean_cache': False, 'cmake_clean_first': False, 'cmake_force_configure': False, 'cmake_target': None, 'cmake_target_skip_unavailable': False, 'install_base': '/home/drwwwzer/many/RM_myself/5lakes/install/bringup', 'merge_install': False, 'path': '/home/drwwwzer/many/RM_myself/5lakes/zdykhd_ws/Pacific_doorlock_sniper/src/bringup', 'symlink_install': False, 'test_result_base': None}
[0.162s] Level 5:colcon.colcon_core.verb:set package 'doorlock_sniper' build argument 'cmake_args' from command line to 'None'
[0.162s] Level 5:colcon.colcon_core.verb:set package 'doorlock_sniper' build argument 'cmake_target' from command line to 'None'
[0.162s] Level 5:colcon.colcon_core.verb:set package 'doorlock_sniper' build argument 'cmake_target_skip_unavailable' from command line to 'False'
[0.162s] Level 5:colcon.colcon_core.verb:set package 'doorlock_sniper' build argument 'cmake_clean_cache' from command line to 'False'
[0.162s] Level 5:colcon.colcon_core.verb:set package 'doorlock_sniper' build argument 'cmake_clean_first' from command line to 'False'
[0.162s] Level 5:colcon.colcon_core.verb:set package 'doorlock_sniper' build argument 'cmake_force_configure' from command line to 'False'
[0.162s] Level 5:colcon.colcon_core.verb:set package 'doorlock_sniper' build argument 'ament_cmake_args' from command line to 'None'
[0.162s] Level 5:colcon.colcon_core.verb:set package 'doorlock_sniper' build argument 'catkin_cmake_args' from command line to 'None'
[0.162s] Level 5:colcon.colcon_core.verb:set package 'doorlock_sniper' build argument 'catkin_skip_building_tests' from command line to 'False'
[0.162s] DEBUG:colcon.colcon_core.verb:Building package 'doorlock_sniper' with the following arguments: {'ament_cmake_args': None, 'build_base': '/home/drwwwzer/many/RM_myself/5lakes/build/doorlock_sniper', 'catkin_cmake_args': None, 'catkin_skip_building_tests': False, 'cmake_args': None, 'cmake_clean_cache': False, 'cmake_clean_first': False, 'cmake_force_configure': False, 'cmake_target': None, 'cmake_target_skip_unavailable': False, 'install_base': '/home/drwwwzer/many/RM_myself/5lakes/install/doorlock_sniper', 'merge_install': False, 'path': '/home/drwwwzer/many/RM_myself/5lakes/zdykhd_ws/Pacific_doorlock_sniper/src/doorlock_sniper', 'symlink_install': False, 'test_result_base': None}
[0.162s] Level 5:colcon.colcon_core.verb:set package 'realsense2_camera_msgs' build argument 'cmake_args' from command line to 'None'
[0.162s] Level 5:colcon.colcon_core.verb:set package 'realsense2_camera_msgs' build argument 'cmake_target' from command line to 'None'
[0.162s] Level 5:colcon.colcon_core.verb:set package 'realsense2_camera_msgs' build argument 'cmake_target_skip_unavailable' from command line to 'False'
[0.162s] Level 5:colcon.colcon_core.verb:set package 'realsense2_camera_msgs' build argument 'cmake_clean_cache' from command line to 'False'
[0.162s] Level 5:colcon.colcon_core.verb:set package 'realsense2_camera_msgs' build argument 'cmake_clean_first' from command line to 'False'
[0.162s] Level 5:colcon.colcon_core.verb:set package 'realsense2_camera_msgs' build argument 'cmake_force_configure' from command line to 'False'
[0.162s] Level 5:colcon.colcon_core.verb:set package 'realsense2_camera_msgs' build argument 'ament_cmake_args' from command line to 'None'
[0.162s] Level 5:colcon.colcon_core.verb:set package 'realsense2_camera_msgs' build argument 'catkin_cmake_args' from command line to 'None'
[0.162s] Level 5:colcon.colcon_core.verb:set package 'realsense2_camera_msgs' build argument 'catkin_skip_building_tests' from command line to 'False'
[0.162s] DEBUG:colcon.colcon_core.verb:Building package 'realsense2_camera_msgs' with the following arguments: {'ament_cmake_args': None, 'build_base': '/home/drwwwzer/many/RM_myself/5lakes/build/realsense2_camera_msgs', 'catkin_cmake_args': None, 'catkin_skip_building_tests': False, 'cmake_args': None, 'cmake_clean_cache': False, 'cmake_clean_first': False, 'cmake_force_configure': False, 'cmake_target': None, 'cmake_target_skip_unavailable': False, 'install_base': '/home/drwwwzer/many/RM_myself/5lakes/install/realsense2_camera_msgs', 'merge_install': False, 'path': '/home/drwwwzer/many/RM_myself/5lakes/zdykhd_ws/realsense-ros/realsense2_camera_msgs', 'symlink_install': False, 'test_result_base': None}
[0.162s] Level 5:colcon.colcon_core.verb:set package 'doorlock_decoder' build argument 'cmake_args' from command line to 'None'
[0.162s] Level 5:colcon.colcon_core.verb:set package 'doorlock_decoder' build argument 'cmake_target' from command line to 'None'
[0.162s] Level 5:colcon.colcon_core.verb:set package 'doorlock_decoder' build argument 'cmake_target_skip_unavailable' from command line to 'False'
[0.162s] Level 5:colcon.colcon_core.verb:set package 'doorlock_decoder' build argument 'cmake_clean_cache' from command line to 'False'
[0.162s] Level 5:colcon.colcon_core.verb:set package 'doorlock_decoder' build argument 'cmake_clean_first' from command line to 'False'
[0.162s] Level 5:colcon.colcon_core.verb:set package 'doorlock_decoder' build argument 'cmake_force_configure' from command line to 'False'
[0.162s] Level 5:colcon.colcon_core.verb:set package 'doorlock_decoder' build argument 'ament_cmake_args' from command line to 'None'
[0.162s] Level 5:colcon.colcon_core.verb:set package 'doorlock_decoder' build argument 'catkin_cmake_args' from command line to 'None'
[0.162s] Level 5:colcon.colcon_core.verb:set package 'doorlock_decoder' build argument 'catkin_skip_building_tests' from command line to 'False'
[0.162s] DEBUG:colcon.colcon_core.verb:Building package 'doorlock_decoder' with the following arguments: {'ament_cmake_args': None, 'build_base': '/home/drwwwzer/many/RM_myself/5lakes/build/doorlock_decoder', 'catkin_cmake_args': None, 'catkin_skip_building_tests': False, 'cmake_args': None, 'cmake_clean_cache': False, 'cmake_clean_first': False, 'cmake_force_configure': False, 'cmake_target': None, 'cmake_target_skip_unavailable': False, 'install_base': '/home/drwwwzer/many/RM_myself/5lakes/install/doorlock_decoder', 'merge_install': False, 'path': '/home/drwwwzer/many/RM_myself/5lakes/zdykhd_ws/Pacific_doorlock_sniper/src/doorlock_decoder', 'symlink_install': False, 'test_result_base': None}
[0.163s] Level 5:colcon.colcon_core.verb:set package 'realsense2_camera' build argument 'cmake_args' from command line to 'None'
[0.163s] Level 5:colcon.colcon_core.verb:set package 'realsense2_camera' build argument 'cmake_target' from command line to 'None'
[0.163s] Level 5:colcon.colcon_core.verb:set package 'realsense2_camera' build argument 'cmake_target_skip_unavailable' from command line to 'False'
[0.163s] Level 5:colcon.colcon_core.verb:set package 'realsense2_camera' build argument 'cmake_clean_cache' from command line to 'False'
[0.163s] Level 5:colcon.colcon_core.verb:set package 'realsense2_camera' build argument 'cmake_clean_first' from command line to 'False'
[0.163s] Level 5:colcon.colcon_core.verb:set package 'realsense2_camera' build argument 'cmake_force_configure' from command line to 'False'
[0.163s] Level 5:colcon.colcon_core.verb:set package 'realsense2_camera' build argument 'ament_cmake_args' from command line to 'None'
[0.163s] Level 5:colcon.colcon_core.verb:set package 'realsense2_camera' build argument 'catkin_cmake_args' from command line to 'None'
[0.163s] Level 5:colcon.colcon_core.verb:set package 'realsense2_camera' build argument 'catkin_skip_building_tests' from command line to 'False'
[0.163s] DEBUG:colcon.colcon_core.verb:Building package 'realsense2_camera' with the following arguments: {'ament_cmake_args': None, 'build_base': '/home/drwwwzer/many/RM_myself/5lakes/build/realsense2_camera', 'catkin_cmake_args': None, 'catkin_skip_building_tests': False, 'cmake_args': None, 'cmake_clean_cache': False, 'cmake_clean_first': False, 'cmake_force_configure': False, 'cmake_target': None, 'cmake_target_skip_unavailable': False, 'install_base': '/home/drwwwzer/many/RM_myself/5lakes/install/realsense2_camera', 'merge_install': False, 'path': '/home/drwwwzer/many/RM_myself/5lakes/zdykhd_ws/realsense-ros/realsense2_camera', 'symlink_install': False, 'test_result_base': None}
[0.163s] Level 5:colcon.colcon_core.verb:set package 'realsense2_description' build argument 'cmake_args' from command line to 'None'
[0.163s] Level 5:colcon.colcon_core.verb:set package 'realsense2_description' build argument 'cmake_target' from command line to 'None'
[0.163s] Level 5:colcon.colcon_core.verb:set package 'realsense2_description' build argument 'cmake_target_skip_unavailable' from command line to 'False'
[0.163s] Level 5:colcon.colcon_core.verb:set package 'realsense2_description' build argument 'cmake_clean_cache' from command line to 'False'
[0.163s] Level 5:colcon.colcon_core.verb:set package 'realsense2_description' build argument 'cmake_clean_first' from command line to 'False'
[0.163s] Level 5:colcon.colcon_core.verb:set package 'realsense2_description' build argument 'cmake_force_configure' from command line to 'False'
[0.163s] Level 5:colcon.colcon_core.verb:set package 'realsense2_description' build argument 'ament_cmake_args' from command line to 'None'
[0.163s] Level 5:colcon.colcon_core.verb:set package 'realsense2_description' build argument 'catkin_cmake_args' from command line to 'None'
[0.163s] Level 5:colcon.colcon_core.verb:set package 'realsense2_description' build argument 'catkin_skip_building_tests' from command line to 'False'
[0.163s] DEBUG:colcon.colcon_core.verb:Building package 'realsense2_description' with the following arguments: {'ament_cmake_args': None, 'build_base': '/home/drwwwzer/many/RM_myself/5lakes/build/realsense2_description', 'catkin_cmake_args': None, 'catkin_skip_building_tests': False, 'cmake_args': None, 'cmake_clean_cache': False, 'cmake_clean_first': False, 'cmake_force_configure': False, 'cmake_target': None, 'cmake_target_skip_unavailable': False, 'install_base': '/home/drwwwzer/many/RM_myself/5lakes/install/realsense2_description', 'merge_install': False, 'path': '/home/drwwwzer/many/RM_myself/5lakes/zdykhd_ws/realsense-ros/realsense2_description', 'symlink_install': False, 'test_result_base': None}
[0.163s] INFO:colcon.colcon_core.executor:Executing jobs using 'parallel' executor
[0.164s] DEBUG:colcon.colcon_parallel_executor.executor.parallel:run_until_complete
[0.164s] INFO:colcon.colcon_ros.task.ament_cmake.build:Building ROS package in '/home/drwwwzer/many/RM_myself/5lakes/zdykhd_ws/realsense-ros/realsense2_camera_msgs' with build type 'ament_cmake'
[0.164s] INFO:colcon.colcon_cmake.task.cmake.build:Building CMake package in '/home/drwwwzer/many/RM_myself/5lakes/zdykhd_ws/realsense-ros/realsense2_camera_msgs'
[0.165s] INFO:colcon.colcon_core.plugin_system:Skipping extension 'colcon_core.shell.bat': Not used on non-Windows systems
[0.165s] INFO:colcon.colcon_core.shell:Skip shell extension 'powershell' for command environment: Not usable outside of PowerShell
[0.165s] DEBUG:colcon.colcon_core.shell:Skip shell extension 'dsv' for command environment
[0.166s] INFO:colcon.colcon_ros.task.ament_cmake.build:Building ROS package in '/home/drwwwzer/many/RM_myself/5lakes/zdykhd_ws/Pacific_doorlock_sniper/src/doorlock_sniper' with build type 'ament_cmake'
[0.166s] INFO:colcon.colcon_cmake.task.cmake.build:Building CMake package in '/home/drwwwzer/many/RM_myself/5lakes/zdykhd_ws/Pacific_doorlock_sniper/src/doorlock_sniper'
[0.167s] INFO:colcon.colcon_core.shell:Skip shell extension 'powershell' for command environment: Not usable outside of PowerShell
[0.167s] DEBUG:colcon.colcon_core.shell:Skip shell extension 'dsv' for command environment
[0.168s] INFO:colcon.colcon_ros.task.ament_cmake.build:Building ROS package in '/home/drwwwzer/many/RM_myself/5lakes/zdykhd_ws/Pacific_doorlock_sniper/src/bringup' with build type 'ament_cmake'
[0.168s] INFO:colcon.colcon_cmake.task.cmake.build:Building CMake package in '/home/drwwwzer/many/RM_myself/5lakes/zdykhd_ws/Pacific_doorlock_sniper/src/bringup'
[0.168s] INFO:colcon.colcon_core.shell:Skip shell extension 'powershell' for command environment: Not usable outside of PowerShell
[0.168s] DEBUG:colcon.colcon_core.shell:Skip shell extension 'dsv' for command environment
[0.172s] DEBUG:colcon.colcon_core.event_handler.log_command:Invoking command in '/home/drwwwzer/many/RM_myself/5lakes/build/realsense2_camera_msgs': CMAKE_PREFIX_PATH=${CMAKE_PREFIX_PATH}:/home/drwwwzer/many/RM_myself/5lakes/install/doorlock_decoder:/opt/ros/humble /usr/bin/cmake --build /home/drwwwzer/many/RM_myself/5lakes/build/realsense2_camera_msgs -- -j24 -l24
[0.174s] DEBUG:colcon.colcon_core.event_handler.log_command:Invoking command in '/home/drwwwzer/many/RM_myself/5lakes/build/doorlock_sniper': CMAKE_PREFIX_PATH=${CMAKE_PREFIX_PATH}:/home/drwwwzer/many/RM_myself/5lakes/install/doorlock_decoder:/opt/ros/humble /usr/bin/cmake --build /home/drwwwzer/many/RM_myself/5lakes/build/doorlock_sniper -- -j24 -l24
[0.175s] DEBUG:colcon.colcon_core.event_handler.log_command:Invoking command in '/home/drwwwzer/many/RM_myself/5lakes/build/bringup': CMAKE_PREFIX_PATH=${CMAKE_PREFIX_PATH}:/home/drwwwzer/many/RM_myself/5lakes/install/doorlock_decoder:/opt/ros/humble /usr/bin/cmake --build /home/drwwwzer/many/RM_myself/5lakes/build/bringup -- -j24 -l24
[0.205s] DEBUG:colcon.colcon_core.event_handler.log_command:Invoked command in '/home/drwwwzer/many/RM_myself/5lakes/build/bringup' returned '0': CMAKE_PREFIX_PATH=${CMAKE_PREFIX_PATH}:/home/drwwwzer/many/RM_myself/5lakes/install/doorlock_decoder:/opt/ros/humble /usr/bin/cmake --build /home/drwwwzer/many/RM_myself/5lakes/build/bringup -- -j24 -l24
[0.215s] DEBUG:colcon.colcon_core.event_handler.log_command:Invoking command in '/home/drwwwzer/many/RM_myself/5lakes/build/bringup': CMAKE_PREFIX_PATH=${CMAKE_PREFIX_PATH}:/home/drwwwzer/many/RM_myself/5lakes/install/doorlock_decoder:/opt/ros/humble /usr/bin/cmake --install /home/drwwwzer/many/RM_myself/5lakes/build/bringup
[0.232s] Level 1:colcon.colcon_core.environment:create_environment_scripts_only(bringup)
[0.233s] DEBUG:colcon.colcon_core.event_handler.log_command:Invoked command in '/home/drwwwzer/many/RM_myself/5lakes/build/bringup' returned '0': CMAKE_PREFIX_PATH=${CMAKE_PREFIX_PATH}:/home/drwwwzer/many/RM_myself/5lakes/install/doorlock_decoder:/opt/ros/humble /usr/bin/cmake --install /home/drwwwzer/many/RM_myself/5lakes/build/bringup
[0.238s] Level 1:colcon.colcon_core.environment:checking '/home/drwwwzer/many/RM_myself/5lakes/install/bringup' for CMake module files
[0.239s] Level 1:colcon.colcon_core.environment:checking '/home/drwwwzer/many/RM_myself/5lakes/install/bringup' for CMake config files
[0.240s] Level 1:colcon.colcon_core.shell:create_environment_hook('bringup', 'cmake_prefix_path')
[0.241s] INFO:colcon.colcon_core.shell:Creating environment hook '/home/drwwwzer/many/RM_myself/5lakes/install/bringup/share/bringup/hook/cmake_prefix_path.ps1'
[0.242s] INFO:colcon.colcon_core.shell:Creating environment descriptor '/home/drwwwzer/many/RM_myself/5lakes/install/bringup/share/bringup/hook/cmake_prefix_path.dsv'
[0.243s] INFO:colcon.colcon_core.shell:Creating environment hook '/home/drwwwzer/many/RM_myself/5lakes/install/bringup/share/bringup/hook/cmake_prefix_path.sh'
[0.245s] Level 1:colcon.colcon_core.environment:checking '/home/drwwwzer/many/RM_myself/5lakes/install/bringup/bin'
[0.245s] Level 1:colcon.colcon_core.environment:checking '/home/drwwwzer/many/RM_myself/5lakes/install/bringup/lib/pkgconfig/bringup.pc'
[0.246s] Level 1:colcon.colcon_core.environment:checking '/home/drwwwzer/many/RM_myself/5lakes/install/bringup/lib/python3.10/site-packages'
[0.247s] Level 1:colcon.colcon_core.environment:checking '/home/drwwwzer/many/RM_myself/5lakes/install/bringup/bin'
[0.248s] INFO:colcon.colcon_core.shell:Creating package script '/home/drwwwzer/many/RM_myself/5lakes/install/bringup/share/bringup/package.ps1'
[0.250s] INFO:colcon.colcon_core.shell:Creating package descriptor '/home/drwwwzer/many/RM_myself/5lakes/install/bringup/share/bringup/package.dsv'
[0.251s] INFO:colcon.colcon_core.shell:Creating package script '/home/drwwwzer/many/RM_myself/5lakes/install/bringup/share/bringup/package.sh'
[0.253s] INFO:colcon.colcon_core.shell:Creating package script '/home/drwwwzer/many/RM_myself/5lakes/install/bringup/share/bringup/package.bash'
[0.254s] INFO:colcon.colcon_core.shell:Creating package script '/home/drwwwzer/many/RM_myself/5lakes/install/bringup/share/bringup/package.zsh'
[0.256s] Level 1:colcon.colcon_core.environment:create_file_with_runtime_dependencies(/home/drwwwzer/many/RM_myself/5lakes/install/bringup/share/colcon-core/packages/bringup)
[0.257s] Level 1:colcon.colcon_core.environment:create_environment_scripts_only(bringup)
[0.257s] Level 1:colcon.colcon_core.environment:checking '/home/drwwwzer/many/RM_myself/5lakes/install/bringup' for CMake module files
[0.257s] Level 1:colcon.colcon_core.environment:checking '/home/drwwwzer/many/RM_myself/5lakes/install/bringup' for CMake config files
[0.258s] Level 1:colcon.colcon_core.shell:create_environment_hook('bringup', 'cmake_prefix_path')
[0.258s] INFO:colcon.colcon_core.shell:Creating environment hook '/home/drwwwzer/many/RM_myself/5lakes/install/bringup/share/bringup/hook/cmake_prefix_path.ps1'
[0.258s] INFO:colcon.colcon_core.shell:Creating environment descriptor '/home/drwwwzer/many/RM_myself/5lakes/install/bringup/share/bringup/hook/cmake_prefix_path.dsv'
[0.259s] INFO:colcon.colcon_core.shell:Creating environment hook '/home/drwwwzer/many/RM_myself/5lakes/install/bringup/share/bringup/hook/cmake_prefix_path.sh'
[0.259s] Level 1:colcon.colcon_core.environment:checking '/home/drwwwzer/many/RM_myself/5lakes/install/bringup/bin'
[0.259s] Level 1:colcon.colcon_core.environment:checking '/home/drwwwzer/many/RM_myself/5lakes/install/bringup/lib/pkgconfig/bringup.pc'
[0.260s] Level 1:colcon.colcon_core.environment:checking '/home/drwwwzer/many/RM_myself/5lakes/install/bringup/lib/python3.10/site-packages'
[0.260s] Level 1:colcon.colcon_core.environment:checking '/home/drwwwzer/many/RM_myself/5lakes/install/bringup/bin'
[0.260s] INFO:colcon.colcon_core.shell:Creating package script '/home/drwwwzer/many/RM_myself/5lakes/install/bringup/share/bringup/package.ps1'
[0.261s] INFO:colcon.colcon_core.shell:Creating package descriptor '/home/drwwwzer/many/RM_myself/5lakes/install/bringup/share/bringup/package.dsv'
[0.261s] INFO:colcon.colcon_core.shell:Creating package script '/home/drwwwzer/many/RM_myself/5lakes/install/bringup/share/bringup/package.sh'
[0.261s] INFO:colcon.colcon_core.shell:Creating package script '/home/drwwwzer/many/RM_myself/5lakes/install/bringup/share/bringup/package.bash'
[0.262s] INFO:colcon.colcon_core.shell:Creating package script '/home/drwwwzer/many/RM_myself/5lakes/install/bringup/share/bringup/package.zsh'
[0.262s] Level 1:colcon.colcon_core.environment:create_file_with_runtime_dependencies(/home/drwwwzer/many/RM_myself/5lakes/install/bringup/share/colcon-core/packages/bringup)
[0.385s] DEBUG:colcon.colcon_core.event_handler.log_command:Invoked command in '/home/drwwwzer/many/RM_myself/5lakes/build/doorlock_sniper' returned '0': CMAKE_PREFIX_PATH=${CMAKE_PREFIX_PATH}:/home/drwwwzer/many/RM_myself/5lakes/install/doorlock_decoder:/opt/ros/humble /usr/bin/cmake --build /home/drwwwzer/many/RM_myself/5lakes/build/doorlock_sniper -- -j24 -l24
[0.386s] DEBUG:colcon.colcon_core.event_handler.log_command:Invoking command in '/home/drwwwzer/many/RM_myself/5lakes/build/doorlock_sniper': CMAKE_PREFIX_PATH=${CMAKE_PREFIX_PATH}:/home/drwwwzer/many/RM_myself/5lakes/install/doorlock_decoder:/opt/ros/humble /usr/bin/cmake --install /home/drwwwzer/many/RM_myself/5lakes/build/doorlock_sniper
[0.387s] DEBUG:colcon.colcon_core.event_handler.log_command:Invoked command in '/home/drwwwzer/many/RM_myself/5lakes/build/realsense2_camera_msgs' returned '0': CMAKE_PREFIX_PATH=${CMAKE_PREFIX_PATH}:/home/drwwwzer/many/RM_myself/5lakes/install/doorlock_decoder:/opt/ros/humble /usr/bin/cmake --build /home/drwwwzer/many/RM_myself/5lakes/build/realsense2_camera_msgs -- -j24 -l24
[0.387s] DEBUG:colcon.colcon_core.event_handler.log_command:Invoking command in '/home/drwwwzer/many/RM_myself/5lakes/build/realsense2_camera_msgs': CMAKE_PREFIX_PATH=${CMAKE_PREFIX_PATH}:/home/drwwwzer/many/RM_myself/5lakes/install/doorlock_decoder:/opt/ros/humble /usr/bin/cmake --install /home/drwwwzer/many/RM_myself/5lakes/build/realsense2_camera_msgs
[0.418s] Level 1:colcon.colcon_core.environment:create_environment_scripts_only(doorlock_sniper)
[0.418s] Level 1:colcon.colcon_core.environment:checking '/home/drwwwzer/many/RM_myself/5lakes/install/doorlock_sniper' for CMake module files
[0.419s] DEBUG:colcon.colcon_core.event_handler.log_command:Invoked command in '/home/drwwwzer/many/RM_myself/5lakes/build/doorlock_sniper' returned '0': CMAKE_PREFIX_PATH=${CMAKE_PREFIX_PATH}:/home/drwwwzer/many/RM_myself/5lakes/install/doorlock_decoder:/opt/ros/humble /usr/bin/cmake --install /home/drwwwzer/many/RM_myself/5lakes/build/doorlock_sniper
[0.419s] Level 1:colcon.colcon_core.environment:checking '/home/drwwwzer/many/RM_myself/5lakes/install/doorlock_sniper' for CMake config files
[0.419s] Level 1:colcon.colcon_core.shell:create_environment_hook('doorlock_sniper', 'cmake_prefix_path')
[0.419s] INFO:colcon.colcon_core.shell:Creating environment hook '/home/drwwwzer/many/RM_myself/5lakes/install/doorlock_sniper/share/doorlock_sniper/hook/cmake_prefix_path.ps1'
[0.419s] INFO:colcon.colcon_core.shell:Creating environment descriptor '/home/drwwwzer/many/RM_myself/5lakes/install/doorlock_sniper/share/doorlock_sniper/hook/cmake_prefix_path.dsv'
[0.420s] INFO:colcon.colcon_core.shell:Creating environment hook '/home/drwwwzer/many/RM_myself/5lakes/install/doorlock_sniper/share/doorlock_sniper/hook/cmake_prefix_path.sh'
[0.420s] Level 1:colcon.colcon_core.environment:checking '/home/drwwwzer/many/RM_myself/5lakes/install/doorlock_sniper/lib'
[0.420s] Level 1:colcon.colcon_core.shell:create_environment_hook('doorlock_sniper', 'ld_library_path_lib')
[0.420s] INFO:colcon.colcon_core.shell:Creating environment hook '/home/drwwwzer/many/RM_myself/5lakes/install/doorlock_sniper/share/doorlock_sniper/hook/ld_library_path_lib.ps1'
[0.420s] INFO:colcon.colcon_core.shell:Creating environment descriptor '/home/drwwwzer/many/RM_myself/5lakes/install/doorlock_sniper/share/doorlock_sniper/hook/ld_library_path_lib.dsv'
[0.420s] INFO:colcon.colcon_core.shell:Creating environment hook '/home/drwwwzer/many/RM_myself/5lakes/install/doorlock_sniper/share/doorlock_sniper/hook/ld_library_path_lib.sh'
[0.421s] Level 1:colcon.colcon_core.environment:checking '/home/drwwwzer/many/RM_myself/5lakes/install/doorlock_sniper/bin'
[0.421s] Level 1:colcon.colcon_core.environment:checking '/home/drwwwzer/many/RM_myself/5lakes/install/doorlock_sniper/lib/pkgconfig/doorlock_sniper.pc'
[0.421s] Level 1:colcon.colcon_core.environment:checking '/home/drwwwzer/many/RM_myself/5lakes/install/doorlock_sniper/lib/python3.10/site-packages'
[0.421s] Level 1:colcon.colcon_core.environment:checking '/home/drwwwzer/many/RM_myself/5lakes/install/doorlock_sniper/bin'
[0.421s] INFO:colcon.colcon_core.shell:Creating package script '/home/drwwwzer/many/RM_myself/5lakes/install/doorlock_sniper/share/doorlock_sniper/package.ps1'
[0.421s] INFO:colcon.colcon_core.shell:Creating package descriptor '/home/drwwwzer/many/RM_myself/5lakes/install/doorlock_sniper/share/doorlock_sniper/package.dsv'
[0.421s] INFO:colcon.colcon_core.shell:Creating package script '/home/drwwwzer/many/RM_myself/5lakes/install/doorlock_sniper/share/doorlock_sniper/package.sh'
[0.422s] INFO:colcon.colcon_core.shell:Creating package script '/home/drwwwzer/many/RM_myself/5lakes/install/doorlock_sniper/share/doorlock_sniper/package.bash'
[0.422s] INFO:colcon.colcon_core.shell:Creating package script '/home/drwwwzer/many/RM_myself/5lakes/install/doorlock_sniper/share/doorlock_sniper/package.zsh'
[0.422s] Level 1:colcon.colcon_core.environment:create_file_with_runtime_dependencies(/home/drwwwzer/many/RM_myself/5lakes/install/doorlock_sniper/share/colcon-core/packages/doorlock_sniper)
[0.422s] Level 1:colcon.colcon_core.environment:create_environment_scripts_only(doorlock_sniper)
[0.422s] Level 1:colcon.colcon_core.environment:checking '/home/drwwwzer/many/RM_myself/5lakes/install/doorlock_sniper' for CMake module files
[0.422s] Level 1:colcon.colcon_core.environment:checking '/home/drwwwzer/many/RM_myself/5lakes/install/doorlock_sniper' for CMake config files
[0.423s] Level 1:colcon.colcon_core.shell:create_environment_hook('doorlock_sniper', 'cmake_prefix_path')
[0.423s] INFO:colcon.colcon_core.shell:Creating environment hook '/home/drwwwzer/many/RM_myself/5lakes/install/doorlock_sniper/share/doorlock_sniper/hook/cmake_prefix_path.ps1'
[0.423s] INFO:colcon.colcon_core.shell:Creating environment descriptor '/home/drwwwzer/many/RM_myself/5lakes/install/doorlock_sniper/share/doorlock_sniper/hook/cmake_prefix_path.dsv'
[0.423s] INFO:colcon.colcon_core.shell:Creating environment hook '/home/drwwwzer/many/RM_myself/5lakes/install/doorlock_sniper/share/doorlock_sniper/hook/cmake_prefix_path.sh'
[0.423s] Level 1:colcon.colcon_core.environment:checking '/home/drwwwzer/many/RM_myself/5lakes/install/doorlock_sniper/lib'
[0.423s] Level 1:colcon.colcon_core.shell:create_environment_hook('doorlock_sniper', 'ld_library_path_lib')
[0.424s] INFO:colcon.colcon_core.shell:Creating environment hook '/home/drwwwzer/many/RM_myself/5lakes/install/doorlock_sniper/share/doorlock_sniper/hook/ld_library_path_lib.ps1'
[0.424s] INFO:colcon.colcon_core.shell:Creating environment descriptor '/home/drwwwzer/many/RM_myself/5lakes/install/doorlock_sniper/share/doorlock_sniper/hook/ld_library_path_lib.dsv'
[0.424s] INFO:colcon.colcon_core.shell:Creating environment hook '/home/drwwwzer/many/RM_myself/5lakes/install/doorlock_sniper/share/doorlock_sniper/hook/ld_library_path_lib.sh'
[0.424s] Level 1:colcon.colcon_core.environment:checking '/home/drwwwzer/many/RM_myself/5lakes/install/doorlock_sniper/bin'
[0.424s] Level 1:colcon.colcon_core.environment:checking '/home/drwwwzer/many/RM_myself/5lakes/install/doorlock_sniper/lib/pkgconfig/doorlock_sniper.pc'
[0.424s] Level 1:colcon.colcon_core.environment:checking '/home/drwwwzer/many/RM_myself/5lakes/install/doorlock_sniper/lib/python3.10/site-packages'
[0.424s] Level 1:colcon.colcon_core.environment:checking '/home/drwwwzer/many/RM_myself/5lakes/install/doorlock_sniper/bin'
[0.424s] INFO:colcon.colcon_core.shell:Creating package script '/home/drwwwzer/many/RM_myself/5lakes/install/doorlock_sniper/share/doorlock_sniper/package.ps1'
[0.425s] INFO:colcon.colcon_core.shell:Creating package descriptor '/home/drwwwzer/many/RM_myself/5lakes/install/doorlock_sniper/share/doorlock_sniper/package.dsv'
[0.425s] INFO:colcon.colcon_core.shell:Creating package script '/home/drwwwzer/many/RM_myself/5lakes/install/doorlock_sniper/share/doorlock_sniper/package.sh'
[0.425s] INFO:colcon.colcon_core.shell:Creating package script '/home/drwwwzer/many/RM_myself/5lakes/install/doorlock_sniper/share/doorlock_sniper/package.bash'
[0.425s] INFO:colcon.colcon_core.shell:Creating package script '/home/drwwwzer/many/RM_myself/5lakes/install/doorlock_sniper/share/doorlock_sniper/package.zsh'
[0.425s] Level 1:colcon.colcon_core.environment:create_file_with_runtime_dependencies(/home/drwwwzer/many/RM_myself/5lakes/install/doorlock_sniper/share/colcon-core/packages/doorlock_sniper)
[0.426s] INFO:colcon.colcon_ros.task.ament_python.build:Building ROS package in '/home/drwwwzer/many/RM_myself/5lakes/zdykhd_ws/Pacific_doorlock_sniper/src/doorlock_decoder' with build type 'ament_python'
[0.426s] Level 1:colcon.colcon_core.shell:create_environment_hook('doorlock_decoder', 'ament_prefix_path')
[0.426s] INFO:colcon.colcon_core.shell:Creating environment hook '/home/drwwwzer/many/RM_myself/5lakes/install/doorlock_decoder/share/doorlock_decoder/hook/ament_prefix_path.ps1'
[0.426s] INFO:colcon.colcon_core.shell:Creating environment descriptor '/home/drwwwzer/many/RM_myself/5lakes/install/doorlock_decoder/share/doorlock_decoder/hook/ament_prefix_path.dsv'
[0.426s] INFO:colcon.colcon_core.shell:Creating environment hook '/home/drwwwzer/many/RM_myself/5lakes/install/doorlock_decoder/share/doorlock_decoder/hook/ament_prefix_path.sh'
[0.426s] INFO:colcon.colcon_core.shell:Skip shell extension 'powershell' for command environment: Not usable outside of PowerShell
[0.426s] DEBUG:colcon.colcon_core.shell:Skip shell extension 'dsv' for command environment
[0.428s] Level 1:colcon.colcon_core.environment:create_environment_scripts_only(realsense2_camera_msgs)
[0.428s] Level 1:colcon.colcon_core.environment:checking '/home/drwwwzer/many/RM_myself/5lakes/install/realsense2_camera_msgs' for CMake module files
[0.428s] DEBUG:colcon.colcon_core.event_handler.log_command:Invoked command in '/home/drwwwzer/many/RM_myself/5lakes/build/realsense2_camera_msgs' returned '0': CMAKE_PREFIX_PATH=${CMAKE_PREFIX_PATH}:/home/drwwwzer/many/RM_myself/5lakes/install/doorlock_decoder:/opt/ros/humble /usr/bin/cmake --install /home/drwwwzer/many/RM_myself/5lakes/build/realsense2_camera_msgs
[0.429s] Level 1:colcon.colcon_core.environment:checking '/home/drwwwzer/many/RM_myself/5lakes/install/realsense2_camera_msgs' for CMake config files
[0.429s] Level 1:colcon.colcon_core.shell:create_environment_hook('realsense2_camera_msgs', 'cmake_prefix_path')
[0.429s] INFO:colcon.colcon_core.shell:Creating environment hook '/home/drwwwzer/many/RM_myself/5lakes/install/realsense2_camera_msgs/share/realsense2_camera_msgs/hook/cmake_prefix_path.ps1'
[0.429s] INFO:colcon.colcon_core.shell:Creating environment descriptor '/home/drwwwzer/many/RM_myself/5lakes/install/realsense2_camera_msgs/share/realsense2_camera_msgs/hook/cmake_prefix_path.dsv'
[0.429s] INFO:colcon.colcon_core.shell:Creating environment hook '/home/drwwwzer/many/RM_myself/5lakes/install/realsense2_camera_msgs/share/realsense2_camera_msgs/hook/cmake_prefix_path.sh'
[0.430s] Level 1:colcon.colcon_core.environment:checking '/home/drwwwzer/many/RM_myself/5lakes/install/realsense2_camera_msgs/lib'
[0.430s] Level 1:colcon.colcon_core.shell:create_environment_hook('realsense2_camera_msgs', 'ld_library_path_lib')
[0.430s] INFO:colcon.colcon_core.shell:Creating environment hook '/home/drwwwzer/many/RM_myself/5lakes/install/realsense2_camera_msgs/share/realsense2_camera_msgs/hook/ld_library_path_lib.ps1'
[0.430s] INFO:colcon.colcon_core.shell:Creating environment descriptor '/home/drwwwzer/many/RM_myself/5lakes/install/realsense2_camera_msgs/share/realsense2_camera_msgs/hook/ld_library_path_lib.dsv'
[0.430s] INFO:colcon.colcon_core.shell:Creating environment hook '/home/drwwwzer/many/RM_myself/5lakes/install/realsense2_camera_msgs/share/realsense2_camera_msgs/hook/ld_library_path_lib.sh'
[0.430s] Level 1:colcon.colcon_core.environment:checking '/home/drwwwzer/many/RM_myself/5lakes/install/realsense2_camera_msgs/bin'
[0.430s] Level 1:colcon.colcon_core.environment:checking '/home/drwwwzer/many/RM_myself/5lakes/install/realsense2_camera_msgs/lib/pkgconfig/realsense2_camera_msgs.pc'
[0.430s] Level 1:colcon.colcon_core.environment:checking '/home/drwwwzer/many/RM_myself/5lakes/install/realsense2_camera_msgs/lib/python3.10/site-packages'
[0.431s] Level 1:colcon.colcon_core.environment:checking '/home/drwwwzer/many/RM_myself/5lakes/install/realsense2_camera_msgs/bin'
[0.431s] INFO:colcon.colcon_core.shell:Creating package script '/home/drwwwzer/many/RM_myself/5lakes/install/realsense2_camera_msgs/share/realsense2_camera_msgs/package.ps1'
[0.431s] INFO:colcon.colcon_core.shell:Creating package descriptor '/home/drwwwzer/many/RM_myself/5lakes/install/realsense2_camera_msgs/share/realsense2_camera_msgs/package.dsv'
[0.431s] INFO:colcon.colcon_core.shell:Creating package script '/home/drwwwzer/many/RM_myself/5lakes/install/realsense2_camera_msgs/share/realsense2_camera_msgs/package.sh'
[0.431s] INFO:colcon.colcon_core.shell:Creating package script '/home/drwwwzer/many/RM_myself/5lakes/install/realsense2_camera_msgs/share/realsense2_camera_msgs/package.bash'
[0.431s] INFO:colcon.colcon_core.shell:Creating package script '/home/drwwwzer/many/RM_myself/5lakes/install/realsense2_camera_msgs/share/realsense2_camera_msgs/package.zsh'
[0.432s] Level 1:colcon.colcon_core.environment:create_file_with_runtime_dependencies(/home/drwwwzer/many/RM_myself/5lakes/install/realsense2_camera_msgs/share/colcon-core/packages/realsense2_camera_msgs)
[0.432s] Level 1:colcon.colcon_core.environment:create_environment_scripts_only(realsense2_camera_msgs)
[0.432s] Level 1:colcon.colcon_core.environment:checking '/home/drwwwzer/many/RM_myself/5lakes/install/realsense2_camera_msgs' for CMake module files
[0.432s] Level 1:colcon.colcon_core.environment:checking '/home/drwwwzer/many/RM_myself/5lakes/install/realsense2_camera_msgs' for CMake config files
[0.433s] Level 1:colcon.colcon_core.shell:create_environment_hook('realsense2_camera_msgs', 'cmake_prefix_path')
[0.433s] INFO:colcon.colcon_core.shell:Creating environment hook '/home/drwwwzer/many/RM_myself/5lakes/install/realsense2_camera_msgs/share/realsense2_camera_msgs/hook/cmake_prefix_path.ps1'
[0.433s] INFO:colcon.colcon_core.shell:Creating environment descriptor '/home/drwwwzer/many/RM_myself/5lakes/install/realsense2_camera_msgs/share/realsense2_camera_msgs/hook/cmake_prefix_path.dsv'
[0.433s] INFO:colcon.colcon_core.shell:Creating environment hook '/home/drwwwzer/many/RM_myself/5lakes/install/realsense2_camera_msgs/share/realsense2_camera_msgs/hook/cmake_prefix_path.sh'
[0.433s] Level 1:colcon.colcon_core.environment:checking '/home/drwwwzer/many/RM_myself/5lakes/install/realsense2_camera_msgs/lib'
[0.433s] Level 1:colcon.colcon_core.shell:create_environment_hook('realsense2_camera_msgs', 'ld_library_path_lib')
[0.433s] INFO:colcon.colcon_core.shell:Creating environment hook '/home/drwwwzer/many/RM_myself/5lakes/install/realsense2_camera_msgs/share/realsense2_camera_msgs/hook/ld_library_path_lib.ps1'
[0.433s] INFO:colcon.colcon_core.shell:Creating environment descriptor '/home/drwwwzer/many/RM_myself/5lakes/install/realsense2_camera_msgs/share/realsense2_camera_msgs/hook/ld_library_path_lib.dsv'
[0.434s] INFO:colcon.colcon_core.shell:Creating environment hook '/home/drwwwzer/many/RM_myself/5lakes/install/realsense2_camera_msgs/share/realsense2_camera_msgs/hook/ld_library_path_lib.sh'
[0.434s] Level 1:colcon.colcon_core.environment:checking '/home/drwwwzer/many/RM_myself/5lakes/install/realsense2_camera_msgs/bin'
[0.434s] Level 1:colcon.colcon_core.environment:checking '/home/drwwwzer/many/RM_myself/5lakes/install/realsense2_camera_msgs/lib/pkgconfig/realsense2_camera_msgs.pc'
[0.434s] Level 1:colcon.colcon_core.environment:checking '/home/drwwwzer/many/RM_myself/5lakes/install/realsense2_camera_msgs/lib/python3.10/site-packages'
[0.434s] Level 1:colcon.colcon_core.environment:checking '/home/drwwwzer/many/RM_myself/5lakes/install/realsense2_camera_msgs/bin'
[0.434s] INFO:colcon.colcon_core.shell:Creating package script '/home/drwwwzer/many/RM_myself/5lakes/install/realsense2_camera_msgs/share/realsense2_camera_msgs/package.ps1'
[0.435s] INFO:colcon.colcon_core.shell:Creating package descriptor '/home/drwwwzer/many/RM_myself/5lakes/install/realsense2_camera_msgs/share/realsense2_camera_msgs/package.dsv'
[0.435s] INFO:colcon.colcon_core.shell:Creating package script '/home/drwwwzer/many/RM_myself/5lakes/install/realsense2_camera_msgs/share/realsense2_camera_msgs/package.sh'
[0.435s] INFO:colcon.colcon_core.shell:Creating package script '/home/drwwwzer/many/RM_myself/5lakes/install/realsense2_camera_msgs/share/realsense2_camera_msgs/package.bash'
[0.435s] INFO:colcon.colcon_core.shell:Creating package script '/home/drwwwzer/many/RM_myself/5lakes/install/realsense2_camera_msgs/share/realsense2_camera_msgs/package.zsh'
[0.435s] Level 1:colcon.colcon_core.environment:create_file_with_runtime_dependencies(/home/drwwwzer/many/RM_myself/5lakes/install/realsense2_camera_msgs/share/colcon-core/packages/realsense2_camera_msgs)
[0.436s] INFO:colcon.colcon_ros.task.ament_cmake.build:Building ROS package in '/home/drwwwzer/many/RM_myself/5lakes/zdykhd_ws/realsense-ros/realsense2_camera' with build type 'ament_cmake'
[0.436s] INFO:colcon.colcon_cmake.task.cmake.build:Building CMake package in '/home/drwwwzer/many/RM_myself/5lakes/zdykhd_ws/realsense-ros/realsense2_camera'
[0.436s] INFO:colcon.colcon_core.shell:Skip shell extension 'powershell' for command environment: Not usable outside of PowerShell
[0.436s] DEBUG:colcon.colcon_core.shell:Skip shell extension 'dsv' for command environment
[0.437s] INFO:colcon.colcon_ros.task.ament_cmake.build:Building ROS package in '/home/drwwwzer/many/RM_myself/5lakes/zdykhd_ws/realsense-ros/realsense2_description' with build type 'ament_cmake'
[0.437s] INFO:colcon.colcon_cmake.task.cmake.build:Building CMake package in '/home/drwwwzer/many/RM_myself/5lakes/zdykhd_ws/realsense-ros/realsense2_description'
[0.437s] INFO:colcon.colcon_core.shell:Skip shell extension 'powershell' for command environment: Not usable outside of PowerShell
[0.437s] DEBUG:colcon.colcon_core.shell:Skip shell extension 'dsv' for command environment
[0.554s] INFO:colcon.colcon_core.task.python.build:Building Python package in '/home/drwwwzer/many/RM_myself/5lakes/zdykhd_ws/Pacific_doorlock_sniper/src/doorlock_decoder'
[0.554s] INFO:colcon.colcon_core.shell:Skip shell extension 'powershell' for command environment: Not usable outside of PowerShell
[0.555s] DEBUG:colcon.colcon_core.shell:Skip shell extension 'dsv' for command environment
[0.558s] DEBUG:colcon.colcon_core.event_handler.log_command:Invoking command in '/home/drwwwzer/many/RM_myself/5lakes/build/realsense2_camera': CMAKE_PREFIX_PATH=/home/drwwwzer/many/RM_myself/5lakes/install/realsense2_camera_msgs:/home/drwwwzer/many/RM_myself/5lakes/install/realsense2_description:/home/drwwwzer/many/RM_myself/5lakes/install/realsense2_camera:/home/drwwwzer/many/RM_myself/5lakes/install/doorlock_sniper:/home/drwwwzer/many/RM_myself/5lakes/install/bringup:/home/drwwwzer/many/RM_myself/5lakes/install/doorlock_decoder:/opt/ros/humble LD_LIBRARY_PATH=/home/drwwwzer/many/RM_myself/5lakes/install/realsense2_camera_msgs/lib:/home/drwwwzer/many/RM_myself/5lakes/install/realsense2_camera/lib:/home/drwwwzer/many/RM_myself/5lakes/install/doorlock_sniper/lib:/opt/ros/humble/opt/rviz_ogre_vendor/lib:/opt/ros/humble/lib/x86_64-linux-gnu:/opt/ros/humble/lib /usr/bin/cmake --build /home/drwwwzer/many/RM_myself/5lakes/build/realsense2_camera -- -j24 -l24
[0.559s] DEBUG:colcon.colcon_core.event_handler.log_command:Invoking command in '/home/drwwwzer/many/RM_myself/5lakes/build/realsense2_description': CMAKE_PREFIX_PATH=/home/drwwwzer/many/RM_myself/5lakes/install/realsense2_camera_msgs:/home/drwwwzer/many/RM_myself/5lakes/install/realsense2_description:/home/drwwwzer/many/RM_myself/5lakes/install/realsense2_camera:/home/drwwwzer/many/RM_myself/5lakes/install/doorlock_sniper:/home/drwwwzer/many/RM_myself/5lakes/install/bringup:/home/drwwwzer/many/RM_myself/5lakes/install/doorlock_decoder:/opt/ros/humble LD_LIBRARY_PATH=/home/drwwwzer/many/RM_myself/5lakes/install/realsense2_camera_msgs/lib:/home/drwwwzer/many/RM_myself/5lakes/install/realsense2_camera/lib:/home/drwwwzer/many/RM_myself/5lakes/install/doorlock_sniper/lib:/opt/ros/humble/opt/rviz_ogre_vendor/lib:/opt/ros/humble/lib/x86_64-linux-gnu:/opt/ros/humble/lib /usr/bin/cmake --build /home/drwwwzer/many/RM_myself/5lakes/build/realsense2_description -- -j24 -l24
[0.585s] DEBUG:colcon.colcon_core.event_handler.log_command:Invoked command in '/home/drwwwzer/many/RM_myself/5lakes/build/realsense2_description' returned '0': CMAKE_PREFIX_PATH=/home/drwwwzer/many/RM_myself/5lakes/install/realsense2_camera_msgs:/home/drwwwzer/many/RM_myself/5lakes/install/realsense2_description:/home/drwwwzer/many/RM_myself/5lakes/install/realsense2_camera:/home/drwwwzer/many/RM_myself/5lakes/install/doorlock_sniper:/home/drwwwzer/many/RM_myself/5lakes/install/bringup:/home/drwwwzer/many/RM_myself/5lakes/install/doorlock_decoder:/opt/ros/humble LD_LIBRARY_PATH=/home/drwwwzer/many/RM_myself/5lakes/install/realsense2_camera_msgs/lib:/home/drwwwzer/many/RM_myself/5lakes/install/realsense2_camera/lib:/home/drwwwzer/many/RM_myself/5lakes/install/doorlock_sniper/lib:/opt/ros/humble/opt/rviz_ogre_vendor/lib:/opt/ros/humble/lib/x86_64-linux-gnu:/opt/ros/humble/lib /usr/bin/cmake --build /home/drwwwzer/many/RM_myself/5lakes/build/realsense2_description -- -j24 -l24
[0.586s] DEBUG:colcon.colcon_core.event_handler.log_command:Invoking command in '/home/drwwwzer/many/RM_myself/5lakes/build/realsense2_description': CMAKE_PREFIX_PATH=/home/drwwwzer/many/RM_myself/5lakes/install/realsense2_camera_msgs:/home/drwwwzer/many/RM_myself/5lakes/install/realsense2_description:/home/drwwwzer/many/RM_myself/5lakes/install/realsense2_camera:/home/drwwwzer/many/RM_myself/5lakes/install/doorlock_sniper:/home/drwwwzer/many/RM_myself/5lakes/install/bringup:/home/drwwwzer/many/RM_myself/5lakes/install/doorlock_decoder:/opt/ros/humble LD_LIBRARY_PATH=/home/drwwwzer/many/RM_myself/5lakes/install/realsense2_camera_msgs/lib:/home/drwwwzer/many/RM_myself/5lakes/install/realsense2_camera/lib:/home/drwwwzer/many/RM_myself/5lakes/install/doorlock_sniper/lib:/opt/ros/humble/opt/rviz_ogre_vendor/lib:/opt/ros/humble/lib/x86_64-linux-gnu:/opt/ros/humble/lib /usr/bin/cmake --install /home/drwwwzer/many/RM_myself/5lakes/build/realsense2_description
[0.591s] Level 1:colcon.colcon_core.environment:create_environment_scripts_only(realsense2_description)
[0.591s] DEBUG:colcon.colcon_core.event_handler.log_command:Invoked command in '/home/drwwwzer/many/RM_myself/5lakes/build/realsense2_description' returned '0': CMAKE_PREFIX_PATH=/home/drwwwzer/many/RM_myself/5lakes/install/realsense2_camera_msgs:/home/drwwwzer/many/RM_myself/5lakes/install/realsense2_description:/home/drwwwzer/many/RM_myself/5lakes/install/realsense2_camera:/home/drwwwzer/many/RM_myself/5lakes/install/doorlock_sniper:/home/drwwwzer/many/RM_myself/5lakes/install/bringup:/home/drwwwzer/many/RM_myself/5lakes/install/doorlock_decoder:/opt/ros/humble LD_LIBRARY_PATH=/home/drwwwzer/many/RM_myself/5lakes/install/realsense2_camera_msgs/lib:/home/drwwwzer/many/RM_myself/5lakes/install/realsense2_camera/lib:/home/drwwwzer/many/RM_myself/5lakes/install/doorlock_sniper/lib:/opt/ros/humble/opt/rviz_ogre_vendor/lib:/opt/ros/humble/lib/x86_64-linux-gnu:/opt/ros/humble/lib /usr/bin/cmake --install /home/drwwwzer/many/RM_myself/5lakes/build/realsense2_description
[0.592s] Level 1:colcon.colcon_core.environment:checking '/home/drwwwzer/many/RM_myself/5lakes/install/realsense2_description' for CMake module files
[0.592s] Level 1:colcon.colcon_core.environment:checking '/home/drwwwzer/many/RM_myself/5lakes/install/realsense2_description' for CMake config files
[0.592s] Level 1:colcon.colcon_core.shell:create_environment_hook('realsense2_description', 'cmake_prefix_path')
[0.592s] INFO:colcon.colcon_core.shell:Creating environment hook '/home/drwwwzer/many/RM_myself/5lakes/install/realsense2_description/share/realsense2_description/hook/cmake_prefix_path.ps1'
[0.592s] INFO:colcon.colcon_core.shell:Creating environment descriptor '/home/drwwwzer/many/RM_myself/5lakes/install/realsense2_description/share/realsense2_description/hook/cmake_prefix_path.dsv'
[0.592s] INFO:colcon.colcon_core.shell:Creating environment hook '/home/drwwwzer/many/RM_myself/5lakes/install/realsense2_description/share/realsense2_description/hook/cmake_prefix_path.sh'
[0.593s] Level 1:colcon.colcon_core.environment:checking '/home/drwwwzer/many/RM_myself/5lakes/install/realsense2_description/bin'
[0.593s] Level 1:colcon.colcon_core.environment:checking '/home/drwwwzer/many/RM_myself/5lakes/install/realsense2_description/lib/pkgconfig/realsense2_description.pc'
[0.593s] Level 1:colcon.colcon_core.environment:checking '/home/drwwwzer/many/RM_myself/5lakes/install/realsense2_description/lib/python3.10/site-packages'
[0.593s] Level 1:colcon.colcon_core.environment:checking '/home/drwwwzer/many/RM_myself/5lakes/install/realsense2_description/bin'
[0.593s] INFO:colcon.colcon_core.shell:Creating package script '/home/drwwwzer/many/RM_myself/5lakes/install/realsense2_description/share/realsense2_description/package.ps1'
[0.594s] INFO:colcon.colcon_core.shell:Creating package descriptor '/home/drwwwzer/many/RM_myself/5lakes/install/realsense2_description/share/realsense2_description/package.dsv'
[0.594s] INFO:colcon.colcon_core.shell:Creating package script '/home/drwwwzer/many/RM_myself/5lakes/install/realsense2_description/share/realsense2_description/package.sh'
[0.594s] INFO:colcon.colcon_core.shell:Creating package script '/home/drwwwzer/many/RM_myself/5lakes/install/realsense2_description/share/realsense2_description/package.bash'
[0.594s] INFO:colcon.colcon_core.shell:Creating package script '/home/drwwwzer/many/RM_myself/5lakes/install/realsense2_description/share/realsense2_description/package.zsh'
[0.594s] Level 1:colcon.colcon_core.environment:create_file_with_runtime_dependencies(/home/drwwwzer/many/RM_myself/5lakes/install/realsense2_description/share/colcon-core/packages/realsense2_description)
[0.594s] Level 1:colcon.colcon_core.environment:create_environment_scripts_only(realsense2_description)
[0.595s] Level 1:colcon.colcon_core.environment:checking '/home/drwwwzer/many/RM_myself/5lakes/install/realsense2_description' for CMake module files
[0.595s] Level 1:colcon.colcon_core.environment:checking '/home/drwwwzer/many/RM_myself/5lakes/install/realsense2_description' for CMake config files
[0.595s] Level 1:colcon.colcon_core.shell:create_environment_hook('realsense2_description', 'cmake_prefix_path')
[0.595s] INFO:colcon.colcon_core.shell:Creating environment hook '/home/drwwwzer/many/RM_myself/5lakes/install/realsense2_description/share/realsense2_description/hook/cmake_prefix_path.ps1'
[0.595s] INFO:colcon.colcon_core.shell:Creating environment descriptor '/home/drwwwzer/many/RM_myself/5lakes/install/realsense2_description/share/realsense2_description/hook/cmake_prefix_path.dsv'
[0.595s] INFO:colcon.colcon_core.shell:Creating environment hook '/home/drwwwzer/many/RM_myself/5lakes/install/realsense2_description/share/realsense2_description/hook/cmake_prefix_path.sh'
[0.596s] Level 1:colcon.colcon_core.environment:checking '/home/drwwwzer/many/RM_myself/5lakes/install/realsense2_description/bin'
[0.596s] Level 1:colcon.colcon_core.environment:checking '/home/drwwwzer/many/RM_myself/5lakes/install/realsense2_description/lib/pkgconfig/realsense2_description.pc'
[0.596s] Level 1:colcon.colcon_core.environment:checking '/home/drwwwzer/many/RM_myself/5lakes/install/realsense2_description/lib/python3.10/site-packages'
[0.596s] Level 1:colcon.colcon_core.environment:checking '/home/drwwwzer/many/RM_myself/5lakes/install/realsense2_description/bin'
[0.596s] INFO:colcon.colcon_core.shell:Creating package script '/home/drwwwzer/many/RM_myself/5lakes/install/realsense2_description/share/realsense2_description/package.ps1'
[0.596s] INFO:colcon.colcon_core.shell:Creating package descriptor '/home/drwwwzer/many/RM_myself/5lakes/install/realsense2_description/share/realsense2_description/package.dsv'
[0.597s] INFO:colcon.colcon_core.shell:Creating package script '/home/drwwwzer/many/RM_myself/5lakes/install/realsense2_description/share/realsense2_description/package.sh'
[0.597s] INFO:colcon.colcon_core.shell:Creating package script '/home/drwwwzer/many/RM_myself/5lakes/install/realsense2_description/share/realsense2_description/package.bash'
[0.597s] INFO:colcon.colcon_core.shell:Creating package script '/home/drwwwzer/many/RM_myself/5lakes/install/realsense2_description/share/realsense2_description/package.zsh'
[0.597s] Level 1:colcon.colcon_core.environment:create_file_with_runtime_dependencies(/home/drwwwzer/many/RM_myself/5lakes/install/realsense2_description/share/colcon-core/packages/realsense2_description)
[0.614s] DEBUG:colcon.colcon_core.event_handler.log_command:Invoked command in '/home/drwwwzer/many/RM_myself/5lakes/build/realsense2_camera' returned '0': CMAKE_PREFIX_PATH=/home/drwwwzer/many/RM_myself/5lakes/install/realsense2_camera_msgs:/home/drwwwzer/many/RM_myself/5lakes/install/realsense2_description:/home/drwwwzer/many/RM_myself/5lakes/install/realsense2_camera:/home/drwwwzer/many/RM_myself/5lakes/install/doorlock_sniper:/home/drwwwzer/many/RM_myself/5lakes/install/bringup:/home/drwwwzer/many/RM_myself/5lakes/install/doorlock_decoder:/opt/ros/humble LD_LIBRARY_PATH=/home/drwwwzer/many/RM_myself/5lakes/install/realsense2_camera_msgs/lib:/home/drwwwzer/many/RM_myself/5lakes/install/realsense2_camera/lib:/home/drwwwzer/many/RM_myself/5lakes/install/doorlock_sniper/lib:/opt/ros/humble/opt/rviz_ogre_vendor/lib:/opt/ros/humble/lib/x86_64-linux-gnu:/opt/ros/humble/lib /usr/bin/cmake --build /home/drwwwzer/many/RM_myself/5lakes/build/realsense2_camera -- -j24 -l24
[0.616s] DEBUG:colcon.colcon_core.event_handler.log_command:Invoking command in '/home/drwwwzer/many/RM_myself/5lakes/build/realsense2_camera': CMAKE_PREFIX_PATH=/home/drwwwzer/many/RM_myself/5lakes/install/realsense2_camera_msgs:/home/drwwwzer/many/RM_myself/5lakes/install/realsense2_description:/home/drwwwzer/many/RM_myself/5lakes/install/realsense2_camera:/home/drwwwzer/many/RM_myself/5lakes/install/doorlock_sniper:/home/drwwwzer/many/RM_myself/5lakes/install/bringup:/home/drwwwzer/many/RM_myself/5lakes/install/doorlock_decoder:/opt/ros/humble LD_LIBRARY_PATH=/home/drwwwzer/many/RM_myself/5lakes/install/realsense2_camera_msgs/lib:/home/drwwwzer/many/RM_myself/5lakes/install/realsense2_camera/lib:/home/drwwwzer/many/RM_myself/5lakes/install/doorlock_sniper/lib:/opt/ros/humble/opt/rviz_ogre_vendor/lib:/opt/ros/humble/lib/x86_64-linux-gnu:/opt/ros/humble/lib /usr/bin/cmake --install /home/drwwwzer/many/RM_myself/5lakes/build/realsense2_camera
[0.622s] Level 1:colcon.colcon_core.environment:create_environment_scripts_only(realsense2_camera)
[0.622s] DEBUG:colcon.colcon_core.event_handler.log_command:Invoked command in '/home/drwwwzer/many/RM_myself/5lakes/build/realsense2_camera' returned '0': CMAKE_PREFIX_PATH=/home/drwwwzer/many/RM_myself/5lakes/install/realsense2_camera_msgs:/home/drwwwzer/many/RM_myself/5lakes/install/realsense2_description:/home/drwwwzer/many/RM_myself/5lakes/install/realsense2_camera:/home/drwwwzer/many/RM_myself/5lakes/install/doorlock_sniper:/home/drwwwzer/many/RM_myself/5lakes/install/bringup:/home/drwwwzer/many/RM_myself/5lakes/install/doorlock_decoder:/opt/ros/humble LD_LIBRARY_PATH=/home/drwwwzer/many/RM_myself/5lakes/install/realsense2_camera_msgs/lib:/home/drwwwzer/many/RM_myself/5lakes/install/realsense2_camera/lib:/home/drwwwzer/many/RM_myself/5lakes/install/doorlock_sniper/lib:/opt/ros/humble/opt/rviz_ogre_vendor/lib:/opt/ros/humble/lib/x86_64-linux-gnu:/opt/ros/humble/lib /usr/bin/cmake --install /home/drwwwzer/many/RM_myself/5lakes/build/realsense2_camera
[0.623s] Level 1:colcon.colcon_core.environment:checking '/home/drwwwzer/many/RM_myself/5lakes/install/realsense2_camera' for CMake module files
[0.623s] Level 1:colcon.colcon_core.environment:checking '/home/drwwwzer/many/RM_myself/5lakes/install/realsense2_camera' for CMake config files
[0.623s] Level 1:colcon.colcon_core.shell:create_environment_hook('realsense2_camera', 'cmake_prefix_path')
[0.623s] INFO:colcon.colcon_core.shell:Creating environment hook '/home/drwwwzer/many/RM_myself/5lakes/install/realsense2_camera/share/realsense2_camera/hook/cmake_prefix_path.ps1'
[0.624s] INFO:colcon.colcon_core.shell:Creating environment descriptor '/home/drwwwzer/many/RM_myself/5lakes/install/realsense2_camera/share/realsense2_camera/hook/cmake_prefix_path.dsv'
[0.624s] INFO:colcon.colcon_core.shell:Creating environment hook '/home/drwwwzer/many/RM_myself/5lakes/install/realsense2_camera/share/realsense2_camera/hook/cmake_prefix_path.sh'
[0.624s] Level 1:colcon.colcon_core.environment:checking '/home/drwwwzer/many/RM_myself/5lakes/install/realsense2_camera/lib'
[0.624s] Level 1:colcon.colcon_core.shell:create_environment_hook('realsense2_camera', 'ld_library_path_lib')
[0.624s] INFO:colcon.colcon_core.shell:Creating environment hook '/home/drwwwzer/many/RM_myself/5lakes/install/realsense2_camera/share/realsense2_camera/hook/ld_library_path_lib.ps1'
[0.624s] INFO:colcon.colcon_core.shell:Creating environment descriptor '/home/drwwwzer/many/RM_myself/5lakes/install/realsense2_camera/share/realsense2_camera/hook/ld_library_path_lib.dsv'
[0.624s] INFO:colcon.colcon_core.shell:Creating environment hook '/home/drwwwzer/many/RM_myself/5lakes/install/realsense2_camera/share/realsense2_camera/hook/ld_library_path_lib.sh'
[0.625s] Level 1:colcon.colcon_core.environment:checking '/home/drwwwzer/many/RM_myself/5lakes/install/realsense2_camera/bin'
[0.625s] Level 1:colcon.colcon_core.environment:checking '/home/drwwwzer/many/RM_myself/5lakes/install/realsense2_camera/lib/pkgconfig/realsense2_camera.pc'
[0.625s] Level 1:colcon.colcon_core.environment:checking '/home/drwwwzer/many/RM_myself/5lakes/install/realsense2_camera/lib/python3.10/site-packages'
[0.625s] Level 1:colcon.colcon_core.environment:checking '/home/drwwwzer/many/RM_myself/5lakes/install/realsense2_camera/bin'
[0.625s] INFO:colcon.colcon_core.shell:Creating package script '/home/drwwwzer/many/RM_myself/5lakes/install/realsense2_camera/share/realsense2_camera/package.ps1'
[0.625s] INFO:colcon.colcon_core.shell:Creating package descriptor '/home/drwwwzer/many/RM_myself/5lakes/install/realsense2_camera/share/realsense2_camera/package.dsv'
[0.625s] INFO:colcon.colcon_core.shell:Creating package script '/home/drwwwzer/many/RM_myself/5lakes/install/realsense2_camera/share/realsense2_camera/package.sh'
[0.626s] INFO:colcon.colcon_core.shell:Creating package script '/home/drwwwzer/many/RM_myself/5lakes/install/realsense2_camera/share/realsense2_camera/package.bash'
[0.626s] INFO:colcon.colcon_core.shell:Creating package script '/home/drwwwzer/many/RM_myself/5lakes/install/realsense2_camera/share/realsense2_camera/package.zsh'
[0.626s] Level 1:colcon.colcon_core.environment:create_file_with_runtime_dependencies(/home/drwwwzer/many/RM_myself/5lakes/install/realsense2_camera/share/colcon-core/packages/realsense2_camera)
[0.626s] Level 1:colcon.colcon_core.environment:create_environment_scripts_only(realsense2_camera)
[0.626s] Level 1:colcon.colcon_core.environment:checking '/home/drwwwzer/many/RM_myself/5lakes/install/realsense2_camera' for CMake module files
[0.626s] Level 1:colcon.colcon_core.environment:checking '/home/drwwwzer/many/RM_myself/5lakes/install/realsense2_camera' for CMake config files
[0.627s] Level 1:colcon.colcon_core.shell:create_environment_hook('realsense2_camera', 'cmake_prefix_path')
[0.627s] INFO:colcon.colcon_core.shell:Creating environment hook '/home/drwwwzer/many/RM_myself/5lakes/install/realsense2_camera/share/realsense2_camera/hook/cmake_prefix_path.ps1'
[0.627s] INFO:colcon.colcon_core.shell:Creating environment descriptor '/home/drwwwzer/many/RM_myself/5lakes/install/realsense2_camera/share/realsense2_camera/hook/cmake_prefix_path.dsv'
[0.627s] INFO:colcon.colcon_core.shell:Creating environment hook '/home/drwwwzer/many/RM_myself/5lakes/install/realsense2_camera/share/realsense2_camera/hook/cmake_prefix_path.sh'
[0.627s] Level 1:colcon.colcon_core.environment:checking '/home/drwwwzer/many/RM_myself/5lakes/install/realsense2_camera/lib'
[0.627s] Level 1:colcon.colcon_core.shell:create_environment_hook('realsense2_camera', 'ld_library_path_lib')
[0.627s] INFO:colcon.colcon_core.shell:Creating environment hook '/home/drwwwzer/many/RM_myself/5lakes/install/realsense2_camera/share/realsense2_camera/hook/ld_library_path_lib.ps1'
[0.627s] INFO:colcon.colcon_core.shell:Creating environment descriptor '/home/drwwwzer/many/RM_myself/5lakes/install/realsense2_camera/share/realsense2_camera/hook/ld_library_path_lib.dsv'
[0.628s] INFO:colcon.colcon_core.shell:Creating environment hook '/home/drwwwzer/many/RM_myself/5lakes/install/realsense2_camera/share/realsense2_camera/hook/ld_library_path_lib.sh'
[0.628s] Level 1:colcon.colcon_core.environment:checking '/home/drwwwzer/many/RM_myself/5lakes/install/realsense2_camera/bin'
[0.628s] Level 1:colcon.colcon_core.environment:checking '/home/drwwwzer/many/RM_myself/5lakes/install/realsense2_camera/lib/pkgconfig/realsense2_camera.pc'
[0.628s] Level 1:colcon.colcon_core.environment:checking '/home/drwwwzer/many/RM_myself/5lakes/install/realsense2_camera/lib/python3.10/site-packages'
[0.628s] Level 1:colcon.colcon_core.environment:checking '/home/drwwwzer/many/RM_myself/5lakes/install/realsense2_camera/bin'
[0.628s] INFO:colcon.colcon_core.shell:Creating package script '/home/drwwwzer/many/RM_myself/5lakes/install/realsense2_camera/share/realsense2_camera/package.ps1'
[0.628s] INFO:colcon.colcon_core.shell:Creating package descriptor '/home/drwwwzer/many/RM_myself/5lakes/install/realsense2_camera/share/realsense2_camera/package.dsv'
[0.629s] INFO:colcon.colcon_core.shell:Creating package script '/home/drwwwzer/many/RM_myself/5lakes/install/realsense2_camera/share/realsense2_camera/package.sh'
[0.629s] INFO:colcon.colcon_core.shell:Creating package script '/home/drwwwzer/many/RM_myself/5lakes/install/realsense2_camera/share/realsense2_camera/package.bash'
[0.629s] INFO:colcon.colcon_core.shell:Creating package script '/home/drwwwzer/many/RM_myself/5lakes/install/realsense2_camera/share/realsense2_camera/package.zsh'
[0.629s] Level 1:colcon.colcon_core.environment:create_file_with_runtime_dependencies(/home/drwwwzer/many/RM_myself/5lakes/install/realsense2_camera/share/colcon-core/packages/realsense2_camera)
[0.724s] DEBUG:colcon.colcon_core.event_handler.log_command:Invoking command in '/home/drwwwzer/many/RM_myself/5lakes/zdykhd_ws/Pacific_doorlock_sniper/src/doorlock_decoder': CMAKE_PREFIX_PATH=/home/drwwwzer/many/RM_myself/5lakes/install/doorlock_sniper:/home/drwwwzer/many/RM_myself/5lakes/install/realsense2_description:/home/drwwwzer/many/RM_myself/5lakes/install/realsense2_camera:/home/drwwwzer/many/RM_myself/5lakes/install/realsense2_camera_msgs:/home/drwwwzer/many/RM_myself/5lakes/install/bringup LD_LIBRARY_PATH=/home/drwwwzer/many/RM_myself/5lakes/install/doorlock_sniper/lib:/home/drwwwzer/many/RM_myself/5lakes/install/realsense2_camera/lib:/home/drwwwzer/many/RM_myself/5lakes/install/realsense2_camera_msgs/lib:/opt/ros/humble/opt/rviz_ogre_vendor/lib:/opt/ros/humble/lib/x86_64-linux-gnu:/opt/ros/humble/lib PYTHONPATH=/home/drwwwzer/many/RM_myself/5lakes/build/doorlock_decoder/prefix_override:/usr/lib/python3/dist-packages/colcon_core/task/python/colcon_distutils_commands:/home/drwwwzer/many/RM_myself/5lakes/install/doorlock_decoder/lib/python3.10/site-packages:${PYTHONPATH} /usr/bin/python3 -W ignore:setup.py install is deprecated -W ignore:easy_install command is deprecated setup.py egg_info --egg-base ../../../../build/doorlock_decoder build --build-base /home/drwwwzer/many/RM_myself/5lakes/build/doorlock_decoder/build install --record /home/drwwwzer/many/RM_myself/5lakes/build/doorlock_decoder/install.log --single-version-externally-managed install_data
[0.851s] Level 1:colcon.colcon_core.environment:checking '/home/drwwwzer/many/RM_myself/5lakes/install/doorlock_decoder' for CMake module files
[0.851s] DEBUG:colcon.colcon_core.event_handler.log_command:Invoked command in '/home/drwwwzer/many/RM_myself/5lakes/zdykhd_ws/Pacific_doorlock_sniper/src/doorlock_decoder' returned '0': CMAKE_PREFIX_PATH=/home/drwwwzer/many/RM_myself/5lakes/install/doorlock_sniper:/home/drwwwzer/many/RM_myself/5lakes/install/realsense2_description:/home/drwwwzer/many/RM_myself/5lakes/install/realsense2_camera:/home/drwwwzer/many/RM_myself/5lakes/install/realsense2_camera_msgs:/home/drwwwzer/many/RM_myself/5lakes/install/bringup LD_LIBRARY_PATH=/home/drwwwzer/many/RM_myself/5lakes/install/doorlock_sniper/lib:/home/drwwwzer/many/RM_myself/5lakes/install/realsense2_camera/lib:/home/drwwwzer/many/RM_myself/5lakes/install/realsense2_camera_msgs/lib:/opt/ros/humble/opt/rviz_ogre_vendor/lib:/opt/ros/humble/lib/x86_64-linux-gnu:/opt/ros/humble/lib PYTHONPATH=/home/drwwwzer/many/RM_myself/5lakes/build/doorlock_decoder/prefix_override:/usr/lib/python3/dist-packages/colcon_core/task/python/colcon_distutils_commands:/home/drwwwzer/many/RM_myself/5lakes/install/doorlock_decoder/lib/python3.10/site-packages:${PYTHONPATH} /usr/bin/python3 -W ignore:setup.py install is deprecated -W ignore:easy_install command is deprecated setup.py egg_info --egg-base ../../../../build/doorlock_decoder build --build-base /home/drwwwzer/many/RM_myself/5lakes/build/doorlock_decoder/build install --record /home/drwwwzer/many/RM_myself/5lakes/build/doorlock_decoder/install.log --single-version-externally-managed install_data
[0.851s] Level 1:colcon.colcon_core.environment:checking '/home/drwwwzer/many/RM_myself/5lakes/install/doorlock_decoder' for CMake config files
[0.851s] Level 1:colcon.colcon_core.environment:checking '/home/drwwwzer/many/RM_myself/5lakes/install/doorlock_decoder/lib'
[0.851s] Level 1:colcon.colcon_core.environment:checking '/home/drwwwzer/many/RM_myself/5lakes/install/doorlock_decoder/bin'
[0.852s] Level 1:colcon.colcon_core.environment:checking '/home/drwwwzer/many/RM_myself/5lakes/install/doorlock_decoder/lib/pkgconfig/doorlock_decoder.pc'
[0.852s] Level 1:colcon.colcon_core.environment:checking '/home/drwwwzer/many/RM_myself/5lakes/install/doorlock_decoder/lib/python3.10/site-packages'
[0.852s] Level 1:colcon.colcon_core.shell:create_environment_hook('doorlock_decoder', 'pythonpath')
[0.852s] INFO:colcon.colcon_core.shell:Creating environment hook '/home/drwwwzer/many/RM_myself/5lakes/install/doorlock_decoder/share/doorlock_decoder/hook/pythonpath.ps1'
[0.852s] INFO:colcon.colcon_core.shell:Creating environment descriptor '/home/drwwwzer/many/RM_myself/5lakes/install/doorlock_decoder/share/doorlock_decoder/hook/pythonpath.dsv'
[0.852s] INFO:colcon.colcon_core.shell:Creating environment hook '/home/drwwwzer/many/RM_myself/5lakes/install/doorlock_decoder/share/doorlock_decoder/hook/pythonpath.sh'
[0.853s] Level 1:colcon.colcon_core.environment:checking '/home/drwwwzer/many/RM_myself/5lakes/install/doorlock_decoder/bin'
[0.853s] Level 1:colcon.colcon_core.environment:create_environment_scripts_only(doorlock_decoder)
[0.853s] INFO:colcon.colcon_core.shell:Creating package script '/home/drwwwzer/many/RM_myself/5lakes/install/doorlock_decoder/share/doorlock_decoder/package.ps1'
[0.853s] INFO:colcon.colcon_core.shell:Creating package descriptor '/home/drwwwzer/many/RM_myself/5lakes/install/doorlock_decoder/share/doorlock_decoder/package.dsv'
[0.853s] INFO:colcon.colcon_core.shell:Creating package script '/home/drwwwzer/many/RM_myself/5lakes/install/doorlock_decoder/share/doorlock_decoder/package.sh'
[0.853s] INFO:colcon.colcon_core.shell:Creating package script '/home/drwwwzer/many/RM_myself/5lakes/install/doorlock_decoder/share/doorlock_decoder/package.bash'
[0.853s] INFO:colcon.colcon_core.shell:Creating package script '/home/drwwwzer/many/RM_myself/5lakes/install/doorlock_decoder/share/doorlock_decoder/package.zsh'
[0.854s] Level 1:colcon.colcon_core.environment:create_file_with_runtime_dependencies(/home/drwwwzer/many/RM_myself/5lakes/install/doorlock_decoder/share/colcon-core/packages/doorlock_decoder)
[0.854s] DEBUG:colcon.colcon_parallel_executor.executor.parallel:closing loop
[0.854s] DEBUG:colcon.colcon_parallel_executor.executor.parallel:loop closed
[0.854s] DEBUG:colcon.colcon_parallel_executor.executor.parallel:run_until_complete finished with '0'
[0.854s] DEBUG:colcon.colcon_core.event_reactor:joining thread
[0.857s] INFO:colcon.colcon_core.plugin_system:Skipping extension 'colcon_notification.desktop_notification.terminal_notifier': Not used on non-Darwin systems
[0.857s] INFO:colcon.colcon_core.plugin_system:Skipping extension 'colcon_notification.desktop_notification.win32': Not used on non-Windows systems
[0.857s] INFO:colcon.colcon_notification.desktop_notification:Sending desktop notification using 'notify2'
[0.864s] DEBUG:colcon.colcon_core.event_reactor:joined thread
[0.864s] INFO:colcon.colcon_core.shell:Creating prefix script '/home/drwwwzer/many/RM_myself/5lakes/install/local_setup.ps1'
[0.865s] INFO:colcon.colcon_core.shell:Creating prefix util module '/home/drwwwzer/many/RM_myself/5lakes/install/_local_setup_util_ps1.py'
[0.865s] INFO:colcon.colcon_core.shell:Creating prefix chain script '/home/drwwwzer/many/RM_myself/5lakes/install/setup.ps1'
[0.866s] INFO:colcon.colcon_core.shell:Creating prefix script '/home/drwwwzer/many/RM_myself/5lakes/install/local_setup.sh'
[0.866s] INFO:colcon.colcon_core.shell:Creating prefix util module '/home/drwwwzer/many/RM_myself/5lakes/install/_local_setup_util_sh.py'
[0.866s] INFO:colcon.colcon_core.shell:Creating prefix chain script '/home/drwwwzer/many/RM_myself/5lakes/install/setup.sh'
[0.867s] INFO:colcon.colcon_core.shell:Creating prefix script '/home/drwwwzer/many/RM_myself/5lakes/install/local_setup.bash'
[0.867s] INFO:colcon.colcon_core.shell:Creating prefix chain script '/home/drwwwzer/many/RM_myself/5lakes/install/setup.bash'
[0.867s] INFO:colcon.colcon_core.shell:Creating prefix script '/home/drwwwzer/many/RM_myself/5lakes/install/local_setup.zsh'
[0.868s] INFO:colcon.colcon_core.shell:Creating prefix chain script '/home/drwwwzer/many/RM_myself/5lakes/install/setup.zsh'
