[0.008s] Invoking command in '/home/drwwwzer/many/RM_myself/rm_vision_ros2_galaxy_camera-master/build/galaxy_camera': CMAKE_PREFIX_PATH=/opt/ros/humble /usr/bin/cmake --build /home/drwwwzer/many/RM_myself/rm_vision_ros2_galaxy_camera-master/build/galaxy_camera -- -j24 -l24
[0.044s] -- Configuring incomplete, errors occurred!
[0.044s] See also "/home/drwwwzer/many/RM_myself/rm_vision_ros2_galaxy_camera-master/build/galaxy_camera/CMakeFiles/CMakeOutput.log".
[0.044s] [31mCMake Error at CMakeLists.txt:15 (find_package):
[0.044s]   By not providing "Findament_cmake_auto.cmake" in CMAKE_MODULE_PATH this
[0.044s]   project has asked CMake to find a package configuration file provided by
[0.044s]   "ament_cmake_auto", but CMake did not find one.
[0.044s] 
[0.044s]   Could not find a package configuration file provided by "ament_cmake_auto"
[0.044s]   with any of the following names:
[0.044s] 
[0.044s]     ament_cmake_autoConfig.cmake
[0.045s]     ament_cmake_auto-config.cmake
[0.045s] 
[0.045s]   Add the installation prefix of "ament_cmake_auto" to CMAKE_PREFIX_PATH or
[0.045s]   set "ament_cmake_auto_DIR" to a directory containing one of the above
[0.045s]   files.  If "ament_cmake_auto" provides a separate development package or
[0.045s]   SDK, be sure it has been installed.
[0.045s] 
[0.045s] [0m
[0.046s] gmake: *** [Makefile:308：cmake_check_build_system] 错误 1
[0.049s] Invoked command in '/home/drwwwzer/many/RM_myself/rm_vision_ros2_galaxy_camera-master/build/galaxy_camera' returned '2': CMAKE_PREFIX_PATH=/opt/ros/humble /usr/bin/cmake --build /home/drwwwzer/many/RM_myself/rm_vision_ros2_galaxy_camera-master/build/galaxy_camera -- -j24 -l24
