[0.006s] Invoking command in '/home/drwwwzer/many/RM_myself/rm_vision_ros2_galaxy_camera-master/build/galaxy_camera': CMAKE_PREFIX_PATH=${CMAKE_PREFIX_PATH}:/opt/ros/humble /usr/bin/cmake /home/drwwwzer/many/RM_myself/rm_vision_ros2_galaxy_camera-master -DCMAKE_INSTALL_PREFIX=/home/drwwwzer/many/RM_myself/rm_vision_ros2_galaxy_camera-master/install/galaxy_camera
[0.043s] -- The C compiler identification is GNU 11.4.0
[0.078s] -- The CXX compiler identification is GNU 11.4.0
[0.082s] -- Detecting C compiler ABI info
[0.161s] -- Detecting C compiler ABI info - done
[0.167s] -- Check for working C compiler: /usr/bin/cc - skipped
[0.167s] -- Detecting C compile features
[0.167s] -- Detecting C compile features - done
[0.169s] -- Detecting CXX compiler ABI info
[0.233s] -- Detecting CXX compiler ABI info - done
[0.237s] -- Check for working CXX compiler: /usr/bin/c++ - skipped
[0.237s] -- Detecting CXX compile features
[0.238s] -- Detecting CXX compile features - done
[0.242s] -- Found ament_cmake_auto: 1.3.12 (/opt/ros/humble/share/ament_cmake_auto/cmake)
[0.377s] -- Found Python3: /usr/bin/python3 (found version "3.10.12") found components: Interpreter 
[0.486s] -- Found rosidl_generator_c: 3.1.7 (/opt/ros/humble/share/rosidl_generator_c/cmake)
[0.489s] -- Found rosidl_adapter: 3.1.7 (/opt/ros/humble/share/rosidl_adapter/cmake)
[0.493s] -- Found rosidl_generator_cpp: 3.1.7 (/opt/ros/humble/share/rosidl_generator_cpp/cmake)
[0.499s] -- Using all available rosidl_typesupport_c: rosidl_typesupport_fastrtps_c;rosidl_typesupport_introspection_c
[0.508s] -- Using all available rosidl_typesupport_cpp: rosidl_typesupport_fastrtps_cpp;rosidl_typesupport_introspection_cpp
[0.531s] -- Found rmw_implementation_cmake: 6.1.2 (/opt/ros/humble/share/rmw_implementation_cmake/cmake)
[0.533s] -- Found rmw_fastrtps_cpp: 6.2.8 (/opt/ros/humble/share/rmw_fastrtps_cpp/cmake)
[0.591s] -- Found OpenSSL: /usr/lib/x86_64-linux-gnu/libcrypto.so (found version "3.0.2")  
[0.610s] -- Found FastRTPS: /opt/ros/humble/include  
[0.635s] -- Using RMW implementation 'rmw_fastrtps_cpp' as default
[0.640s] -- Looking for pthread.h
[0.705s] -- Looking for pthread.h - found
[0.705s] -- Performing Test CMAKE_HAVE_LIBC_PTHREAD
[0.782s] -- Performing Test CMAKE_HAVE_LIBC_PTHREAD - Success
[0.783s] -- Found Threads: TRUE  
[0.880s] -- Found ament_lint_auto: 0.12.14 (/opt/ros/humble/share/ament_lint_auto/cmake)
[0.898s] -- Added test 'cppcheck' to perform static code analysis on C / C++ code
[0.898s] -- Configured cppcheck include dirs: /home/drwwwzer/many/RM_myself/rm_vision_ros2_galaxy_camera-master/GalaxySDK/include
[0.898s] -- Configured cppcheck exclude dirs and/or files: 
[0.899s] -- Added test 'flake8' to check Python code syntax and style conventions
[0.900s] -- Added test 'lint_cmake' to check CMake code style
[0.900s] -- Added test 'pep257' to check Python code against some of the docstring style conventions in PEP 257
[0.901s] -- Added test 'xmllint' to check XML markup files
[0.902s] -- Configuring done
[0.910s] -- Generating done
[0.912s] -- Build files have been written to: /home/drwwwzer/many/RM_myself/rm_vision_ros2_galaxy_camera-master/build/galaxy_camera
[0.919s] Invoked command in '/home/drwwwzer/many/RM_myself/rm_vision_ros2_galaxy_camera-master/build/galaxy_camera' returned '0': CMAKE_PREFIX_PATH=${CMAKE_PREFIX_PATH}:/opt/ros/humble /usr/bin/cmake /home/drwwwzer/many/RM_myself/rm_vision_ros2_galaxy_camera-master -DCMAKE_INSTALL_PREFIX=/home/drwwwzer/many/RM_myself/rm_vision_ros2_galaxy_camera-master/install/galaxy_camera
[0.919s] Invoking command in '/home/drwwwzer/many/RM_myself/rm_vision_ros2_galaxy_camera-master/build/galaxy_camera': CMAKE_PREFIX_PATH=${CMAKE_PREFIX_PATH}:/opt/ros/humble /usr/bin/cmake --build /home/drwwwzer/many/RM_myself/rm_vision_ros2_galaxy_camera-master/build/galaxy_camera -- -j24 -l24
[0.957s] [ 25%] [32mBuilding CXX object CMakeFiles/galaxy_camera.dir/src/galaxy_camera_node.cpp.o[0m
[0.961s] [ 50%] [32mBuilding CXX object CMakeFiles/galaxy_camera_node.dir/rclcpp_components/node_main_galaxy_camera_node.cpp.o[0m
[2.400s] [ 75%] [32m[1mLinking CXX executable galaxy_camera_node[0m
[2.462s] [ 75%] Built target galaxy_camera_node
[2.520s] [100%] [32m[1mLinking CXX shared library libgalaxy_camera.so[0m
[2.603s] [100%] Built target galaxy_camera
[2.611s] Invoked command in '/home/drwwwzer/many/RM_myself/rm_vision_ros2_galaxy_camera-master/build/galaxy_camera' returned '0': CMAKE_PREFIX_PATH=${CMAKE_PREFIX_PATH}:/opt/ros/humble /usr/bin/cmake --build /home/drwwwzer/many/RM_myself/rm_vision_ros2_galaxy_camera-master/build/galaxy_camera -- -j24 -l24
[2.617s] Invoking command in '/home/drwwwzer/many/RM_myself/rm_vision_ros2_galaxy_camera-master/build/galaxy_camera': CMAKE_PREFIX_PATH=${CMAKE_PREFIX_PATH}:/opt/ros/humble /usr/bin/cmake --install /home/drwwwzer/many/RM_myself/rm_vision_ros2_galaxy_camera-master/build/galaxy_camera
[2.622s] -- Install configuration: ""
[2.622s] -- Installing: /home/drwwwzer/many/RM_myself/rm_vision_ros2_galaxy_camera-master/install/galaxy_camera/lib
[2.622s] -- Installing: /home/drwwwzer/many/RM_myself/rm_vision_ros2_galaxy_camera-master/install/galaxy_camera/lib/GxU3VTL.cti
[2.622s] -- Installing: /home/drwwwzer/many/RM_myself/rm_vision_ros2_galaxy_camera-master/install/galaxy_camera/lib/bc4b08373788f18282ff1e747a98dd6c21a8b629.cache
[2.622s] -- Installing: /home/drwwwzer/many/RM_myself/rm_vision_ros2_galaxy_camera-master/install/galaxy_camera/lib/GxGVTL.cti
[2.623s] -- Installing: /home/drwwwzer/many/RM_myself/rm_vision_ros2_galaxy_camera-master/install/galaxy_camera/lib/libgxiapi.so
[2.627s] -- Installing: /home/drwwwzer/many/RM_myself/rm_vision_ros2_galaxy_camera-master/install/galaxy_camera/lib/galaxy_camera/galaxy_camera_node
[2.627s] -- Set runtime path of "/home/drwwwzer/many/RM_myself/rm_vision_ros2_galaxy_camera-master/install/galaxy_camera/lib/galaxy_camera/galaxy_camera_node" to ""
[2.627s] -- Installing: /home/drwwwzer/many/RM_myself/rm_vision_ros2_galaxy_camera-master/install/galaxy_camera/share/galaxy_camera/environment/library_path.sh
[2.627s] -- Installing: /home/drwwwzer/many/RM_myself/rm_vision_ros2_galaxy_camera-master/install/galaxy_camera/share/galaxy_camera/environment/library_path.dsv
[2.627s] -- Installing: /home/drwwwzer/many/RM_myself/rm_vision_ros2_galaxy_camera-master/install/galaxy_camera/lib/libgalaxy_camera.so
[2.628s] -- Set runtime path of "/home/drwwwzer/many/RM_myself/rm_vision_ros2_galaxy_camera-master/install/galaxy_camera/lib/libgalaxy_camera.so" to ""
[2.628s] -- Installing: /home/drwwwzer/many/RM_myself/rm_vision_ros2_galaxy_camera-master/install/galaxy_camera/share/galaxy_camera/config
[2.628s] -- Installing: /home/drwwwzer/many/RM_myself/rm_vision_ros2_galaxy_camera-master/install/galaxy_camera/share/galaxy_camera/config/camera_params.yaml
[2.628s] -- Installing: /home/drwwwzer/many/RM_myself/rm_vision_ros2_galaxy_camera-master/install/galaxy_camera/share/galaxy_camera/config/camera_info.yaml
[2.628s] -- Installing: /home/drwwwzer/many/RM_myself/rm_vision_ros2_galaxy_camera-master/install/galaxy_camera/share/galaxy_camera/launch
[2.628s] -- Installing: /home/drwwwzer/many/RM_myself/rm_vision_ros2_galaxy_camera-master/install/galaxy_camera/share/galaxy_camera/launch/galaxy_camera.launch.py
[2.628s] -- Installing: /home/drwwwzer/many/RM_myself/rm_vision_ros2_galaxy_camera-master/install/galaxy_camera/share/ament_index/resource_index/package_run_dependencies/galaxy_camera
[2.628s] -- Installing: /home/drwwwzer/many/RM_myself/rm_vision_ros2_galaxy_camera-master/install/galaxy_camera/share/ament_index/resource_index/parent_prefix_path/galaxy_camera
[2.628s] -- Installing: /home/drwwwzer/many/RM_myself/rm_vision_ros2_galaxy_camera-master/install/galaxy_camera/share/galaxy_camera/environment/ament_prefix_path.sh
[2.628s] -- Installing: /home/drwwwzer/many/RM_myself/rm_vision_ros2_galaxy_camera-master/install/galaxy_camera/share/galaxy_camera/environment/ament_prefix_path.dsv
[2.628s] -- Installing: /home/drwwwzer/many/RM_myself/rm_vision_ros2_galaxy_camera-master/install/galaxy_camera/share/galaxy_camera/environment/path.sh
[2.628s] -- Installing: /home/drwwwzer/many/RM_myself/rm_vision_ros2_galaxy_camera-master/install/galaxy_camera/share/galaxy_camera/environment/path.dsv
[2.628s] -- Installing: /home/drwwwzer/many/RM_myself/rm_vision_ros2_galaxy_camera-master/install/galaxy_camera/share/galaxy_camera/local_setup.bash
[2.628s] -- Installing: /home/drwwwzer/many/RM_myself/rm_vision_ros2_galaxy_camera-master/install/galaxy_camera/share/galaxy_camera/local_setup.sh
[2.628s] -- Installing: /home/drwwwzer/many/RM_myself/rm_vision_ros2_galaxy_camera-master/install/galaxy_camera/share/galaxy_camera/local_setup.zsh
[2.628s] -- Installing: /home/drwwwzer/many/RM_myself/rm_vision_ros2_galaxy_camera-master/install/galaxy_camera/share/galaxy_camera/local_setup.dsv
[2.628s] -- Installing: /home/drwwwzer/many/RM_myself/rm_vision_ros2_galaxy_camera-master/install/galaxy_camera/share/galaxy_camera/package.dsv
[2.628s] -- Installing: /home/drwwwzer/many/RM_myself/rm_vision_ros2_galaxy_camera-master/install/galaxy_camera/share/ament_index/resource_index/packages/galaxy_camera
[2.628s] -- Installing: /home/drwwwzer/many/RM_myself/rm_vision_ros2_galaxy_camera-master/install/galaxy_camera/share/ament_index/resource_index/rclcpp_components/galaxy_camera
[2.628s] -- Installing: /home/drwwwzer/many/RM_myself/rm_vision_ros2_galaxy_camera-master/install/galaxy_camera/share/galaxy_camera/cmake/ament_cmake_export_dependencies-extras.cmake
[2.628s] -- Installing: /home/drwwwzer/many/RM_myself/rm_vision_ros2_galaxy_camera-master/install/galaxy_camera/share/galaxy_camera/cmake/ament_cmake_export_libraries-extras.cmake
[2.628s] -- Installing: /home/drwwwzer/many/RM_myself/rm_vision_ros2_galaxy_camera-master/install/galaxy_camera/share/galaxy_camera/cmake/galaxy_cameraConfig.cmake
[2.628s] -- Installing: /home/drwwwzer/many/RM_myself/rm_vision_ros2_galaxy_camera-master/install/galaxy_camera/share/galaxy_camera/cmake/galaxy_cameraConfig-version.cmake
[2.629s] -- Installing: /home/drwwwzer/many/RM_myself/rm_vision_ros2_galaxy_camera-master/install/galaxy_camera/share/galaxy_camera/package.xml
[2.630s] Invoked command in '/home/drwwwzer/many/RM_myself/rm_vision_ros2_galaxy_camera-master/build/galaxy_camera' returned '0': CMAKE_PREFIX_PATH=${CMAKE_PREFIX_PATH}:/opt/ros/humble /usr/bin/cmake --install /home/drwwwzer/many/RM_myself/rm_vision_ros2_galaxy_camera-master/build/galaxy_camera
