[0.006s] Invoking command in '/home/drwwwzer/many/RM_myself/rm_vision_ros2_galaxy_camera-master/build/galaxy_camera': CMAKE_PREFIX_PATH=/opt/ros/humble /usr/bin/cmake --build /home/drwwwzer/many/RM_myself/rm_vision_ros2_galaxy_camera-master/build/galaxy_camera -- -j24 -l24
[0.032s] -- Found ament_cmake_auto: 1.3.14 (/opt/ros/humble/share/ament_cmake_auto/cmake)
[0.203s] -- Found rosidl_generator_c: 3.1.7 (/opt/ros/humble/share/rosidl_generator_c/cmake)
[0.204s] -- Found rosidl_adapter: 3.1.7 (/opt/ros/humble/share/rosidl_adapter/cmake)
[0.208s] -- Found rosidl_generator_cpp: 3.1.7 (/opt/ros/humble/share/rosidl_generator_cpp/cmake)
[0.213s] -- Using all available rosidl_typesupport_c: rosidl_typesupport_fastrtps_c;rosidl_typesupport_introspection_c
[0.221s] -- Using all available rosidl_typesupport_cpp: rosidl_typesupport_fastrtps_cpp;rosidl_typesupport_introspection_cpp
[0.241s] -- Found rmw_implementation_cmake: 6.1.2 (/opt/ros/humble/share/rmw_implementation_cmake/cmake)
[0.241s] -- Found rmw_fastrtps_cpp: 6.2.8 (/opt/ros/humble/share/rmw_fastrtps_cpp/cmake)
[0.307s] -- Using RMW implementation 'rmw_fastrtps_cpp' as default
[0.410s] -- Found ament_lint_auto: 0.12.15 (/opt/ros/humble/share/ament_lint_auto/cmake)
[0.435s] -- Added test 'cppcheck' to perform static code analysis on C / C++ code
[0.435s] -- Configured cppcheck include dirs: /home/drwwwzer/many/RM_myself/rm_vision_ros2_galaxy_camera-master/GalaxySDK/include
[0.435s] -- Configured cppcheck exclude dirs and/or files: 
[0.437s] -- Added test 'flake8' to check Python code syntax and style conventions
[0.439s] -- Added test 'lint_cmake' to check CMake code style
[0.440s] -- Added test 'pep257' to check Python code against some of the docstring style conventions in PEP 257
[0.442s] -- Added test 'xmllint' to check XML markup files
[0.446s] -- Configuring done
[0.464s] -- Generating done
[0.469s] -- Build files have been written to: /home/drwwwzer/many/RM_myself/rm_vision_ros2_galaxy_camera-master/build/galaxy_camera
[0.494s] [35m[1mConsolidate compiler generated dependencies of target galaxy_camera_node[0m
[0.494s] [35m[1mConsolidate compiler generated dependencies of target galaxy_camera[0m
[0.510s] [100%] Built target galaxy_camera_node
[0.510s] [100%] Built target galaxy_camera
[0.520s] Invoked command in '/home/drwwwzer/many/RM_myself/rm_vision_ros2_galaxy_camera-master/build/galaxy_camera' returned '0': CMAKE_PREFIX_PATH=/opt/ros/humble /usr/bin/cmake --build /home/drwwwzer/many/RM_myself/rm_vision_ros2_galaxy_camera-master/build/galaxy_camera -- -j24 -l24
[0.530s] Invoking command in '/home/drwwwzer/many/RM_myself/rm_vision_ros2_galaxy_camera-master/build/galaxy_camera': CMAKE_PREFIX_PATH=/opt/ros/humble /usr/bin/cmake --install /home/drwwwzer/many/RM_myself/rm_vision_ros2_galaxy_camera-master/build/galaxy_camera
[0.536s] -- Install configuration: ""
[0.536s] -- Up-to-date: /home/drwwwzer/many/RM_myself/rm_vision_ros2_galaxy_camera-master/install/galaxy_camera/lib
[0.536s] -- Up-to-date: /home/drwwwzer/many/RM_myself/rm_vision_ros2_galaxy_camera-master/install/galaxy_camera/lib/GxU3VTL.cti
[0.536s] -- Up-to-date: /home/drwwwzer/many/RM_myself/rm_vision_ros2_galaxy_camera-master/install/galaxy_camera/lib/bc4b08373788f18282ff1e747a98dd6c21a8b629.cache
[0.536s] -- Up-to-date: /home/drwwwzer/many/RM_myself/rm_vision_ros2_galaxy_camera-master/install/galaxy_camera/lib/GxGVTL.cti
[0.536s] -- Up-to-date: /home/drwwwzer/many/RM_myself/rm_vision_ros2_galaxy_camera-master/install/galaxy_camera/lib/libgxiapi.so
[0.536s] -- Up-to-date: /home/drwwwzer/many/RM_myself/rm_vision_ros2_galaxy_camera-master/install/galaxy_camera/lib/galaxy_camera/galaxy_camera_node
[0.536s] -- Up-to-date: /home/drwwwzer/many/RM_myself/rm_vision_ros2_galaxy_camera-master/install/galaxy_camera/share/galaxy_camera/environment/library_path.sh
[0.537s] -- Installing: /home/drwwwzer/many/RM_myself/rm_vision_ros2_galaxy_camera-master/install/galaxy_camera/share/galaxy_camera/environment/library_path.dsv
[0.537s] -- Up-to-date: /home/drwwwzer/many/RM_myself/rm_vision_ros2_galaxy_camera-master/install/galaxy_camera/lib/libgalaxy_camera.so
[0.537s] -- Up-to-date: /home/drwwwzer/many/RM_myself/rm_vision_ros2_galaxy_camera-master/install/galaxy_camera/share/galaxy_camera/config
[0.537s] -- Up-to-date: /home/drwwwzer/many/RM_myself/rm_vision_ros2_galaxy_camera-master/install/galaxy_camera/share/galaxy_camera/config/camera_params.yaml
[0.537s] -- Up-to-date: /home/drwwwzer/many/RM_myself/rm_vision_ros2_galaxy_camera-master/install/galaxy_camera/share/galaxy_camera/config/camera_info.yaml
[0.537s] -- Up-to-date: /home/drwwwzer/many/RM_myself/rm_vision_ros2_galaxy_camera-master/install/galaxy_camera/share/galaxy_camera/launch
[0.537s] -- Up-to-date: /home/drwwwzer/many/RM_myself/rm_vision_ros2_galaxy_camera-master/install/galaxy_camera/share/galaxy_camera/launch/galaxy_camera.launch.py
[0.537s] -- Up-to-date: /home/drwwwzer/many/RM_myself/rm_vision_ros2_galaxy_camera-master/install/galaxy_camera/share/ament_index/resource_index/package_run_dependencies/galaxy_camera
[0.537s] -- Installing: /home/drwwwzer/many/RM_myself/rm_vision_ros2_galaxy_camera-master/install/galaxy_camera/share/ament_index/resource_index/parent_prefix_path/galaxy_camera
[0.537s] -- Up-to-date: /home/drwwwzer/many/RM_myself/rm_vision_ros2_galaxy_camera-master/install/galaxy_camera/share/galaxy_camera/environment/ament_prefix_path.sh
[0.537s] -- Installing: /home/drwwwzer/many/RM_myself/rm_vision_ros2_galaxy_camera-master/install/galaxy_camera/share/galaxy_camera/environment/ament_prefix_path.dsv
[0.537s] -- Up-to-date: /home/drwwwzer/many/RM_myself/rm_vision_ros2_galaxy_camera-master/install/galaxy_camera/share/galaxy_camera/environment/path.sh
[0.537s] -- Installing: /home/drwwwzer/many/RM_myself/rm_vision_ros2_galaxy_camera-master/install/galaxy_camera/share/galaxy_camera/environment/path.dsv
[0.537s] -- Up-to-date: /home/drwwwzer/many/RM_myself/rm_vision_ros2_galaxy_camera-master/install/galaxy_camera/share/galaxy_camera/local_setup.bash
[0.537s] -- Up-to-date: /home/drwwwzer/many/RM_myself/rm_vision_ros2_galaxy_camera-master/install/galaxy_camera/share/galaxy_camera/local_setup.sh
[0.537s] -- Up-to-date: /home/drwwwzer/many/RM_myself/rm_vision_ros2_galaxy_camera-master/install/galaxy_camera/share/galaxy_camera/local_setup.zsh
[0.537s] -- Installing: /home/drwwwzer/many/RM_myself/rm_vision_ros2_galaxy_camera-master/install/galaxy_camera/share/galaxy_camera/local_setup.dsv
[0.537s] -- Installing: /home/drwwwzer/many/RM_myself/rm_vision_ros2_galaxy_camera-master/install/galaxy_camera/share/galaxy_camera/package.dsv
[0.537s] -- Up-to-date: /home/drwwwzer/many/RM_myself/rm_vision_ros2_galaxy_camera-master/install/galaxy_camera/share/ament_index/resource_index/packages/galaxy_camera
[0.538s] -- Up-to-date: /home/drwwwzer/many/RM_myself/rm_vision_ros2_galaxy_camera-master/install/galaxy_camera/share/ament_index/resource_index/rclcpp_components/galaxy_camera
[0.538s] -- Up-to-date: /home/drwwwzer/many/RM_myself/rm_vision_ros2_galaxy_camera-master/install/galaxy_camera/share/galaxy_camera/cmake/ament_cmake_export_dependencies-extras.cmake
[0.538s] -- Up-to-date: /home/drwwwzer/many/RM_myself/rm_vision_ros2_galaxy_camera-master/install/galaxy_camera/share/galaxy_camera/cmake/ament_cmake_export_libraries-extras.cmake
[0.538s] -- Up-to-date: /home/drwwwzer/many/RM_myself/rm_vision_ros2_galaxy_camera-master/install/galaxy_camera/share/galaxy_camera/cmake/galaxy_cameraConfig.cmake
[0.538s] -- Up-to-date: /home/drwwwzer/many/RM_myself/rm_vision_ros2_galaxy_camera-master/install/galaxy_camera/share/galaxy_camera/cmake/galaxy_cameraConfig-version.cmake
[0.538s] -- Up-to-date: /home/drwwwzer/many/RM_myself/rm_vision_ros2_galaxy_camera-master/install/galaxy_camera/share/galaxy_camera/package.xml
[0.539s] Invoked command in '/home/drwwwzer/many/RM_myself/rm_vision_ros2_galaxy_camera-master/build/galaxy_camera' returned '0': CMAKE_PREFIX_PATH=/opt/ros/humble /usr/bin/cmake --install /home/drwwwzer/many/RM_myself/rm_vision_ros2_galaxy_camera-master/build/galaxy_camera
