[0.006s] Invoking command in '/home/drwwwzer/many/RM_myself/5lakes/build/bringup': CMAKE_PREFIX_PATH=/opt/ros/humble /usr/bin/cmake --build /home/drwwwzer/many/RM_myself/5lakes/build/bringup -- -j24 -l24
[0.010s] [0mCMake Error: The current CMakeCache.txt directory /home/drwwwzer/many/RM_myself/5lakes/build/bringup/CMakeCache.txt is different than the directory /home/drwwwzer/index of open sources/5lakes/build/bringup where CMakeCache.txt was created. This may result in binaries being created in the wrong place. If you are not sure, reedit the CMakeCache.txt[0m
[0.158s] Invoked command in '/home/drwwwzer/many/RM_myself/5lakes/build/bringup' returned '0': CMAKE_PREFIX_PATH=/opt/ros/humble /usr/bin/cmake --build /home/drwwwzer/many/RM_myself/5lakes/build/bringup -- -j24 -l24
[0.165s] Invoking command in '/home/drwwwzer/many/RM_myself/5lakes/build/bringup': CMAKE_PREFIX_PATH=/opt/ros/humble /usr/bin/cmake --install /home/drwwwzer/many/RM_myself/5lakes/build/bringup
[0.168s] -- Install configuration: ""
[0.169s] -- Up-to-date: /home/drwwwzer/index of open sources/5lakes/install/bringup/share/bringup/launch
[0.169s] -- Up-to-date: /home/drwwwzer/index of open sources/5lakes/install/bringup/share/bringup/launch/__pycache__
[0.169s] -- Installing: /home/drwwwzer/index of open sources/5lakes/install/bringup/share/bringup/launch/__pycache__/sniper.launch.cpython-310.pyc
[0.169s] -- Up-to-date: /home/drwwwzer/index of open sources/5lakes/install/bringup/share/bringup/launch/sniper.launch.py
[0.169s] -- Up-to-date: /home/drwwwzer/index of open sources/5lakes/install/bringup/share/ament_index/resource_index/package_run_dependencies/bringup
[0.169s] -- Up-to-date: /home/drwwwzer/index of open sources/5lakes/install/bringup/share/ament_index/resource_index/parent_prefix_path/bringup
[0.169s] -- Up-to-date: /home/drwwwzer/index of open sources/5lakes/install/bringup/share/bringup/environment/ament_prefix_path.sh
[0.169s] -- Up-to-date: /home/drwwwzer/index of open sources/5lakes/install/bringup/share/bringup/environment/ament_prefix_path.dsv
[0.169s] -- Up-to-date: /home/drwwwzer/index of open sources/5lakes/install/bringup/share/bringup/environment/path.sh
[0.169s] -- Up-to-date: /home/drwwwzer/index of open sources/5lakes/install/bringup/share/bringup/environment/path.dsv
[0.169s] -- Up-to-date: /home/drwwwzer/index of open sources/5lakes/install/bringup/share/bringup/local_setup.bash
[0.169s] -- Up-to-date: /home/drwwwzer/index of open sources/5lakes/install/bringup/share/bringup/local_setup.sh
[0.169s] -- Up-to-date: /home/drwwwzer/index of open sources/5lakes/install/bringup/share/bringup/local_setup.zsh
[0.169s] -- Up-to-date: /home/drwwwzer/index of open sources/5lakes/install/bringup/share/bringup/local_setup.dsv
[0.169s] -- Installing: /home/drwwwzer/index of open sources/5lakes/install/bringup/share/bringup/package.dsv
[0.169s] -- Up-to-date: /home/drwwwzer/index of open sources/5lakes/install/bringup/share/ament_index/resource_index/packages/bringup
[0.169s] -- Up-to-date: /home/drwwwzer/index of open sources/5lakes/install/bringup/share/bringup/cmake/bringupConfig.cmake
[0.169s] -- Up-to-date: /home/drwwwzer/index of open sources/5lakes/install/bringup/share/bringup/cmake/bringupConfig-version.cmake
[0.169s] -- Up-to-date: /home/drwwwzer/index of open sources/5lakes/install/bringup/share/bringup/package.xml
[0.170s] Invoked command in '/home/drwwwzer/many/RM_myself/5lakes/build/bringup' returned '0': CMAKE_PREFIX_PATH=/opt/ros/humble /usr/bin/cmake --install /home/drwwwzer/many/RM_myself/5lakes/build/bringup
