[0.007s] Invoking command in '/home/drwwwzer/many/RM_myself/5lakes/build/doorlock_sniper': CMAKE_PREFIX_PATH=/opt/ros/humble /usr/bin/cmake --build /home/drwwwzer/many/RM_myself/5lakes/build/doorlock_sniper -- -j24 -l24
[0.039s] -- Found ament_cmake: 1.3.12 (/opt/ros/humble/share/ament_cmake/cmake)
[0.149s] -- Found rclcpp: 16.0.15 (/opt/ros/humble/share/rclcpp/cmake)
[0.180s] -- Found rosidl_generator_c: 3.1.7 (/opt/ros/humble/share/rosidl_generator_c/cmake)
[0.181s] -- Found rosidl_adapter: 3.1.7 (/opt/ros/humble/share/rosidl_adapter/cmake)
[0.186s] -- Found rosidl_generator_cpp: 3.1.7 (/opt/ros/humble/share/rosidl_generator_cpp/cmake)
[0.198s] -- Using all available rosidl_typesupport_c: rosidl_typesupport_fastrtps_c;rosidl_typesupport_introspection_c
[0.205s] -- Using all available rosidl_typesupport_cpp: rosidl_typesupport_fastrtps_cpp;rosidl_typesupport_introspection_cpp
[0.243s] -- Found rmw_implementation_cmake: 6.1.2 (/opt/ros/humble/share/rmw_implementation_cmake/cmake)
[0.245s] -- Found rmw_fastrtps_cpp: 6.2.8 (/opt/ros/humble/share/rmw_fastrtps_cpp/cmake)
[0.323s] -- Using RMW implementation 'rmw_fastrtps_cpp' as default
[0.376s] -- Found rclcpp_components: 16.0.15 (/opt/ros/humble/share/rclcpp_components/cmake)
[0.395s] -- Found sensor_msgs: 4.9.0 (/opt/ros/humble/share/sensor_msgs/cmake)
[0.416s] [31mCMake Error at CMakeLists.txt:13 (find_package):
[0.416s]   By not providing "Findcv_bridge.cmake" in CMAKE_MODULE_PATH this project
[0.416s]   has asked CMake to find a package configuration file provided by
[0.416s]   "cv_bridge", but CMake did not find one.
[0.416s] 
[0.416s]   Could not find a package configuration file provided by "cv_bridge" with
[0.416s]   any of the following names:
[0.416s] 
[0.416s]     cv_bridgeConfig.cmake
[0.416s]     cv_bridge-config.cmake
[0.416s] 
[0.416s]   Add the installation prefix of "cv_bridge" to CMAKE_PREFIX_PATH or set
[0.416s]   "cv_bridge_DIR" to a directory containing one of the above files.  If
[0.416s]   "cv_bridge" provides a separate development package or SDK, be sure it has
[0.416s]   been installed.
[0.416s] 
[0.416s] [0m
[0.416s] -- Configuring incomplete, errors occurred!
[0.416s] See also "/home/drwwwzer/many/RM_myself/5lakes/build/doorlock_sniper/CMakeFiles/CMakeOutput.log".
[0.420s] gmake: *** [Makefile:788：cmake_check_build_system] 错误 1
[0.421s] Invoked command in '/home/drwwwzer/many/RM_myself/5lakes/build/doorlock_sniper' returned '2': CMAKE_PREFIX_PATH=/opt/ros/humble /usr/bin/cmake --build /home/drwwwzer/many/RM_myself/5lakes/build/doorlock_sniper -- -j24 -l24
