-- Found ament_cmake: 1.3.12 (/opt/ros/humble/share/ament_cmake/cmake)
-- Found rclcpp: 16.0.15 (/opt/ros/humble/share/rclcpp/cmake)
-- Found rosidl_generator_c: 3.1.7 (/opt/ros/humble/share/rosidl_generator_c/cmake)
-- Found rosidl_adapter: 3.1.7 (/opt/ros/humble/share/rosidl_adapter/cmake)
-- Found rosidl_generator_cpp: 3.1.7 (/opt/ros/humble/share/rosidl_generator_cpp/cmake)
-- Using all available rosidl_typesupport_c: rosidl_typesupport_fastrtps_c;rosidl_typesupport_introspection_c
-- Using all available rosidl_typesupport_cpp: rosidl_typesupport_fastrtps_cpp;rosidl_typesupport_introspection_cpp
-- Found rmw_implementation_cmake: 6.1.2 (/opt/ros/humble/share/rmw_implementation_cmake/cmake)
-- Found rmw_fastrtps_cpp: 6.2.8 (/opt/ros/humble/share/rmw_fastrtps_cpp/cmake)
-- Using RMW implementation 'rmw_fastrtps_cpp' as default
-- Configuring done
-- Generating done
[33mCMake Warning:
  Manually-specified variables were not used by the project:

    ROS_DISTRO

[0m
-- Build files have been written to: /home/drwwwzer/many/RM_myself/5lakes/build/bringup
-- Install configuration: ""
-- Up-to-date: /home/drwwwzer/many/RM_myself/5lakes/install/bringup/share/bringup/launch
-- Up-to-date: /home/drwwwzer/many/RM_myself/5lakes/install/bringup/share/bringup/launch/__pycache__
-- Up-to-date: /home/drwwwzer/many/RM_myself/5lakes/install/bringup/share/bringup/launch/__pycache__/sniper.launch.cpython-310.pyc
-- Up-to-date: /home/drwwwzer/many/RM_myself/5lakes/install/bringup/share/bringup/launch/sniper.launch.py
-- Up-to-date: /home/drwwwzer/many/RM_myself/5lakes/install/bringup/share/ament_index/resource_index/package_run_dependencies/bringup
-- Up-to-date: /home/drwwwzer/many/RM_myself/5lakes/install/bringup/share/ament_index/resource_index/parent_prefix_path/bringup
-- Up-to-date: /home/drwwwzer/many/RM_myself/5lakes/install/bringup/share/bringup/environment/ament_prefix_path.sh
-- Installing: /home/drwwwzer/many/RM_myself/5lakes/install/bringup/share/bringup/environment/ament_prefix_path.dsv
-- Up-to-date: /home/drwwwzer/many/RM_myself/5lakes/install/bringup/share/bringup/environment/path.sh
-- Installing: /home/drwwwzer/many/RM_myself/5lakes/install/bringup/share/bringup/environment/path.dsv
-- Up-to-date: /home/drwwwzer/many/RM_myself/5lakes/install/bringup/share/bringup/local_setup.bash
-- Up-to-date: /home/drwwwzer/many/RM_myself/5lakes/install/bringup/share/bringup/local_setup.sh
-- Up-to-date: /home/drwwwzer/many/RM_myself/5lakes/install/bringup/share/bringup/local_setup.zsh
-- Installing: /home/drwwwzer/many/RM_myself/5lakes/install/bringup/share/bringup/local_setup.dsv
-- Installing: /home/drwwwzer/many/RM_myself/5lakes/install/bringup/share/bringup/package.dsv
-- Up-to-date: /home/drwwwzer/many/RM_myself/5lakes/install/bringup/share/ament_index/resource_index/packages/bringup
-- Up-to-date: /home/drwwwzer/many/RM_myself/5lakes/install/bringup/share/bringup/cmake/bringupConfig.cmake
-- Up-to-date: /home/drwwwzer/many/RM_myself/5lakes/install/bringup/share/bringup/cmake/bringupConfig-version.cmake
-- Up-to-date: /home/drwwwzer/many/RM_myself/5lakes/install/bringup/share/bringup/package.xml
