[0.006s] Invoking command in '/home/drwwwzer/many/RM_myself/5lakes/build/bringup': CMAKE_PREFIX_PATH=/opt/ros/humble /usr/bin/cmake /home/drwwwzer/many/RM_myself/5lakes/zdykhd_ws/Pacific_doorlock_sniper/src/bringup -DROS_DISTRO=humble -DCMAKE_INSTALL_PREFIX=/home/drwwwzer/many/RM_myself/5lakes/install/bringup
[0.015s] -- Found ament_cmake: 1.3.12 (/opt/ros/humble/share/ament_cmake/cmake)
[0.092s] -- Found rclcpp: 16.0.15 (/opt/ros/humble/share/rclcpp/cmake)
[0.107s] -- Found rosidl_generator_c: 3.1.7 (/opt/ros/humble/share/rosidl_generator_c/cmake)
[0.108s] -- Found rosidl_adapter: 3.1.7 (/opt/ros/humble/share/rosidl_adapter/cmake)
[0.111s] -- Found rosidl_generator_cpp: 3.1.7 (/opt/ros/humble/share/rosidl_generator_cpp/cmake)
[0.115s] -- Using all available rosidl_typesupport_c: rosidl_typesupport_fastrtps_c;rosidl_typesupport_introspection_c
[0.122s] -- Using all available rosidl_typesupport_cpp: rosidl_typesupport_fastrtps_cpp;rosidl_typesupport_introspection_cpp
[0.138s] -- Found rmw_implementation_cmake: 6.1.2 (/opt/ros/humble/share/rmw_implementation_cmake/cmake)
[0.139s] -- Found rmw_fastrtps_cpp: 6.2.8 (/opt/ros/humble/share/rmw_fastrtps_cpp/cmake)
[0.193s] -- Using RMW implementation 'rmw_fastrtps_cpp' as default
[0.260s] -- Configuring done
[0.264s] -- Generating done
[0.264s] [33mCMake Warning:
[0.264s]   Manually-specified variables were not used by the project:
[0.264s] 
[0.264s]     ROS_DISTRO
[0.264s] 
[0.264s] [0m
[0.265s] -- Build files have been written to: /home/drwwwzer/many/RM_myself/5lakes/build/bringup
[0.268s] Invoked command in '/home/drwwwzer/many/RM_myself/5lakes/build/bringup' returned '0': CMAKE_PREFIX_PATH=/opt/ros/humble /usr/bin/cmake /home/drwwwzer/many/RM_myself/5lakes/zdykhd_ws/Pacific_doorlock_sniper/src/bringup -DROS_DISTRO=humble -DCMAKE_INSTALL_PREFIX=/home/drwwwzer/many/RM_myself/5lakes/install/bringup
[0.270s] Invoking command in '/home/drwwwzer/many/RM_myself/5lakes/build/bringup': CMAKE_PREFIX_PATH=/opt/ros/humble /usr/bin/cmake --build /home/drwwwzer/many/RM_myself/5lakes/build/bringup -- -j24 -l24
[0.293s] Invoked command in '/home/drwwwzer/many/RM_myself/5lakes/build/bringup' returned '0': CMAKE_PREFIX_PATH=/opt/ros/humble /usr/bin/cmake --build /home/drwwwzer/many/RM_myself/5lakes/build/bringup -- -j24 -l24
[0.298s] Invoking command in '/home/drwwwzer/many/RM_myself/5lakes/build/bringup': CMAKE_PREFIX_PATH=/opt/ros/humble /usr/bin/cmake --install /home/drwwwzer/many/RM_myself/5lakes/build/bringup
[0.302s] -- Install configuration: ""
[0.302s] -- Up-to-date: /home/drwwwzer/many/RM_myself/5lakes/install/bringup/share/bringup/launch
[0.302s] -- Up-to-date: /home/drwwwzer/many/RM_myself/5lakes/install/bringup/share/bringup/launch/__pycache__
[0.302s] -- Up-to-date: /home/drwwwzer/many/RM_myself/5lakes/install/bringup/share/bringup/launch/__pycache__/sniper.launch.cpython-310.pyc
[0.302s] -- Up-to-date: /home/drwwwzer/many/RM_myself/5lakes/install/bringup/share/bringup/launch/sniper.launch.py
[0.302s] -- Up-to-date: /home/drwwwzer/many/RM_myself/5lakes/install/bringup/share/ament_index/resource_index/package_run_dependencies/bringup
[0.302s] -- Up-to-date: /home/drwwwzer/many/RM_myself/5lakes/install/bringup/share/ament_index/resource_index/parent_prefix_path/bringup
[0.302s] -- Up-to-date: /home/drwwwzer/many/RM_myself/5lakes/install/bringup/share/bringup/environment/ament_prefix_path.sh
[0.302s] -- Installing: /home/drwwwzer/many/RM_myself/5lakes/install/bringup/share/bringup/environment/ament_prefix_path.dsv
[0.302s] -- Up-to-date: /home/drwwwzer/many/RM_myself/5lakes/install/bringup/share/bringup/environment/path.sh
[0.302s] -- Installing: /home/drwwwzer/many/RM_myself/5lakes/install/bringup/share/bringup/environment/path.dsv
[0.302s] -- Up-to-date: /home/drwwwzer/many/RM_myself/5lakes/install/bringup/share/bringup/local_setup.bash
[0.302s] -- Up-to-date: /home/drwwwzer/many/RM_myself/5lakes/install/bringup/share/bringup/local_setup.sh
[0.302s] -- Up-to-date: /home/drwwwzer/many/RM_myself/5lakes/install/bringup/share/bringup/local_setup.zsh
[0.302s] -- Installing: /home/drwwwzer/many/RM_myself/5lakes/install/bringup/share/bringup/local_setup.dsv
[0.302s] -- Installing: /home/drwwwzer/many/RM_myself/5lakes/install/bringup/share/bringup/package.dsv
[0.302s] -- Up-to-date: /home/drwwwzer/many/RM_myself/5lakes/install/bringup/share/ament_index/resource_index/packages/bringup
[0.302s] -- Up-to-date: /home/drwwwzer/many/RM_myself/5lakes/install/bringup/share/bringup/cmake/bringupConfig.cmake
[0.302s] -- Up-to-date: /home/drwwwzer/many/RM_myself/5lakes/install/bringup/share/bringup/cmake/bringupConfig-version.cmake
[0.302s] -- Up-to-date: /home/drwwwzer/many/RM_myself/5lakes/install/bringup/share/bringup/package.xml
[0.303s] Invoked command in '/home/drwwwzer/many/RM_myself/5lakes/build/bringup' returned '0': CMAKE_PREFIX_PATH=/opt/ros/humble /usr/bin/cmake --install /home/drwwwzer/many/RM_myself/5lakes/build/bringup
