[0.006s] Invoking command in '/home/drwwwzer/many/RM_myself/5lakes/build/doorlock_sniper': CMAKE_PREFIX_PATH=/opt/ros/humble /usr/bin/cmake --build /home/drwwwzer/many/RM_myself/5lakes/build/doorlock_sniper -- -j24 -l24
[0.012s] [0mCMake Error: The current CMakeCache.txt directory /home/drwwwzer/many/RM_myself/5lakes/build/doorlock_sniper/CMakeCache.txt is different than the directory /home/drwwwzer/index of open sources/5lakes/build/doorlock_sniper where CMakeCache.txt was created. This may result in binaries being created in the wrong place. If you are not sure, reedit the CMakeCache.txt[0m
[0.170s] [  3%] Built target doorlock_sniper__cpp
[0.176s] [  3%] Built target ament_cmake_python_copy_doorlock_sniper
[0.182s] [ 12%] Built target doorlock_sniper__rosidl_generator_c
[0.204s] [ 21%] Built target doorlock_sniper__rosidl_typesupport_cpp
[0.204s] [ 30%] Built target doorlock_sniper__rosidl_typesupport_introspection_cpp
[0.216s] [ 39%] Built target doorlock_sniper__rosidl_typesupport_c
[0.216s] [ 48%] Built target doorlock_sniper__rosidl_typesupport_fastrtps_cpp
[0.217s] [ 57%] Built target doorlock_sniper__rosidl_typesupport_introspection_c
[0.221s] [ 66%] Built target doorlock_sniper__rosidl_typesupport_fastrtps_c
[0.237s] [ 66%] Built target doorlock_sniper
[0.252s] [ 69%] Built target doorlock_sniper__py
[0.266s] [ 75%] Built target doorlock_sniper__rosidl_generator_py
[0.279s] [ 81%] Built target doorlock_sniper__rosidl_typesupport_c__pyext
[0.280s] [ 87%] Built target doorlock_sniper__rosidl_typesupport_introspection_c__pyext
[0.281s] [ 93%] Built target doorlock_sniper__rosidl_typesupport_fastrtps_c__pyext
[0.289s] [100%] Built target video_encoder_node
[0.343s] running egg_info
[0.343s] writing doorlock_sniper.egg-info/PKG-INFO
[0.343s] writing dependency_links to doorlock_sniper.egg-info/dependency_links.txt
[0.343s] writing top-level names to doorlock_sniper.egg-info/top_level.txt
[0.347s] reading manifest file 'doorlock_sniper.egg-info/SOURCES.txt'
[0.347s] writing manifest file 'doorlock_sniper.egg-info/SOURCES.txt'
[0.363s] [100%] Built target ament_cmake_python_build_doorlock_sniper_egg
[0.373s] Invoked command in '/home/drwwwzer/many/RM_myself/5lakes/build/doorlock_sniper' returned '0': CMAKE_PREFIX_PATH=/opt/ros/humble /usr/bin/cmake --build /home/drwwwzer/many/RM_myself/5lakes/build/doorlock_sniper -- -j24 -l24
[0.374s] Invoking command in '/home/drwwwzer/many/RM_myself/5lakes/build/doorlock_sniper': CMAKE_PREFIX_PATH=/opt/ros/humble /usr/bin/cmake --install /home/drwwwzer/many/RM_myself/5lakes/build/doorlock_sniper
[0.378s] -- Install configuration: ""
[0.378s] -- Up-to-date: /home/drwwwzer/index of open sources/5lakes/install/doorlock_sniper/share/ament_index/resource_index/rosidl_interfaces/doorlock_sniper
[0.378s] -- Up-to-date: /home/drwwwzer/index of open sources/5lakes/install/doorlock_sniper/include/doorlock_sniper/doorlock_sniper
[0.378s] -- Up-to-date: /home/drwwwzer/index of open sources/5lakes/install/doorlock_sniper/include/doorlock_sniper/doorlock_sniper/msg
[0.378s] -- Up-to-date: /home/drwwwzer/index of open sources/5lakes/install/doorlock_sniper/include/doorlock_sniper/doorlock_sniper/msg/detail
[0.378s] -- Up-to-date: /home/drwwwzer/index of open sources/5lakes/install/doorlock_sniper/include/doorlock_sniper/doorlock_sniper/msg/detail/video_packet__functions.h
[0.378s] -- Up-to-date: /home/drwwwzer/index of open sources/5lakes/install/doorlock_sniper/include/doorlock_sniper/doorlock_sniper/msg/detail/video_packet__struct.h
[0.378s] -- Up-to-date: /home/drwwwzer/index of open sources/5lakes/install/doorlock_sniper/include/doorlock_sniper/doorlock_sniper/msg/detail/video_packet__type_support.h
[0.378s] -- Up-to-date: /home/drwwwzer/index of open sources/5lakes/install/doorlock_sniper/include/doorlock_sniper/doorlock_sniper/msg/detail/video_packet__functions.c
[0.379s] -- Up-to-date: /home/drwwwzer/index of open sources/5lakes/install/doorlock_sniper/include/doorlock_sniper/doorlock_sniper/msg/video_packet.h
[0.379s] -- Up-to-date: /home/drwwwzer/index of open sources/5lakes/install/doorlock_sniper/include/doorlock_sniper/doorlock_sniper/msg/rosidl_generator_c__visibility_control.h
[0.379s] -- Up-to-date: /home/drwwwzer/index of open sources/5lakes/install/doorlock_sniper/share/doorlock_sniper/environment/library_path.sh
[0.379s] -- Up-to-date: /home/drwwwzer/index of open sources/5lakes/install/doorlock_sniper/share/doorlock_sniper/environment/library_path.dsv
[0.381s] -- Up-to-date: /home/drwwwzer/index of open sources/5lakes/install/doorlock_sniper/lib/libdoorlock_sniper__rosidl_generator_c.so
[0.382s] -- Up-to-date: /home/drwwwzer/index of open sources/5lakes/install/doorlock_sniper/include/doorlock_sniper/doorlock_sniper
[0.382s] -- Up-to-date: /home/drwwwzer/index of open sources/5lakes/install/doorlock_sniper/include/doorlock_sniper/doorlock_sniper/msg
[0.382s] -- Up-to-date: /home/drwwwzer/index of open sources/5lakes/install/doorlock_sniper/include/doorlock_sniper/doorlock_sniper/msg/detail
[0.382s] -- Up-to-date: /home/drwwwzer/index of open sources/5lakes/install/doorlock_sniper/include/doorlock_sniper/doorlock_sniper/msg/detail/video_packet__rosidl_typesupport_fastrtps_c.h
[0.382s] -- Up-to-date: /home/drwwwzer/index of open sources/5lakes/install/doorlock_sniper/include/doorlock_sniper/doorlock_sniper/msg/rosidl_typesupport_fastrtps_c__visibility_control.h
[0.382s] -- Up-to-date: /home/drwwwzer/index of open sources/5lakes/install/doorlock_sniper/lib/libdoorlock_sniper__rosidl_typesupport_fastrtps_c.so
[0.383s] -- Up-to-date: /home/drwwwzer/index of open sources/5lakes/install/doorlock_sniper/include/doorlock_sniper/doorlock_sniper
[0.383s] -- Up-to-date: /home/drwwwzer/index of open sources/5lakes/install/doorlock_sniper/include/doorlock_sniper/doorlock_sniper/msg
[0.383s] -- Up-to-date: /home/drwwwzer/index of open sources/5lakes/install/doorlock_sniper/include/doorlock_sniper/doorlock_sniper/msg/detail
[0.383s] -- Up-to-date: /home/drwwwzer/index of open sources/5lakes/install/doorlock_sniper/include/doorlock_sniper/doorlock_sniper/msg/detail/video_packet__type_support.hpp
[0.383s] -- Up-to-date: /home/drwwwzer/index of open sources/5lakes/install/doorlock_sniper/include/doorlock_sniper/doorlock_sniper/msg/detail/video_packet__traits.hpp
[0.383s] -- Up-to-date: /home/drwwwzer/index of open sources/5lakes/install/doorlock_sniper/include/doorlock_sniper/doorlock_sniper/msg/detail/video_packet__struct.hpp
[0.383s] -- Up-to-date: /home/drwwwzer/index of open sources/5lakes/install/doorlock_sniper/include/doorlock_sniper/doorlock_sniper/msg/detail/video_packet__builder.hpp
[0.383s] -- Up-to-date: /home/drwwwzer/index of open sources/5lakes/install/doorlock_sniper/include/doorlock_sniper/doorlock_sniper/msg/video_packet.hpp
[0.383s] -- Up-to-date: /home/drwwwzer/index of open sources/5lakes/install/doorlock_sniper/include/doorlock_sniper/doorlock_sniper/msg/rosidl_generator_cpp__visibility_control.hpp
[0.383s] -- Up-to-date: /home/drwwwzer/index of open sources/5lakes/install/doorlock_sniper/include/doorlock_sniper/doorlock_sniper
[0.383s] -- Up-to-date: /home/drwwwzer/index of open sources/5lakes/install/doorlock_sniper/include/doorlock_sniper/doorlock_sniper/msg
[0.383s] -- Up-to-date: /home/drwwwzer/index of open sources/5lakes/install/doorlock_sniper/include/doorlock_sniper/doorlock_sniper/msg/detail
[0.383s] -- Up-to-date: /home/drwwwzer/index of open sources/5lakes/install/doorlock_sniper/include/doorlock_sniper/doorlock_sniper/msg/detail/video_packet__rosidl_typesupport_fastrtps_cpp.hpp
[0.383s] -- Up-to-date: /home/drwwwzer/index of open sources/5lakes/install/doorlock_sniper/include/doorlock_sniper/doorlock_sniper/msg/detail/dds_fastrtps
[0.383s] -- Up-to-date: /home/drwwwzer/index of open sources/5lakes/install/doorlock_sniper/include/doorlock_sniper/doorlock_sniper/msg/rosidl_typesupport_fastrtps_cpp__visibility_control.h
[0.383s] -- Up-to-date: /home/drwwwzer/index of open sources/5lakes/install/doorlock_sniper/lib/libdoorlock_sniper__rosidl_typesupport_fastrtps_cpp.so
[0.384s] -- Up-to-date: /home/drwwwzer/index of open sources/5lakes/install/doorlock_sniper/include/doorlock_sniper/doorlock_sniper
[0.384s] -- Up-to-date: /home/drwwwzer/index of open sources/5lakes/install/doorlock_sniper/include/doorlock_sniper/doorlock_sniper/msg
[0.384s] -- Up-to-date: /home/drwwwzer/index of open sources/5lakes/install/doorlock_sniper/include/doorlock_sniper/doorlock_sniper/msg/detail
[0.384s] -- Up-to-date: /home/drwwwzer/index of open sources/5lakes/install/doorlock_sniper/include/doorlock_sniper/doorlock_sniper/msg/detail/video_packet__rosidl_typesupport_introspection_c.h
[0.384s] -- Up-to-date: /home/drwwwzer/index of open sources/5lakes/install/doorlock_sniper/include/doorlock_sniper/doorlock_sniper/msg/detail/video_packet__type_support.c
[0.384s] -- Up-to-date: /home/drwwwzer/index of open sources/5lakes/install/doorlock_sniper/include/doorlock_sniper/doorlock_sniper/msg/rosidl_typesupport_introspection_c__visibility_control.h
[0.384s] -- Up-to-date: /home/drwwwzer/index of open sources/5lakes/install/doorlock_sniper/lib/libdoorlock_sniper__rosidl_typesupport_introspection_c.so
[0.384s] -- Up-to-date: /home/drwwwzer/index of open sources/5lakes/install/doorlock_sniper/lib/libdoorlock_sniper__rosidl_typesupport_c.so
[0.384s] -- Up-to-date: /home/drwwwzer/index of open sources/5lakes/install/doorlock_sniper/include/doorlock_sniper/doorlock_sniper
[0.385s] -- Up-to-date: /home/drwwwzer/index of open sources/5lakes/install/doorlock_sniper/include/doorlock_sniper/doorlock_sniper/msg
[0.385s] -- Up-to-date: /home/drwwwzer/index of open sources/5lakes/install/doorlock_sniper/include/doorlock_sniper/doorlock_sniper/msg/detail
[0.385s] -- Up-to-date: /home/drwwwzer/index of open sources/5lakes/install/doorlock_sniper/include/doorlock_sniper/doorlock_sniper/msg/detail/video_packet__type_support.cpp
[0.385s] -- Up-to-date: /home/drwwwzer/index of open sources/5lakes/install/doorlock_sniper/include/doorlock_sniper/doorlock_sniper/msg/detail/video_packet__rosidl_typesupport_introspection_cpp.hpp
[0.385s] -- Up-to-date: /home/drwwwzer/index of open sources/5lakes/install/doorlock_sniper/lib/libdoorlock_sniper__rosidl_typesupport_introspection_cpp.so
[0.385s] -- Up-to-date: /home/drwwwzer/index of open sources/5lakes/install/doorlock_sniper/lib/libdoorlock_sniper__rosidl_typesupport_cpp.so
[0.385s] -- Up-to-date: /home/drwwwzer/index of open sources/5lakes/install/doorlock_sniper/share/doorlock_sniper/environment/pythonpath.sh
[0.385s] -- Up-to-date: /home/drwwwzer/index of open sources/5lakes/install/doorlock_sniper/share/doorlock_sniper/environment/pythonpath.dsv
[0.385s] -- Up-to-date: /home/drwwwzer/index of open sources/5lakes/install/doorlock_sniper/local/lib/python3.10/dist-packages/doorlock_sniper-0.1.0-py3.10.egg-info
[0.385s] -- Installing: /home/drwwwzer/index of open sources/5lakes/install/doorlock_sniper/local/lib/python3.10/dist-packages/doorlock_sniper-0.1.0-py3.10.egg-info/SOURCES.txt
[0.385s] -- Installing: /home/drwwwzer/index of open sources/5lakes/install/doorlock_sniper/local/lib/python3.10/dist-packages/doorlock_sniper-0.1.0-py3.10.egg-info/dependency_links.txt
[0.385s] -- Installing: /home/drwwwzer/index of open sources/5lakes/install/doorlock_sniper/local/lib/python3.10/dist-packages/doorlock_sniper-0.1.0-py3.10.egg-info/PKG-INFO
[0.385s] -- Installing: /home/drwwwzer/index of open sources/5lakes/install/doorlock_sniper/local/lib/python3.10/dist-packages/doorlock_sniper-0.1.0-py3.10.egg-info/top_level.txt
[0.387s] -- Up-to-date: /home/drwwwzer/index of open sources/5lakes/install/doorlock_sniper/local/lib/python3.10/dist-packages/doorlock_sniper
[0.387s] -- Up-to-date: /home/drwwwzer/index of open sources/5lakes/install/doorlock_sniper/local/lib/python3.10/dist-packages/doorlock_sniper/doorlock_sniper_s__rosidl_typesupport_fastrtps_c.cpython-310-x86_64-linux-gnu.so
[0.387s] -- Up-to-date: /home/drwwwzer/index of open sources/5lakes/install/doorlock_sniper/local/lib/python3.10/dist-packages/doorlock_sniper/doorlock_sniper_s__rosidl_typesupport_introspection_c.cpython-310-x86_64-linux-gnu.so
[0.387s] -- Up-to-date: /home/drwwwzer/index of open sources/5lakes/install/doorlock_sniper/local/lib/python3.10/dist-packages/doorlock_sniper/_doorlock_sniper_s.ep.rosidl_typesupport_introspection_c.c
[0.387s] -- Up-to-date: /home/drwwwzer/index of open sources/5lakes/install/doorlock_sniper/local/lib/python3.10/dist-packages/doorlock_sniper/__init__.py
[0.387s] -- Up-to-date: /home/drwwwzer/index of open sources/5lakes/install/doorlock_sniper/local/lib/python3.10/dist-packages/doorlock_sniper/doorlock_sniper_s__rosidl_typesupport_c.cpython-310-x86_64-linux-gnu.so
[0.387s] -- Up-to-date: /home/drwwwzer/index of open sources/5lakes/install/doorlock_sniper/local/lib/python3.10/dist-packages/doorlock_sniper/_doorlock_sniper_s.ep.rosidl_typesupport_c.c
[0.387s] -- Up-to-date: /home/drwwwzer/index of open sources/5lakes/install/doorlock_sniper/local/lib/python3.10/dist-packages/doorlock_sniper/_doorlock_sniper_s.ep.rosidl_typesupport_fastrtps_c.c
[0.387s] -- Up-to-date: /home/drwwwzer/index of open sources/5lakes/install/doorlock_sniper/local/lib/python3.10/dist-packages/doorlock_sniper/libdoorlock_sniper__rosidl_generator_py.so
[0.387s] -- Up-to-date: /home/drwwwzer/index of open sources/5lakes/install/doorlock_sniper/local/lib/python3.10/dist-packages/doorlock_sniper/msg
[0.387s] -- Up-to-date: /home/drwwwzer/index of open sources/5lakes/install/doorlock_sniper/local/lib/python3.10/dist-packages/doorlock_sniper/msg/_video_packet.py
[0.387s] -- Up-to-date: /home/drwwwzer/index of open sources/5lakes/install/doorlock_sniper/local/lib/python3.10/dist-packages/doorlock_sniper/msg/_video_packet_s.c
[0.387s] -- Up-to-date: /home/drwwwzer/index of open sources/5lakes/install/doorlock_sniper/local/lib/python3.10/dist-packages/doorlock_sniper/msg/__init__.py
[0.411s] Listing '/home/drwwwzer/index of open sources/5lakes/install/doorlock_sniper/local/lib/python3.10/dist-packages/doorlock_sniper'...
[0.411s] Listing '/home/drwwwzer/index of open sources/5lakes/install/doorlock_sniper/local/lib/python3.10/dist-packages/doorlock_sniper/msg'...
[0.414s] -- Up-to-date: /home/drwwwzer/index of open sources/5lakes/install/doorlock_sniper/local/lib/python3.10/dist-packages/doorlock_sniper/doorlock_sniper_s__rosidl_typesupport_fastrtps_c.cpython-310-x86_64-linux-gnu.so
[0.414s] -- Up-to-date: /home/drwwwzer/index of open sources/5lakes/install/doorlock_sniper/local/lib/python3.10/dist-packages/doorlock_sniper/doorlock_sniper_s__rosidl_typesupport_introspection_c.cpython-310-x86_64-linux-gnu.so
[0.414s] -- Up-to-date: /home/drwwwzer/index of open sources/5lakes/install/doorlock_sniper/local/lib/python3.10/dist-packages/doorlock_sniper/doorlock_sniper_s__rosidl_typesupport_c.cpython-310-x86_64-linux-gnu.so
[0.414s] -- Up-to-date: /home/drwwwzer/index of open sources/5lakes/install/doorlock_sniper/lib/libdoorlock_sniper__rosidl_generator_py.so
[0.414s] -- Up-to-date: /home/drwwwzer/index of open sources/5lakes/install/doorlock_sniper/share/doorlock_sniper/msg/VideoPacket.idl
[0.414s] -- Up-to-date: /home/drwwwzer/index of open sources/5lakes/install/doorlock_sniper/share/doorlock_sniper/msg/VideoPacket.msg
[0.414s] -- Up-to-date: /home/drwwwzer/index of open sources/5lakes/install/doorlock_sniper/lib/libvideo_encoder_node.so
[0.414s] -- Up-to-date: /home/drwwwzer/index of open sources/5lakes/install/doorlock_sniper/include
[0.415s] -- Up-to-date: /home/drwwwzer/index of open sources/5lakes/install/doorlock_sniper/include/doorlock_sniper
[0.415s] -- Up-to-date: /home/drwwwzer/index of open sources/5lakes/install/doorlock_sniper/include/doorlock_sniper/video_encoder_node.hpp
[0.415s] -- Up-to-date: /home/drwwwzer/index of open sources/5lakes/install/doorlock_sniper/share/doorlock_sniper/msg
[0.415s] -- Up-to-date: /home/drwwwzer/index of open sources/5lakes/install/doorlock_sniper/share/doorlock_sniper/msg/VideoPacket.msg
[0.415s] -- Installing: /home/drwwwzer/index of open sources/5lakes/install/doorlock_sniper/lib/doorlock_sniper/udp_forwarder.py
[0.415s] -- Up-to-date: /home/drwwwzer/index of open sources/5lakes/install/doorlock_sniper/share/ament_index/resource_index/package_run_dependencies/doorlock_sniper
[0.415s] -- Up-to-date: /home/drwwwzer/index of open sources/5lakes/install/doorlock_sniper/share/ament_index/resource_index/parent_prefix_path/doorlock_sniper
[0.415s] -- Up-to-date: /home/drwwwzer/index of open sources/5lakes/install/doorlock_sniper/share/doorlock_sniper/environment/ament_prefix_path.sh
[0.415s] -- Up-to-date: /home/drwwwzer/index of open sources/5lakes/install/doorlock_sniper/share/doorlock_sniper/environment/ament_prefix_path.dsv
[0.415s] -- Up-to-date: /home/drwwwzer/index of open sources/5lakes/install/doorlock_sniper/share/doorlock_sniper/environment/path.sh
[0.415s] -- Up-to-date: /home/drwwwzer/index of open sources/5lakes/install/doorlock_sniper/share/doorlock_sniper/environment/path.dsv
[0.415s] -- Up-to-date: /home/drwwwzer/index of open sources/5lakes/install/doorlock_sniper/share/doorlock_sniper/local_setup.bash
[0.416s] -- Up-to-date: /home/drwwwzer/index of open sources/5lakes/install/doorlock_sniper/share/doorlock_sniper/local_setup.sh
[0.416s] -- Up-to-date: /home/drwwwzer/index of open sources/5lakes/install/doorlock_sniper/share/doorlock_sniper/local_setup.zsh
[0.416s] -- Up-to-date: /home/drwwwzer/index of open sources/5lakes/install/doorlock_sniper/share/doorlock_sniper/local_setup.dsv
[0.416s] -- Installing: /home/drwwwzer/index of open sources/5lakes/install/doorlock_sniper/share/doorlock_sniper/package.dsv
[0.416s] -- Up-to-date: /home/drwwwzer/index of open sources/5lakes/install/doorlock_sniper/share/ament_index/resource_index/packages/doorlock_sniper
[0.416s] -- Up-to-date: /home/drwwwzer/index of open sources/5lakes/install/doorlock_sniper/share/doorlock_sniper/cmake/export_doorlock_sniper__rosidl_generator_cExport.cmake
[0.416s] -- Up-to-date: /home/drwwwzer/index of open sources/5lakes/install/doorlock_sniper/share/doorlock_sniper/cmake/export_doorlock_sniper__rosidl_generator_cExport-noconfig.cmake
[0.416s] -- Up-to-date: /home/drwwwzer/index of open sources/5lakes/install/doorlock_sniper/share/doorlock_sniper/cmake/export_doorlock_sniper__rosidl_typesupport_fastrtps_cExport.cmake
[0.417s] -- Up-to-date: /home/drwwwzer/index of open sources/5lakes/install/doorlock_sniper/share/doorlock_sniper/cmake/export_doorlock_sniper__rosidl_typesupport_fastrtps_cExport-noconfig.cmake
[0.417s] -- Up-to-date: /home/drwwwzer/index of open sources/5lakes/install/doorlock_sniper/share/doorlock_sniper/cmake/export_doorlock_sniper__rosidl_generator_cppExport.cmake
[0.418s] -- Up-to-date: /home/drwwwzer/index of open sources/5lakes/install/doorlock_sniper/share/doorlock_sniper/cmake/export_doorlock_sniper__rosidl_typesupport_fastrtps_cppExport.cmake
[0.418s] -- Up-to-date: /home/drwwwzer/index of open sources/5lakes/install/doorlock_sniper/share/doorlock_sniper/cmake/export_doorlock_sniper__rosidl_typesupport_fastrtps_cppExport-noconfig.cmake
[0.418s] -- Up-to-date: /home/drwwwzer/index of open sources/5lakes/install/doorlock_sniper/share/doorlock_sniper/cmake/doorlock_sniper__rosidl_typesupport_introspection_cExport.cmake
[0.418s] -- Up-to-date: /home/drwwwzer/index of open sources/5lakes/install/doorlock_sniper/share/doorlock_sniper/cmake/doorlock_sniper__rosidl_typesupport_introspection_cExport-noconfig.cmake
[0.418s] -- Up-to-date: /home/drwwwzer/index of open sources/5lakes/install/doorlock_sniper/share/doorlock_sniper/cmake/doorlock_sniper__rosidl_typesupport_cExport.cmake
[0.418s] -- Up-to-date: /home/drwwwzer/index of open sources/5lakes/install/doorlock_sniper/share/doorlock_sniper/cmake/doorlock_sniper__rosidl_typesupport_cExport-noconfig.cmake
[0.418s] -- Up-to-date: /home/drwwwzer/index of open sources/5lakes/install/doorlock_sniper/share/doorlock_sniper/cmake/doorlock_sniper__rosidl_typesupport_introspection_cppExport.cmake
[0.418s] -- Up-to-date: /home/drwwwzer/index of open sources/5lakes/install/doorlock_sniper/share/doorlock_sniper/cmake/doorlock_sniper__rosidl_typesupport_introspection_cppExport-noconfig.cmake
[0.418s] -- Up-to-date: /home/drwwwzer/index of open sources/5lakes/install/doorlock_sniper/share/doorlock_sniper/cmake/doorlock_sniper__rosidl_typesupport_cppExport.cmake
[0.418s] -- Up-to-date: /home/drwwwzer/index of open sources/5lakes/install/doorlock_sniper/share/doorlock_sniper/cmake/doorlock_sniper__rosidl_typesupport_cppExport-noconfig.cmake
[0.419s] -- Up-to-date: /home/drwwwzer/index of open sources/5lakes/install/doorlock_sniper/share/doorlock_sniper/cmake/export_doorlock_sniper__rosidl_generator_pyExport.cmake
[0.419s] -- Up-to-date: /home/drwwwzer/index of open sources/5lakes/install/doorlock_sniper/share/doorlock_sniper/cmake/export_doorlock_sniper__rosidl_generator_pyExport-noconfig.cmake
[0.419s] -- Up-to-date: /home/drwwwzer/index of open sources/5lakes/install/doorlock_sniper/share/ament_index/resource_index/rclcpp_components/doorlock_sniper
[0.419s] -- Up-to-date: /home/drwwwzer/index of open sources/5lakes/install/doorlock_sniper/share/doorlock_sniper/cmake/rosidl_cmake-extras.cmake
[0.419s] -- Up-to-date: /home/drwwwzer/index of open sources/5lakes/install/doorlock_sniper/share/doorlock_sniper/cmake/ament_cmake_export_dependencies-extras.cmake
[0.419s] -- Up-to-date: /home/drwwwzer/index of open sources/5lakes/install/doorlock_sniper/share/doorlock_sniper/cmake/ament_cmake_export_include_directories-extras.cmake
[0.419s] -- Up-to-date: /home/drwwwzer/index of open sources/5lakes/install/doorlock_sniper/share/doorlock_sniper/cmake/ament_cmake_export_libraries-extras.cmake
[0.419s] -- Up-to-date: /home/drwwwzer/index of open sources/5lakes/install/doorlock_sniper/share/doorlock_sniper/cmake/ament_cmake_export_targets-extras.cmake
[0.419s] -- Up-to-date: /home/drwwwzer/index of open sources/5lakes/install/doorlock_sniper/share/doorlock_sniper/cmake/rosidl_cmake_export_typesupport_targets-extras.cmake
[0.419s] -- Up-to-date: /home/drwwwzer/index of open sources/5lakes/install/doorlock_sniper/share/doorlock_sniper/cmake/rosidl_cmake_export_typesupport_libraries-extras.cmake
[0.419s] -- Up-to-date: /home/drwwwzer/index of open sources/5lakes/install/doorlock_sniper/share/doorlock_sniper/cmake/doorlock_sniperConfig.cmake
[0.419s] -- Up-to-date: /home/drwwwzer/index of open sources/5lakes/install/doorlock_sniper/share/doorlock_sniper/cmake/doorlock_sniperConfig-version.cmake
[0.419s] -- Up-to-date: /home/drwwwzer/index of open sources/5lakes/install/doorlock_sniper/share/doorlock_sniper/package.xml
[0.420s] Invoked command in '/home/drwwwzer/many/RM_myself/5lakes/build/doorlock_sniper' returned '0': CMAKE_PREFIX_PATH=/opt/ros/humble /usr/bin/cmake --install /home/drwwwzer/many/RM_myself/5lakes/build/doorlock_sniper
