[0.007s] Invoking command in '/home/drwwwzer/index of open sources/5lakes/build/bringup': CMAKE_PREFIX_PATH=/opt/ros/humble /usr/bin/cmake /home/drwwwzer/index of open sources/5lakes/zdykhd_ws/Pacific_doorlock_sniper/src/bringup -DCMAKE_INSTALL_PREFIX=/home/drwwwzer/index of open sources/5lakes/install/bringup
[0.044s] -- The C compiler identification is GNU 11.4.0
[0.086s] -- The CXX compiler identification is GNU 11.4.0
[0.090s] -- Detecting C compiler ABI info
[0.142s] -- Detecting C compiler ABI info - done
[0.145s] -- Check for working C compiler: /usr/bin/cc - skipped
[0.146s] -- Detecting C compile features
[0.146s] -- Detecting C compile features - done
[0.147s] -- Detecting CXX compiler ABI info
[0.198s] -- Detecting CXX compiler ABI info - done
[0.202s] -- Check for working CXX compiler: /usr/bin/c++ - skipped
[0.202s] -- Detecting CXX compile features
[0.203s] -- Detecting CXX compile features - done
[0.204s] -- Found ament_cmake: 1.3.12 (/opt/ros/humble/share/ament_cmake/cmake)
[0.299s] -- Found Python3: /usr/bin/python3 (found version "3.10.12") found components: Interpreter 
[0.346s] -- Found rclcpp: 16.0.15 (/opt/ros/humble/share/rclcpp/cmake)
[0.368s] -- Found rosidl_generator_c: 3.1.7 (/opt/ros/humble/share/rosidl_generator_c/cmake)
[0.371s] -- Found rosidl_adapter: 3.1.7 (/opt/ros/humble/share/rosidl_adapter/cmake)
[0.376s] -- Found rosidl_generator_cpp: 3.1.7 (/opt/ros/humble/share/rosidl_generator_cpp/cmake)
[0.382s] -- Using all available rosidl_typesupport_c: rosidl_typesupport_fastrtps_c;rosidl_typesupport_introspection_c
[0.391s] -- Using all available rosidl_typesupport_cpp: rosidl_typesupport_fastrtps_cpp;rosidl_typesupport_introspection_cpp
[0.414s] -- Found rmw_implementation_cmake: 6.1.2 (/opt/ros/humble/share/rmw_implementation_cmake/cmake)
[0.415s] -- Found rmw_fastrtps_cpp: 6.2.8 (/opt/ros/humble/share/rmw_fastrtps_cpp/cmake)
[0.467s] -- Found OpenSSL: /usr/lib/x86_64-linux-gnu/libcrypto.so (found version "3.0.2")  
[0.481s] -- Found FastRTPS: /opt/ros/humble/include  
[0.509s] -- Using RMW implementation 'rmw_fastrtps_cpp' as default
[0.514s] -- Looking for pthread.h
[0.557s] -- Looking for pthread.h - found
[0.557s] -- Performing Test CMAKE_HAVE_LIBC_PTHREAD
[0.604s] -- Performing Test CMAKE_HAVE_LIBC_PTHREAD - Success
[0.605s] -- Found Threads: TRUE  
[0.663s] -- Configuring done
[0.664s] -- Generating done
[0.665s] -- Build files have been written to: /home/drwwwzer/index of open sources/5lakes/build/bringup
[0.670s] Invoked command in '/home/drwwwzer/index of open sources/5lakes/build/bringup' returned '0': CMAKE_PREFIX_PATH=/opt/ros/humble /usr/bin/cmake /home/drwwwzer/index of open sources/5lakes/zdykhd_ws/Pacific_doorlock_sniper/src/bringup -DCMAKE_INSTALL_PREFIX=/home/drwwwzer/index of open sources/5lakes/install/bringup
[0.672s] Invoking command in '/home/drwwwzer/index of open sources/5lakes/build/bringup': CMAKE_PREFIX_PATH=/opt/ros/humble /usr/bin/cmake --build /home/drwwwzer/index of open sources/5lakes/build/bringup -- -j24 -l24
[0.700s] Invoked command in '/home/drwwwzer/index of open sources/5lakes/build/bringup' returned '0': CMAKE_PREFIX_PATH=/opt/ros/humble /usr/bin/cmake --build /home/drwwwzer/index of open sources/5lakes/build/bringup -- -j24 -l24
[0.706s] Invoking command in '/home/drwwwzer/index of open sources/5lakes/build/bringup': CMAKE_PREFIX_PATH=/opt/ros/humble /usr/bin/cmake --install /home/drwwwzer/index of open sources/5lakes/build/bringup
[0.710s] -- Install configuration: ""
[0.710s] -- Installing: /home/drwwwzer/index of open sources/5lakes/install/bringup/share/bringup/launch
[0.710s] -- Installing: /home/drwwwzer/index of open sources/5lakes/install/bringup/share/bringup/launch/__pycache__
[0.710s] -- Installing: /home/drwwwzer/index of open sources/5lakes/install/bringup/share/bringup/launch/__pycache__/sniper.launch.cpython-310.pyc
[0.710s] -- Installing: /home/drwwwzer/index of open sources/5lakes/install/bringup/share/bringup/launch/sniper.launch.py
[0.710s] -- Installing: /home/drwwwzer/index of open sources/5lakes/install/bringup/share/ament_index/resource_index/package_run_dependencies/bringup
[0.710s] -- Installing: /home/drwwwzer/index of open sources/5lakes/install/bringup/share/ament_index/resource_index/parent_prefix_path/bringup
[0.710s] -- Installing: /home/drwwwzer/index of open sources/5lakes/install/bringup/share/bringup/environment/ament_prefix_path.sh
[0.710s] -- Installing: /home/drwwwzer/index of open sources/5lakes/install/bringup/share/bringup/environment/ament_prefix_path.dsv
[0.710s] -- Installing: /home/drwwwzer/index of open sources/5lakes/install/bringup/share/bringup/environment/path.sh
[0.711s] -- Installing: /home/drwwwzer/index of open sources/5lakes/install/bringup/share/bringup/environment/path.dsv
[0.711s] -- Installing: /home/drwwwzer/index of open sources/5lakes/install/bringup/share/bringup/local_setup.bash
[0.711s] -- Installing: /home/drwwwzer/index of open sources/5lakes/install/bringup/share/bringup/local_setup.sh
[0.711s] -- Installing: /home/drwwwzer/index of open sources/5lakes/install/bringup/share/bringup/local_setup.zsh
[0.711s] -- Installing: /home/drwwwzer/index of open sources/5lakes/install/bringup/share/bringup/local_setup.dsv
[0.711s] -- Installing: /home/drwwwzer/index of open sources/5lakes/install/bringup/share/bringup/package.dsv
[0.711s] -- Installing: /home/drwwwzer/index of open sources/5lakes/install/bringup/share/ament_index/resource_index/packages/bringup
[0.711s] -- Installing: /home/drwwwzer/index of open sources/5lakes/install/bringup/share/bringup/cmake/bringupConfig.cmake
[0.711s] -- Installing: /home/drwwwzer/index of open sources/5lakes/install/bringup/share/bringup/cmake/bringupConfig-version.cmake
[0.711s] -- Installing: /home/drwwwzer/index of open sources/5lakes/install/bringup/share/bringup/package.xml
[0.712s] Invoked command in '/home/drwwwzer/index of open sources/5lakes/build/bringup' returned '0': CMAKE_PREFIX_PATH=/opt/ros/humble /usr/bin/cmake --install /home/drwwwzer/index of open sources/5lakes/build/bringup
