[0.007s] Invoking command in '/home/drwwwzer/many/RM_myself/5lakes/build/realsense2_camera_msgs': CMAKE_PREFIX_PATH=/opt/ros/humble /usr/bin/cmake --build /home/drwwwzer/many/RM_myself/5lakes/build/realsense2_camera_msgs -- -j24 -l24
[0.026s] -- Found ament_cmake: 1.3.12 (/opt/ros/humble/share/ament_cmake/cmake)
[0.110s] -- Found rosidl_default_generators: 1.2.0 (/opt/ros/humble/share/rosidl_default_generators/cmake)
[0.111s] -- Using all available rosidl_typesupport_c: rosidl_typesupport_fastrtps_c;rosidl_typesupport_introspection_c
[0.114s] -- Found rosidl_adapter: 3.1.7 (/opt/ros/humble/share/rosidl_adapter/cmake)
[0.135s] -- Using all available rosidl_typesupport_cpp: rosidl_typesupport_fastrtps_cpp;rosidl_typesupport_introspection_cpp
[0.148s] -- Found builtin_interfaces: 1.2.2 (/opt/ros/humble/share/builtin_interfaces/cmake)
[0.154s] -- Found std_msgs: 4.9.0 (/opt/ros/humble/share/std_msgs/cmake)
[0.159s] -- Found sensor_msgs: 4.9.0 (/opt/ros/humble/share/sensor_msgs/cmake)
[0.367s] -- Found ament_cmake_cppcheck: 0.12.15 (/opt/ros/humble/share/ament_cmake_cppcheck/cmake)
[0.368s] -- Found ament_cmake_cpplint: 0.12.15 (/opt/ros/humble/share/ament_cmake_cpplint/cmake)
[0.372s] [31mCMake Error at /opt/ros/humble/share/rosidl_generator_c/cmake/rosidl_generator_c_generate_interfaces.cmake:193 (find_package):
[0.373s]   By not providing "Findament_cmake_uncrustify.cmake" in CMAKE_MODULE_PATH
[0.373s]   this project has asked CMake to find a package configuration file provided
[0.373s]   by "ament_cmake_uncrustify", but CMake did not find one.
[0.373s] 
[0.373s]   Could not find a package configuration file provided by
[0.373s]   "ament_cmake_uncrustify" with any of the following names:
[0.373s] 
[0.373s]     ament_cmake_uncrustifyConfig.cmake
[0.373s]     ament_cmake_uncrustify-config.cmake
[0.373s] 
[0.373s]   Add the installation prefix of "ament_cmake_uncrustify" to
[0.373s]   CMAKE_PREFIX_PATH or set "ament_cmake_uncrustify_DIR" to a directory
[0.373s]   containing one of the above files.  If "ament_cmake_uncrustify" provides a
[0.373s]   separate development package or SDK, be sure it has been installed.
[0.373s] Call Stack (most recent call first):
[0.373s]   /opt/ros/humble/share/ament_cmake_core/cmake/core/ament_execute_extensions.cmake:48 (include)
[0.373s]   /opt/ros/humble/share/rosidl_cmake/cmake/rosidl_generate_interfaces.cmake:286 (ament_execute_extensions)
[0.373s]   CMakeLists.txt:43 (rosidl_generate_interfaces)
[0.373s] 
[0.374s] [0m
[0.374s] -- Configuring incomplete, errors occurred!
[0.374s] See also "/home/drwwwzer/many/RM_myself/5lakes/build/realsense2_camera_msgs/CMakeFiles/CMakeOutput.log".
[0.375s] gmake: *** [Makefile:2259：cmake_check_build_system] 错误 1
[0.377s] Invoked command in '/home/drwwwzer/many/RM_myself/5lakes/build/realsense2_camera_msgs' returned '2': CMAKE_PREFIX_PATH=/opt/ros/humble /usr/bin/cmake --build /home/drwwwzer/many/RM_myself/5lakes/build/realsense2_camera_msgs -- -j24 -l24
