[0.005s] Invoking command in '/home/drwwwzer/many/RM_myself/gxu_rm_custom_client-main/build/RmCustomClient': /usr/bin/cmake /home/drwwwzer/many/RM_myself/gxu_rm_custom_client-main/src -DCMAKE_INSTALL_PREFIX=/home/drwwwzer/many/RM_myself/gxu_rm_custom_client-main/install/RmCustomClient
[0.050s] -- The C compiler identification is GNU 11.4.0
[0.109s] -- The CXX compiler identification is GNU 11.4.0
[0.115s] -- Detecting C compiler ABI info
[0.176s] -- Detecting C compiler ABI info - done
[0.183s] -- Check for working C compiler: /usr/bin/cc - skipped
[0.183s] -- Detecting C compile features
[0.183s] -- Detecting C compile features - done
[0.187s] -- Detecting CXX compiler ABI info
[0.248s] -- Detecting CXX compiler ABI info - done
[0.252s] -- Check for working CXX compiler: /usr/bin/c++ - skipped
[0.252s] -- Detecting CXX compile features
[0.252s] -- Detecting CXX compile features - done
[0.256s] -- Looking for pthread.h
[0.317s] -- Looking for pthread.h - found
[0.318s] -- Performing Test CMAKE_HAVE_LIBC_PTHREAD
[0.390s] -- Performing Test CMAKE_HAVE_LIBC_PTHREAD - Success
[0.390s] -- Found Threads: TRUE  
[0.397s] -- Performing Test HAVE_STDATOMIC
[0.484s] -- Performing Test HAVE_STDATOMIC - Success
[0.485s] -- Found WrapAtomic: TRUE  
[0.503s] -- Found OpenGL: /usr/lib/x86_64-linux-gnu/libOpenGL.so   
[0.504s] -- Found WrapOpenGL: TRUE  
[0.548s] -- Found XKB: /usr/lib/x86_64-linux-gnu/libxkbcommon.so (found suitable version "1.4.0", minimum required is "0.5.0") 
[0.553s] -- Found WrapVulkanHeaders: /usr/include  
[0.581s] -- Found Protobuf: /usr/lib/x86_64-linux-gnu/libprotobuf.so (found version "3.12.4") 
[0.581s] [33mCMake Warning at CMakeLists.txt:23 (message):
[0.581s]   Qt6 Mqtt module NOT found! Please install qt6-mqtt-dev.  MQTT features will
[0.581s]   be disabled or mocked.
[0.581s] 
[0.581s] [0m
[0.584s] -- Found PkgConfig: /usr/bin/pkg-config (found version "0.29.2") 
[0.585s] -- Checking for modules 'libavcodec;libavutil;libswscale'
[0.599s] --   Found libavcodec, version 58.134.100
[0.610s] --   Found libavutil, version 56.70.100
[0.621s] --   Found libswscale, version 5.9.100
[0.662s] -- Configuring done
[0.684s] -- Generating done
[0.687s] -- Build files have been written to: /home/drwwwzer/many/RM_myself/gxu_rm_custom_client-main/build/RmCustomClient
[0.693s] Invoked command in '/home/drwwwzer/many/RM_myself/gxu_rm_custom_client-main/build/RmCustomClient' returned '0': /usr/bin/cmake /home/drwwwzer/many/RM_myself/gxu_rm_custom_client-main/src -DCMAKE_INSTALL_PREFIX=/home/drwwwzer/many/RM_myself/gxu_rm_custom_client-main/install/RmCustomClient
[0.696s] Invoking command in '/home/drwwwzer/many/RM_myself/gxu_rm_custom_client-main/build/RmCustomClient': /usr/bin/cmake --build /home/drwwwzer/many/RM_myself/gxu_rm_custom_client-main/build/RmCustomClient -- -j24 -l24
[0.750s] [  9%] [34m[1mRunning cpp protocol buffer compiler on model/messages.proto[0m
[0.776s] [ 18%] [34m[1mAutomatic MOC and UIC for target RmCustomClient[0m
[0.927s] [ 18%] Built target RmCustomClient_autogen
[0.940s] [ 27%] [32mBuilding CXX object CMakeFiles/RmCustomClient.dir/RmCustomClient_autogen/mocs_compilation.cpp.o[0m
[0.940s] [ 36%] [32mBuilding CXX object CMakeFiles/RmCustomClient.dir/model/RobotState.cpp.o[0m
[0.942s] [ 45%] [32mBuilding CXX object CMakeFiles/RmCustomClient.dir/network/VideoReceiver.cpp.o[0m
[0.942s] [ 54%] [32mBuilding CXX object CMakeFiles/RmCustomClient.dir/ui/MainWindow.cpp.o[0m
[0.942s] [ 63%] [32mBuilding CXX object CMakeFiles/RmCustomClient.dir/main.cpp.o[0m
[0.943s] [ 72%] [32mBuilding CXX object CMakeFiles/RmCustomClient.dir/video/VideoDecoder.cpp.o[0m
[0.943s] [ 81%] [32mBuilding CXX object CMakeFiles/RmCustomClient.dir/network/MqttManager.cpp.o[0m
[0.945s] [ 90%] [32mBuilding CXX object CMakeFiles/RmCustomClient.dir/messages.pb.cc.o[0m
[2.382s] [100%] [32m[1mLinking CXX executable RmCustomClient[0m
[2.635s] [100%] Built target RmCustomClient
[2.641s] Invoked command in '/home/drwwwzer/many/RM_myself/gxu_rm_custom_client-main/build/RmCustomClient' returned '0': /usr/bin/cmake --build /home/drwwwzer/many/RM_myself/gxu_rm_custom_client-main/build/RmCustomClient -- -j24 -l24
