[0.152s] Invoking command in '/home/drwwwzer/many/RM_myself/5lakes/build/realsense2_camera': AMENT_PREFIX_PATH=/home/drwwwzer/many/RM_myself/5lakes/install/realsense2_camera_msgs:${AMENT_PREFIX_PATH} CMAKE_PREFIX_PATH=/home/drwwwzer/many/RM_myself/5lakes/install/realsense2_camera_msgs:/opt/ros/humble LD_LIBRARY_PATH=/home/drwwwzer/many/RM_myself/5lakes/install/realsense2_camera_msgs/lib:${LD_LIBRARY_PATH} PYTHONPATH=/home/drwwwzer/many/RM_myself/5lakes/install/realsense2_camera_msgs/local/lib/python3.10/dist-packages:${PYTHONPATH} /usr/bin/cmake /home/drwwwzer/many/RM_myself/5lakes/zdykhd_ws/realsense-ros/realsense2_camera -DCMAKE_INSTALL_PREFIX=/home/drwwwzer/many/RM_myself/5lakes/install/realsense2_camera
[0.167s] -- Create Release Build.
[0.167s] -- Found ament_cmake: 1.3.12 (/opt/ros/humble/share/ament_cmake/cmake)
[0.299s] -- Found builtin_interfaces: 1.2.2 (/opt/ros/humble/share/builtin_interfaces/cmake)
[0.326s] -- Found rosidl_generator_c: 3.1.7 (/opt/ros/humble/share/rosidl_generator_c/cmake)
[0.329s] -- Found rosidl_adapter: 3.1.7 (/opt/ros/humble/share/rosidl_adapter/cmake)
[0.335s] -- Found rosidl_generator_cpp: 3.1.7 (/opt/ros/humble/share/rosidl_generator_cpp/cmake)
[0.345s] -- Using all available rosidl_typesupport_c: rosidl_typesupport_fastrtps_c;rosidl_typesupport_introspection_c
[0.358s] -- Using all available rosidl_typesupport_cpp: rosidl_typesupport_fastrtps_cpp;rosidl_typesupport_introspection_cpp
[0.370s] -- Found cv_bridge: 3.2.1 (/opt/ros/humble/share/cv_bridge/cmake)
[0.419s] -- Found image_transport: 3.1.12 (/opt/ros/humble/share/image_transport/cmake)
[0.451s] -- Found rmw_implementation_cmake: 6.1.2 (/opt/ros/humble/share/rmw_implementation_cmake/cmake)
[0.453s] -- Found rmw_fastrtps_cpp: 6.2.8 (/opt/ros/humble/share/rmw_fastrtps_cpp/cmake)
[0.535s] -- Using RMW implementation 'rmw_fastrtps_cpp' as default
[0.585s] -- Found rclcpp_action: 16.0.15 (/opt/ros/humble/share/rclcpp_action/cmake)
[0.614s] -- Found rclcpp_components: 16.0.15 (/opt/ros/humble/share/rclcpp_components/cmake)
[0.631s] -- Found realsense2_camera_msgs: 4.56.4 (/home/drwwwzer/many/RM_myself/5lakes/install/realsense2_camera_msgs/share/realsense2_camera_msgs/cmake)
[0.645s] -- Found std_srvs: 4.9.0 (/opt/ros/humble/share/std_srvs/cmake)
[0.655s] -- Found nav_msgs: 4.9.0 (/opt/ros/humble/share/nav_msgs/cmake)
[0.668s] -- Found tf2_ros: 0.25.16 (/opt/ros/humble/share/tf2_ros/cmake)
[0.695s] -- Found diagnostic_updater: 4.0.6 (/opt/ros/humble/share/diagnostic_updater/cmake)
[0.715s] -- Build for ROS2 Humble
[0.717s] -- Found ament_cmake_gtest: 1.3.12 (/opt/ros/humble/share/ament_cmake_gtest/cmake)
[0.718s] -- Found gtest sources under '/opt/ros/humble/src/gtest_vendor': C++ tests using 'Google Test' will be built
[0.722s] -- Found ament_cmake_pytest: 1.3.12 (/opt/ros/humble/share/ament_cmake_pytest/cmake)
[2.779s] -- rs_device_info:
[2.779s] -- No device detected. Is it plugged in?
[2.779s] 
[2.837s] -- Configuring done
[2.867s] -- Generating done
[2.872s] -- Build files have been written to: /home/drwwwzer/many/RM_myself/5lakes/build/realsense2_camera
[2.878s] Invoked command in '/home/drwwwzer/many/RM_myself/5lakes/build/realsense2_camera' returned '0': AMENT_PREFIX_PATH=/home/drwwwzer/many/RM_myself/5lakes/install/realsense2_camera_msgs:${AMENT_PREFIX_PATH} CMAKE_PREFIX_PATH=/home/drwwwzer/many/RM_myself/5lakes/install/realsense2_camera_msgs:/opt/ros/humble LD_LIBRARY_PATH=/home/drwwwzer/many/RM_myself/5lakes/install/realsense2_camera_msgs/lib:${LD_LIBRARY_PATH} PYTHONPATH=/home/drwwwzer/many/RM_myself/5lakes/install/realsense2_camera_msgs/local/lib/python3.10/dist-packages:${PYTHONPATH} /usr/bin/cmake /home/drwwwzer/many/RM_myself/5lakes/zdykhd_ws/realsense-ros/realsense2_camera -DCMAKE_INSTALL_PREFIX=/home/drwwwzer/many/RM_myself/5lakes/install/realsense2_camera
[2.879s] Invoking command in '/home/drwwwzer/many/RM_myself/5lakes/build/realsense2_camera': AMENT_PREFIX_PATH=/home/drwwwzer/many/RM_myself/5lakes/install/realsense2_camera_msgs:${AMENT_PREFIX_PATH} CMAKE_PREFIX_PATH=/home/drwwwzer/many/RM_myself/5lakes/install/realsense2_camera_msgs:/opt/ros/humble LD_LIBRARY_PATH=/home/drwwwzer/many/RM_myself/5lakes/install/realsense2_camera_msgs/lib:${LD_LIBRARY_PATH} PYTHONPATH=/home/drwwwzer/many/RM_myself/5lakes/install/realsense2_camera_msgs/local/lib/python3.10/dist-packages:${PYTHONPATH} /usr/bin/cmake --build /home/drwwwzer/many/RM_myself/5lakes/build/realsense2_camera -- -j24 -l24
[2.920s] [35m[1mConsolidate compiler generated dependencies of target gtest_main[0m
[2.920s] [35m[1mConsolidate compiler generated dependencies of target realsense2_camera_node[0m
[2.920s] [35m[1mConsolidate compiler generated dependencies of target gtest[0m
[2.934s] [  8%] Built target gtest_main
[2.936s] [ 16%] Built target gtest
[2.937s] [ 24%] Built target realsense2_camera_node
[2.938s] [35m[1mConsolidate compiler generated dependencies of target realsense2_camera[0m
[2.944s] [35m[1mConsolidate compiler generated dependencies of target gtest_template[0m
[2.953s] [ 32%] Built target gtest_template
[2.979s] [ 36%] [32m[1mLinking CXX shared library librealsense2_camera.so[0m
[3.427s] [100%] Built target realsense2_camera
[3.438s] Invoked command in '/home/drwwwzer/many/RM_myself/5lakes/build/realsense2_camera' returned '0': AMENT_PREFIX_PATH=/home/drwwwzer/many/RM_myself/5lakes/install/realsense2_camera_msgs:${AMENT_PREFIX_PATH} CMAKE_PREFIX_PATH=/home/drwwwzer/many/RM_myself/5lakes/install/realsense2_camera_msgs:/opt/ros/humble LD_LIBRARY_PATH=/home/drwwwzer/many/RM_myself/5lakes/install/realsense2_camera_msgs/lib:${LD_LIBRARY_PATH} PYTHONPATH=/home/drwwwzer/many/RM_myself/5lakes/install/realsense2_camera_msgs/local/lib/python3.10/dist-packages:${PYTHONPATH} /usr/bin/cmake --build /home/drwwwzer/many/RM_myself/5lakes/build/realsense2_camera -- -j24 -l24
[3.440s] Invoking command in '/home/drwwwzer/many/RM_myself/5lakes/build/realsense2_camera': AMENT_PREFIX_PATH=/home/drwwwzer/many/RM_myself/5lakes/install/realsense2_camera_msgs:${AMENT_PREFIX_PATH} CMAKE_PREFIX_PATH=/home/drwwwzer/many/RM_myself/5lakes/install/realsense2_camera_msgs:/opt/ros/humble LD_LIBRARY_PATH=/home/drwwwzer/many/RM_myself/5lakes/install/realsense2_camera_msgs/lib:${LD_LIBRARY_PATH} PYTHONPATH=/home/drwwwzer/many/RM_myself/5lakes/install/realsense2_camera_msgs/local/lib/python3.10/dist-packages:${PYTHONPATH} /usr/bin/cmake --install /home/drwwwzer/many/RM_myself/5lakes/build/realsense2_camera
[3.446s] -- Install configuration: "Release"
[3.446s] -- Installing: /home/drwwwzer/many/RM_myself/5lakes/install/realsense2_camera/share/realsense2_camera/config/global_settings.yaml
[3.446s] -- Up-to-date: /home/drwwwzer/many/RM_myself/5lakes/install/realsense2_camera/lib/realsense2_camera/realsense2_camera_node
[3.447s] -- Installing: /home/drwwwzer/many/RM_myself/5lakes/install/realsense2_camera/lib/librealsense2_camera.so
[3.449s] -- Set runtime path of "/home/drwwwzer/many/RM_myself/5lakes/install/realsense2_camera/lib/librealsense2_camera.so" to ""
[3.449s] -- Up-to-date: /home/drwwwzer/many/RM_myself/5lakes/install/realsense2_camera/include
[3.449s] -- Up-to-date: /home/drwwwzer/many/RM_myself/5lakes/install/realsense2_camera/include/gl_window.h
[3.449s] -- Up-to-date: /home/drwwwzer/many/RM_myself/5lakes/install/realsense2_camera/include/ros_sensor.h
[3.449s] -- Up-to-date: /home/drwwwzer/many/RM_myself/5lakes/install/realsense2_camera/include/constants.h
[3.449s] -- Up-to-date: /home/drwwwzer/many/RM_myself/5lakes/install/realsense2_camera/include/ros_param_backend.h
[3.449s] -- Up-to-date: /home/drwwwzer/many/RM_myself/5lakes/install/realsense2_camera/include/named_filter.h
[3.449s] -- Up-to-date: /home/drwwwzer/many/RM_myself/5lakes/install/realsense2_camera/include/profile_manager.h
[3.449s] -- Up-to-date: /home/drwwwzer/many/RM_myself/5lakes/install/realsense2_camera/include/base_realsense_node.h
[3.449s] -- Up-to-date: /home/drwwwzer/many/RM_myself/5lakes/install/realsense2_camera/include/ros_utils.h
[3.449s] -- Up-to-date: /home/drwwwzer/many/RM_myself/5lakes/install/realsense2_camera/include/image_publisher.h
[3.449s] -- Up-to-date: /home/drwwwzer/many/RM_myself/5lakes/install/realsense2_camera/include/align_depth_filter.h
[3.450s] -- Up-to-date: /home/drwwwzer/many/RM_myself/5lakes/install/realsense2_camera/include/ros_node_base.h
[3.450s] -- Up-to-date: /home/drwwwzer/many/RM_myself/5lakes/install/realsense2_camera/include/realsense_node_factory.h
[3.450s] -- Up-to-date: /home/drwwwzer/many/RM_myself/5lakes/install/realsense2_camera/include/dynamic_params.h
[3.450s] -- Up-to-date: /home/drwwwzer/many/RM_myself/5lakes/install/realsense2_camera/include/sensor_params.h
[3.450s] -- Up-to-date: /home/drwwwzer/many/RM_myself/5lakes/install/realsense2_camera/include/pointcloud_filter.h
[3.450s] -- Up-to-date: /home/drwwwzer/many/RM_myself/5lakes/install/realsense2_camera/share/realsense2_camera/launch
[3.450s] -- Up-to-date: /home/drwwwzer/many/RM_myself/5lakes/install/realsense2_camera/share/realsense2_camera/launch/rs_multi_camera_launch_sync.py
[3.450s] -- Up-to-date: /home/drwwwzer/many/RM_myself/5lakes/install/realsense2_camera/share/realsense2_camera/launch/rs_intra_process_demo_launch.py
[3.450s] -- Up-to-date: /home/drwwwzer/many/RM_myself/5lakes/install/realsense2_camera/share/realsense2_camera/launch/rs_multi_camera_launch.py
[3.450s] -- Up-to-date: /home/drwwwzer/many/RM_myself/5lakes/install/realsense2_camera/share/realsense2_camera/launch/rs_launch.py
[3.450s] -- Up-to-date: /home/drwwwzer/many/RM_myself/5lakes/install/realsense2_camera/share/realsense2_camera/launch/default.rviz
[3.450s] -- Up-to-date: /home/drwwwzer/many/RM_myself/5lakes/install/realsense2_camera/share/realsense2_camera/examples
[3.450s] -- Up-to-date: /home/drwwwzer/many/RM_myself/5lakes/install/realsense2_camera/share/realsense2_camera/examples/dual_camera
[3.450s] -- Up-to-date: /home/drwwwzer/many/RM_myself/5lakes/install/realsense2_camera/share/realsense2_camera/examples/dual_camera/rviz
[3.450s] -- Up-to-date: /home/drwwwzer/many/RM_myself/5lakes/install/realsense2_camera/share/realsense2_camera/examples/dual_camera/rviz/dual_camera_pointcloud.rviz
[3.450s] -- Up-to-date: /home/drwwwzer/many/RM_myself/5lakes/install/realsense2_camera/share/realsense2_camera/examples/dual_camera/README.md
[3.450s] -- Up-to-date: /home/drwwwzer/many/RM_myself/5lakes/install/realsense2_camera/share/realsense2_camera/examples/dual_camera/rs_dual_camera_launch.py
[3.450s] -- Up-to-date: /home/drwwwzer/many/RM_myself/5lakes/install/realsense2_camera/share/realsense2_camera/examples/launch_params_from_file
[3.450s] -- Up-to-date: /home/drwwwzer/many/RM_myself/5lakes/install/realsense2_camera/share/realsense2_camera/examples/launch_params_from_file/config
[3.450s] -- Up-to-date: /home/drwwwzer/many/RM_myself/5lakes/install/realsense2_camera/share/realsense2_camera/examples/launch_params_from_file/config/config.yaml
[3.450s] -- Up-to-date: /home/drwwwzer/many/RM_myself/5lakes/install/realsense2_camera/share/realsense2_camera/examples/launch_params_from_file/rs_launch_get_params_from_yaml.py
[3.450s] -- Up-to-date: /home/drwwwzer/many/RM_myself/5lakes/install/realsense2_camera/share/realsense2_camera/examples/launch_params_from_file/README.md
[3.450s] -- Up-to-date: /home/drwwwzer/many/RM_myself/5lakes/install/realsense2_camera/share/realsense2_camera/examples/pointcloud
[3.450s] -- Up-to-date: /home/drwwwzer/many/RM_myself/5lakes/install/realsense2_camera/share/realsense2_camera/examples/pointcloud/rviz
[3.450s] -- Up-to-date: /home/drwwwzer/many/RM_myself/5lakes/install/realsense2_camera/share/realsense2_camera/examples/pointcloud/rviz/pointcloud.rviz
[3.451s] -- Up-to-date: /home/drwwwzer/many/RM_myself/5lakes/install/realsense2_camera/share/realsense2_camera/examples/pointcloud/rviz/urdf_pointcloud.rviz
[3.451s] -- Up-to-date: /home/drwwwzer/many/RM_myself/5lakes/install/realsense2_camera/share/realsense2_camera/examples/pointcloud/rs_d405_pointcloud_launch.py
[3.451s] -- Up-to-date: /home/drwwwzer/many/RM_myself/5lakes/install/realsense2_camera/share/realsense2_camera/examples/pointcloud/rs_pointcloud_infra_launch.py
[3.451s] -- Up-to-date: /home/drwwwzer/many/RM_myself/5lakes/install/realsense2_camera/share/realsense2_camera/examples/pointcloud/rs_pointcloud_launch.py
[3.451s] -- Up-to-date: /home/drwwwzer/many/RM_myself/5lakes/install/realsense2_camera/share/realsense2_camera/examples/pointcloud/rs_d455_pointcloud_launch.py
[3.451s] -- Up-to-date: /home/drwwwzer/many/RM_myself/5lakes/install/realsense2_camera/share/realsense2_camera/examples/pointcloud/README.md
[3.451s] -- Up-to-date: /home/drwwwzer/many/RM_myself/5lakes/install/realsense2_camera/share/realsense2_camera/examples/d500_tables
[3.451s] -- Up-to-date: /home/drwwwzer/many/RM_myself/5lakes/install/realsense2_camera/share/realsense2_camera/examples/d500_tables/calib_config_example.json
[3.451s] -- Up-to-date: /home/drwwwzer/many/RM_myself/5lakes/install/realsense2_camera/share/realsense2_camera/examples/align_depth
[3.451s] -- Up-to-date: /home/drwwwzer/many/RM_myself/5lakes/install/realsense2_camera/share/realsense2_camera/examples/align_depth/rs_align_depth_launch.py
[3.451s] -- Up-to-date: /home/drwwwzer/many/RM_myself/5lakes/install/realsense2_camera/share/realsense2_camera/examples/align_depth/README.md
[3.451s] -- Up-to-date: /home/drwwwzer/many/RM_myself/5lakes/install/realsense2_camera/share/realsense2_camera/examples/launch_from_rosbag
[3.451s] -- Up-to-date: /home/drwwwzer/many/RM_myself/5lakes/install/realsense2_camera/share/realsense2_camera/examples/launch_from_rosbag/rs_launch_from_rosbag.py
[3.451s] -- Up-to-date: /home/drwwwzer/many/RM_myself/5lakes/install/realsense2_camera/share/realsense2_camera/examples/launch_from_rosbag/README.md
[3.451s] -- Up-to-date: /home/drwwwzer/many/RM_myself/5lakes/install/realsense2_camera/share/realsense2_camera/environment/library_path.sh
[3.451s] -- Installing: /home/drwwwzer/many/RM_myself/5lakes/install/realsense2_camera/share/realsense2_camera/environment/library_path.dsv
[3.451s] -- Up-to-date: /home/drwwwzer/many/RM_myself/5lakes/install/realsense2_camera/share/ament_index/resource_index/package_run_dependencies/realsense2_camera
[3.451s] -- Up-to-date: /home/drwwwzer/many/RM_myself/5lakes/install/realsense2_camera/share/ament_index/resource_index/parent_prefix_path/realsense2_camera
[3.451s] -- Up-to-date: /home/drwwwzer/many/RM_myself/5lakes/install/realsense2_camera/share/realsense2_camera/environment/ament_prefix_path.sh
[3.451s] -- Installing: /home/drwwwzer/many/RM_myself/5lakes/install/realsense2_camera/share/realsense2_camera/environment/ament_prefix_path.dsv
[3.451s] -- Up-to-date: /home/drwwwzer/many/RM_myself/5lakes/install/realsense2_camera/share/realsense2_camera/environment/path.sh
[3.451s] -- Installing: /home/drwwwzer/many/RM_myself/5lakes/install/realsense2_camera/share/realsense2_camera/environment/path.dsv
[3.451s] -- Up-to-date: /home/drwwwzer/many/RM_myself/5lakes/install/realsense2_camera/share/realsense2_camera/local_setup.bash
[3.451s] -- Up-to-date: /home/drwwwzer/many/RM_myself/5lakes/install/realsense2_camera/share/realsense2_camera/local_setup.sh
[3.451s] -- Up-to-date: /home/drwwwzer/many/RM_myself/5lakes/install/realsense2_camera/share/realsense2_camera/local_setup.zsh
[3.451s] -- Installing: /home/drwwwzer/many/RM_myself/5lakes/install/realsense2_camera/share/realsense2_camera/local_setup.dsv
[3.451s] -- Installing: /home/drwwwzer/many/RM_myself/5lakes/install/realsense2_camera/share/realsense2_camera/package.dsv
[3.452s] -- Up-to-date: /home/drwwwzer/many/RM_myself/5lakes/install/realsense2_camera/share/ament_index/resource_index/packages/realsense2_camera
[3.452s] -- Up-to-date: /home/drwwwzer/many/RM_myself/5lakes/install/realsense2_camera/share/ament_index/resource_index/rclcpp_components/realsense2_camera
[3.452s] -- Up-to-date: /home/drwwwzer/many/RM_myself/5lakes/install/realsense2_camera/share/realsense2_camera/cmake/ament_cmake_export_include_directories-extras.cmake
[3.452s] -- Up-to-date: /home/drwwwzer/many/RM_myself/5lakes/install/realsense2_camera/share/realsense2_camera/cmake/ament_cmake_export_libraries-extras.cmake
[3.452s] -- Up-to-date: /home/drwwwzer/many/RM_myself/5lakes/install/realsense2_camera/share/realsense2_camera/cmake/ament_cmake_export_dependencies-extras.cmake
[3.452s] -- Up-to-date: /home/drwwwzer/many/RM_myself/5lakes/install/realsense2_camera/share/realsense2_camera/cmake/realsense2_cameraConfig.cmake
[3.452s] -- Up-to-date: /home/drwwwzer/many/RM_myself/5lakes/install/realsense2_camera/share/realsense2_camera/cmake/realsense2_cameraConfig-version.cmake
[3.452s] -- Up-to-date: /home/drwwwzer/many/RM_myself/5lakes/install/realsense2_camera/share/realsense2_camera/package.xml
[3.453s] Invoked command in '/home/drwwwzer/many/RM_myself/5lakes/build/realsense2_camera' returned '0': AMENT_PREFIX_PATH=/home/drwwwzer/many/RM_myself/5lakes/install/realsense2_camera_msgs:${AMENT_PREFIX_PATH} CMAKE_PREFIX_PATH=/home/drwwwzer/many/RM_myself/5lakes/install/realsense2_camera_msgs:/opt/ros/humble LD_LIBRARY_PATH=/home/drwwwzer/many/RM_myself/5lakes/install/realsense2_camera_msgs/lib:${LD_LIBRARY_PATH} PYTHONPATH=/home/drwwwzer/many/RM_myself/5lakes/install/realsense2_camera_msgs/local/lib/python3.10/dist-packages:${PYTHONPATH} /usr/bin/cmake --install /home/drwwwzer/many/RM_myself/5lakes/build/realsense2_camera
