[0.015s] Invoking command in '/home/drwwwzer/many/RM_myself/5lakes/build/realsense2_camera_msgs': CMAKE_PREFIX_PATH=/opt/ros/humble /usr/bin/cmake --build /home/drwwwzer/many/RM_myself/5lakes/build/realsense2_camera_msgs -- -j24 -l24
[0.049s] -- Found ament_cmake: 1.3.12 (/opt/ros/humble/share/ament_cmake/cmake)
[0.159s] -- Found rosidl_default_generators: 1.2.0 (/opt/ros/humble/share/rosidl_default_generators/cmake)
[0.162s] -- Using all available rosidl_typesupport_c: rosidl_typesupport_fastrtps_c;rosidl_typesupport_introspection_c
[0.166s] -- Found rosidl_adapter: 3.1.7 (/opt/ros/humble/share/rosidl_adapter/cmake)
[0.200s] -- Using all available rosidl_typesupport_cpp: rosidl_typesupport_fastrtps_cpp;rosidl_typesupport_introspection_cpp
[0.221s] -- Found builtin_interfaces: 1.2.2 (/opt/ros/humble/share/builtin_interfaces/cmake)
[0.229s] -- Found std_msgs: 4.9.0 (/opt/ros/humble/share/std_msgs/cmake)
[0.244s] -- Found sensor_msgs: 4.9.0 (/opt/ros/humble/share/sensor_msgs/cmake)
[0.525s] [31mCMake Error at /opt/ros/humble/share/rosidl_generator_c/cmake/rosidl_generator_c_generate_interfaces.cmake:179 (find_package):
[0.525s]   By not providing "Findament_cmake_cppcheck.cmake" in CMAKE_MODULE_PATH this
[0.525s]   project has asked CMake to find a package configuration file provided by
[0.525s]   "ament_cmake_cppcheck", but CMake did not find one.
[0.525s] 
[0.525s]   Could not find a package configuration file provided by
[0.525s]   "ament_cmake_cppcheck" with any of the following names:
[0.525s] 
[0.525s]     ament_cmake_cppcheckConfig.cmake
[0.525s]     ament_cmake_cppcheck-config.cmake
[0.525s] 
[0.525s]   Add the installation prefix of "ament_cmake_cppcheck" to CMAKE_PREFIX_PATH
[0.525s]   or set "ament_cmake_cppcheck_DIR" to a directory containing one of the
[0.525s]   above files.  If "ament_cmake_cppcheck" provides a separate development
[0.525s]   package or SDK, be sure it has been installed.
[0.525s] Call Stack (most recent call first):
[0.525s]   /opt/ros/humble/share/ament_cmake_core/cmake/core/ament_execute_extensions.cmake:48 (include)
[0.525s]   /opt/ros/humble/share/rosidl_cmake/cmake/rosidl_generate_interfaces.cmake:286 (ament_execute_extensions)
[0.525s]   CMakeLists.txt:43 (rosidl_generate_interfaces)
[0.525s] 
[0.525s] [0m
[0.525s] -- Configuring incomplete, errors occurred!
[0.526s] See also "/home/drwwwzer/many/RM_myself/5lakes/build/realsense2_camera_msgs/CMakeFiles/CMakeOutput.log".
[0.527s] gmake: *** [Makefile:2259：cmake_check_build_system] 错误 1
