[0.007s] Invoking command in '/home/drwwwzer/many/RM_myself/5lakes/build/bringup': CMAKE_PREFIX_PATH=/opt/ros/humble /usr/bin/cmake /home/drwwwzer/many/RM_myself/5lakes/zdykhd_ws/Pacific_doorlock_sniper/src/bringup -DCMAKE_INSTALL_PREFIX=/home/drwwwzer/many/RM_myself/5lakes/install/bringup
[0.013s] -- Found ament_cmake: 1.3.12 (/opt/ros/humble/share/ament_cmake/cmake)
[0.079s] -- Found rclcpp: 16.0.15 (/opt/ros/humble/share/rclcpp/cmake)
[0.093s] -- Found rosidl_generator_c: 3.1.7 (/opt/ros/humble/share/rosidl_generator_c/cmake)
[0.094s] -- Found rosidl_adapter: 3.1.7 (/opt/ros/humble/share/rosidl_adapter/cmake)
[0.097s] -- Found rosidl_generator_cpp: 3.1.7 (/opt/ros/humble/share/rosidl_generator_cpp/cmake)
[0.102s] -- Using all available rosidl_typesupport_c: rosidl_typesupport_fastrtps_c;rosidl_typesupport_introspection_c
[0.108s] -- Using all available rosidl_typesupport_cpp: rosidl_typesupport_fastrtps_cpp;rosidl_typesupport_introspection_cpp
[0.124s] -- Found rmw_implementation_cmake: 6.1.2 (/opt/ros/humble/share/rmw_implementation_cmake/cmake)
[0.125s] -- Found rmw_fastrtps_cpp: 6.2.8 (/opt/ros/humble/share/rmw_fastrtps_cpp/cmake)
[0.177s] -- Using RMW implementation 'rmw_fastrtps_cpp' as default
[0.241s] -- Configuring done
[0.242s] -- Generating done
[0.243s] -- Build files have been written to: /home/drwwwzer/many/RM_myself/5lakes/build/bringup
[0.248s] Invoked command in '/home/drwwwzer/many/RM_myself/5lakes/build/bringup' returned '0': CMAKE_PREFIX_PATH=/opt/ros/humble /usr/bin/cmake /home/drwwwzer/many/RM_myself/5lakes/zdykhd_ws/Pacific_doorlock_sniper/src/bringup -DCMAKE_INSTALL_PREFIX=/home/drwwwzer/many/RM_myself/5lakes/install/bringup
[0.248s] Invoking command in '/home/drwwwzer/many/RM_myself/5lakes/build/bringup': CMAKE_PREFIX_PATH=/opt/ros/humble /usr/bin/cmake --build /home/drwwwzer/many/RM_myself/5lakes/build/bringup -- -j24 -l24
[0.271s] Invoked command in '/home/drwwwzer/many/RM_myself/5lakes/build/bringup' returned '0': CMAKE_PREFIX_PATH=/opt/ros/humble /usr/bin/cmake --build /home/drwwwzer/many/RM_myself/5lakes/build/bringup -- -j24 -l24
[0.276s] Invoking command in '/home/drwwwzer/many/RM_myself/5lakes/build/bringup': CMAKE_PREFIX_PATH=/opt/ros/humble /usr/bin/cmake --install /home/drwwwzer/many/RM_myself/5lakes/build/bringup
[0.279s] -- Install configuration: ""
[0.279s] -- Up-to-date: /home/drwwwzer/many/RM_myself/5lakes/install/bringup/share/bringup/launch
[0.279s] -- Up-to-date: /home/drwwwzer/many/RM_myself/5lakes/install/bringup/share/bringup/launch/__pycache__
[0.280s] -- Up-to-date: /home/drwwwzer/many/RM_myself/5lakes/install/bringup/share/bringup/launch/__pycache__/sniper.launch.cpython-310.pyc
[0.280s] -- Up-to-date: /home/drwwwzer/many/RM_myself/5lakes/install/bringup/share/bringup/launch/sniper.launch.py
[0.280s] -- Up-to-date: /home/drwwwzer/many/RM_myself/5lakes/install/bringup/share/ament_index/resource_index/package_run_dependencies/bringup
[0.280s] -- Up-to-date: /home/drwwwzer/many/RM_myself/5lakes/install/bringup/share/ament_index/resource_index/parent_prefix_path/bringup
[0.280s] -- Up-to-date: /home/drwwwzer/many/RM_myself/5lakes/install/bringup/share/bringup/environment/ament_prefix_path.sh
[0.280s] -- Installing: /home/drwwwzer/many/RM_myself/5lakes/install/bringup/share/bringup/environment/ament_prefix_path.dsv
[0.280s] -- Up-to-date: /home/drwwwzer/many/RM_myself/5lakes/install/bringup/share/bringup/environment/path.sh
[0.280s] -- Installing: /home/drwwwzer/many/RM_myself/5lakes/install/bringup/share/bringup/environment/path.dsv
[0.280s] -- Up-to-date: /home/drwwwzer/many/RM_myself/5lakes/install/bringup/share/bringup/local_setup.bash
[0.280s] -- Up-to-date: /home/drwwwzer/many/RM_myself/5lakes/install/bringup/share/bringup/local_setup.sh
[0.280s] -- Up-to-date: /home/drwwwzer/many/RM_myself/5lakes/install/bringup/share/bringup/local_setup.zsh
[0.280s] -- Installing: /home/drwwwzer/many/RM_myself/5lakes/install/bringup/share/bringup/local_setup.dsv
[0.280s] -- Installing: /home/drwwwzer/many/RM_myself/5lakes/install/bringup/share/bringup/package.dsv
[0.280s] -- Up-to-date: /home/drwwwzer/many/RM_myself/5lakes/install/bringup/share/ament_index/resource_index/packages/bringup
[0.281s] -- Up-to-date: /home/drwwwzer/many/RM_myself/5lakes/install/bringup/share/bringup/cmake/bringupConfig.cmake
[0.281s] -- Up-to-date: /home/drwwwzer/many/RM_myself/5lakes/install/bringup/share/bringup/cmake/bringupConfig-version.cmake
[0.281s] -- Up-to-date: /home/drwwwzer/many/RM_myself/5lakes/install/bringup/share/bringup/package.xml
[0.281s] Invoked command in '/home/drwwwzer/many/RM_myself/5lakes/build/bringup' returned '0': CMAKE_PREFIX_PATH=/opt/ros/humble /usr/bin/cmake --install /home/drwwwzer/many/RM_myself/5lakes/build/bringup
