-- Install configuration: ""
-- Up-to-date: /home/drwwwzer/many/RM_myself/5lakes/install/bringup/share/bringup/launch
-- Up-to-date: /home/drwwwzer/many/RM_myself/5lakes/install/bringup/share/bringup/launch/__pycache__
-- Up-to-date: /home/drwwwzer/many/RM_myself/5lakes/install/bringup/share/bringup/launch/__pycache__/sniper.launch.cpython-310.pyc
-- Up-to-date: /home/drwwwzer/many/RM_myself/5lakes/install/bringup/share/bringup/launch/sniper.launch.py
-- Up-to-date: /home/drwwwzer/many/RM_myself/5lakes/install/bringup/share/ament_index/resource_index/package_run_dependencies/bringup
-- Up-to-date: /home/drwwwzer/many/RM_myself/5lakes/install/bringup/share/ament_index/resource_index/parent_prefix_path/bringup
-- Up-to-date: /home/drwwwzer/many/RM_myself/5lakes/install/bringup/share/bringup/environment/ament_prefix_path.sh
-- Up-to-date: /home/drwwwzer/many/RM_myself/5lakes/install/bringup/share/bringup/environment/ament_prefix_path.dsv
-- Up-to-date: /home/drwwwzer/many/RM_myself/5lakes/install/bringup/share/bringup/environment/path.sh
-- Up-to-date: /home/drwwwzer/many/RM_myself/5lakes/install/bringup/share/bringup/environment/path.dsv
-- Up-to-date: /home/drwwwzer/many/RM_myself/5lakes/install/bringup/share/bringup/local_setup.bash
-- Up-to-date: /home/drwwwzer/many/RM_myself/5lakes/install/bringup/share/bringup/local_setup.sh
-- Up-to-date: /home/drwwwzer/many/RM_myself/5lakes/install/bringup/share/bringup/local_setup.zsh
-- Up-to-date: /home/drwwwzer/many/RM_myself/5lakes/install/bringup/share/bringup/local_setup.dsv
-- Installing: /home/drwwwzer/many/RM_myself/5lakes/install/bringup/share/bringup/package.dsv
-- Up-to-date: /home/drwwwzer/many/RM_myself/5lakes/install/bringup/share/ament_index/resource_index/packages/bringup
-- Up-to-date: /home/drwwwzer/many/RM_myself/5lakes/install/bringup/share/bringup/cmake/bringupConfig.cmake
-- Up-to-date: /home/drwwwzer/many/RM_myself/5lakes/install/bringup/share/bringup/cmake/bringupConfig-version.cmake
-- Up-to-date: /home/drwwwzer/many/RM_myself/5lakes/install/bringup/share/bringup/package.xml
