-- Found ament_cmake: 1.3.12 (/opt/ros/humble/share/ament_cmake/cmake)
-- Found rclcpp: 16.0.15 (/opt/ros/humble/share/rclcpp/cmake)
-- Found rosidl_generator_c: 3.1.7 (/opt/ros/humble/share/rosidl_generator_c/cmake)
-- Found rosidl_adapter: 3.1.7 (/opt/ros/humble/share/rosidl_adapter/cmake)
-- Found rosidl_generator_cpp: 3.1.7 (/opt/ros/humble/share/rosidl_generator_cpp/cmake)
-- Using all available rosidl_typesupport_c: rosidl_typesupport_fastrtps_c;rosidl_typesupport_introspection_c
-- Using all available rosidl_typesupport_cpp: rosidl_typesupport_fastrtps_cpp;rosidl_typesupport_introspection_cpp
-- Found rmw_implementation_cmake: 6.1.2 (/opt/ros/humble/share/rmw_implementation_cmake/cmake)
-- Found rmw_fastrtps_cpp: 6.2.8 (/opt/ros/humble/share/rmw_fastrtps_cpp/cmake)
-- Using RMW implementation 'rmw_fastrtps_cpp' as default
-- Found rclcpp_components: 16.0.15 (/opt/ros/humble/share/rclcpp_components/cmake)
-- Found sensor_msgs: 4.9.0 (/opt/ros/humble/share/sensor_msgs/cmake)
-- Found cv_bridge: 3.2.1 (/opt/ros/humble/share/cv_bridge/cmake)
-- Found rosidl_default_generators: 1.2.0 (/opt/ros/humble/share/rosidl_default_generators/cmake)
-- Found ament_cmake_ros: 0.10.0 (/opt/ros/humble/share/ament_cmake_ros/cmake)
-- Using all available rosidl_typesupport_c: rosidl_typesupport_fastrtps_c;rosidl_typesupport_introspection_c
-- Using all available rosidl_typesupport_cpp: rosidl_typesupport_fastrtps_cpp;rosidl_typesupport_introspection_cpp
-- Found python_cmake_module: 0.10.0 (/opt/ros/humble/share/python_cmake_module/cmake)
-- Using PYTHON_EXECUTABLE: /usr/bin/python3
-- Using PYTHON_INCLUDE_DIRS: /usr/include/python3.10
-- Using PYTHON_LIBRARIES: /usr/lib/x86_64-linux-gnu/libpython3.10.so
-- Configuring done
-- Generating done
-- Build files have been written to: /home/drwwwzer/many/RM_myself/5lakes/build/doorlock_sniper
[35m[1mConsolidate compiler generated dependencies of target doorlock_sniper__rosidl_generator_c[0m
[  3%] Built target doorlock_sniper__cpp
[ 12%] Built target doorlock_sniper__rosidl_generator_c
[35m[1mConsolidate compiler generated dependencies of target doorlock_sniper__rosidl_typesupport_introspection_cpp[0m
[35m[1mConsolidate compiler generated dependencies of target doorlock_sniper__rosidl_typesupport_c[0m
[35m[1mConsolidate compiler generated dependencies of target doorlock_sniper__rosidl_typesupport_cpp[0m
[35m[1mConsolidate compiler generated dependencies of target doorlock_sniper__rosidl_typesupport_fastrtps_c[0m
[35m[1mConsolidate compiler generated dependencies of target doorlock_sniper__rosidl_typesupport_fastrtps_cpp[0m
[35m[1mConsolidate compiler generated dependencies of target doorlock_sniper__rosidl_typesupport_introspection_c[0m
[ 12%] Built target ament_cmake_python_copy_doorlock_sniper
[ 21%] Built target doorlock_sniper__rosidl_typesupport_c
[ 30%] Built target doorlock_sniper__rosidl_typesupport_introspection_cpp
[ 39%] Built target doorlock_sniper__rosidl_typesupport_cpp
[ 48%] Built target doorlock_sniper__rosidl_typesupport_introspection_c
[ 57%] Built target doorlock_sniper__rosidl_typesupport_fastrtps_cpp
[ 66%] Built target doorlock_sniper__rosidl_typesupport_fastrtps_c
[35m[1mConsolidate compiler generated dependencies of target video_encoder_node[0m
[ 66%] Built target doorlock_sniper
[ 69%] Built target doorlock_sniper__py
[35m[1mConsolidate compiler generated dependencies of target doorlock_sniper__rosidl_generator_py[0m
[ 75%] Built target video_encoder_node
[ 81%] Built target doorlock_sniper__rosidl_generator_py
[35m[1mConsolidate compiler generated dependencies of target doorlock_sniper__rosidl_typesupport_fastrtps_c__pyext[0m
[35m[1mConsolidate compiler generated dependencies of target doorlock_sniper__rosidl_typesupport_introspection_c__pyext[0m
[35m[1mConsolidate compiler generated dependencies of target doorlock_sniper__rosidl_typesupport_c__pyext[0m
[ 87%] Built target doorlock_sniper__rosidl_typesupport_fastrtps_c__pyext
[100%] Built target doorlock_sniper__rosidl_typesupport_c__pyext
[ 96%] Built target doorlock_sniper__rosidl_typesupport_introspection_c__pyext
running egg_info
writing doorlock_sniper.egg-info/PKG-INFO
writing dependency_links to doorlock_sniper.egg-info/dependency_links.txt
writing top-level names to doorlock_sniper.egg-info/top_level.txt
reading manifest file 'doorlock_sniper.egg-info/SOURCES.txt'
writing manifest file 'doorlock_sniper.egg-info/SOURCES.txt'
[100%] Built target ament_cmake_python_build_doorlock_sniper_egg
