[0.007s] Invoking command in '/home/drwwwzer/many/RM_myself/5lakes/build/doorlock_sniper': CMAKE_PREFIX_PATH=/opt/ros/humble /usr/bin/cmake --build /home/drwwwzer/many/RM_myself/5lakes/build/doorlock_sniper -- -j24 -l24
[0.021s] -- Found ament_cmake: 1.3.12 (/opt/ros/humble/share/ament_cmake/cmake)
[0.086s] -- Found rclcpp: 16.0.15 (/opt/ros/humble/share/rclcpp/cmake)
[0.100s] -- Found rosidl_generator_c: 3.1.7 (/opt/ros/humble/share/rosidl_generator_c/cmake)
[0.101s] -- Found rosidl_adapter: 3.1.7 (/opt/ros/humble/share/rosidl_adapter/cmake)
[0.104s] -- Found rosidl_generator_cpp: 3.1.7 (/opt/ros/humble/share/rosidl_generator_cpp/cmake)
[0.109s] -- Using all available rosidl_typesupport_c: rosidl_typesupport_fastrtps_c;rosidl_typesupport_introspection_c
[0.115s] -- Using all available rosidl_typesupport_cpp: rosidl_typesupport_fastrtps_cpp;rosidl_typesupport_introspection_cpp
[0.131s] -- Found rmw_implementation_cmake: 6.1.2 (/opt/ros/humble/share/rmw_implementation_cmake/cmake)
[0.132s] -- Found rmw_fastrtps_cpp: 6.2.8 (/opt/ros/humble/share/rmw_fastrtps_cpp/cmake)
[0.183s] -- Using RMW implementation 'rmw_fastrtps_cpp' as default
[0.208s] -- Found rclcpp_components: 16.0.15 (/opt/ros/humble/share/rclcpp_components/cmake)
[0.217s] -- Found sensor_msgs: 4.9.0 (/opt/ros/humble/share/sensor_msgs/cmake)
[0.232s] -- Found cv_bridge: 3.2.1 (/opt/ros/humble/share/cv_bridge/cmake)
[0.238s] -- Found rosidl_default_generators: 1.2.0 (/opt/ros/humble/share/rosidl_default_generators/cmake)
[0.391s] -- Found ament_cmake_ros: 0.10.0 (/opt/ros/humble/share/ament_cmake_ros/cmake)
[0.636s] -- Using all available rosidl_typesupport_c: rosidl_typesupport_fastrtps_c;rosidl_typesupport_introspection_c
[0.737s] -- Using all available rosidl_typesupport_cpp: rosidl_typesupport_fastrtps_cpp;rosidl_typesupport_introspection_cpp
[0.754s] -- Found python_cmake_module: 0.10.0 (/opt/ros/humble/share/python_cmake_module/cmake)
[0.770s] -- Using PYTHON_EXECUTABLE: /usr/bin/python3
[0.770s] -- Using PYTHON_INCLUDE_DIRS: /usr/include/python3.10
[0.770s] -- Using PYTHON_LIBRARIES: /usr/lib/x86_64-linux-gnu/libpython3.10.so
[0.802s] -- Configuring done
[0.840s] -- Generating done
[0.847s] -- Build files have been written to: /home/drwwwzer/many/RM_myself/5lakes/build/doorlock_sniper
[0.870s] [35m[1mConsolidate compiler generated dependencies of target doorlock_sniper__rosidl_generator_c[0m
[0.879s] [  3%] Built target doorlock_sniper__cpp
[0.880s] [ 12%] Built target doorlock_sniper__rosidl_generator_c
[0.891s] [35m[1mConsolidate compiler generated dependencies of target doorlock_sniper__rosidl_typesupport_introspection_cpp[0m
[0.892s] [35m[1mConsolidate compiler generated dependencies of target doorlock_sniper__rosidl_typesupport_c[0m
[0.892s] [35m[1mConsolidate compiler generated dependencies of target doorlock_sniper__rosidl_typesupport_cpp[0m
[0.892s] [35m[1mConsolidate compiler generated dependencies of target doorlock_sniper__rosidl_typesupport_fastrtps_c[0m
[0.894s] [35m[1mConsolidate compiler generated dependencies of target doorlock_sniper__rosidl_typesupport_fastrtps_cpp[0m
[0.895s] [35m[1mConsolidate compiler generated dependencies of target doorlock_sniper__rosidl_typesupport_introspection_c[0m
[0.895s] [ 12%] Built target ament_cmake_python_copy_doorlock_sniper
[0.906s] [ 21%] Built target doorlock_sniper__rosidl_typesupport_c
[0.907s] [ 30%] Built target doorlock_sniper__rosidl_typesupport_introspection_cpp
[0.908s] [ 39%] Built target doorlock_sniper__rosidl_typesupport_cpp
[0.909s] [ 48%] Built target doorlock_sniper__rosidl_typesupport_introspection_c
[0.911s] [ 57%] Built target doorlock_sniper__rosidl_typesupport_fastrtps_cpp
[0.911s] [ 66%] Built target doorlock_sniper__rosidl_typesupport_fastrtps_c
[0.919s] [35m[1mConsolidate compiler generated dependencies of target video_encoder_node[0m
[0.924s] [ 66%] Built target doorlock_sniper
[0.938s] [ 69%] Built target doorlock_sniper__py
[0.944s] [35m[1mConsolidate compiler generated dependencies of target doorlock_sniper__rosidl_generator_py[0m
[0.944s] [ 75%] Built target video_encoder_node
[0.951s] [ 81%] Built target doorlock_sniper__rosidl_generator_py
[0.958s] [35m[1mConsolidate compiler generated dependencies of target doorlock_sniper__rosidl_typesupport_fastrtps_c__pyext[0m
[0.958s] [35m[1mConsolidate compiler generated dependencies of target doorlock_sniper__rosidl_typesupport_introspection_c__pyext[0m
[0.958s] [35m[1mConsolidate compiler generated dependencies of target doorlock_sniper__rosidl_typesupport_c__pyext[0m
[0.966s] [ 87%] Built target doorlock_sniper__rosidl_typesupport_fastrtps_c__pyext
[0.967s] [100%] Built target doorlock_sniper__rosidl_typesupport_c__pyext
[0.967s] [ 96%] Built target doorlock_sniper__rosidl_typesupport_introspection_c__pyext
[1.012s] running egg_info
[1.012s] writing doorlock_sniper.egg-info/PKG-INFO
[1.012s] writing dependency_links to doorlock_sniper.egg-info/dependency_links.txt
[1.012s] writing top-level names to doorlock_sniper.egg-info/top_level.txt
[1.014s] reading manifest file 'doorlock_sniper.egg-info/SOURCES.txt'
[1.014s] writing manifest file 'doorlock_sniper.egg-info/SOURCES.txt'
[1.029s] [100%] Built target ament_cmake_python_build_doorlock_sniper_egg
