[0.020s] Invoking command in '/home/drwwwzer/many/RM_myself/5lakes/build/realsense2_camera_msgs': CMAKE_PREFIX_PATH=/opt/ros/humble /usr/bin/cmake --build /home/drwwwzer/many/RM_myself/5lakes/build/realsense2_camera_msgs -- -j24 -l24
[0.026s] [0mCMake Error: The current CMakeCache.txt directory /home/drwwwzer/many/RM_myself/5lakes/build/realsense2_camera_msgs/CMakeCache.txt is different than the directory /home/drwwwzer/index of open sources/5lakes/build/realsense2_camera_msgs where CMakeCache.txt was created. This may result in binaries being created in the wrong place. If you are not sure, reedit the CMakeCache.txt[0m
[0.186s] [  1%] Built target realsense2_camera_msgs__cpp
[0.191s] [  1%] Built target ament_cmake_python_copy_realsense2_camera_msgs
[0.224s] [ 12%] Built target realsense2_camera_msgs__rosidl_generator_c
[0.235s] [ 24%] Built target realsense2_camera_msgs__rosidl_typesupport_fastrtps_cpp
[0.236s] [ 47%] Built target realsense2_camera_msgs__rosidl_typesupport_introspection_cpp
[0.236s] [ 47%] Built target realsense2_camera_msgs__rosidl_typesupport_cpp
[0.251s] [ 58%] Built target realsense2_camera_msgs__rosidl_typesupport_c
[0.254s] [ 70%] Built target realsense2_camera_msgs__rosidl_typesupport_fastrtps_c
[0.256s] [ 81%] Built target realsense2_camera_msgs__rosidl_typesupport_introspection_c
[0.269s] [ 81%] Built target realsense2_camera_msgs
[0.282s] [ 82%] Built target realsense2_camera_msgs__py
[0.298s] [ 93%] Built target realsense2_camera_msgs__rosidl_generator_py
[0.313s] [ 95%] Built target realsense2_camera_msgs__rosidl_typesupport_fastrtps_c__pyext
[0.314s] [ 97%] Built target realsense2_camera_msgs__rosidl_typesupport_c__pyext
[0.315s] [100%] Built target realsense2_camera_msgs__rosidl_typesupport_introspection_c__pyext
[0.357s] running egg_info
[0.358s] writing realsense2_camera_msgs.egg-info/PKG-INFO
[0.358s] writing dependency_links to realsense2_camera_msgs.egg-info/dependency_links.txt
[0.358s] writing top-level names to realsense2_camera_msgs.egg-info/top_level.txt
[0.362s] reading manifest file 'realsense2_camera_msgs.egg-info/SOURCES.txt'
[0.362s] writing manifest file 'realsense2_camera_msgs.egg-info/SOURCES.txt'
[0.378s] [100%] Built target ament_cmake_python_build_realsense2_camera_msgs_egg
[0.386s] Invoked command in '/home/drwwwzer/many/RM_myself/5lakes/build/realsense2_camera_msgs' returned '0': CMAKE_PREFIX_PATH=/opt/ros/humble /usr/bin/cmake --build /home/drwwwzer/many/RM_myself/5lakes/build/realsense2_camera_msgs -- -j24 -l24
[0.387s] Invoking command in '/home/drwwwzer/many/RM_myself/5lakes/build/realsense2_camera_msgs': CMAKE_PREFIX_PATH=/opt/ros/humble /usr/bin/cmake --install /home/drwwwzer/many/RM_myself/5lakes/build/realsense2_camera_msgs
[0.394s] -- Install configuration: ""
[0.394s] -- Up-to-date: /home/drwwwzer/index of open sources/5lakes/install/realsense2_camera_msgs/share/ament_index/resource_index/rosidl_interfaces/realsense2_camera_msgs
[0.394s] -- Up-to-date: /home/drwwwzer/index of open sources/5lakes/install/realsense2_camera_msgs/include/realsense2_camera_msgs/realsense2_camera_msgs
[0.394s] -- Up-to-date: /home/drwwwzer/index of open sources/5lakes/install/realsense2_camera_msgs/include/realsense2_camera_msgs/realsense2_camera_msgs/srv
[0.394s] -- Up-to-date: /home/drwwwzer/index of open sources/5lakes/install/realsense2_camera_msgs/include/realsense2_camera_msgs/realsense2_camera_msgs/srv/detail
[0.394s] -- Up-to-date: /home/drwwwzer/index of open sources/5lakes/install/realsense2_camera_msgs/include/realsense2_camera_msgs/realsense2_camera_msgs/srv/detail/calib_config_read__type_support.h
[0.394s] -- Up-to-date: /home/drwwwzer/index of open sources/5lakes/install/realsense2_camera_msgs/include/realsense2_camera_msgs/realsense2_camera_msgs/srv/detail/calib_config_write__functions.c
[0.394s] -- Up-to-date: /home/drwwwzer/index of open sources/5lakes/install/realsense2_camera_msgs/include/realsense2_camera_msgs/realsense2_camera_msgs/srv/detail/device_info__type_support.h
[0.394s] -- Up-to-date: /home/drwwwzer/index of open sources/5lakes/install/realsense2_camera_msgs/include/realsense2_camera_msgs/realsense2_camera_msgs/srv/detail/calib_config_read__functions.c
[0.394s] -- Up-to-date: /home/drwwwzer/index of open sources/5lakes/install/realsense2_camera_msgs/include/realsense2_camera_msgs/realsense2_camera_msgs/srv/detail/device_info__functions.h
[0.394s] -- Up-to-date: /home/drwwwzer/index of open sources/5lakes/install/realsense2_camera_msgs/include/realsense2_camera_msgs/realsense2_camera_msgs/srv/detail/calib_config_read__functions.h
[0.394s] -- Up-to-date: /home/drwwwzer/index of open sources/5lakes/install/realsense2_camera_msgs/include/realsense2_camera_msgs/realsense2_camera_msgs/srv/detail/calib_config_read__struct.h
[0.394s] -- Up-to-date: /home/drwwwzer/index of open sources/5lakes/install/realsense2_camera_msgs/include/realsense2_camera_msgs/realsense2_camera_msgs/srv/detail/calib_config_write__struct.h
[0.394s] -- Up-to-date: /home/drwwwzer/index of open sources/5lakes/install/realsense2_camera_msgs/include/realsense2_camera_msgs/realsense2_camera_msgs/srv/detail/device_info__functions.c
[0.394s] -- Up-to-date: /home/drwwwzer/index of open sources/5lakes/install/realsense2_camera_msgs/include/realsense2_camera_msgs/realsense2_camera_msgs/srv/detail/device_info__struct.h
[0.394s] -- Up-to-date: /home/drwwwzer/index of open sources/5lakes/install/realsense2_camera_msgs/include/realsense2_camera_msgs/realsense2_camera_msgs/srv/detail/calib_config_write__type_support.h
[0.394s] -- Up-to-date: /home/drwwwzer/index of open sources/5lakes/install/realsense2_camera_msgs/include/realsense2_camera_msgs/realsense2_camera_msgs/srv/detail/calib_config_write__functions.h
[0.394s] -- Up-to-date: /home/drwwwzer/index of open sources/5lakes/install/realsense2_camera_msgs/include/realsense2_camera_msgs/realsense2_camera_msgs/srv/device_info.h
[0.394s] -- Up-to-date: /home/drwwwzer/index of open sources/5lakes/install/realsense2_camera_msgs/include/realsense2_camera_msgs/realsense2_camera_msgs/srv/calib_config_write.h
[0.394s] -- Up-to-date: /home/drwwwzer/index of open sources/5lakes/install/realsense2_camera_msgs/include/realsense2_camera_msgs/realsense2_camera_msgs/srv/calib_config_read.h
[0.394s] -- Up-to-date: /home/drwwwzer/index of open sources/5lakes/install/realsense2_camera_msgs/include/realsense2_camera_msgs/realsense2_camera_msgs/action
[0.394s] -- Up-to-date: /home/drwwwzer/index of open sources/5lakes/install/realsense2_camera_msgs/include/realsense2_camera_msgs/realsense2_camera_msgs/action/detail
[0.395s] -- Up-to-date: /home/drwwwzer/index of open sources/5lakes/install/realsense2_camera_msgs/include/realsense2_camera_msgs/realsense2_camera_msgs/action/detail/triggered_calibration__functions.h
[0.395s] -- Up-to-date: /home/drwwwzer/index of open sources/5lakes/install/realsense2_camera_msgs/include/realsense2_camera_msgs/realsense2_camera_msgs/action/detail/triggered_calibration__type_support.h
[0.395s] -- Up-to-date: /home/drwwwzer/index of open sources/5lakes/install/realsense2_camera_msgs/include/realsense2_camera_msgs/realsense2_camera_msgs/action/detail/triggered_calibration__functions.c
[0.395s] -- Up-to-date: /home/drwwwzer/index of open sources/5lakes/install/realsense2_camera_msgs/include/realsense2_camera_msgs/realsense2_camera_msgs/action/detail/triggered_calibration__struct.h
[0.395s] -- Up-to-date: /home/drwwwzer/index of open sources/5lakes/install/realsense2_camera_msgs/include/realsense2_camera_msgs/realsense2_camera_msgs/action/triggered_calibration.h
[0.395s] -- Up-to-date: /home/drwwwzer/index of open sources/5lakes/install/realsense2_camera_msgs/include/realsense2_camera_msgs/realsense2_camera_msgs/msg
[0.395s] -- Up-to-date: /home/drwwwzer/index of open sources/5lakes/install/realsense2_camera_msgs/include/realsense2_camera_msgs/realsense2_camera_msgs/msg/metadata.h
[0.395s] -- Up-to-date: /home/drwwwzer/index of open sources/5lakes/install/realsense2_camera_msgs/include/realsense2_camera_msgs/realsense2_camera_msgs/msg/detail
[0.395s] -- Up-to-date: /home/drwwwzer/index of open sources/5lakes/install/realsense2_camera_msgs/include/realsense2_camera_msgs/realsense2_camera_msgs/msg/detail/extrinsics__functions.c
[0.395s] -- Up-to-date: /home/drwwwzer/index of open sources/5lakes/install/realsense2_camera_msgs/include/realsense2_camera_msgs/realsense2_camera_msgs/msg/detail/imu_info__struct.h
[0.395s] -- Up-to-date: /home/drwwwzer/index of open sources/5lakes/install/realsense2_camera_msgs/include/realsense2_camera_msgs/realsense2_camera_msgs/msg/detail/rgbd__functions.c
[0.395s] -- Up-to-date: /home/drwwwzer/index of open sources/5lakes/install/realsense2_camera_msgs/include/realsense2_camera_msgs/realsense2_camera_msgs/msg/detail/metadata__type_support.h
[0.395s] -- Up-to-date: /home/drwwwzer/index of open sources/5lakes/install/realsense2_camera_msgs/include/realsense2_camera_msgs/realsense2_camera_msgs/msg/detail/rgbd__struct.h
[0.395s] -- Up-to-date: /home/drwwwzer/index of open sources/5lakes/install/realsense2_camera_msgs/include/realsense2_camera_msgs/realsense2_camera_msgs/msg/detail/rgbd__functions.h
[0.395s] -- Up-to-date: /home/drwwwzer/index of open sources/5lakes/install/realsense2_camera_msgs/include/realsense2_camera_msgs/realsense2_camera_msgs/msg/detail/extrinsics__functions.h
[0.395s] -- Up-to-date: /home/drwwwzer/index of open sources/5lakes/install/realsense2_camera_msgs/include/realsense2_camera_msgs/realsense2_camera_msgs/msg/detail/metadata__functions.c
[0.395s] -- Up-to-date: /home/drwwwzer/index of open sources/5lakes/install/realsense2_camera_msgs/include/realsense2_camera_msgs/realsense2_camera_msgs/msg/detail/extrinsics__struct.h
[0.395s] -- Up-to-date: /home/drwwwzer/index of open sources/5lakes/install/realsense2_camera_msgs/include/realsense2_camera_msgs/realsense2_camera_msgs/msg/detail/metadata__struct.h
[0.395s] -- Up-to-date: /home/drwwwzer/index of open sources/5lakes/install/realsense2_camera_msgs/include/realsense2_camera_msgs/realsense2_camera_msgs/msg/detail/imu_info__functions.h
[0.395s] -- Up-to-date: /home/drwwwzer/index of open sources/5lakes/install/realsense2_camera_msgs/include/realsense2_camera_msgs/realsense2_camera_msgs/msg/detail/metadata__functions.h
[0.395s] -- Up-to-date: /home/drwwwzer/index of open sources/5lakes/install/realsense2_camera_msgs/include/realsense2_camera_msgs/realsense2_camera_msgs/msg/detail/rgbd__type_support.h
[0.395s] -- Up-to-date: /home/drwwwzer/index of open sources/5lakes/install/realsense2_camera_msgs/include/realsense2_camera_msgs/realsense2_camera_msgs/msg/detail/imu_info__type_support.h
[0.395s] -- Up-to-date: /home/drwwwzer/index of open sources/5lakes/install/realsense2_camera_msgs/include/realsense2_camera_msgs/realsense2_camera_msgs/msg/detail/imu_info__functions.c
[0.395s] -- Up-to-date: /home/drwwwzer/index of open sources/5lakes/install/realsense2_camera_msgs/include/realsense2_camera_msgs/realsense2_camera_msgs/msg/detail/extrinsics__type_support.h
[0.395s] -- Up-to-date: /home/drwwwzer/index of open sources/5lakes/install/realsense2_camera_msgs/include/realsense2_camera_msgs/realsense2_camera_msgs/msg/imu_info.h
[0.395s] -- Up-to-date: /home/drwwwzer/index of open sources/5lakes/install/realsense2_camera_msgs/include/realsense2_camera_msgs/realsense2_camera_msgs/msg/extrinsics.h
[0.395s] -- Up-to-date: /home/drwwwzer/index of open sources/5lakes/install/realsense2_camera_msgs/include/realsense2_camera_msgs/realsense2_camera_msgs/msg/rgbd.h
[0.396s] -- Up-to-date: /home/drwwwzer/index of open sources/5lakes/install/realsense2_camera_msgs/include/realsense2_camera_msgs/realsense2_camera_msgs/msg/rosidl_generator_c__visibility_control.h
[0.396s] -- Up-to-date: /home/drwwwzer/index of open sources/5lakes/install/realsense2_camera_msgs/share/realsense2_camera_msgs/environment/library_path.sh
[0.396s] -- Up-to-date: /home/drwwwzer/index of open sources/5lakes/install/realsense2_camera_msgs/share/realsense2_camera_msgs/environment/library_path.dsv
[0.396s] -- Up-to-date: /home/drwwwzer/index of open sources/5lakes/install/realsense2_camera_msgs/lib/librealsense2_camera_msgs__rosidl_generator_c.so
[0.396s] -- Up-to-date: /home/drwwwzer/index of open sources/5lakes/install/realsense2_camera_msgs/include/realsense2_camera_msgs/realsense2_camera_msgs
[0.396s] -- Up-to-date: /home/drwwwzer/index of open sources/5lakes/install/realsense2_camera_msgs/include/realsense2_camera_msgs/realsense2_camera_msgs/srv
[0.397s] -- Up-to-date: /home/drwwwzer/index of open sources/5lakes/install/realsense2_camera_msgs/include/realsense2_camera_msgs/realsense2_camera_msgs/srv/detail
[0.397s] -- Up-to-date: /home/drwwwzer/index of open sources/5lakes/install/realsense2_camera_msgs/include/realsense2_camera_msgs/realsense2_camera_msgs/srv/detail/device_info__rosidl_typesupport_fastrtps_c.h
[0.397s] -- Up-to-date: /home/drwwwzer/index of open sources/5lakes/install/realsense2_camera_msgs/include/realsense2_camera_msgs/realsense2_camera_msgs/srv/detail/calib_config_write__rosidl_typesupport_fastrtps_c.h
[0.397s] -- Up-to-date: /home/drwwwzer/index of open sources/5lakes/install/realsense2_camera_msgs/include/realsense2_camera_msgs/realsense2_camera_msgs/srv/detail/calib_config_read__rosidl_typesupport_fastrtps_c.h
[0.397s] -- Up-to-date: /home/drwwwzer/index of open sources/5lakes/install/realsense2_camera_msgs/include/realsense2_camera_msgs/realsense2_camera_msgs/action
[0.397s] -- Up-to-date: /home/drwwwzer/index of open sources/5lakes/install/realsense2_camera_msgs/include/realsense2_camera_msgs/realsense2_camera_msgs/action/detail
[0.397s] -- Up-to-date: /home/drwwwzer/index of open sources/5lakes/install/realsense2_camera_msgs/include/realsense2_camera_msgs/realsense2_camera_msgs/action/detail/triggered_calibration__rosidl_typesupport_fastrtps_c.h
[0.397s] -- Up-to-date: /home/drwwwzer/index of open sources/5lakes/install/realsense2_camera_msgs/include/realsense2_camera_msgs/realsense2_camera_msgs/msg
[0.397s] -- Up-to-date: /home/drwwwzer/index of open sources/5lakes/install/realsense2_camera_msgs/include/realsense2_camera_msgs/realsense2_camera_msgs/msg/detail
[0.397s] -- Up-to-date: /home/drwwwzer/index of open sources/5lakes/install/realsense2_camera_msgs/include/realsense2_camera_msgs/realsense2_camera_msgs/msg/detail/extrinsics__rosidl_typesupport_fastrtps_c.h
[0.397s] -- Up-to-date: /home/drwwwzer/index of open sources/5lakes/install/realsense2_camera_msgs/include/realsense2_camera_msgs/realsense2_camera_msgs/msg/detail/rgbd__rosidl_typesupport_fastrtps_c.h
[0.397s] -- Up-to-date: /home/drwwwzer/index of open sources/5lakes/install/realsense2_camera_msgs/include/realsense2_camera_msgs/realsense2_camera_msgs/msg/detail/metadata__rosidl_typesupport_fastrtps_c.h
[0.398s] -- Up-to-date: /home/drwwwzer/index of open sources/5lakes/install/realsense2_camera_msgs/include/realsense2_camera_msgs/realsense2_camera_msgs/msg/detail/imu_info__rosidl_typesupport_fastrtps_c.h
[0.398s] -- Up-to-date: /home/drwwwzer/index of open sources/5lakes/install/realsense2_camera_msgs/include/realsense2_camera_msgs/realsense2_camera_msgs/msg/rosidl_typesupport_fastrtps_c__visibility_control.h
[0.398s] -- Up-to-date: /home/drwwwzer/index of open sources/5lakes/install/realsense2_camera_msgs/lib/librealsense2_camera_msgs__rosidl_typesupport_fastrtps_c.so
[0.398s] -- Up-to-date: /home/drwwwzer/index of open sources/5lakes/install/realsense2_camera_msgs/include/realsense2_camera_msgs/realsense2_camera_msgs
[0.398s] -- Up-to-date: /home/drwwwzer/index of open sources/5lakes/install/realsense2_camera_msgs/include/realsense2_camera_msgs/realsense2_camera_msgs/srv
[0.398s] -- Up-to-date: /home/drwwwzer/index of open sources/5lakes/install/realsense2_camera_msgs/include/realsense2_camera_msgs/realsense2_camera_msgs/srv/detail
[0.398s] -- Up-to-date: /home/drwwwzer/index of open sources/5lakes/install/realsense2_camera_msgs/include/realsense2_camera_msgs/realsense2_camera_msgs/srv/detail/calib_config_write__type_support.c
[0.398s] -- Up-to-date: /home/drwwwzer/index of open sources/5lakes/install/realsense2_camera_msgs/include/realsense2_camera_msgs/realsense2_camera_msgs/srv/detail/device_info__rosidl_typesupport_introspection_c.h
[0.398s] -- Up-to-date: /home/drwwwzer/index of open sources/5lakes/install/realsense2_camera_msgs/include/realsense2_camera_msgs/realsense2_camera_msgs/srv/detail/calib_config_read__type_support.c
[0.398s] -- Up-to-date: /home/drwwwzer/index of open sources/5lakes/install/realsense2_camera_msgs/include/realsense2_camera_msgs/realsense2_camera_msgs/srv/detail/device_info__type_support.c
[0.398s] -- Up-to-date: /home/drwwwzer/index of open sources/5lakes/install/realsense2_camera_msgs/include/realsense2_camera_msgs/realsense2_camera_msgs/srv/detail/calib_config_write__rosidl_typesupport_introspection_c.h
[0.398s] -- Up-to-date: /home/drwwwzer/index of open sources/5lakes/install/realsense2_camera_msgs/include/realsense2_camera_msgs/realsense2_camera_msgs/srv/detail/calib_config_read__rosidl_typesupport_introspection_c.h
[0.398s] -- Up-to-date: /home/drwwwzer/index of open sources/5lakes/install/realsense2_camera_msgs/include/realsense2_camera_msgs/realsense2_camera_msgs/action
[0.398s] -- Up-to-date: /home/drwwwzer/index of open sources/5lakes/install/realsense2_camera_msgs/include/realsense2_camera_msgs/realsense2_camera_msgs/action/detail
[0.399s] -- Up-to-date: /home/drwwwzer/index of open sources/5lakes/install/realsense2_camera_msgs/include/realsense2_camera_msgs/realsense2_camera_msgs/action/detail/triggered_calibration__type_support.c
[0.399s] -- Up-to-date: /home/drwwwzer/index of open sources/5lakes/install/realsense2_camera_msgs/include/realsense2_camera_msgs/realsense2_camera_msgs/action/detail/triggered_calibration__rosidl_typesupport_introspection_c.h
[0.399s] -- Up-to-date: /home/drwwwzer/index of open sources/5lakes/install/realsense2_camera_msgs/include/realsense2_camera_msgs/realsense2_camera_msgs/msg
[0.399s] -- Up-to-date: /home/drwwwzer/index of open sources/5lakes/install/realsense2_camera_msgs/include/realsense2_camera_msgs/realsense2_camera_msgs/msg/detail
[0.399s] -- Up-to-date: /home/drwwwzer/index of open sources/5lakes/install/realsense2_camera_msgs/include/realsense2_camera_msgs/realsense2_camera_msgs/msg/detail/rgbd__rosidl_typesupport_introspection_c.h
[0.399s] -- Up-to-date: /home/drwwwzer/index of open sources/5lakes/install/realsense2_camera_msgs/include/realsense2_camera_msgs/realsense2_camera_msgs/msg/detail/imu_info__rosidl_typesupport_introspection_c.h
[0.399s] -- Up-to-date: /home/drwwwzer/index of open sources/5lakes/install/realsense2_camera_msgs/include/realsense2_camera_msgs/realsense2_camera_msgs/msg/detail/metadata__rosidl_typesupport_introspection_c.h
[0.399s] -- Up-to-date: /home/drwwwzer/index of open sources/5lakes/install/realsense2_camera_msgs/include/realsense2_camera_msgs/realsense2_camera_msgs/msg/detail/rgbd__type_support.c
[0.399s] -- Up-to-date: /home/drwwwzer/index of open sources/5lakes/install/realsense2_camera_msgs/include/realsense2_camera_msgs/realsense2_camera_msgs/msg/detail/extrinsics__rosidl_typesupport_introspection_c.h
[0.399s] -- Up-to-date: /home/drwwwzer/index of open sources/5lakes/install/realsense2_camera_msgs/include/realsense2_camera_msgs/realsense2_camera_msgs/msg/detail/imu_info__type_support.c
[0.399s] -- Up-to-date: /home/drwwwzer/index of open sources/5lakes/install/realsense2_camera_msgs/include/realsense2_camera_msgs/realsense2_camera_msgs/msg/detail/metadata__type_support.c
[0.399s] -- Up-to-date: /home/drwwwzer/index of open sources/5lakes/install/realsense2_camera_msgs/include/realsense2_camera_msgs/realsense2_camera_msgs/msg/detail/extrinsics__type_support.c
[0.399s] -- Up-to-date: /home/drwwwzer/index of open sources/5lakes/install/realsense2_camera_msgs/include/realsense2_camera_msgs/realsense2_camera_msgs/msg/rosidl_typesupport_introspection_c__visibility_control.h
[0.399s] -- Up-to-date: /home/drwwwzer/index of open sources/5lakes/install/realsense2_camera_msgs/lib/librealsense2_camera_msgs__rosidl_typesupport_introspection_c.so
[0.399s] -- Up-to-date: /home/drwwwzer/index of open sources/5lakes/install/realsense2_camera_msgs/lib/librealsense2_camera_msgs__rosidl_typesupport_c.so
[0.399s] -- Up-to-date: /home/drwwwzer/index of open sources/5lakes/install/realsense2_camera_msgs/include/realsense2_camera_msgs/realsense2_camera_msgs
[0.400s] -- Up-to-date: /home/drwwwzer/index of open sources/5lakes/install/realsense2_camera_msgs/include/realsense2_camera_msgs/realsense2_camera_msgs/srv
[0.400s] -- Up-to-date: /home/drwwwzer/index of open sources/5lakes/install/realsense2_camera_msgs/include/realsense2_camera_msgs/realsense2_camera_msgs/srv/calib_config_read.hpp
[0.400s] -- Up-to-date: /home/drwwwzer/index of open sources/5lakes/install/realsense2_camera_msgs/include/realsense2_camera_msgs/realsense2_camera_msgs/srv/detail
[0.400s] -- Up-to-date: /home/drwwwzer/index of open sources/5lakes/install/realsense2_camera_msgs/include/realsense2_camera_msgs/realsense2_camera_msgs/srv/detail/calib_config_write__traits.hpp
[0.400s] -- Up-to-date: /home/drwwwzer/index of open sources/5lakes/install/realsense2_camera_msgs/include/realsense2_camera_msgs/realsense2_camera_msgs/srv/detail/device_info__builder.hpp
[0.400s] -- Up-to-date: /home/drwwwzer/index of open sources/5lakes/install/realsense2_camera_msgs/include/realsense2_camera_msgs/realsense2_camera_msgs/srv/detail/calib_config_write__builder.hpp
[0.400s] -- Up-to-date: /home/drwwwzer/index of open sources/5lakes/install/realsense2_camera_msgs/include/realsense2_camera_msgs/realsense2_camera_msgs/srv/detail/device_info__type_support.hpp
[0.400s] -- Up-to-date: /home/drwwwzer/index of open sources/5lakes/install/realsense2_camera_msgs/include/realsense2_camera_msgs/realsense2_camera_msgs/srv/detail/calib_config_read__type_support.hpp
[0.400s] -- Up-to-date: /home/drwwwzer/index of open sources/5lakes/install/realsense2_camera_msgs/include/realsense2_camera_msgs/realsense2_camera_msgs/srv/detail/calib_config_write__type_support.hpp
[0.400s] -- Up-to-date: /home/drwwwzer/index of open sources/5lakes/install/realsense2_camera_msgs/include/realsense2_camera_msgs/realsense2_camera_msgs/srv/detail/calib_config_read__struct.hpp
[0.400s] -- Up-to-date: /home/drwwwzer/index of open sources/5lakes/install/realsense2_camera_msgs/include/realsense2_camera_msgs/realsense2_camera_msgs/srv/detail/calib_config_read__traits.hpp
[0.400s] -- Up-to-date: /home/drwwwzer/index of open sources/5lakes/install/realsense2_camera_msgs/include/realsense2_camera_msgs/realsense2_camera_msgs/srv/detail/calib_config_write__struct.hpp
[0.400s] -- Up-to-date: /home/drwwwzer/index of open sources/5lakes/install/realsense2_camera_msgs/include/realsense2_camera_msgs/realsense2_camera_msgs/srv/detail/device_info__struct.hpp
[0.400s] -- Up-to-date: /home/drwwwzer/index of open sources/5lakes/install/realsense2_camera_msgs/include/realsense2_camera_msgs/realsense2_camera_msgs/srv/detail/calib_config_read__builder.hpp
[0.400s] -- Up-to-date: /home/drwwwzer/index of open sources/5lakes/install/realsense2_camera_msgs/include/realsense2_camera_msgs/realsense2_camera_msgs/srv/detail/device_info__traits.hpp
[0.401s] -- Up-to-date: /home/drwwwzer/index of open sources/5lakes/install/realsense2_camera_msgs/include/realsense2_camera_msgs/realsense2_camera_msgs/srv/device_info.hpp
[0.401s] -- Up-to-date: /home/drwwwzer/index of open sources/5lakes/install/realsense2_camera_msgs/include/realsense2_camera_msgs/realsense2_camera_msgs/srv/calib_config_write.hpp
[0.401s] -- Up-to-date: /home/drwwwzer/index of open sources/5lakes/install/realsense2_camera_msgs/include/realsense2_camera_msgs/realsense2_camera_msgs/action
[0.401s] -- Up-to-date: /home/drwwwzer/index of open sources/5lakes/install/realsense2_camera_msgs/include/realsense2_camera_msgs/realsense2_camera_msgs/action/detail
[0.401s] -- Up-to-date: /home/drwwwzer/index of open sources/5lakes/install/realsense2_camera_msgs/include/realsense2_camera_msgs/realsense2_camera_msgs/action/detail/triggered_calibration__struct.hpp
[0.401s] -- Up-to-date: /home/drwwwzer/index of open sources/5lakes/install/realsense2_camera_msgs/include/realsense2_camera_msgs/realsense2_camera_msgs/action/detail/triggered_calibration__traits.hpp
[0.401s] -- Up-to-date: /home/drwwwzer/index of open sources/5lakes/install/realsense2_camera_msgs/include/realsense2_camera_msgs/realsense2_camera_msgs/action/detail/triggered_calibration__builder.hpp
[0.401s] -- Up-to-date: /home/drwwwzer/index of open sources/5lakes/install/realsense2_camera_msgs/include/realsense2_camera_msgs/realsense2_camera_msgs/action/detail/triggered_calibration__type_support.hpp
[0.401s] -- Up-to-date: /home/drwwwzer/index of open sources/5lakes/install/realsense2_camera_msgs/include/realsense2_camera_msgs/realsense2_camera_msgs/action/triggered_calibration.hpp
[0.401s] -- Up-to-date: /home/drwwwzer/index of open sources/5lakes/install/realsense2_camera_msgs/include/realsense2_camera_msgs/realsense2_camera_msgs/msg
[0.401s] -- Up-to-date: /home/drwwwzer/index of open sources/5lakes/install/realsense2_camera_msgs/include/realsense2_camera_msgs/realsense2_camera_msgs/msg/metadata.hpp
[0.401s] -- Up-to-date: /home/drwwwzer/index of open sources/5lakes/install/realsense2_camera_msgs/include/realsense2_camera_msgs/realsense2_camera_msgs/msg/detail
[0.401s] -- Up-to-date: /home/drwwwzer/index of open sources/5lakes/install/realsense2_camera_msgs/include/realsense2_camera_msgs/realsense2_camera_msgs/msg/detail/extrinsics__traits.hpp
[0.401s] -- Up-to-date: /home/drwwwzer/index of open sources/5lakes/install/realsense2_camera_msgs/include/realsense2_camera_msgs/realsense2_camera_msgs/msg/detail/imu_info__builder.hpp
[0.401s] -- Up-to-date: /home/drwwwzer/index of open sources/5lakes/install/realsense2_camera_msgs/include/realsense2_camera_msgs/realsense2_camera_msgs/msg/detail/rgbd__builder.hpp
[0.401s] -- Up-to-date: /home/drwwwzer/index of open sources/5lakes/install/realsense2_camera_msgs/include/realsense2_camera_msgs/realsense2_camera_msgs/msg/detail/extrinsics__struct.hpp
[0.401s] -- Up-to-date: /home/drwwwzer/index of open sources/5lakes/install/realsense2_camera_msgs/include/realsense2_camera_msgs/realsense2_camera_msgs/msg/detail/rgbd__struct.hpp
[0.401s] -- Up-to-date: /home/drwwwzer/index of open sources/5lakes/install/realsense2_camera_msgs/include/realsense2_camera_msgs/realsense2_camera_msgs/msg/detail/imu_info__type_support.hpp
[0.401s] -- Up-to-date: /home/drwwwzer/index of open sources/5lakes/install/realsense2_camera_msgs/include/realsense2_camera_msgs/realsense2_camera_msgs/msg/detail/metadata__struct.hpp
[0.401s] -- Up-to-date: /home/drwwwzer/index of open sources/5lakes/install/realsense2_camera_msgs/include/realsense2_camera_msgs/realsense2_camera_msgs/msg/detail/extrinsics__builder.hpp
[0.401s] -- Up-to-date: /home/drwwwzer/index of open sources/5lakes/install/realsense2_camera_msgs/include/realsense2_camera_msgs/realsense2_camera_msgs/msg/detail/rgbd__type_support.hpp
[0.401s] -- Up-to-date: /home/drwwwzer/index of open sources/5lakes/install/realsense2_camera_msgs/include/realsense2_camera_msgs/realsense2_camera_msgs/msg/detail/metadata__builder.hpp
[0.401s] -- Up-to-date: /home/drwwwzer/index of open sources/5lakes/install/realsense2_camera_msgs/include/realsense2_camera_msgs/realsense2_camera_msgs/msg/detail/rgbd__traits.hpp
[0.401s] -- Up-to-date: /home/drwwwzer/index of open sources/5lakes/install/realsense2_camera_msgs/include/realsense2_camera_msgs/realsense2_camera_msgs/msg/detail/imu_info__struct.hpp
[0.401s] -- Up-to-date: /home/drwwwzer/index of open sources/5lakes/install/realsense2_camera_msgs/include/realsense2_camera_msgs/realsense2_camera_msgs/msg/detail/imu_info__traits.hpp
[0.401s] -- Up-to-date: /home/drwwwzer/index of open sources/5lakes/install/realsense2_camera_msgs/include/realsense2_camera_msgs/realsense2_camera_msgs/msg/detail/metadata__type_support.hpp
[0.401s] -- Up-to-date: /home/drwwwzer/index of open sources/5lakes/install/realsense2_camera_msgs/include/realsense2_camera_msgs/realsense2_camera_msgs/msg/detail/metadata__traits.hpp
[0.401s] -- Up-to-date: /home/drwwwzer/index of open sources/5lakes/install/realsense2_camera_msgs/include/realsense2_camera_msgs/realsense2_camera_msgs/msg/detail/extrinsics__type_support.hpp
[0.401s] -- Up-to-date: /home/drwwwzer/index of open sources/5lakes/install/realsense2_camera_msgs/include/realsense2_camera_msgs/realsense2_camera_msgs/msg/imu_info.hpp
[0.401s] -- Up-to-date: /home/drwwwzer/index of open sources/5lakes/install/realsense2_camera_msgs/include/realsense2_camera_msgs/realsense2_camera_msgs/msg/extrinsics.hpp
[0.402s] -- Up-to-date: /home/drwwwzer/index of open sources/5lakes/install/realsense2_camera_msgs/include/realsense2_camera_msgs/realsense2_camera_msgs/msg/rgbd.hpp
[0.402s] -- Up-to-date: /home/drwwwzer/index of open sources/5lakes/install/realsense2_camera_msgs/include/realsense2_camera_msgs/realsense2_camera_msgs/msg/rosidl_generator_cpp__visibility_control.hpp
[0.402s] -- Up-to-date: /home/drwwwzer/index of open sources/5lakes/install/realsense2_camera_msgs/include/realsense2_camera_msgs/realsense2_camera_msgs
[0.402s] -- Up-to-date: /home/drwwwzer/index of open sources/5lakes/install/realsense2_camera_msgs/include/realsense2_camera_msgs/realsense2_camera_msgs/srv
[0.402s] -- Up-to-date: /home/drwwwzer/index of open sources/5lakes/install/realsense2_camera_msgs/include/realsense2_camera_msgs/realsense2_camera_msgs/srv/detail
[0.402s] -- Up-to-date: /home/drwwwzer/index of open sources/5lakes/install/realsense2_camera_msgs/include/realsense2_camera_msgs/realsense2_camera_msgs/srv/detail/calib_config_write__rosidl_typesupport_fastrtps_cpp.hpp
[0.402s] -- Up-to-date: /home/drwwwzer/index of open sources/5lakes/install/realsense2_camera_msgs/include/realsense2_camera_msgs/realsense2_camera_msgs/srv/detail/dds_fastrtps
[0.402s] -- Up-to-date: /home/drwwwzer/index of open sources/5lakes/install/realsense2_camera_msgs/include/realsense2_camera_msgs/realsense2_camera_msgs/srv/detail/calib_config_read__rosidl_typesupport_fastrtps_cpp.hpp
[0.402s] -- Up-to-date: /home/drwwwzer/index of open sources/5lakes/install/realsense2_camera_msgs/include/realsense2_camera_msgs/realsense2_camera_msgs/srv/detail/device_info__rosidl_typesupport_fastrtps_cpp.hpp
[0.402s] -- Up-to-date: /home/drwwwzer/index of open sources/5lakes/install/realsense2_camera_msgs/include/realsense2_camera_msgs/realsense2_camera_msgs/action
[0.402s] -- Up-to-date: /home/drwwwzer/index of open sources/5lakes/install/realsense2_camera_msgs/include/realsense2_camera_msgs/realsense2_camera_msgs/action/detail
[0.402s] -- Up-to-date: /home/drwwwzer/index of open sources/5lakes/install/realsense2_camera_msgs/include/realsense2_camera_msgs/realsense2_camera_msgs/action/detail/dds_fastrtps
[0.402s] -- Up-to-date: /home/drwwwzer/index of open sources/5lakes/install/realsense2_camera_msgs/include/realsense2_camera_msgs/realsense2_camera_msgs/action/detail/triggered_calibration__rosidl_typesupport_fastrtps_cpp.hpp
[0.402s] -- Up-to-date: /home/drwwwzer/index of open sources/5lakes/install/realsense2_camera_msgs/include/realsense2_camera_msgs/realsense2_camera_msgs/msg
[0.402s] -- Up-to-date: /home/drwwwzer/index of open sources/5lakes/install/realsense2_camera_msgs/include/realsense2_camera_msgs/realsense2_camera_msgs/msg/detail
[0.402s] -- Up-to-date: /home/drwwwzer/index of open sources/5lakes/install/realsense2_camera_msgs/include/realsense2_camera_msgs/realsense2_camera_msgs/msg/detail/metadata__rosidl_typesupport_fastrtps_cpp.hpp
[0.402s] -- Up-to-date: /home/drwwwzer/index of open sources/5lakes/install/realsense2_camera_msgs/include/realsense2_camera_msgs/realsense2_camera_msgs/msg/detail/rgbd__rosidl_typesupport_fastrtps_cpp.hpp
[0.402s] -- Up-to-date: /home/drwwwzer/index of open sources/5lakes/install/realsense2_camera_msgs/include/realsense2_camera_msgs/realsense2_camera_msgs/msg/detail/dds_fastrtps
[0.402s] -- Up-to-date: /home/drwwwzer/index of open sources/5lakes/install/realsense2_camera_msgs/include/realsense2_camera_msgs/realsense2_camera_msgs/msg/detail/imu_info__rosidl_typesupport_fastrtps_cpp.hpp
[0.402s] -- Up-to-date: /home/drwwwzer/index of open sources/5lakes/install/realsense2_camera_msgs/include/realsense2_camera_msgs/realsense2_camera_msgs/msg/detail/extrinsics__rosidl_typesupport_fastrtps_cpp.hpp
[0.402s] -- Up-to-date: /home/drwwwzer/index of open sources/5lakes/install/realsense2_camera_msgs/include/realsense2_camera_msgs/realsense2_camera_msgs/msg/rosidl_typesupport_fastrtps_cpp__visibility_control.h
[0.402s] -- Up-to-date: /home/drwwwzer/index of open sources/5lakes/install/realsense2_camera_msgs/lib/librealsense2_camera_msgs__rosidl_typesupport_fastrtps_cpp.so
[0.402s] -- Up-to-date: /home/drwwwzer/index of open sources/5lakes/install/realsense2_camera_msgs/include/realsense2_camera_msgs/realsense2_camera_msgs
[0.402s] -- Up-to-date: /home/drwwwzer/index of open sources/5lakes/install/realsense2_camera_msgs/include/realsense2_camera_msgs/realsense2_camera_msgs/srv
[0.402s] -- Up-to-date: /home/drwwwzer/index of open sources/5lakes/install/realsense2_camera_msgs/include/realsense2_camera_msgs/realsense2_camera_msgs/srv/detail
[0.402s] -- Up-to-date: /home/drwwwzer/index of open sources/5lakes/install/realsense2_camera_msgs/include/realsense2_camera_msgs/realsense2_camera_msgs/srv/detail/calib_config_read__type_support.cpp
[0.403s] -- Up-to-date: /home/drwwwzer/index of open sources/5lakes/install/realsense2_camera_msgs/include/realsense2_camera_msgs/realsense2_camera_msgs/srv/detail/calib_config_write__rosidl_typesupport_introspection_cpp.hpp
[0.403s] -- Up-to-date: /home/drwwwzer/index of open sources/5lakes/install/realsense2_camera_msgs/include/realsense2_camera_msgs/realsense2_camera_msgs/srv/detail/calib_config_write__type_support.cpp
[0.403s] -- Up-to-date: /home/drwwwzer/index of open sources/5lakes/install/realsense2_camera_msgs/include/realsense2_camera_msgs/realsense2_camera_msgs/srv/detail/calib_config_read__rosidl_typesupport_introspection_cpp.hpp
[0.403s] -- Up-to-date: /home/drwwwzer/index of open sources/5lakes/install/realsense2_camera_msgs/include/realsense2_camera_msgs/realsense2_camera_msgs/srv/detail/device_info__type_support.cpp
[0.403s] -- Up-to-date: /home/drwwwzer/index of open sources/5lakes/install/realsense2_camera_msgs/include/realsense2_camera_msgs/realsense2_camera_msgs/srv/detail/device_info__rosidl_typesupport_introspection_cpp.hpp
[0.403s] -- Up-to-date: /home/drwwwzer/index of open sources/5lakes/install/realsense2_camera_msgs/include/realsense2_camera_msgs/realsense2_camera_msgs/action
[0.403s] -- Up-to-date: /home/drwwwzer/index of open sources/5lakes/install/realsense2_camera_msgs/include/realsense2_camera_msgs/realsense2_camera_msgs/action/detail
[0.403s] -- Up-to-date: /home/drwwwzer/index of open sources/5lakes/install/realsense2_camera_msgs/include/realsense2_camera_msgs/realsense2_camera_msgs/action/detail/triggered_calibration__type_support.cpp
[0.403s] -- Up-to-date: /home/drwwwzer/index of open sources/5lakes/install/realsense2_camera_msgs/include/realsense2_camera_msgs/realsense2_camera_msgs/action/detail/triggered_calibration__rosidl_typesupport_introspection_cpp.hpp
[0.403s] -- Up-to-date: /home/drwwwzer/index of open sources/5lakes/install/realsense2_camera_msgs/include/realsense2_camera_msgs/realsense2_camera_msgs/msg
[0.403s] -- Up-to-date: /home/drwwwzer/index of open sources/5lakes/install/realsense2_camera_msgs/include/realsense2_camera_msgs/realsense2_camera_msgs/msg/detail
[0.403s] -- Up-to-date: /home/drwwwzer/index of open sources/5lakes/install/realsense2_camera_msgs/include/realsense2_camera_msgs/realsense2_camera_msgs/msg/detail/extrinsics__rosidl_typesupport_introspection_cpp.hpp
[0.403s] -- Up-to-date: /home/drwwwzer/index of open sources/5lakes/install/realsense2_camera_msgs/include/realsense2_camera_msgs/realsense2_camera_msgs/msg/detail/rgbd__rosidl_typesupport_introspection_cpp.hpp
[0.403s] -- Up-to-date: /home/drwwwzer/index of open sources/5lakes/install/realsense2_camera_msgs/include/realsense2_camera_msgs/realsense2_camera_msgs/msg/detail/metadata__rosidl_typesupport_introspection_cpp.hpp
[0.403s] -- Up-to-date: /home/drwwwzer/index of open sources/5lakes/install/realsense2_camera_msgs/include/realsense2_camera_msgs/realsense2_camera_msgs/msg/detail/rgbd__type_support.cpp
[0.403s] -- Up-to-date: /home/drwwwzer/index of open sources/5lakes/install/realsense2_camera_msgs/include/realsense2_camera_msgs/realsense2_camera_msgs/msg/detail/metadata__type_support.cpp
[0.403s] -- Up-to-date: /home/drwwwzer/index of open sources/5lakes/install/realsense2_camera_msgs/include/realsense2_camera_msgs/realsense2_camera_msgs/msg/detail/extrinsics__type_support.cpp
[0.403s] -- Up-to-date: /home/drwwwzer/index of open sources/5lakes/install/realsense2_camera_msgs/include/realsense2_camera_msgs/realsense2_camera_msgs/msg/detail/imu_info__rosidl_typesupport_introspection_cpp.hpp
[0.403s] -- Up-to-date: /home/drwwwzer/index of open sources/5lakes/install/realsense2_camera_msgs/include/realsense2_camera_msgs/realsense2_camera_msgs/msg/detail/imu_info__type_support.cpp
[0.403s] -- Up-to-date: /home/drwwwzer/index of open sources/5lakes/install/realsense2_camera_msgs/lib/librealsense2_camera_msgs__rosidl_typesupport_introspection_cpp.so
[0.403s] -- Up-to-date: /home/drwwwzer/index of open sources/5lakes/install/realsense2_camera_msgs/lib/librealsense2_camera_msgs__rosidl_typesupport_cpp.so
[0.403s] -- Up-to-date: /home/drwwwzer/index of open sources/5lakes/install/realsense2_camera_msgs/share/realsense2_camera_msgs/environment/pythonpath.sh
[0.403s] -- Up-to-date: /home/drwwwzer/index of open sources/5lakes/install/realsense2_camera_msgs/share/realsense2_camera_msgs/environment/pythonpath.dsv
[0.403s] -- Up-to-date: /home/drwwwzer/index of open sources/5lakes/install/realsense2_camera_msgs/local/lib/python3.10/dist-packages/realsense2_camera_msgs-4.56.4-py3.10.egg-info
[0.403s] -- Installing: /home/drwwwzer/index of open sources/5lakes/install/realsense2_camera_msgs/local/lib/python3.10/dist-packages/realsense2_camera_msgs-4.56.4-py3.10.egg-info/SOURCES.txt
[0.403s] -- Installing: /home/drwwwzer/index of open sources/5lakes/install/realsense2_camera_msgs/local/lib/python3.10/dist-packages/realsense2_camera_msgs-4.56.4-py3.10.egg-info/dependency_links.txt
[0.403s] -- Installing: /home/drwwwzer/index of open sources/5lakes/install/realsense2_camera_msgs/local/lib/python3.10/dist-packages/realsense2_camera_msgs-4.56.4-py3.10.egg-info/PKG-INFO
[0.403s] -- Installing: /home/drwwwzer/index of open sources/5lakes/install/realsense2_camera_msgs/local/lib/python3.10/dist-packages/realsense2_camera_msgs-4.56.4-py3.10.egg-info/top_level.txt
[0.403s] -- Up-to-date: /home/drwwwzer/index of open sources/5lakes/install/realsense2_camera_msgs/local/lib/python3.10/dist-packages/realsense2_camera_msgs
[0.403s] -- Up-to-date: /home/drwwwzer/index of open sources/5lakes/install/realsense2_camera_msgs/local/lib/python3.10/dist-packages/realsense2_camera_msgs/librealsense2_camera_msgs__rosidl_generator_py.so
[0.403s] -- Up-to-date: /home/drwwwzer/index of open sources/5lakes/install/realsense2_camera_msgs/local/lib/python3.10/dist-packages/realsense2_camera_msgs/realsense2_camera_msgs_s__rosidl_typesupport_fastrtps_c.cpython-310-x86_64-linux-gnu.so
[0.403s] -- Up-to-date: /home/drwwwzer/index of open sources/5lakes/install/realsense2_camera_msgs/local/lib/python3.10/dist-packages/realsense2_camera_msgs/realsense2_camera_msgs_s__rosidl_typesupport_introspection_c.cpython-310-x86_64-linux-gnu.so
[0.403s] -- Up-to-date: /home/drwwwzer/index of open sources/5lakes/install/realsense2_camera_msgs/local/lib/python3.10/dist-packages/realsense2_camera_msgs/__init__.py
[0.403s] -- Up-to-date: /home/drwwwzer/index of open sources/5lakes/install/realsense2_camera_msgs/local/lib/python3.10/dist-packages/realsense2_camera_msgs/srv
[0.403s] -- Up-to-date: /home/drwwwzer/index of open sources/5lakes/install/realsense2_camera_msgs/local/lib/python3.10/dist-packages/realsense2_camera_msgs/srv/_calib_config_write.py
[0.403s] -- Up-to-date: /home/drwwwzer/index of open sources/5lakes/install/realsense2_camera_msgs/local/lib/python3.10/dist-packages/realsense2_camera_msgs/srv/_device_info.py
[0.403s] -- Up-to-date: /home/drwwwzer/index of open sources/5lakes/install/realsense2_camera_msgs/local/lib/python3.10/dist-packages/realsense2_camera_msgs/srv/_calib_config_write_s.c
[0.403s] -- Up-to-date: /home/drwwwzer/index of open sources/5lakes/install/realsense2_camera_msgs/local/lib/python3.10/dist-packages/realsense2_camera_msgs/srv/__init__.py
[0.403s] -- Up-to-date: /home/drwwwzer/index of open sources/5lakes/install/realsense2_camera_msgs/local/lib/python3.10/dist-packages/realsense2_camera_msgs/srv/_calib_config_read_s.c
[0.403s] -- Up-to-date: /home/drwwwzer/index of open sources/5lakes/install/realsense2_camera_msgs/local/lib/python3.10/dist-packages/realsense2_camera_msgs/srv/_device_info_s.c
[0.403s] -- Up-to-date: /home/drwwwzer/index of open sources/5lakes/install/realsense2_camera_msgs/local/lib/python3.10/dist-packages/realsense2_camera_msgs/srv/_calib_config_read.py
[0.403s] -- Up-to-date: /home/drwwwzer/index of open sources/5lakes/install/realsense2_camera_msgs/local/lib/python3.10/dist-packages/realsense2_camera_msgs/_realsense2_camera_msgs_s.ep.rosidl_typesupport_c.c
[0.403s] -- Up-to-date: /home/drwwwzer/index of open sources/5lakes/install/realsense2_camera_msgs/local/lib/python3.10/dist-packages/realsense2_camera_msgs/action
[0.403s] -- Up-to-date: /home/drwwwzer/index of open sources/5lakes/install/realsense2_camera_msgs/local/lib/python3.10/dist-packages/realsense2_camera_msgs/action/__init__.py
[0.403s] -- Up-to-date: /home/drwwwzer/index of open sources/5lakes/install/realsense2_camera_msgs/local/lib/python3.10/dist-packages/realsense2_camera_msgs/action/_triggered_calibration_s.c
[0.404s] -- Up-to-date: /home/drwwwzer/index of open sources/5lakes/install/realsense2_camera_msgs/local/lib/python3.10/dist-packages/realsense2_camera_msgs/action/_triggered_calibration.py
[0.404s] -- Up-to-date: /home/drwwwzer/index of open sources/5lakes/install/realsense2_camera_msgs/local/lib/python3.10/dist-packages/realsense2_camera_msgs/_realsense2_camera_msgs_s.ep.rosidl_typesupport_introspection_c.c
[0.404s] -- Up-to-date: /home/drwwwzer/index of open sources/5lakes/install/realsense2_camera_msgs/local/lib/python3.10/dist-packages/realsense2_camera_msgs/msg
[0.404s] -- Up-to-date: /home/drwwwzer/index of open sources/5lakes/install/realsense2_camera_msgs/local/lib/python3.10/dist-packages/realsense2_camera_msgs/msg/_rgbd.py
[0.404s] -- Up-to-date: /home/drwwwzer/index of open sources/5lakes/install/realsense2_camera_msgs/local/lib/python3.10/dist-packages/realsense2_camera_msgs/msg/_extrinsics_s.c
[0.404s] -- Up-to-date: /home/drwwwzer/index of open sources/5lakes/install/realsense2_camera_msgs/local/lib/python3.10/dist-packages/realsense2_camera_msgs/msg/_imu_info.py
[0.404s] -- Up-to-date: /home/drwwwzer/index of open sources/5lakes/install/realsense2_camera_msgs/local/lib/python3.10/dist-packages/realsense2_camera_msgs/msg/__init__.py
[0.404s] -- Up-to-date: /home/drwwwzer/index of open sources/5lakes/install/realsense2_camera_msgs/local/lib/python3.10/dist-packages/realsense2_camera_msgs/msg/_rgbd_s.c
[0.404s] -- Up-to-date: /home/drwwwzer/index of open sources/5lakes/install/realsense2_camera_msgs/local/lib/python3.10/dist-packages/realsense2_camera_msgs/msg/_metadata_s.c
[0.404s] -- Up-to-date: /home/drwwwzer/index of open sources/5lakes/install/realsense2_camera_msgs/local/lib/python3.10/dist-packages/realsense2_camera_msgs/msg/_metadata.py
[0.404s] -- Up-to-date: /home/drwwwzer/index of open sources/5lakes/install/realsense2_camera_msgs/local/lib/python3.10/dist-packages/realsense2_camera_msgs/msg/_extrinsics.py
[0.404s] -- Up-to-date: /home/drwwwzer/index of open sources/5lakes/install/realsense2_camera_msgs/local/lib/python3.10/dist-packages/realsense2_camera_msgs/msg/_imu_info_s.c
[0.404s] -- Up-to-date: /home/drwwwzer/index of open sources/5lakes/install/realsense2_camera_msgs/local/lib/python3.10/dist-packages/realsense2_camera_msgs/_realsense2_camera_msgs_s.ep.rosidl_typesupport_fastrtps_c.c
[0.404s] -- Up-to-date: /home/drwwwzer/index of open sources/5lakes/install/realsense2_camera_msgs/local/lib/python3.10/dist-packages/realsense2_camera_msgs/realsense2_camera_msgs_s__rosidl_typesupport_c.cpython-310-x86_64-linux-gnu.so
[0.426s] Listing '/home/drwwwzer/index of open sources/5lakes/install/realsense2_camera_msgs/local/lib/python3.10/dist-packages/realsense2_camera_msgs'...
[0.426s] Listing '/home/drwwwzer/index of open sources/5lakes/install/realsense2_camera_msgs/local/lib/python3.10/dist-packages/realsense2_camera_msgs/action'...
[0.426s] Listing '/home/drwwwzer/index of open sources/5lakes/install/realsense2_camera_msgs/local/lib/python3.10/dist-packages/realsense2_camera_msgs/msg'...
[0.426s] Listing '/home/drwwwzer/index of open sources/5lakes/install/realsense2_camera_msgs/local/lib/python3.10/dist-packages/realsense2_camera_msgs/srv'...
[0.430s] -- Up-to-date: /home/drwwwzer/index of open sources/5lakes/install/realsense2_camera_msgs/local/lib/python3.10/dist-packages/realsense2_camera_msgs/realsense2_camera_msgs_s__rosidl_typesupport_fastrtps_c.cpython-310-x86_64-linux-gnu.so
[0.430s] -- Up-to-date: /home/drwwwzer/index of open sources/5lakes/install/realsense2_camera_msgs/local/lib/python3.10/dist-packages/realsense2_camera_msgs/realsense2_camera_msgs_s__rosidl_typesupport_introspection_c.cpython-310-x86_64-linux-gnu.so
[0.430s] -- Up-to-date: /home/drwwwzer/index of open sources/5lakes/install/realsense2_camera_msgs/local/lib/python3.10/dist-packages/realsense2_camera_msgs/realsense2_camera_msgs_s__rosidl_typesupport_c.cpython-310-x86_64-linux-gnu.so
[0.431s] -- Up-to-date: /home/drwwwzer/index of open sources/5lakes/install/realsense2_camera_msgs/lib/librealsense2_camera_msgs__rosidl_generator_py.so
[0.432s] -- Up-to-date: /home/drwwwzer/index of open sources/5lakes/install/realsense2_camera_msgs/share/realsense2_camera_msgs/msg/IMUInfo.idl
[0.432s] -- Up-to-date: /home/drwwwzer/index of open sources/5lakes/install/realsense2_camera_msgs/share/realsense2_camera_msgs/msg/Extrinsics.idl
[0.432s] -- Up-to-date: /home/drwwwzer/index of open sources/5lakes/install/realsense2_camera_msgs/share/realsense2_camera_msgs/msg/Metadata.idl
[0.432s] -- Up-to-date: /home/drwwwzer/index of open sources/5lakes/install/realsense2_camera_msgs/share/realsense2_camera_msgs/msg/RGBD.idl
[0.432s] -- Up-to-date: /home/drwwwzer/index of open sources/5lakes/install/realsense2_camera_msgs/share/realsense2_camera_msgs/srv/DeviceInfo.idl
[0.432s] -- Up-to-date: /home/drwwwzer/index of open sources/5lakes/install/realsense2_camera_msgs/share/realsense2_camera_msgs/srv/CalibConfigRead.idl
[0.432s] -- Up-to-date: /home/drwwwzer/index of open sources/5lakes/install/realsense2_camera_msgs/share/realsense2_camera_msgs/srv/CalibConfigWrite.idl
[0.432s] -- Up-to-date: /home/drwwwzer/index of open sources/5lakes/install/realsense2_camera_msgs/share/realsense2_camera_msgs/action/TriggeredCalibration.idl
[0.432s] -- Up-to-date: /home/drwwwzer/index of open sources/5lakes/install/realsense2_camera_msgs/share/realsense2_camera_msgs/msg/IMUInfo.msg
[0.432s] -- Up-to-date: /home/drwwwzer/index of open sources/5lakes/install/realsense2_camera_msgs/share/realsense2_camera_msgs/msg/Extrinsics.msg
[0.432s] -- Up-to-date: /home/drwwwzer/index of open sources/5lakes/install/realsense2_camera_msgs/share/realsense2_camera_msgs/msg/Metadata.msg
[0.432s] -- Up-to-date: /home/drwwwzer/index of open sources/5lakes/install/realsense2_camera_msgs/share/realsense2_camera_msgs/msg/RGBD.msg
[0.432s] -- Up-to-date: /home/drwwwzer/index of open sources/5lakes/install/realsense2_camera_msgs/share/realsense2_camera_msgs/srv/DeviceInfo.srv
[0.432s] -- Up-to-date: /home/drwwwzer/index of open sources/5lakes/install/realsense2_camera_msgs/share/realsense2_camera_msgs/srv/DeviceInfo_Request.msg
[0.432s] -- Up-to-date: /home/drwwwzer/index of open sources/5lakes/install/realsense2_camera_msgs/share/realsense2_camera_msgs/srv/DeviceInfo_Response.msg
[0.432s] -- Up-to-date: /home/drwwwzer/index of open sources/5lakes/install/realsense2_camera_msgs/share/realsense2_camera_msgs/srv/CalibConfigRead.srv
[0.432s] -- Up-to-date: /home/drwwwzer/index of open sources/5lakes/install/realsense2_camera_msgs/share/realsense2_camera_msgs/srv/CalibConfigRead_Request.msg
[0.432s] -- Up-to-date: /home/drwwwzer/index of open sources/5lakes/install/realsense2_camera_msgs/share/realsense2_camera_msgs/srv/CalibConfigRead_Response.msg
[0.432s] -- Up-to-date: /home/drwwwzer/index of open sources/5lakes/install/realsense2_camera_msgs/share/realsense2_camera_msgs/srv/CalibConfigWrite.srv
[0.433s] -- Up-to-date: /home/drwwwzer/index of open sources/5lakes/install/realsense2_camera_msgs/share/realsense2_camera_msgs/srv/CalibConfigWrite_Request.msg
[0.433s] -- Up-to-date: /home/drwwwzer/index of open sources/5lakes/install/realsense2_camera_msgs/share/realsense2_camera_msgs/srv/CalibConfigWrite_Response.msg
[0.433s] -- Up-to-date: /home/drwwwzer/index of open sources/5lakes/install/realsense2_camera_msgs/share/realsense2_camera_msgs/action/TriggeredCalibration.action
[0.433s] -- Up-to-date: /home/drwwwzer/index of open sources/5lakes/install/realsense2_camera_msgs/share/ament_index/resource_index/package_run_dependencies/realsense2_camera_msgs
[0.433s] -- Up-to-date: /home/drwwwzer/index of open sources/5lakes/install/realsense2_camera_msgs/share/ament_index/resource_index/parent_prefix_path/realsense2_camera_msgs
[0.433s] -- Up-to-date: /home/drwwwzer/index of open sources/5lakes/install/realsense2_camera_msgs/share/realsense2_camera_msgs/environment/ament_prefix_path.sh
[0.433s] -- Up-to-date: /home/drwwwzer/index of open sources/5lakes/install/realsense2_camera_msgs/share/realsense2_camera_msgs/environment/ament_prefix_path.dsv
[0.433s] -- Up-to-date: /home/drwwwzer/index of open sources/5lakes/install/realsense2_camera_msgs/share/realsense2_camera_msgs/environment/path.sh
[0.433s] -- Up-to-date: /home/drwwwzer/index of open sources/5lakes/install/realsense2_camera_msgs/share/realsense2_camera_msgs/environment/path.dsv
[0.433s] -- Up-to-date: /home/drwwwzer/index of open sources/5lakes/install/realsense2_camera_msgs/share/realsense2_camera_msgs/local_setup.bash
[0.434s] -- Up-to-date: /home/drwwwzer/index of open sources/5lakes/install/realsense2_camera_msgs/share/realsense2_camera_msgs/local_setup.sh
[0.434s] -- Up-to-date: /home/drwwwzer/index of open sources/5lakes/install/realsense2_camera_msgs/share/realsense2_camera_msgs/local_setup.zsh
[0.434s] -- Up-to-date: /home/drwwwzer/index of open sources/5lakes/install/realsense2_camera_msgs/share/realsense2_camera_msgs/local_setup.dsv
[0.434s] -- Installing: /home/drwwwzer/index of open sources/5lakes/install/realsense2_camera_msgs/share/realsense2_camera_msgs/package.dsv
[0.434s] -- Up-to-date: /home/drwwwzer/index of open sources/5lakes/install/realsense2_camera_msgs/share/ament_index/resource_index/packages/realsense2_camera_msgs
[0.434s] -- Up-to-date: /home/drwwwzer/index of open sources/5lakes/install/realsense2_camera_msgs/share/realsense2_camera_msgs/cmake/export_realsense2_camera_msgs__rosidl_generator_cExport.cmake
[0.434s] -- Up-to-date: /home/drwwwzer/index of open sources/5lakes/install/realsense2_camera_msgs/share/realsense2_camera_msgs/cmake/export_realsense2_camera_msgs__rosidl_generator_cExport-noconfig.cmake
[0.434s] -- Up-to-date: /home/drwwwzer/index of open sources/5lakes/install/realsense2_camera_msgs/share/realsense2_camera_msgs/cmake/export_realsense2_camera_msgs__rosidl_typesupport_fastrtps_cExport.cmake
[0.434s] -- Up-to-date: /home/drwwwzer/index of open sources/5lakes/install/realsense2_camera_msgs/share/realsense2_camera_msgs/cmake/export_realsense2_camera_msgs__rosidl_typesupport_fastrtps_cExport-noconfig.cmake
[0.434s] -- Up-to-date: /home/drwwwzer/index of open sources/5lakes/install/realsense2_camera_msgs/share/realsense2_camera_msgs/cmake/realsense2_camera_msgs__rosidl_typesupport_introspection_cExport.cmake
[0.434s] -- Up-to-date: /home/drwwwzer/index of open sources/5lakes/install/realsense2_camera_msgs/share/realsense2_camera_msgs/cmake/realsense2_camera_msgs__rosidl_typesupport_introspection_cExport-noconfig.cmake
[0.434s] -- Up-to-date: /home/drwwwzer/index of open sources/5lakes/install/realsense2_camera_msgs/share/realsense2_camera_msgs/cmake/realsense2_camera_msgs__rosidl_typesupport_cExport.cmake
[0.434s] -- Up-to-date: /home/drwwwzer/index of open sources/5lakes/install/realsense2_camera_msgs/share/realsense2_camera_msgs/cmake/realsense2_camera_msgs__rosidl_typesupport_cExport-noconfig.cmake
[0.434s] -- Up-to-date: /home/drwwwzer/index of open sources/5lakes/install/realsense2_camera_msgs/share/realsense2_camera_msgs/cmake/export_realsense2_camera_msgs__rosidl_generator_cppExport.cmake
[0.434s] -- Up-to-date: /home/drwwwzer/index of open sources/5lakes/install/realsense2_camera_msgs/share/realsense2_camera_msgs/cmake/export_realsense2_camera_msgs__rosidl_typesupport_fastrtps_cppExport.cmake
[0.434s] -- Up-to-date: /home/drwwwzer/index of open sources/5lakes/install/realsense2_camera_msgs/share/realsense2_camera_msgs/cmake/export_realsense2_camera_msgs__rosidl_typesupport_fastrtps_cppExport-noconfig.cmake
[0.434s] -- Up-to-date: /home/drwwwzer/index of open sources/5lakes/install/realsense2_camera_msgs/share/realsense2_camera_msgs/cmake/realsense2_camera_msgs__rosidl_typesupport_introspection_cppExport.cmake
[0.434s] -- Up-to-date: /home/drwwwzer/index of open sources/5lakes/install/realsense2_camera_msgs/share/realsense2_camera_msgs/cmake/realsense2_camera_msgs__rosidl_typesupport_introspection_cppExport-noconfig.cmake
[0.434s] -- Up-to-date: /home/drwwwzer/index of open sources/5lakes/install/realsense2_camera_msgs/share/realsense2_camera_msgs/cmake/realsense2_camera_msgs__rosidl_typesupport_cppExport.cmake
[0.434s] -- Up-to-date: /home/drwwwzer/index of open sources/5lakes/install/realsense2_camera_msgs/share/realsense2_camera_msgs/cmake/realsense2_camera_msgs__rosidl_typesupport_cppExport-noconfig.cmake
[0.434s] -- Up-to-date: /home/drwwwzer/index of open sources/5lakes/install/realsense2_camera_msgs/share/realsense2_camera_msgs/cmake/export_realsense2_camera_msgs__rosidl_generator_pyExport.cmake
[0.434s] -- Up-to-date: /home/drwwwzer/index of open sources/5lakes/install/realsense2_camera_msgs/share/realsense2_camera_msgs/cmake/export_realsense2_camera_msgs__rosidl_generator_pyExport-noconfig.cmake
[0.434s] -- Up-to-date: /home/drwwwzer/index of open sources/5lakes/install/realsense2_camera_msgs/share/realsense2_camera_msgs/cmake/rosidl_cmake-extras.cmake
[0.434s] -- Up-to-date: /home/drwwwzer/index of open sources/5lakes/install/realsense2_camera_msgs/share/realsense2_camera_msgs/cmake/ament_cmake_export_dependencies-extras.cmake
[0.434s] -- Up-to-date: /home/drwwwzer/index of open sources/5lakes/install/realsense2_camera_msgs/share/realsense2_camera_msgs/cmake/ament_cmake_export_include_directories-extras.cmake
[0.434s] -- Up-to-date: /home/drwwwzer/index of open sources/5lakes/install/realsense2_camera_msgs/share/realsense2_camera_msgs/cmake/ament_cmake_export_libraries-extras.cmake
[0.434s] -- Up-to-date: /home/drwwwzer/index of open sources/5lakes/install/realsense2_camera_msgs/share/realsense2_camera_msgs/cmake/ament_cmake_export_targets-extras.cmake
[0.434s] -- Up-to-date: /home/drwwwzer/index of open sources/5lakes/install/realsense2_camera_msgs/share/realsense2_camera_msgs/cmake/rosidl_cmake_export_typesupport_targets-extras.cmake
[0.434s] -- Up-to-date: /home/drwwwzer/index of open sources/5lakes/install/realsense2_camera_msgs/share/realsense2_camera_msgs/cmake/rosidl_cmake_export_typesupport_libraries-extras.cmake
[0.434s] -- Up-to-date: /home/drwwwzer/index of open sources/5lakes/install/realsense2_camera_msgs/share/realsense2_camera_msgs/cmake/realsense2_camera_msgsConfig.cmake
[0.434s] -- Up-to-date: /home/drwwwzer/index of open sources/5lakes/install/realsense2_camera_msgs/share/realsense2_camera_msgs/cmake/realsense2_camera_msgsConfig-version.cmake
[0.434s] -- Up-to-date: /home/drwwwzer/index of open sources/5lakes/install/realsense2_camera_msgs/share/realsense2_camera_msgs/package.xml
[0.444s] Invoked command in '/home/drwwwzer/many/RM_myself/5lakes/build/realsense2_camera_msgs' returned '0': CMAKE_PREFIX_PATH=/opt/ros/humble /usr/bin/cmake --install /home/drwwwzer/many/RM_myself/5lakes/build/realsense2_camera_msgs
