[0.050s] DEBUG:colcon:Command line arguments: ['/usr/bin/colcon', 'build']
[0.050s] DEBUG:colcon:Parsed command line arguments: Namespace(log_base=None, log_level=None, verb_name='build', build_base='build', install_base='install', merge_install=False, symlink_install=False, test_result_base=None, continue_on_error=False, executor='parallel', parallel_workers=24, event_handlers=None, ignore_user_meta=False, metas=['./colcon.meta'], base_paths=['.'], packages_ignore=None, packages_ignore_regex=None, paths=None, packages_up_to=None, packages_up_to_regex=None, packages_above=None, packages_above_and_dependencies=None, packages_above_depth=None, packages_select_by_dep=None, packages_skip_by_dep=None, packages_skip_up_to=None, packages_select_build_failed=False, packages_skip_build_finished=False, packages_select_test_failures=False, packages_skip_test_passed=False, packages_select=None, packages_skip=None, packages_select_regex=None, packages_skip_regex=None, packages_start=None, packages_end=None, allow_overriding=[], cmake_args=None, cmake_target=None, cmake_target_skip_unavailable=False, cmake_clean_cache=False, cmake_clean_first=False, cmake_force_configure=False, ament_cmake_args=None, catkin_cmake_args=None, catkin_skip_building_tests=False, verb_parser=<colcon_defaults.argument_parser.defaults.DefaultArgumentsDecorator object at 0x78dad2c65de0>, verb_extension=<colcon_core.verb.build.BuildVerb object at 0x78dad2c658d0>, main=<bound method BuildVerb.main of <colcon_core.verb.build.BuildVerb object at 0x78dad2c658d0>>)
[0.127s] Level 1:colcon.colcon_core.package_discovery:discover_packages(colcon_meta) check parameters
[0.127s] Level 1:colcon.colcon_core.package_discovery:discover_packages(recursive) check parameters
[0.127s] Level 1:colcon.colcon_core.package_discovery:discover_packages(ignore) check parameters
[0.127s] Level 1:colcon.colcon_core.package_discovery:discover_packages(path) check parameters
[0.127s] Level 1:colcon.colcon_core.package_discovery:discover_packages(colcon_meta) discover
[0.127s] Level 1:colcon.colcon_core.package_discovery:discover_packages(recursive) discover
[0.127s] INFO:colcon.colcon_core.package_discovery:Crawling recursively for packages in '/home/drwwwzer/many/RM_myself/5lakes'
[0.127s] Level 1:colcon.colcon_core.package_identification:_identify(.) by extensions ['ignore', 'ignore_ament_install']
[0.127s] Level 1:colcon.colcon_core.package_identification:_identify(.) by extension 'ignore'
[0.127s] Level 1:colcon.colcon_core.package_identification:_identify(.) by extension 'ignore_ament_install'
[0.127s] Level 1:colcon.colcon_core.package_identification:_identify(.) by extensions ['colcon_pkg']
[0.127s] Level 1:colcon.colcon_core.package_identification:_identify(.) by extension 'colcon_pkg'
[0.127s] Level 1:colcon.colcon_core.package_identification:_identify(.) by extensions ['colcon_meta']
[0.127s] Level 1:colcon.colcon_core.package_identification:_identify(.) by extension 'colcon_meta'
[0.127s] Level 1:colcon.colcon_core.package_identification:_identify(.) by extensions ['ros']
[0.127s] Level 1:colcon.colcon_core.package_identification:_identify(.) by extension 'ros'
[0.133s] Level 1:colcon.colcon_core.package_identification:_identify(.) by extensions ['cmake', 'python']
[0.133s] Level 1:colcon.colcon_core.package_identification:_identify(.) by extension 'cmake'
[0.133s] Level 1:colcon.colcon_core.package_identification:_identify(.) by extension 'python'
[0.133s] Level 1:colcon.colcon_core.package_identification:_identify(.) by extensions ['python_setup_py']
[0.133s] Level 1:colcon.colcon_core.package_identification:_identify(.) by extension 'python_setup_py'
[0.133s] Level 1:colcon.colcon_core.package_identification:_identify(build) by extensions ['ignore', 'ignore_ament_install']
[0.133s] Level 1:colcon.colcon_core.package_identification:_identify(build) by extension 'ignore'
[0.133s] Level 1:colcon.colcon_core.package_identification:_identify(build) ignored
[0.133s] Level 1:colcon.colcon_core.package_identification:_identify(install) by extensions ['ignore', 'ignore_ament_install']
[0.133s] Level 1:colcon.colcon_core.package_identification:_identify(install) by extension 'ignore'
[0.133s] Level 1:colcon.colcon_core.package_identification:_identify(install) ignored
[0.133s] Level 1:colcon.colcon_core.package_identification:_identify(log) by extensions ['ignore', 'ignore_ament_install']
[0.133s] Level 1:colcon.colcon_core.package_identification:_identify(log) by extension 'ignore'
[0.133s] Level 1:colcon.colcon_core.package_identification:_identify(log) ignored
[0.133s] Level 1:colcon.colcon_core.package_identification:_identify(zdykhd_ws) by extensions ['ignore', 'ignore_ament_install']
[0.133s] Level 1:colcon.colcon_core.package_identification:_identify(zdykhd_ws) by extension 'ignore'
[0.133s] Level 1:colcon.colcon_core.package_identification:_identify(zdykhd_ws) by extension 'ignore_ament_install'
[0.133s] Level 1:colcon.colcon_core.package_identification:_identify(zdykhd_ws) by extensions ['colcon_pkg']
[0.133s] Level 1:colcon.colcon_core.package_identification:_identify(zdykhd_ws) by extension 'colcon_pkg'
[0.133s] Level 1:colcon.colcon_core.package_identification:_identify(zdykhd_ws) by extensions ['colcon_meta']
[0.133s] Level 1:colcon.colcon_core.package_identification:_identify(zdykhd_ws) by extension 'colcon_meta'
[0.133s] Level 1:colcon.colcon_core.package_identification:_identify(zdykhd_ws) by extensions ['ros']
[0.133s] Level 1:colcon.colcon_core.package_identification:_identify(zdykhd_ws) by extension 'ros'
[0.134s] Level 1:colcon.colcon_core.package_identification:_identify(zdykhd_ws) by extensions ['cmake', 'python']
[0.134s] Level 1:colcon.colcon_core.package_identification:_identify(zdykhd_ws) by extension 'cmake'
[0.134s] Level 1:colcon.colcon_core.package_identification:_identify(zdykhd_ws) by extension 'python'
[0.134s] Level 1:colcon.colcon_core.package_identification:_identify(zdykhd_ws) by extensions ['python_setup_py']
[0.134s] Level 1:colcon.colcon_core.package_identification:_identify(zdykhd_ws) by extension 'python_setup_py'
[0.134s] Level 1:colcon.colcon_core.package_identification:_identify(zdykhd_ws/Pacific_doorlock_sniper) by extensions ['ignore', 'ignore_ament_install']
[0.134s] Level 1:colcon.colcon_core.package_identification:_identify(zdykhd_ws/Pacific_doorlock_sniper) by extension 'ignore'
[0.134s] Level 1:colcon.colcon_core.package_identification:_identify(zdykhd_ws/Pacific_doorlock_sniper) by extension 'ignore_ament_install'
[0.134s] Level 1:colcon.colcon_core.package_identification:_identify(zdykhd_ws/Pacific_doorlock_sniper) by extensions ['colcon_pkg']
[0.134s] Level 1:colcon.colcon_core.package_identification:_identify(zdykhd_ws/Pacific_doorlock_sniper) by extension 'colcon_pkg'
[0.134s] Level 1:colcon.colcon_core.package_identification:_identify(zdykhd_ws/Pacific_doorlock_sniper) by extensions ['colcon_meta']
[0.134s] Level 1:colcon.colcon_core.package_identification:_identify(zdykhd_ws/Pacific_doorlock_sniper) by extension 'colcon_meta'
[0.134s] Level 1:colcon.colcon_core.package_identification:_identify(zdykhd_ws/Pacific_doorlock_sniper) by extensions ['ros']
[0.134s] Level 1:colcon.colcon_core.package_identification:_identify(zdykhd_ws/Pacific_doorlock_sniper) by extension 'ros'
[0.134s] Level 1:colcon.colcon_core.package_identification:_identify(zdykhd_ws/Pacific_doorlock_sniper) by extensions ['cmake', 'python']
[0.134s] Level 1:colcon.colcon_core.package_identification:_identify(zdykhd_ws/Pacific_doorlock_sniper) by extension 'cmake'
[0.134s] Level 1:colcon.colcon_core.package_identification:_identify(zdykhd_ws/Pacific_doorlock_sniper) by extension 'python'
[0.134s] Level 1:colcon.colcon_core.package_identification:_identify(zdykhd_ws/Pacific_doorlock_sniper) by extensions ['python_setup_py']
[0.134s] Level 1:colcon.colcon_core.package_identification:_identify(zdykhd_ws/Pacific_doorlock_sniper) by extension 'python_setup_py'
[0.134s] Level 1:colcon.colcon_core.package_identification:_identify(zdykhd_ws/Pacific_doorlock_sniper/build) by extensions ['ignore', 'ignore_ament_install']
[0.134s] Level 1:colcon.colcon_core.package_identification:_identify(zdykhd_ws/Pacific_doorlock_sniper/build) by extension 'ignore'
[0.134s] Level 1:colcon.colcon_core.package_identification:_identify(zdykhd_ws/Pacific_doorlock_sniper/build) ignored
[0.134s] Level 1:colcon.colcon_core.package_identification:_identify(zdykhd_ws/Pacific_doorlock_sniper/install) by extensions ['ignore', 'ignore_ament_install']
[0.134s] Level 1:colcon.colcon_core.package_identification:_identify(zdykhd_ws/Pacific_doorlock_sniper/install) by extension 'ignore'
[0.134s] Level 1:colcon.colcon_core.package_identification:_identify(zdykhd_ws/Pacific_doorlock_sniper/install) ignored
[0.134s] Level 1:colcon.colcon_core.package_identification:_identify(zdykhd_ws/Pacific_doorlock_sniper/log) by extensions ['ignore', 'ignore_ament_install']
[0.134s] Level 1:colcon.colcon_core.package_identification:_identify(zdykhd_ws/Pacific_doorlock_sniper/log) by extension 'ignore'
[0.134s] Level 1:colcon.colcon_core.package_identification:_identify(zdykhd_ws/Pacific_doorlock_sniper/log) ignored
[0.134s] Level 1:colcon.colcon_core.package_identification:_identify(zdykhd_ws/Pacific_doorlock_sniper/src) by extensions ['ignore', 'ignore_ament_install']
[0.134s] Level 1:colcon.colcon_core.package_identification:_identify(zdykhd_ws/Pacific_doorlock_sniper/src) by extension 'ignore'
[0.134s] Level 1:colcon.colcon_core.package_identification:_identify(zdykhd_ws/Pacific_doorlock_sniper/src) by extension 'ignore_ament_install'
[0.134s] Level 1:colcon.colcon_core.package_identification:_identify(zdykhd_ws/Pacific_doorlock_sniper/src) by extensions ['colcon_pkg']
[0.134s] Level 1:colcon.colcon_core.package_identification:_identify(zdykhd_ws/Pacific_doorlock_sniper/src) by extension 'colcon_pkg'
[0.134s] Level 1:colcon.colcon_core.package_identification:_identify(zdykhd_ws/Pacific_doorlock_sniper/src) by extensions ['colcon_meta']
[0.134s] Level 1:colcon.colcon_core.package_identification:_identify(zdykhd_ws/Pacific_doorlock_sniper/src) by extension 'colcon_meta'
[0.134s] Level 1:colcon.colcon_core.package_identification:_identify(zdykhd_ws/Pacific_doorlock_sniper/src) by extensions ['ros']
[0.134s] Level 1:colcon.colcon_core.package_identification:_identify(zdykhd_ws/Pacific_doorlock_sniper/src) by extension 'ros'
[0.134s] Level 1:colcon.colcon_core.package_identification:_identify(zdykhd_ws/Pacific_doorlock_sniper/src) by extensions ['cmake', 'python']
[0.134s] Level 1:colcon.colcon_core.package_identification:_identify(zdykhd_ws/Pacific_doorlock_sniper/src) by extension 'cmake'
[0.134s] Level 1:colcon.colcon_core.package_identification:_identify(zdykhd_ws/Pacific_doorlock_sniper/src) by extension 'python'
[0.134s] Level 1:colcon.colcon_core.package_identification:_identify(zdykhd_ws/Pacific_doorlock_sniper/src) by extensions ['python_setup_py']
[0.134s] Level 1:colcon.colcon_core.package_identification:_identify(zdykhd_ws/Pacific_doorlock_sniper/src) by extension 'python_setup_py'
[0.134s] Level 1:colcon.colcon_core.package_identification:_identify(zdykhd_ws/Pacific_doorlock_sniper/src/bringup) by extensions ['ignore', 'ignore_ament_install']
[0.135s] Level 1:colcon.colcon_core.package_identification:_identify(zdykhd_ws/Pacific_doorlock_sniper/src/bringup) by extension 'ignore'
[0.135s] Level 1:colcon.colcon_core.package_identification:_identify(zdykhd_ws/Pacific_doorlock_sniper/src/bringup) by extension 'ignore_ament_install'
[0.135s] Level 1:colcon.colcon_core.package_identification:_identify(zdykhd_ws/Pacific_doorlock_sniper/src/bringup) by extensions ['colcon_pkg']
[0.135s] Level 1:colcon.colcon_core.package_identification:_identify(zdykhd_ws/Pacific_doorlock_sniper/src/bringup) by extension 'colcon_pkg'
[0.135s] Level 1:colcon.colcon_core.package_identification:_identify(zdykhd_ws/Pacific_doorlock_sniper/src/bringup) by extensions ['colcon_meta']
[0.135s] Level 1:colcon.colcon_core.package_identification:_identify(zdykhd_ws/Pacific_doorlock_sniper/src/bringup) by extension 'colcon_meta'
[0.135s] Level 1:colcon.colcon_core.package_identification:_identify(zdykhd_ws/Pacific_doorlock_sniper/src/bringup) by extensions ['ros']
[0.135s] Level 1:colcon.colcon_core.package_identification:_identify(zdykhd_ws/Pacific_doorlock_sniper/src/bringup) by extension 'ros'
[0.136s] DEBUG:colcon.colcon_core.package_identification:Package 'zdykhd_ws/Pacific_doorlock_sniper/src/bringup' with type 'ros.ament_cmake' and name 'bringup'
[0.136s] Level 1:colcon.colcon_core.package_identification:_identify(zdykhd_ws/Pacific_doorlock_sniper/src/doorlock_decoder) by extensions ['ignore', 'ignore_ament_install']
[0.136s] Level 1:colcon.colcon_core.package_identification:_identify(zdykhd_ws/Pacific_doorlock_sniper/src/doorlock_decoder) by extension 'ignore'
[0.136s] Level 1:colcon.colcon_core.package_identification:_identify(zdykhd_ws/Pacific_doorlock_sniper/src/doorlock_decoder) by extension 'ignore_ament_install'
[0.136s] Level 1:colcon.colcon_core.package_identification:_identify(zdykhd_ws/Pacific_doorlock_sniper/src/doorlock_decoder) by extensions ['colcon_pkg']
[0.136s] Level 1:colcon.colcon_core.package_identification:_identify(zdykhd_ws/Pacific_doorlock_sniper/src/doorlock_decoder) by extension 'colcon_pkg'
[0.136s] Level 1:colcon.colcon_core.package_identification:_identify(zdykhd_ws/Pacific_doorlock_sniper/src/doorlock_decoder) by extensions ['colcon_meta']
[0.136s] Level 1:colcon.colcon_core.package_identification:_identify(zdykhd_ws/Pacific_doorlock_sniper/src/doorlock_decoder) by extension 'colcon_meta'
[0.136s] Level 1:colcon.colcon_core.package_identification:_identify(zdykhd_ws/Pacific_doorlock_sniper/src/doorlock_decoder) by extensions ['ros']
[0.136s] Level 1:colcon.colcon_core.package_identification:_identify(zdykhd_ws/Pacific_doorlock_sniper/src/doorlock_decoder) by extension 'ros'
[0.136s] DEBUG:colcon.colcon_core.package_identification:Package 'zdykhd_ws/Pacific_doorlock_sniper/src/doorlock_decoder' with type 'ros.ament_python' and name 'doorlock_decoder'
[0.136s] Level 1:colcon.colcon_core.package_identification:_identify(zdykhd_ws/Pacific_doorlock_sniper/src/doorlock_sniper) by extensions ['ignore', 'ignore_ament_install']
[0.137s] Level 1:colcon.colcon_core.package_identification:_identify(zdykhd_ws/Pacific_doorlock_sniper/src/doorlock_sniper) by extension 'ignore'
[0.137s] Level 1:colcon.colcon_core.package_identification:_identify(zdykhd_ws/Pacific_doorlock_sniper/src/doorlock_sniper) by extension 'ignore_ament_install'
[0.137s] Level 1:colcon.colcon_core.package_identification:_identify(zdykhd_ws/Pacific_doorlock_sniper/src/doorlock_sniper) by extensions ['colcon_pkg']
[0.137s] Level 1:colcon.colcon_core.package_identification:_identify(zdykhd_ws/Pacific_doorlock_sniper/src/doorlock_sniper) by extension 'colcon_pkg'
[0.137s] Level 1:colcon.colcon_core.package_identification:_identify(zdykhd_ws/Pacific_doorlock_sniper/src/doorlock_sniper) by extensions ['colcon_meta']
[0.137s] Level 1:colcon.colcon_core.package_identification:_identify(zdykhd_ws/Pacific_doorlock_sniper/src/doorlock_sniper) by extension 'colcon_meta'
[0.137s] Level 1:colcon.colcon_core.package_identification:_identify(zdykhd_ws/Pacific_doorlock_sniper/src/doorlock_sniper) by extensions ['ros']
[0.137s] Level 1:colcon.colcon_core.package_identification:_identify(zdykhd_ws/Pacific_doorlock_sniper/src/doorlock_sniper) by extension 'ros'
[0.137s] DEBUG:colcon.colcon_core.package_identification:Package 'zdykhd_ws/Pacific_doorlock_sniper/src/doorlock_sniper' with type 'ros.ament_cmake' and name 'doorlock_sniper'
[0.137s] Level 1:colcon.colcon_core.package_identification:_identify(zdykhd_ws/realsense-ros) by extensions ['ignore', 'ignore_ament_install']
[0.137s] Level 1:colcon.colcon_core.package_identification:_identify(zdykhd_ws/realsense-ros) by extension 'ignore'
[0.137s] Level 1:colcon.colcon_core.package_identification:_identify(zdykhd_ws/realsense-ros) by extension 'ignore_ament_install'
[0.137s] Level 1:colcon.colcon_core.package_identification:_identify(zdykhd_ws/realsense-ros) by extensions ['colcon_pkg']
[0.137s] Level 1:colcon.colcon_core.package_identification:_identify(zdykhd_ws/realsense-ros) by extension 'colcon_pkg'
[0.137s] Level 1:colcon.colcon_core.package_identification:_identify(zdykhd_ws/realsense-ros) by extensions ['colcon_meta']
[0.137s] Level 1:colcon.colcon_core.package_identification:_identify(zdykhd_ws/realsense-ros) by extension 'colcon_meta'
[0.137s] Level 1:colcon.colcon_core.package_identification:_identify(zdykhd_ws/realsense-ros) by extensions ['ros']
[0.137s] Level 1:colcon.colcon_core.package_identification:_identify(zdykhd_ws/realsense-ros) by extension 'ros'
[0.137s] Level 1:colcon.colcon_core.package_identification:_identify(zdykhd_ws/realsense-ros) by extensions ['cmake', 'python']
[0.137s] Level 1:colcon.colcon_core.package_identification:_identify(zdykhd_ws/realsense-ros) by extension 'cmake'
[0.137s] Level 1:colcon.colcon_core.package_identification:_identify(zdykhd_ws/realsense-ros) by extension 'python'
[0.137s] Level 1:colcon.colcon_core.package_identification:_identify(zdykhd_ws/realsense-ros) by extensions ['python_setup_py']
[0.137s] Level 1:colcon.colcon_core.package_identification:_identify(zdykhd_ws/realsense-ros) by extension 'python_setup_py'
[0.138s] Level 1:colcon.colcon_core.package_identification:_identify(zdykhd_ws/realsense-ros/realsense2_camera) by extensions ['ignore', 'ignore_ament_install']
[0.138s] Level 1:colcon.colcon_core.package_identification:_identify(zdykhd_ws/realsense-ros/realsense2_camera) by extension 'ignore'
[0.138s] Level 1:colcon.colcon_core.package_identification:_identify(zdykhd_ws/realsense-ros/realsense2_camera) by extension 'ignore_ament_install'
[0.138s] Level 1:colcon.colcon_core.package_identification:_identify(zdykhd_ws/realsense-ros/realsense2_camera) by extensions ['colcon_pkg']
[0.138s] Level 1:colcon.colcon_core.package_identification:_identify(zdykhd_ws/realsense-ros/realsense2_camera) by extension 'colcon_pkg'
[0.138s] Level 1:colcon.colcon_core.package_identification:_identify(zdykhd_ws/realsense-ros/realsense2_camera) by extensions ['colcon_meta']
[0.138s] Level 1:colcon.colcon_core.package_identification:_identify(zdykhd_ws/realsense-ros/realsense2_camera) by extension 'colcon_meta'
[0.138s] Level 1:colcon.colcon_core.package_identification:_identify(zdykhd_ws/realsense-ros/realsense2_camera) by extensions ['ros']
[0.138s] Level 1:colcon.colcon_core.package_identification:_identify(zdykhd_ws/realsense-ros/realsense2_camera) by extension 'ros'
[0.145s] DEBUG:colcon.colcon_core.package_identification:Package 'zdykhd_ws/realsense-ros/realsense2_camera' with type 'ros.ament_cmake' and name 'realsense2_camera'
[0.145s] Level 1:colcon.colcon_core.package_identification:_identify(zdykhd_ws/realsense-ros/realsense2_camera_msgs) by extensions ['ignore', 'ignore_ament_install']
[0.145s] Level 1:colcon.colcon_core.package_identification:_identify(zdykhd_ws/realsense-ros/realsense2_camera_msgs) by extension 'ignore'
[0.145s] Level 1:colcon.colcon_core.package_identification:_identify(zdykhd_ws/realsense-ros/realsense2_camera_msgs) by extension 'ignore_ament_install'
[0.145s] Level 1:colcon.colcon_core.package_identification:_identify(zdykhd_ws/realsense-ros/realsense2_camera_msgs) by extensions ['colcon_pkg']
[0.145s] Level 1:colcon.colcon_core.package_identification:_identify(zdykhd_ws/realsense-ros/realsense2_camera_msgs) by extension 'colcon_pkg'
[0.146s] Level 1:colcon.colcon_core.package_identification:_identify(zdykhd_ws/realsense-ros/realsense2_camera_msgs) by extensions ['colcon_meta']
[0.146s] Level 1:colcon.colcon_core.package_identification:_identify(zdykhd_ws/realsense-ros/realsense2_camera_msgs) by extension 'colcon_meta'
[0.146s] Level 1:colcon.colcon_core.package_identification:_identify(zdykhd_ws/realsense-ros/realsense2_camera_msgs) by extensions ['ros']
[0.146s] Level 1:colcon.colcon_core.package_identification:_identify(zdykhd_ws/realsense-ros/realsense2_camera_msgs) by extension 'ros'
[0.146s] DEBUG:colcon.colcon_core.package_identification:Package 'zdykhd_ws/realsense-ros/realsense2_camera_msgs' with type 'ros.ament_cmake' and name 'realsense2_camera_msgs'
[0.146s] Level 1:colcon.colcon_core.package_identification:_identify(zdykhd_ws/realsense-ros/realsense2_description) by extensions ['ignore', 'ignore_ament_install']
[0.146s] Level 1:colcon.colcon_core.package_identification:_identify(zdykhd_ws/realsense-ros/realsense2_description) by extension 'ignore'
[0.146s] Level 1:colcon.colcon_core.package_identification:_identify(zdykhd_ws/realsense-ros/realsense2_description) by extension 'ignore_ament_install'
[0.146s] Level 1:colcon.colcon_core.package_identification:_identify(zdykhd_ws/realsense-ros/realsense2_description) by extensions ['colcon_pkg']
[0.146s] Level 1:colcon.colcon_core.package_identification:_identify(zdykhd_ws/realsense-ros/realsense2_description) by extension 'colcon_pkg'
[0.146s] Level 1:colcon.colcon_core.package_identification:_identify(zdykhd_ws/realsense-ros/realsense2_description) by extensions ['colcon_meta']
[0.146s] Level 1:colcon.colcon_core.package_identification:_identify(zdykhd_ws/realsense-ros/realsense2_description) by extension 'colcon_meta'
[0.146s] Level 1:colcon.colcon_core.package_identification:_identify(zdykhd_ws/realsense-ros/realsense2_description) by extensions ['ros']
[0.146s] Level 1:colcon.colcon_core.package_identification:_identify(zdykhd_ws/realsense-ros/realsense2_description) by extension 'ros'
[0.147s] DEBUG:colcon.colcon_core.package_identification:Package 'zdykhd_ws/realsense-ros/realsense2_description' with type 'ros.ament_cmake' and name 'realsense2_description'
[0.147s] Level 1:colcon.colcon_core.package_identification:_identify(zdykhd_ws/realsense-ros/scripts) by extensions ['ignore', 'ignore_ament_install']
[0.147s] Level 1:colcon.colcon_core.package_identification:_identify(zdykhd_ws/realsense-ros/scripts) by extension 'ignore'
[0.147s] Level 1:colcon.colcon_core.package_identification:_identify(zdykhd_ws/realsense-ros/scripts) by extension 'ignore_ament_install'
[0.147s] Level 1:colcon.colcon_core.package_identification:_identify(zdykhd_ws/realsense-ros/scripts) by extensions ['colcon_pkg']
[0.147s] Level 1:colcon.colcon_core.package_identification:_identify(zdykhd_ws/realsense-ros/scripts) by extension 'colcon_pkg'
[0.147s] Level 1:colcon.colcon_core.package_identification:_identify(zdykhd_ws/realsense-ros/scripts) by extensions ['colcon_meta']
[0.147s] Level 1:colcon.colcon_core.package_identification:_identify(zdykhd_ws/realsense-ros/scripts) by extension 'colcon_meta'
[0.147s] Level 1:colcon.colcon_core.package_identification:_identify(zdykhd_ws/realsense-ros/scripts) by extensions ['ros']
[0.147s] Level 1:colcon.colcon_core.package_identification:_identify(zdykhd_ws/realsense-ros/scripts) by extension 'ros'
[0.147s] Level 1:colcon.colcon_core.package_identification:_identify(zdykhd_ws/realsense-ros/scripts) by extensions ['cmake', 'python']
[0.147s] Level 1:colcon.colcon_core.package_identification:_identify(zdykhd_ws/realsense-ros/scripts) by extension 'cmake'
[0.147s] Level 1:colcon.colcon_core.package_identification:_identify(zdykhd_ws/realsense-ros/scripts) by extension 'python'
[0.147s] Level 1:colcon.colcon_core.package_identification:_identify(zdykhd_ws/realsense-ros/scripts) by extensions ['python_setup_py']
[0.147s] Level 1:colcon.colcon_core.package_identification:_identify(zdykhd_ws/realsense-ros/scripts) by extension 'python_setup_py'
[0.147s] Level 1:colcon.colcon_core.package_discovery:discover_packages(recursive) using defaults
[0.147s] Level 1:colcon.colcon_core.package_discovery:discover_packages(ignore) discover
[0.147s] Level 1:colcon.colcon_core.package_discovery:discover_packages(ignore) using defaults
[0.147s] Level 1:colcon.colcon_core.package_discovery:discover_packages(path) discover
[0.147s] Level 1:colcon.colcon_core.package_discovery:discover_packages(path) using defaults
[0.158s] Level 1:colcon.colcon_core.package_discovery:discover_packages(prefix_path) check parameters
[0.158s] Level 1:colcon.colcon_core.package_discovery:discover_packages(prefix_path) discover
[0.158s] DEBUG:colcon.colcon_installed_package_information.package_discovery:Found 6 installed packages in /home/drwwwzer/many/RM_myself/5lakes/install
[0.159s] DEBUG:colcon.colcon_installed_package_information.package_discovery:Found 445 installed packages in /opt/ros/humble
[0.160s] Level 1:colcon.colcon_core.package_discovery:discover_packages(prefix_path) using defaults
[0.185s] Level 5:colcon.colcon_core.verb:set package 'bringup' build argument 'cmake_args' from command line to 'None'
[0.185s] Level 5:colcon.colcon_core.verb:set package 'bringup' build argument 'cmake_target' from command line to 'None'
[0.185s] Level 5:colcon.colcon_core.verb:set package 'bringup' build argument 'cmake_target_skip_unavailable' from command line to 'False'
[0.185s] Level 5:colcon.colcon_core.verb:set package 'bringup' build argument 'cmake_clean_cache' from command line to 'False'
[0.185s] Level 5:colcon.colcon_core.verb:set package 'bringup' build argument 'cmake_clean_first' from command line to 'False'
[0.185s] Level 5:colcon.colcon_core.verb:set package 'bringup' build argument 'cmake_force_configure' from command line to 'False'
[0.185s] Level 5:colcon.colcon_core.verb:set package 'bringup' build argument 'ament_cmake_args' from command line to 'None'
[0.185s] Level 5:colcon.colcon_core.verb:set package 'bringup' build argument 'catkin_cmake_args' from command line to 'None'
[0.185s] Level 5:colcon.colcon_core.verb:set package 'bringup' build argument 'catkin_skip_building_tests' from command line to 'False'
[0.185s] DEBUG:colcon.colcon_core.verb:Building package 'bringup' with the following arguments: {'ament_cmake_args': None, 'build_base': '/home/drwwwzer/many/RM_myself/5lakes/build/bringup', 'catkin_cmake_args': None, 'catkin_skip_building_tests': False, 'cmake_args': None, 'cmake_clean_cache': False, 'cmake_clean_first': False, 'cmake_force_configure': False, 'cmake_target': None, 'cmake_target_skip_unavailable': False, 'install_base': '/home/drwwwzer/many/RM_myself/5lakes/install/bringup', 'merge_install': False, 'path': '/home/drwwwzer/many/RM_myself/5lakes/zdykhd_ws/Pacific_doorlock_sniper/src/bringup', 'symlink_install': False, 'test_result_base': None}
[0.185s] Level 5:colcon.colcon_core.verb:set package 'doorlock_sniper' build argument 'cmake_args' from command line to 'None'
[0.185s] Level 5:colcon.colcon_core.verb:set package 'doorlock_sniper' build argument 'cmake_target' from command line to 'None'
[0.185s] Level 5:colcon.colcon_core.verb:set package 'doorlock_sniper' build argument 'cmake_target_skip_unavailable' from command line to 'False'
[0.185s] Level 5:colcon.colcon_core.verb:set package 'doorlock_sniper' build argument 'cmake_clean_cache' from command line to 'False'
[0.185s] Level 5:colcon.colcon_core.verb:set package 'doorlock_sniper' build argument 'cmake_clean_first' from command line to 'False'
[0.185s] Level 5:colcon.colcon_core.verb:set package 'doorlock_sniper' build argument 'cmake_force_configure' from command line to 'False'
[0.185s] Level 5:colcon.colcon_core.verb:set package 'doorlock_sniper' build argument 'ament_cmake_args' from command line to 'None'
[0.185s] Level 5:colcon.colcon_core.verb:set package 'doorlock_sniper' build argument 'catkin_cmake_args' from command line to 'None'
[0.185s] Level 5:colcon.colcon_core.verb:set package 'doorlock_sniper' build argument 'catkin_skip_building_tests' from command line to 'False'
[0.185s] DEBUG:colcon.colcon_core.verb:Building package 'doorlock_sniper' with the following arguments: {'ament_cmake_args': None, 'build_base': '/home/drwwwzer/many/RM_myself/5lakes/build/doorlock_sniper', 'catkin_cmake_args': None, 'catkin_skip_building_tests': False, 'cmake_args': None, 'cmake_clean_cache': False, 'cmake_clean_first': False, 'cmake_force_configure': False, 'cmake_target': None, 'cmake_target_skip_unavailable': False, 'install_base': '/home/drwwwzer/many/RM_myself/5lakes/install/doorlock_sniper', 'merge_install': False, 'path': '/home/drwwwzer/many/RM_myself/5lakes/zdykhd_ws/Pacific_doorlock_sniper/src/doorlock_sniper', 'symlink_install': False, 'test_result_base': None}
[0.185s] Level 5:colcon.colcon_core.verb:set package 'realsense2_camera_msgs' build argument 'cmake_args' from command line to 'None'
[0.185s] Level 5:colcon.colcon_core.verb:set package 'realsense2_camera_msgs' build argument 'cmake_target' from command line to 'None'
[0.185s] Level 5:colcon.colcon_core.verb:set package 'realsense2_camera_msgs' build argument 'cmake_target_skip_unavailable' from command line to 'False'
[0.185s] Level 5:colcon.colcon_core.verb:set package 'realsense2_camera_msgs' build argument 'cmake_clean_cache' from command line to 'False'
[0.185s] Level 5:colcon.colcon_core.verb:set package 'realsense2_camera_msgs' build argument 'cmake_clean_first' from command line to 'False'
[0.185s] Level 5:colcon.colcon_core.verb:set package 'realsense2_camera_msgs' build argument 'cmake_force_configure' from command line to 'False'
[0.185s] Level 5:colcon.colcon_core.verb:set package 'realsense2_camera_msgs' build argument 'ament_cmake_args' from command line to 'None'
[0.185s] Level 5:colcon.colcon_core.verb:set package 'realsense2_camera_msgs' build argument 'catkin_cmake_args' from command line to 'None'
[0.185s] Level 5:colcon.colcon_core.verb:set package 'realsense2_camera_msgs' build argument 'catkin_skip_building_tests' from command line to 'False'
[0.185s] DEBUG:colcon.colcon_core.verb:Building package 'realsense2_camera_msgs' with the following arguments: {'ament_cmake_args': None, 'build_base': '/home/drwwwzer/many/RM_myself/5lakes/build/realsense2_camera_msgs', 'catkin_cmake_args': None, 'catkin_skip_building_tests': False, 'cmake_args': None, 'cmake_clean_cache': False, 'cmake_clean_first': False, 'cmake_force_configure': False, 'cmake_target': None, 'cmake_target_skip_unavailable': False, 'install_base': '/home/drwwwzer/many/RM_myself/5lakes/install/realsense2_camera_msgs', 'merge_install': False, 'path': '/home/drwwwzer/many/RM_myself/5lakes/zdykhd_ws/realsense-ros/realsense2_camera_msgs', 'symlink_install': False, 'test_result_base': None}
[0.186s] Level 5:colcon.colcon_core.verb:set package 'doorlock_decoder' build argument 'cmake_args' from command line to 'None'
[0.186s] Level 5:colcon.colcon_core.verb:set package 'doorlock_decoder' build argument 'cmake_target' from command line to 'None'
[0.186s] Level 5:colcon.colcon_core.verb:set package 'doorlock_decoder' build argument 'cmake_target_skip_unavailable' from command line to 'False'
[0.186s] Level 5:colcon.colcon_core.verb:set package 'doorlock_decoder' build argument 'cmake_clean_cache' from command line to 'False'
[0.186s] Level 5:colcon.colcon_core.verb:set package 'doorlock_decoder' build argument 'cmake_clean_first' from command line to 'False'
[0.186s] Level 5:colcon.colcon_core.verb:set package 'doorlock_decoder' build argument 'cmake_force_configure' from command line to 'False'
[0.186s] Level 5:colcon.colcon_core.verb:set package 'doorlock_decoder' build argument 'ament_cmake_args' from command line to 'None'
[0.186s] Level 5:colcon.colcon_core.verb:set package 'doorlock_decoder' build argument 'catkin_cmake_args' from command line to 'None'
[0.186s] Level 5:colcon.colcon_core.verb:set package 'doorlock_decoder' build argument 'catkin_skip_building_tests' from command line to 'False'
[0.186s] DEBUG:colcon.colcon_core.verb:Building package 'doorlock_decoder' with the following arguments: {'ament_cmake_args': None, 'build_base': '/home/drwwwzer/many/RM_myself/5lakes/build/doorlock_decoder', 'catkin_cmake_args': None, 'catkin_skip_building_tests': False, 'cmake_args': None, 'cmake_clean_cache': False, 'cmake_clean_first': False, 'cmake_force_configure': False, 'cmake_target': None, 'cmake_target_skip_unavailable': False, 'install_base': '/home/drwwwzer/many/RM_myself/5lakes/install/doorlock_decoder', 'merge_install': False, 'path': '/home/drwwwzer/many/RM_myself/5lakes/zdykhd_ws/Pacific_doorlock_sniper/src/doorlock_decoder', 'symlink_install': False, 'test_result_base': None}
[0.186s] Level 5:colcon.colcon_core.verb:set package 'realsense2_camera' build argument 'cmake_args' from command line to 'None'
[0.186s] Level 5:colcon.colcon_core.verb:set package 'realsense2_camera' build argument 'cmake_target' from command line to 'None'
[0.186s] Level 5:colcon.colcon_core.verb:set package 'realsense2_camera' build argument 'cmake_target_skip_unavailable' from command line to 'False'
[0.186s] Level 5:colcon.colcon_core.verb:set package 'realsense2_camera' build argument 'cmake_clean_cache' from command line to 'False'
[0.186s] Level 5:colcon.colcon_core.verb:set package 'realsense2_camera' build argument 'cmake_clean_first' from command line to 'False'
[0.186s] Level 5:colcon.colcon_core.verb:set package 'realsense2_camera' build argument 'cmake_force_configure' from command line to 'False'
[0.186s] Level 5:colcon.colcon_core.verb:set package 'realsense2_camera' build argument 'ament_cmake_args' from command line to 'None'
[0.186s] Level 5:colcon.colcon_core.verb:set package 'realsense2_camera' build argument 'catkin_cmake_args' from command line to 'None'
[0.186s] Level 5:colcon.colcon_core.verb:set package 'realsense2_camera' build argument 'catkin_skip_building_tests' from command line to 'False'
[0.186s] DEBUG:colcon.colcon_core.verb:Building package 'realsense2_camera' with the following arguments: {'ament_cmake_args': None, 'build_base': '/home/drwwwzer/many/RM_myself/5lakes/build/realsense2_camera', 'catkin_cmake_args': None, 'catkin_skip_building_tests': False, 'cmake_args': None, 'cmake_clean_cache': False, 'cmake_clean_first': False, 'cmake_force_configure': False, 'cmake_target': None, 'cmake_target_skip_unavailable': False, 'install_base': '/home/drwwwzer/many/RM_myself/5lakes/install/realsense2_camera', 'merge_install': False, 'path': '/home/drwwwzer/many/RM_myself/5lakes/zdykhd_ws/realsense-ros/realsense2_camera', 'symlink_install': False, 'test_result_base': None}
[0.186s] Level 5:colcon.colcon_core.verb:set package 'realsense2_description' build argument 'cmake_args' from command line to 'None'
[0.186s] Level 5:colcon.colcon_core.verb:set package 'realsense2_description' build argument 'cmake_target' from command line to 'None'
[0.186s] Level 5:colcon.colcon_core.verb:set package 'realsense2_description' build argument 'cmake_target_skip_unavailable' from command line to 'False'
[0.186s] Level 5:colcon.colcon_core.verb:set package 'realsense2_description' build argument 'cmake_clean_cache' from command line to 'False'
[0.186s] Level 5:colcon.colcon_core.verb:set package 'realsense2_description' build argument 'cmake_clean_first' from command line to 'False'
[0.186s] Level 5:colcon.colcon_core.verb:set package 'realsense2_description' build argument 'cmake_force_configure' from command line to 'False'
[0.186s] Level 5:colcon.colcon_core.verb:set package 'realsense2_description' build argument 'ament_cmake_args' from command line to 'None'
[0.186s] Level 5:colcon.colcon_core.verb:set package 'realsense2_description' build argument 'catkin_cmake_args' from command line to 'None'
[0.186s] Level 5:colcon.colcon_core.verb:set package 'realsense2_description' build argument 'catkin_skip_building_tests' from command line to 'False'
[0.186s] DEBUG:colcon.colcon_core.verb:Building package 'realsense2_description' with the following arguments: {'ament_cmake_args': None, 'build_base': '/home/drwwwzer/many/RM_myself/5lakes/build/realsense2_description', 'catkin_cmake_args': None, 'catkin_skip_building_tests': False, 'cmake_args': None, 'cmake_clean_cache': False, 'cmake_clean_first': False, 'cmake_force_configure': False, 'cmake_target': None, 'cmake_target_skip_unavailable': False, 'install_base': '/home/drwwwzer/many/RM_myself/5lakes/install/realsense2_description', 'merge_install': False, 'path': '/home/drwwwzer/many/RM_myself/5lakes/zdykhd_ws/realsense-ros/realsense2_description', 'symlink_install': False, 'test_result_base': None}
[0.186s] INFO:colcon.colcon_core.executor:Executing jobs using 'parallel' executor
[0.187s] DEBUG:colcon.colcon_parallel_executor.executor.parallel:run_until_complete
[0.187s] INFO:colcon.colcon_ros.task.ament_cmake.build:Building ROS package in '/home/drwwwzer/many/RM_myself/5lakes/zdykhd_ws/realsense-ros/realsense2_camera_msgs' with build type 'ament_cmake'
[0.187s] INFO:colcon.colcon_cmake.task.cmake.build:Building CMake package in '/home/drwwwzer/many/RM_myself/5lakes/zdykhd_ws/realsense-ros/realsense2_camera_msgs'
[0.188s] INFO:colcon.colcon_core.plugin_system:Skipping extension 'colcon_core.shell.bat': Not used on non-Windows systems
[0.188s] INFO:colcon.colcon_core.shell:Skip shell extension 'powershell' for command environment: Not usable outside of PowerShell
[0.188s] DEBUG:colcon.colcon_core.shell:Skip shell extension 'dsv' for command environment
[0.190s] INFO:colcon.colcon_ros.task.ament_cmake.build:Building ROS package in '/home/drwwwzer/many/RM_myself/5lakes/zdykhd_ws/Pacific_doorlock_sniper/src/doorlock_sniper' with build type 'ament_cmake'
[0.190s] INFO:colcon.colcon_cmake.task.cmake.build:Building CMake package in '/home/drwwwzer/many/RM_myself/5lakes/zdykhd_ws/Pacific_doorlock_sniper/src/doorlock_sniper'
[0.190s] INFO:colcon.colcon_core.shell:Skip shell extension 'powershell' for command environment: Not usable outside of PowerShell
[0.190s] DEBUG:colcon.colcon_core.shell:Skip shell extension 'dsv' for command environment
[0.192s] INFO:colcon.colcon_ros.task.ament_cmake.build:Building ROS package in '/home/drwwwzer/many/RM_myself/5lakes/zdykhd_ws/Pacific_doorlock_sniper/src/bringup' with build type 'ament_cmake'
[0.193s] INFO:colcon.colcon_cmake.task.cmake.build:Building CMake package in '/home/drwwwzer/many/RM_myself/5lakes/zdykhd_ws/Pacific_doorlock_sniper/src/bringup'
[0.193s] INFO:colcon.colcon_core.shell:Skip shell extension 'powershell' for command environment: Not usable outside of PowerShell
[0.193s] DEBUG:colcon.colcon_core.shell:Skip shell extension 'dsv' for command environment
[0.197s] DEBUG:colcon.colcon_core.event_handler.log_command:Invoking command in '/home/drwwwzer/many/RM_myself/5lakes/build/realsense2_camera_msgs': CMAKE_PREFIX_PATH=${CMAKE_PREFIX_PATH}:/home/drwwwzer/many/RM_myself/5lakes/install/doorlock_decoder:/opt/ros/humble /usr/bin/cmake --build /home/drwwwzer/many/RM_myself/5lakes/build/realsense2_camera_msgs -- -j24 -l24
[0.199s] DEBUG:colcon.colcon_core.event_handler.log_command:Invoking command in '/home/drwwwzer/many/RM_myself/5lakes/build/doorlock_sniper': CMAKE_PREFIX_PATH=${CMAKE_PREFIX_PATH}:/home/drwwwzer/many/RM_myself/5lakes/install/doorlock_decoder:/opt/ros/humble /usr/bin/cmake --build /home/drwwwzer/many/RM_myself/5lakes/build/doorlock_sniper -- -j24 -l24
[0.202s] DEBUG:colcon.colcon_core.event_handler.log_command:Invoking command in '/home/drwwwzer/many/RM_myself/5lakes/build/bringup': CMAKE_PREFIX_PATH=${CMAKE_PREFIX_PATH}:/home/drwwwzer/many/RM_myself/5lakes/install/doorlock_decoder:/opt/ros/humble /usr/bin/cmake --build /home/drwwwzer/many/RM_myself/5lakes/build/bringup -- -j24 -l24
[0.232s] DEBUG:colcon.colcon_core.event_handler.log_command:Invoked command in '/home/drwwwzer/many/RM_myself/5lakes/build/bringup' returned '0': CMAKE_PREFIX_PATH=${CMAKE_PREFIX_PATH}:/home/drwwwzer/many/RM_myself/5lakes/install/doorlock_decoder:/opt/ros/humble /usr/bin/cmake --build /home/drwwwzer/many/RM_myself/5lakes/build/bringup -- -j24 -l24
[0.246s] DEBUG:colcon.colcon_core.event_handler.log_command:Invoking command in '/home/drwwwzer/many/RM_myself/5lakes/build/bringup': CMAKE_PREFIX_PATH=${CMAKE_PREFIX_PATH}:/home/drwwwzer/many/RM_myself/5lakes/install/doorlock_decoder:/opt/ros/humble /usr/bin/cmake --install /home/drwwwzer/many/RM_myself/5lakes/build/bringup
[0.259s] Level 1:colcon.colcon_core.environment:create_environment_scripts_only(bringup)
[0.260s] DEBUG:colcon.colcon_core.event_handler.log_command:Invoked command in '/home/drwwwzer/many/RM_myself/5lakes/build/bringup' returned '0': CMAKE_PREFIX_PATH=${CMAKE_PREFIX_PATH}:/home/drwwwzer/many/RM_myself/5lakes/install/doorlock_decoder:/opt/ros/humble /usr/bin/cmake --install /home/drwwwzer/many/RM_myself/5lakes/build/bringup
[0.264s] Level 1:colcon.colcon_core.environment:checking '/home/drwwwzer/many/RM_myself/5lakes/install/bringup' for CMake module files
[0.265s] Level 1:colcon.colcon_core.environment:checking '/home/drwwwzer/many/RM_myself/5lakes/install/bringup' for CMake config files
[0.266s] Level 1:colcon.colcon_core.shell:create_environment_hook('bringup', 'cmake_prefix_path')
[0.267s] INFO:colcon.colcon_core.shell:Creating environment hook '/home/drwwwzer/many/RM_myself/5lakes/install/bringup/share/bringup/hook/cmake_prefix_path.ps1'
[0.268s] INFO:colcon.colcon_core.shell:Creating environment descriptor '/home/drwwwzer/many/RM_myself/5lakes/install/bringup/share/bringup/hook/cmake_prefix_path.dsv'
[0.269s] INFO:colcon.colcon_core.shell:Creating environment hook '/home/drwwwzer/many/RM_myself/5lakes/install/bringup/share/bringup/hook/cmake_prefix_path.sh'
[0.270s] Level 1:colcon.colcon_core.environment:checking '/home/drwwwzer/many/RM_myself/5lakes/install/bringup/bin'
[0.270s] Level 1:colcon.colcon_core.environment:checking '/home/drwwwzer/many/RM_myself/5lakes/install/bringup/lib/pkgconfig/bringup.pc'
[0.271s] Level 1:colcon.colcon_core.environment:checking '/home/drwwwzer/many/RM_myself/5lakes/install/bringup/lib/python3.10/site-packages'
[0.272s] Level 1:colcon.colcon_core.environment:checking '/home/drwwwzer/many/RM_myself/5lakes/install/bringup/bin'
[0.272s] INFO:colcon.colcon_core.shell:Creating package script '/home/drwwwzer/many/RM_myself/5lakes/install/bringup/share/bringup/package.ps1'
[0.273s] INFO:colcon.colcon_core.shell:Creating package descriptor '/home/drwwwzer/many/RM_myself/5lakes/install/bringup/share/bringup/package.dsv'
[0.275s] INFO:colcon.colcon_core.shell:Creating package script '/home/drwwwzer/many/RM_myself/5lakes/install/bringup/share/bringup/package.sh'
[0.275s] INFO:colcon.colcon_core.shell:Creating package script '/home/drwwwzer/many/RM_myself/5lakes/install/bringup/share/bringup/package.bash'
[0.276s] INFO:colcon.colcon_core.shell:Creating package script '/home/drwwwzer/many/RM_myself/5lakes/install/bringup/share/bringup/package.zsh'
[0.277s] Level 1:colcon.colcon_core.environment:create_file_with_runtime_dependencies(/home/drwwwzer/many/RM_myself/5lakes/install/bringup/share/colcon-core/packages/bringup)
[0.277s] Level 1:colcon.colcon_core.environment:create_environment_scripts_only(bringup)
[0.277s] Level 1:colcon.colcon_core.environment:checking '/home/drwwwzer/many/RM_myself/5lakes/install/bringup' for CMake module files
[0.278s] Level 1:colcon.colcon_core.environment:checking '/home/drwwwzer/many/RM_myself/5lakes/install/bringup' for CMake config files
[0.278s] Level 1:colcon.colcon_core.shell:create_environment_hook('bringup', 'cmake_prefix_path')
[0.278s] INFO:colcon.colcon_core.shell:Creating environment hook '/home/drwwwzer/many/RM_myself/5lakes/install/bringup/share/bringup/hook/cmake_prefix_path.ps1'
[0.279s] INFO:colcon.colcon_core.shell:Creating environment descriptor '/home/drwwwzer/many/RM_myself/5lakes/install/bringup/share/bringup/hook/cmake_prefix_path.dsv'
[0.279s] INFO:colcon.colcon_core.shell:Creating environment hook '/home/drwwwzer/many/RM_myself/5lakes/install/bringup/share/bringup/hook/cmake_prefix_path.sh'
[0.280s] Level 1:colcon.colcon_core.environment:checking '/home/drwwwzer/many/RM_myself/5lakes/install/bringup/bin'
[0.280s] Level 1:colcon.colcon_core.environment:checking '/home/drwwwzer/many/RM_myself/5lakes/install/bringup/lib/pkgconfig/bringup.pc'
[0.280s] Level 1:colcon.colcon_core.environment:checking '/home/drwwwzer/many/RM_myself/5lakes/install/bringup/lib/python3.10/site-packages'
[0.280s] Level 1:colcon.colcon_core.environment:checking '/home/drwwwzer/many/RM_myself/5lakes/install/bringup/bin'
[0.281s] INFO:colcon.colcon_core.shell:Creating package script '/home/drwwwzer/many/RM_myself/5lakes/install/bringup/share/bringup/package.ps1'
[0.281s] INFO:colcon.colcon_core.shell:Creating package descriptor '/home/drwwwzer/many/RM_myself/5lakes/install/bringup/share/bringup/package.dsv'
[0.282s] INFO:colcon.colcon_core.shell:Creating package script '/home/drwwwzer/many/RM_myself/5lakes/install/bringup/share/bringup/package.sh'
[0.282s] INFO:colcon.colcon_core.shell:Creating package script '/home/drwwwzer/many/RM_myself/5lakes/install/bringup/share/bringup/package.bash'
[0.283s] INFO:colcon.colcon_core.shell:Creating package script '/home/drwwwzer/many/RM_myself/5lakes/install/bringup/share/bringup/package.zsh'
[0.283s] Level 1:colcon.colcon_core.environment:create_file_with_runtime_dependencies(/home/drwwwzer/many/RM_myself/5lakes/install/bringup/share/colcon-core/packages/bringup)
[0.433s] DEBUG:colcon.colcon_core.event_handler.log_command:Invoked command in '/home/drwwwzer/many/RM_myself/5lakes/build/doorlock_sniper' returned '0': CMAKE_PREFIX_PATH=${CMAKE_PREFIX_PATH}:/home/drwwwzer/many/RM_myself/5lakes/install/doorlock_decoder:/opt/ros/humble /usr/bin/cmake --build /home/drwwwzer/many/RM_myself/5lakes/build/doorlock_sniper -- -j24 -l24
[0.434s] DEBUG:colcon.colcon_core.event_handler.log_command:Invoking command in '/home/drwwwzer/many/RM_myself/5lakes/build/doorlock_sniper': CMAKE_PREFIX_PATH=${CMAKE_PREFIX_PATH}:/home/drwwwzer/many/RM_myself/5lakes/install/doorlock_decoder:/opt/ros/humble /usr/bin/cmake --install /home/drwwwzer/many/RM_myself/5lakes/build/doorlock_sniper
[0.435s] DEBUG:colcon.colcon_core.event_handler.log_command:Invoked command in '/home/drwwwzer/many/RM_myself/5lakes/build/realsense2_camera_msgs' returned '0': CMAKE_PREFIX_PATH=${CMAKE_PREFIX_PATH}:/home/drwwwzer/many/RM_myself/5lakes/install/doorlock_decoder:/opt/ros/humble /usr/bin/cmake --build /home/drwwwzer/many/RM_myself/5lakes/build/realsense2_camera_msgs -- -j24 -l24
[0.436s] DEBUG:colcon.colcon_core.event_handler.log_command:Invoking command in '/home/drwwwzer/many/RM_myself/5lakes/build/realsense2_camera_msgs': CMAKE_PREFIX_PATH=${CMAKE_PREFIX_PATH}:/home/drwwwzer/many/RM_myself/5lakes/install/doorlock_decoder:/opt/ros/humble /usr/bin/cmake --install /home/drwwwzer/many/RM_myself/5lakes/build/realsense2_camera_msgs
[0.468s] Level 1:colcon.colcon_core.environment:create_environment_scripts_only(doorlock_sniper)
[0.468s] Level 1:colcon.colcon_core.environment:checking '/home/drwwwzer/many/RM_myself/5lakes/install/doorlock_sniper' for CMake module files
[0.468s] DEBUG:colcon.colcon_core.event_handler.log_command:Invoked command in '/home/drwwwzer/many/RM_myself/5lakes/build/doorlock_sniper' returned '0': CMAKE_PREFIX_PATH=${CMAKE_PREFIX_PATH}:/home/drwwwzer/many/RM_myself/5lakes/install/doorlock_decoder:/opt/ros/humble /usr/bin/cmake --install /home/drwwwzer/many/RM_myself/5lakes/build/doorlock_sniper
[0.469s] Level 1:colcon.colcon_core.environment:checking '/home/drwwwzer/many/RM_myself/5lakes/install/doorlock_sniper' for CMake config files
[0.469s] Level 1:colcon.colcon_core.shell:create_environment_hook('doorlock_sniper', 'cmake_prefix_path')
[0.469s] INFO:colcon.colcon_core.shell:Creating environment hook '/home/drwwwzer/many/RM_myself/5lakes/install/doorlock_sniper/share/doorlock_sniper/hook/cmake_prefix_path.ps1'
[0.469s] INFO:colcon.colcon_core.shell:Creating environment descriptor '/home/drwwwzer/many/RM_myself/5lakes/install/doorlock_sniper/share/doorlock_sniper/hook/cmake_prefix_path.dsv'
[0.470s] INFO:colcon.colcon_core.shell:Creating environment hook '/home/drwwwzer/many/RM_myself/5lakes/install/doorlock_sniper/share/doorlock_sniper/hook/cmake_prefix_path.sh'
[0.470s] Level 1:colcon.colcon_core.environment:checking '/home/drwwwzer/many/RM_myself/5lakes/install/doorlock_sniper/lib'
[0.471s] Level 1:colcon.colcon_core.shell:create_environment_hook('doorlock_sniper', 'ld_library_path_lib')
[0.471s] INFO:colcon.colcon_core.shell:Creating environment hook '/home/drwwwzer/many/RM_myself/5lakes/install/doorlock_sniper/share/doorlock_sniper/hook/ld_library_path_lib.ps1'
[0.472s] INFO:colcon.colcon_core.shell:Creating environment descriptor '/home/drwwwzer/many/RM_myself/5lakes/install/doorlock_sniper/share/doorlock_sniper/hook/ld_library_path_lib.dsv'
[0.473s] INFO:colcon.colcon_core.shell:Creating environment hook '/home/drwwwzer/many/RM_myself/5lakes/install/doorlock_sniper/share/doorlock_sniper/hook/ld_library_path_lib.sh'
[0.473s] Level 1:colcon.colcon_core.environment:checking '/home/drwwwzer/many/RM_myself/5lakes/install/doorlock_sniper/bin'
[0.473s] Level 1:colcon.colcon_core.environment:checking '/home/drwwwzer/many/RM_myself/5lakes/install/doorlock_sniper/lib/pkgconfig/doorlock_sniper.pc'
[0.473s] Level 1:colcon.colcon_core.environment:checking '/home/drwwwzer/many/RM_myself/5lakes/install/doorlock_sniper/lib/python3.10/site-packages'
[0.474s] Level 1:colcon.colcon_core.environment:checking '/home/drwwwzer/many/RM_myself/5lakes/install/doorlock_sniper/bin'
[0.474s] INFO:colcon.colcon_core.shell:Creating package script '/home/drwwwzer/many/RM_myself/5lakes/install/doorlock_sniper/share/doorlock_sniper/package.ps1'
[0.474s] INFO:colcon.colcon_core.shell:Creating package descriptor '/home/drwwwzer/many/RM_myself/5lakes/install/doorlock_sniper/share/doorlock_sniper/package.dsv'
[0.474s] INFO:colcon.colcon_core.shell:Creating package script '/home/drwwwzer/many/RM_myself/5lakes/install/doorlock_sniper/share/doorlock_sniper/package.sh'
[0.474s] INFO:colcon.colcon_core.shell:Creating package script '/home/drwwwzer/many/RM_myself/5lakes/install/doorlock_sniper/share/doorlock_sniper/package.bash'
[0.475s] INFO:colcon.colcon_core.shell:Creating package script '/home/drwwwzer/many/RM_myself/5lakes/install/doorlock_sniper/share/doorlock_sniper/package.zsh'
[0.475s] Level 1:colcon.colcon_core.environment:create_file_with_runtime_dependencies(/home/drwwwzer/many/RM_myself/5lakes/install/doorlock_sniper/share/colcon-core/packages/doorlock_sniper)
[0.475s] Level 1:colcon.colcon_core.environment:create_environment_scripts_only(doorlock_sniper)
[0.475s] Level 1:colcon.colcon_core.environment:checking '/home/drwwwzer/many/RM_myself/5lakes/install/doorlock_sniper' for CMake module files
[0.476s] Level 1:colcon.colcon_core.environment:checking '/home/drwwwzer/many/RM_myself/5lakes/install/doorlock_sniper' for CMake config files
[0.476s] Level 1:colcon.colcon_core.shell:create_environment_hook('doorlock_sniper', 'cmake_prefix_path')
[0.476s] INFO:colcon.colcon_core.shell:Creating environment hook '/home/drwwwzer/many/RM_myself/5lakes/install/doorlock_sniper/share/doorlock_sniper/hook/cmake_prefix_path.ps1'
[0.476s] INFO:colcon.colcon_core.shell:Creating environment descriptor '/home/drwwwzer/many/RM_myself/5lakes/install/doorlock_sniper/share/doorlock_sniper/hook/cmake_prefix_path.dsv'
[0.476s] INFO:colcon.colcon_core.shell:Creating environment hook '/home/drwwwzer/many/RM_myself/5lakes/install/doorlock_sniper/share/doorlock_sniper/hook/cmake_prefix_path.sh'
[0.477s] Level 1:colcon.colcon_core.environment:checking '/home/drwwwzer/many/RM_myself/5lakes/install/doorlock_sniper/lib'
[0.477s] Level 1:colcon.colcon_core.shell:create_environment_hook('doorlock_sniper', 'ld_library_path_lib')
[0.477s] INFO:colcon.colcon_core.shell:Creating environment hook '/home/drwwwzer/many/RM_myself/5lakes/install/doorlock_sniper/share/doorlock_sniper/hook/ld_library_path_lib.ps1'
[0.477s] INFO:colcon.colcon_core.shell:Creating environment descriptor '/home/drwwwzer/many/RM_myself/5lakes/install/doorlock_sniper/share/doorlock_sniper/hook/ld_library_path_lib.dsv'
[0.477s] INFO:colcon.colcon_core.shell:Creating environment hook '/home/drwwwzer/many/RM_myself/5lakes/install/doorlock_sniper/share/doorlock_sniper/hook/ld_library_path_lib.sh'
[0.477s] Level 1:colcon.colcon_core.environment:checking '/home/drwwwzer/many/RM_myself/5lakes/install/doorlock_sniper/bin'
[0.477s] Level 1:colcon.colcon_core.environment:checking '/home/drwwwzer/many/RM_myself/5lakes/install/doorlock_sniper/lib/pkgconfig/doorlock_sniper.pc'
[0.477s] Level 1:colcon.colcon_core.environment:checking '/home/drwwwzer/many/RM_myself/5lakes/install/doorlock_sniper/lib/python3.10/site-packages'
[0.478s] Level 1:colcon.colcon_core.environment:checking '/home/drwwwzer/many/RM_myself/5lakes/install/doorlock_sniper/bin'
[0.478s] INFO:colcon.colcon_core.shell:Creating package script '/home/drwwwzer/many/RM_myself/5lakes/install/doorlock_sniper/share/doorlock_sniper/package.ps1'
[0.478s] INFO:colcon.colcon_core.shell:Creating package descriptor '/home/drwwwzer/many/RM_myself/5lakes/install/doorlock_sniper/share/doorlock_sniper/package.dsv'
[0.478s] INFO:colcon.colcon_core.shell:Creating package script '/home/drwwwzer/many/RM_myself/5lakes/install/doorlock_sniper/share/doorlock_sniper/package.sh'
[0.478s] INFO:colcon.colcon_core.shell:Creating package script '/home/drwwwzer/many/RM_myself/5lakes/install/doorlock_sniper/share/doorlock_sniper/package.bash'
[0.479s] INFO:colcon.colcon_core.shell:Creating package script '/home/drwwwzer/many/RM_myself/5lakes/install/doorlock_sniper/share/doorlock_sniper/package.zsh'
[0.479s] Level 1:colcon.colcon_core.environment:create_file_with_runtime_dependencies(/home/drwwwzer/many/RM_myself/5lakes/install/doorlock_sniper/share/colcon-core/packages/doorlock_sniper)
[0.479s] INFO:colcon.colcon_ros.task.ament_python.build:Building ROS package in '/home/drwwwzer/many/RM_myself/5lakes/zdykhd_ws/Pacific_doorlock_sniper/src/doorlock_decoder' with build type 'ament_python'
[0.479s] Level 1:colcon.colcon_core.shell:create_environment_hook('doorlock_decoder', 'ament_prefix_path')
[0.480s] INFO:colcon.colcon_core.shell:Creating environment hook '/home/drwwwzer/many/RM_myself/5lakes/install/doorlock_decoder/share/doorlock_decoder/hook/ament_prefix_path.ps1'
[0.480s] INFO:colcon.colcon_core.shell:Creating environment descriptor '/home/drwwwzer/many/RM_myself/5lakes/install/doorlock_decoder/share/doorlock_decoder/hook/ament_prefix_path.dsv'
[0.480s] INFO:colcon.colcon_core.shell:Creating environment hook '/home/drwwwzer/many/RM_myself/5lakes/install/doorlock_decoder/share/doorlock_decoder/hook/ament_prefix_path.sh'
[0.480s] INFO:colcon.colcon_core.shell:Skip shell extension 'powershell' for command environment: Not usable outside of PowerShell
[0.480s] DEBUG:colcon.colcon_core.shell:Skip shell extension 'dsv' for command environment
[0.483s] Level 1:colcon.colcon_core.environment:create_environment_scripts_only(realsense2_camera_msgs)
[0.483s] DEBUG:colcon.colcon_core.event_handler.log_command:Invoked command in '/home/drwwwzer/many/RM_myself/5lakes/build/realsense2_camera_msgs' returned '0': CMAKE_PREFIX_PATH=${CMAKE_PREFIX_PATH}:/home/drwwwzer/many/RM_myself/5lakes/install/doorlock_decoder:/opt/ros/humble /usr/bin/cmake --install /home/drwwwzer/many/RM_myself/5lakes/build/realsense2_camera_msgs
[0.484s] Level 1:colcon.colcon_core.environment:checking '/home/drwwwzer/many/RM_myself/5lakes/install/realsense2_camera_msgs' for CMake module files
[0.484s] Level 1:colcon.colcon_core.environment:checking '/home/drwwwzer/many/RM_myself/5lakes/install/realsense2_camera_msgs' for CMake config files
[0.485s] Level 1:colcon.colcon_core.shell:create_environment_hook('realsense2_camera_msgs', 'cmake_prefix_path')
[0.485s] INFO:colcon.colcon_core.shell:Creating environment hook '/home/drwwwzer/many/RM_myself/5lakes/install/realsense2_camera_msgs/share/realsense2_camera_msgs/hook/cmake_prefix_path.ps1'
[0.486s] INFO:colcon.colcon_core.shell:Creating environment descriptor '/home/drwwwzer/many/RM_myself/5lakes/install/realsense2_camera_msgs/share/realsense2_camera_msgs/hook/cmake_prefix_path.dsv'
[0.486s] INFO:colcon.colcon_core.shell:Creating environment hook '/home/drwwwzer/many/RM_myself/5lakes/install/realsense2_camera_msgs/share/realsense2_camera_msgs/hook/cmake_prefix_path.sh'
[0.487s] Level 1:colcon.colcon_core.environment:checking '/home/drwwwzer/many/RM_myself/5lakes/install/realsense2_camera_msgs/lib'
[0.487s] Level 1:colcon.colcon_core.shell:create_environment_hook('realsense2_camera_msgs', 'ld_library_path_lib')
[0.487s] INFO:colcon.colcon_core.shell:Creating environment hook '/home/drwwwzer/many/RM_myself/5lakes/install/realsense2_camera_msgs/share/realsense2_camera_msgs/hook/ld_library_path_lib.ps1'
[0.487s] INFO:colcon.colcon_core.shell:Creating environment descriptor '/home/drwwwzer/many/RM_myself/5lakes/install/realsense2_camera_msgs/share/realsense2_camera_msgs/hook/ld_library_path_lib.dsv'
[0.488s] INFO:colcon.colcon_core.shell:Creating environment hook '/home/drwwwzer/many/RM_myself/5lakes/install/realsense2_camera_msgs/share/realsense2_camera_msgs/hook/ld_library_path_lib.sh'
[0.488s] Level 1:colcon.colcon_core.environment:checking '/home/drwwwzer/many/RM_myself/5lakes/install/realsense2_camera_msgs/bin'
[0.488s] Level 1:colcon.colcon_core.environment:checking '/home/drwwwzer/many/RM_myself/5lakes/install/realsense2_camera_msgs/lib/pkgconfig/realsense2_camera_msgs.pc'
[0.488s] Level 1:colcon.colcon_core.environment:checking '/home/drwwwzer/many/RM_myself/5lakes/install/realsense2_camera_msgs/lib/python3.10/site-packages'
[0.489s] Level 1:colcon.colcon_core.environment:checking '/home/drwwwzer/many/RM_myself/5lakes/install/realsense2_camera_msgs/bin'
[0.489s] INFO:colcon.colcon_core.shell:Creating package script '/home/drwwwzer/many/RM_myself/5lakes/install/realsense2_camera_msgs/share/realsense2_camera_msgs/package.ps1'
[0.489s] INFO:colcon.colcon_core.shell:Creating package descriptor '/home/drwwwzer/many/RM_myself/5lakes/install/realsense2_camera_msgs/share/realsense2_camera_msgs/package.dsv'
[0.489s] INFO:colcon.colcon_core.shell:Creating package script '/home/drwwwzer/many/RM_myself/5lakes/install/realsense2_camera_msgs/share/realsense2_camera_msgs/package.sh'
[0.489s] INFO:colcon.colcon_core.shell:Creating package script '/home/drwwwzer/many/RM_myself/5lakes/install/realsense2_camera_msgs/share/realsense2_camera_msgs/package.bash'
[0.490s] INFO:colcon.colcon_core.shell:Creating package script '/home/drwwwzer/many/RM_myself/5lakes/install/realsense2_camera_msgs/share/realsense2_camera_msgs/package.zsh'
[0.490s] Level 1:colcon.colcon_core.environment:create_file_with_runtime_dependencies(/home/drwwwzer/many/RM_myself/5lakes/install/realsense2_camera_msgs/share/colcon-core/packages/realsense2_camera_msgs)
[0.490s] Level 1:colcon.colcon_core.environment:create_environment_scripts_only(realsense2_camera_msgs)
[0.490s] Level 1:colcon.colcon_core.environment:checking '/home/drwwwzer/many/RM_myself/5lakes/install/realsense2_camera_msgs' for CMake module files
[0.491s] Level 1:colcon.colcon_core.environment:checking '/home/drwwwzer/many/RM_myself/5lakes/install/realsense2_camera_msgs' for CMake config files
[0.491s] Level 1:colcon.colcon_core.shell:create_environment_hook('realsense2_camera_msgs', 'cmake_prefix_path')
[0.491s] INFO:colcon.colcon_core.shell:Creating environment hook '/home/drwwwzer/many/RM_myself/5lakes/install/realsense2_camera_msgs/share/realsense2_camera_msgs/hook/cmake_prefix_path.ps1'
[0.491s] INFO:colcon.colcon_core.shell:Creating environment descriptor '/home/drwwwzer/many/RM_myself/5lakes/install/realsense2_camera_msgs/share/realsense2_camera_msgs/hook/cmake_prefix_path.dsv'
[0.491s] INFO:colcon.colcon_core.shell:Creating environment hook '/home/drwwwzer/many/RM_myself/5lakes/install/realsense2_camera_msgs/share/realsense2_camera_msgs/hook/cmake_prefix_path.sh'
[0.492s] Level 1:colcon.colcon_core.environment:checking '/home/drwwwzer/many/RM_myself/5lakes/install/realsense2_camera_msgs/lib'
[0.492s] Level 1:colcon.colcon_core.shell:create_environment_hook('realsense2_camera_msgs', 'ld_library_path_lib')
[0.492s] INFO:colcon.colcon_core.shell:Creating environment hook '/home/drwwwzer/many/RM_myself/5lakes/install/realsense2_camera_msgs/share/realsense2_camera_msgs/hook/ld_library_path_lib.ps1'
[0.492s] INFO:colcon.colcon_core.shell:Creating environment descriptor '/home/drwwwzer/many/RM_myself/5lakes/install/realsense2_camera_msgs/share/realsense2_camera_msgs/hook/ld_library_path_lib.dsv'
[0.492s] INFO:colcon.colcon_core.shell:Creating environment hook '/home/drwwwzer/many/RM_myself/5lakes/install/realsense2_camera_msgs/share/realsense2_camera_msgs/hook/ld_library_path_lib.sh'
[0.493s] Level 1:colcon.colcon_core.environment:checking '/home/drwwwzer/many/RM_myself/5lakes/install/realsense2_camera_msgs/bin'
[0.493s] Level 1:colcon.colcon_core.environment:checking '/home/drwwwzer/many/RM_myself/5lakes/install/realsense2_camera_msgs/lib/pkgconfig/realsense2_camera_msgs.pc'
[0.493s] Level 1:colcon.colcon_core.environment:checking '/home/drwwwzer/many/RM_myself/5lakes/install/realsense2_camera_msgs/lib/python3.10/site-packages'
[0.493s] Level 1:colcon.colcon_core.environment:checking '/home/drwwwzer/many/RM_myself/5lakes/install/realsense2_camera_msgs/bin'
[0.493s] INFO:colcon.colcon_core.shell:Creating package script '/home/drwwwzer/many/RM_myself/5lakes/install/realsense2_camera_msgs/share/realsense2_camera_msgs/package.ps1'
[0.493s] INFO:colcon.colcon_core.shell:Creating package descriptor '/home/drwwwzer/many/RM_myself/5lakes/install/realsense2_camera_msgs/share/realsense2_camera_msgs/package.dsv'
[0.494s] INFO:colcon.colcon_core.shell:Creating package script '/home/drwwwzer/many/RM_myself/5lakes/install/realsense2_camera_msgs/share/realsense2_camera_msgs/package.sh'
[0.494s] INFO:colcon.colcon_core.shell:Creating package script '/home/drwwwzer/many/RM_myself/5lakes/install/realsense2_camera_msgs/share/realsense2_camera_msgs/package.bash'
[0.494s] INFO:colcon.colcon_core.shell:Creating package script '/home/drwwwzer/many/RM_myself/5lakes/install/realsense2_camera_msgs/share/realsense2_camera_msgs/package.zsh'
[0.494s] Level 1:colcon.colcon_core.environment:create_file_with_runtime_dependencies(/home/drwwwzer/many/RM_myself/5lakes/install/realsense2_camera_msgs/share/colcon-core/packages/realsense2_camera_msgs)
[0.495s] INFO:colcon.colcon_ros.task.ament_cmake.build:Building ROS package in '/home/drwwwzer/many/RM_myself/5lakes/zdykhd_ws/realsense-ros/realsense2_camera' with build type 'ament_cmake'
[0.495s] INFO:colcon.colcon_cmake.task.cmake.build:Building CMake package in '/home/drwwwzer/many/RM_myself/5lakes/zdykhd_ws/realsense-ros/realsense2_camera'
[0.495s] INFO:colcon.colcon_core.shell:Skip shell extension 'powershell' for command environment: Not usable outside of PowerShell
[0.495s] DEBUG:colcon.colcon_core.shell:Skip shell extension 'dsv' for command environment
[0.497s] INFO:colcon.colcon_ros.task.ament_cmake.build:Building ROS package in '/home/drwwwzer/many/RM_myself/5lakes/zdykhd_ws/realsense-ros/realsense2_description' with build type 'ament_cmake'
[0.498s] INFO:colcon.colcon_cmake.task.cmake.build:Building CMake package in '/home/drwwwzer/many/RM_myself/5lakes/zdykhd_ws/realsense-ros/realsense2_description'
[0.498s] INFO:colcon.colcon_core.shell:Skip shell extension 'powershell' for command environment: Not usable outside of PowerShell
[0.498s] DEBUG:colcon.colcon_core.shell:Skip shell extension 'dsv' for command environment
[0.644s] INFO:colcon.colcon_core.task.python.build:Building Python package in '/home/drwwwzer/many/RM_myself/5lakes/zdykhd_ws/Pacific_doorlock_sniper/src/doorlock_decoder'
[0.645s] INFO:colcon.colcon_core.shell:Skip shell extension 'powershell' for command environment: Not usable outside of PowerShell
[0.645s] DEBUG:colcon.colcon_core.shell:Skip shell extension 'dsv' for command environment
[0.649s] DEBUG:colcon.colcon_core.event_handler.log_command:Invoking command in '/home/drwwwzer/many/RM_myself/5lakes/build/realsense2_camera': CMAKE_PREFIX_PATH=/home/drwwwzer/many/RM_myself/5lakes/install/realsense2_camera_msgs:/home/drwwwzer/many/RM_myself/5lakes/install/realsense2_description:/home/drwwwzer/many/RM_myself/5lakes/install/realsense2_camera:/home/drwwwzer/many/RM_myself/5lakes/install/doorlock_sniper:/home/drwwwzer/many/RM_myself/5lakes/install/bringup:/home/drwwwzer/many/RM_myself/5lakes/install/doorlock_decoder:/opt/ros/humble LD_LIBRARY_PATH=/home/drwwwzer/many/RM_myself/5lakes/install/realsense2_camera_msgs/lib:/home/drwwwzer/many/RM_myself/5lakes/install/realsense2_camera/lib:/home/drwwwzer/many/RM_myself/5lakes/install/doorlock_sniper/lib:/usr/lib/x86_64-linux-gnu/gazebo-11/plugins:/opt/ros/humble/opt/rviz_ogre_vendor/lib:/opt/ros/humble/lib/x86_64-linux-gnu:/opt/ros/humble/opt/openvdb_vendor/lib:/opt/ros/humble/lib /usr/bin/cmake --build /home/drwwwzer/many/RM_myself/5lakes/build/realsense2_camera -- -j24 -l24
[0.650s] DEBUG:colcon.colcon_core.event_handler.log_command:Invoking command in '/home/drwwwzer/many/RM_myself/5lakes/build/realsense2_description': CMAKE_PREFIX_PATH=/home/drwwwzer/many/RM_myself/5lakes/install/realsense2_camera_msgs:/home/drwwwzer/many/RM_myself/5lakes/install/realsense2_description:/home/drwwwzer/many/RM_myself/5lakes/install/realsense2_camera:/home/drwwwzer/many/RM_myself/5lakes/install/doorlock_sniper:/home/drwwwzer/many/RM_myself/5lakes/install/bringup:/home/drwwwzer/many/RM_myself/5lakes/install/doorlock_decoder:/opt/ros/humble LD_LIBRARY_PATH=/home/drwwwzer/many/RM_myself/5lakes/install/realsense2_camera_msgs/lib:/home/drwwwzer/many/RM_myself/5lakes/install/realsense2_camera/lib:/home/drwwwzer/many/RM_myself/5lakes/install/doorlock_sniper/lib:/usr/lib/x86_64-linux-gnu/gazebo-11/plugins:/opt/ros/humble/opt/rviz_ogre_vendor/lib:/opt/ros/humble/lib/x86_64-linux-gnu:/opt/ros/humble/opt/openvdb_vendor/lib:/opt/ros/humble/lib /usr/bin/cmake --build /home/drwwwzer/many/RM_myself/5lakes/build/realsense2_description -- -j24 -l24
[0.677s] DEBUG:colcon.colcon_core.event_handler.log_command:Invoked command in '/home/drwwwzer/many/RM_myself/5lakes/build/realsense2_description' returned '0': CMAKE_PREFIX_PATH=/home/drwwwzer/many/RM_myself/5lakes/install/realsense2_camera_msgs:/home/drwwwzer/many/RM_myself/5lakes/install/realsense2_description:/home/drwwwzer/many/RM_myself/5lakes/install/realsense2_camera:/home/drwwwzer/many/RM_myself/5lakes/install/doorlock_sniper:/home/drwwwzer/many/RM_myself/5lakes/install/bringup:/home/drwwwzer/many/RM_myself/5lakes/install/doorlock_decoder:/opt/ros/humble LD_LIBRARY_PATH=/home/drwwwzer/many/RM_myself/5lakes/install/realsense2_camera_msgs/lib:/home/drwwwzer/many/RM_myself/5lakes/install/realsense2_camera/lib:/home/drwwwzer/many/RM_myself/5lakes/install/doorlock_sniper/lib:/usr/lib/x86_64-linux-gnu/gazebo-11/plugins:/opt/ros/humble/opt/rviz_ogre_vendor/lib:/opt/ros/humble/lib/x86_64-linux-gnu:/opt/ros/humble/opt/openvdb_vendor/lib:/opt/ros/humble/lib /usr/bin/cmake --build /home/drwwwzer/many/RM_myself/5lakes/build/realsense2_description -- -j24 -l24
[0.678s] DEBUG:colcon.colcon_core.event_handler.log_command:Invoking command in '/home/drwwwzer/many/RM_myself/5lakes/build/realsense2_description': CMAKE_PREFIX_PATH=/home/drwwwzer/many/RM_myself/5lakes/install/realsense2_camera_msgs:/home/drwwwzer/many/RM_myself/5lakes/install/realsense2_description:/home/drwwwzer/many/RM_myself/5lakes/install/realsense2_camera:/home/drwwwzer/many/RM_myself/5lakes/install/doorlock_sniper:/home/drwwwzer/many/RM_myself/5lakes/install/bringup:/home/drwwwzer/many/RM_myself/5lakes/install/doorlock_decoder:/opt/ros/humble LD_LIBRARY_PATH=/home/drwwwzer/many/RM_myself/5lakes/install/realsense2_camera_msgs/lib:/home/drwwwzer/many/RM_myself/5lakes/install/realsense2_camera/lib:/home/drwwwzer/many/RM_myself/5lakes/install/doorlock_sniper/lib:/usr/lib/x86_64-linux-gnu/gazebo-11/plugins:/opt/ros/humble/opt/rviz_ogre_vendor/lib:/opt/ros/humble/lib/x86_64-linux-gnu:/opt/ros/humble/opt/openvdb_vendor/lib:/opt/ros/humble/lib /usr/bin/cmake --install /home/drwwwzer/many/RM_myself/5lakes/build/realsense2_description
[0.687s] Level 1:colcon.colcon_core.environment:create_environment_scripts_only(realsense2_description)
[0.687s] Level 1:colcon.colcon_core.environment:checking '/home/drwwwzer/many/RM_myself/5lakes/install/realsense2_description' for CMake module files
[0.687s] DEBUG:colcon.colcon_core.event_handler.log_command:Invoked command in '/home/drwwwzer/many/RM_myself/5lakes/build/realsense2_description' returned '0': CMAKE_PREFIX_PATH=/home/drwwwzer/many/RM_myself/5lakes/install/realsense2_camera_msgs:/home/drwwwzer/many/RM_myself/5lakes/install/realsense2_description:/home/drwwwzer/many/RM_myself/5lakes/install/realsense2_camera:/home/drwwwzer/many/RM_myself/5lakes/install/doorlock_sniper:/home/drwwwzer/many/RM_myself/5lakes/install/bringup:/home/drwwwzer/many/RM_myself/5lakes/install/doorlock_decoder:/opt/ros/humble LD_LIBRARY_PATH=/home/drwwwzer/many/RM_myself/5lakes/install/realsense2_camera_msgs/lib:/home/drwwwzer/many/RM_myself/5lakes/install/realsense2_camera/lib:/home/drwwwzer/many/RM_myself/5lakes/install/doorlock_sniper/lib:/usr/lib/x86_64-linux-gnu/gazebo-11/plugins:/opt/ros/humble/opt/rviz_ogre_vendor/lib:/opt/ros/humble/lib/x86_64-linux-gnu:/opt/ros/humble/opt/openvdb_vendor/lib:/opt/ros/humble/lib /usr/bin/cmake --install /home/drwwwzer/many/RM_myself/5lakes/build/realsense2_description
[0.688s] Level 1:colcon.colcon_core.environment:checking '/home/drwwwzer/many/RM_myself/5lakes/install/realsense2_description' for CMake config files
[0.688s] Level 1:colcon.colcon_core.shell:create_environment_hook('realsense2_description', 'cmake_prefix_path')
[0.688s] INFO:colcon.colcon_core.shell:Creating environment hook '/home/drwwwzer/many/RM_myself/5lakes/install/realsense2_description/share/realsense2_description/hook/cmake_prefix_path.ps1'
[0.688s] INFO:colcon.colcon_core.shell:Creating environment descriptor '/home/drwwwzer/many/RM_myself/5lakes/install/realsense2_description/share/realsense2_description/hook/cmake_prefix_path.dsv'
[0.689s] INFO:colcon.colcon_core.shell:Creating environment hook '/home/drwwwzer/many/RM_myself/5lakes/install/realsense2_description/share/realsense2_description/hook/cmake_prefix_path.sh'
[0.689s] Level 1:colcon.colcon_core.environment:checking '/home/drwwwzer/many/RM_myself/5lakes/install/realsense2_description/bin'
[0.689s] Level 1:colcon.colcon_core.environment:checking '/home/drwwwzer/many/RM_myself/5lakes/install/realsense2_description/lib/pkgconfig/realsense2_description.pc'
[0.689s] Level 1:colcon.colcon_core.environment:checking '/home/drwwwzer/many/RM_myself/5lakes/install/realsense2_description/lib/python3.10/site-packages'
[0.689s] Level 1:colcon.colcon_core.environment:checking '/home/drwwwzer/many/RM_myself/5lakes/install/realsense2_description/bin'
[0.689s] INFO:colcon.colcon_core.shell:Creating package script '/home/drwwwzer/many/RM_myself/5lakes/install/realsense2_description/share/realsense2_description/package.ps1'
[0.690s] INFO:colcon.colcon_core.shell:Creating package descriptor '/home/drwwwzer/many/RM_myself/5lakes/install/realsense2_description/share/realsense2_description/package.dsv'
[0.690s] INFO:colcon.colcon_core.shell:Creating package script '/home/drwwwzer/many/RM_myself/5lakes/install/realsense2_description/share/realsense2_description/package.sh'
[0.690s] INFO:colcon.colcon_core.shell:Creating package script '/home/drwwwzer/many/RM_myself/5lakes/install/realsense2_description/share/realsense2_description/package.bash'
[0.690s] INFO:colcon.colcon_core.shell:Creating package script '/home/drwwwzer/many/RM_myself/5lakes/install/realsense2_description/share/realsense2_description/package.zsh'
[0.691s] Level 1:colcon.colcon_core.environment:create_file_with_runtime_dependencies(/home/drwwwzer/many/RM_myself/5lakes/install/realsense2_description/share/colcon-core/packages/realsense2_description)
[0.691s] Level 1:colcon.colcon_core.environment:create_environment_scripts_only(realsense2_description)
[0.691s] Level 1:colcon.colcon_core.environment:checking '/home/drwwwzer/many/RM_myself/5lakes/install/realsense2_description' for CMake module files
[0.691s] Level 1:colcon.colcon_core.environment:checking '/home/drwwwzer/many/RM_myself/5lakes/install/realsense2_description' for CMake config files
[0.691s] Level 1:colcon.colcon_core.shell:create_environment_hook('realsense2_description', 'cmake_prefix_path')
[0.691s] INFO:colcon.colcon_core.shell:Creating environment hook '/home/drwwwzer/many/RM_myself/5lakes/install/realsense2_description/share/realsense2_description/hook/cmake_prefix_path.ps1'
[0.692s] INFO:colcon.colcon_core.shell:Creating environment descriptor '/home/drwwwzer/many/RM_myself/5lakes/install/realsense2_description/share/realsense2_description/hook/cmake_prefix_path.dsv'
[0.692s] INFO:colcon.colcon_core.shell:Creating environment hook '/home/drwwwzer/many/RM_myself/5lakes/install/realsense2_description/share/realsense2_description/hook/cmake_prefix_path.sh'
[0.692s] Level 1:colcon.colcon_core.environment:checking '/home/drwwwzer/many/RM_myself/5lakes/install/realsense2_description/bin'
[0.692s] Level 1:colcon.colcon_core.environment:checking '/home/drwwwzer/many/RM_myself/5lakes/install/realsense2_description/lib/pkgconfig/realsense2_description.pc'
[0.692s] Level 1:colcon.colcon_core.environment:checking '/home/drwwwzer/many/RM_myself/5lakes/install/realsense2_description/lib/python3.10/site-packages'
[0.692s] Level 1:colcon.colcon_core.environment:checking '/home/drwwwzer/many/RM_myself/5lakes/install/realsense2_description/bin'
[0.693s] INFO:colcon.colcon_core.shell:Creating package script '/home/drwwwzer/many/RM_myself/5lakes/install/realsense2_description/share/realsense2_description/package.ps1'
[0.693s] INFO:colcon.colcon_core.shell:Creating package descriptor '/home/drwwwzer/many/RM_myself/5lakes/install/realsense2_description/share/realsense2_description/package.dsv'
[0.693s] INFO:colcon.colcon_core.shell:Creating package script '/home/drwwwzer/many/RM_myself/5lakes/install/realsense2_description/share/realsense2_description/package.sh'
[0.694s] INFO:colcon.colcon_core.shell:Creating package script '/home/drwwwzer/many/RM_myself/5lakes/install/realsense2_description/share/realsense2_description/package.bash'
[0.694s] INFO:colcon.colcon_core.shell:Creating package script '/home/drwwwzer/many/RM_myself/5lakes/install/realsense2_description/share/realsense2_description/package.zsh'
[0.694s] Level 1:colcon.colcon_core.environment:create_file_with_runtime_dependencies(/home/drwwwzer/many/RM_myself/5lakes/install/realsense2_description/share/colcon-core/packages/realsense2_description)
[0.717s] DEBUG:colcon.colcon_core.event_handler.log_command:Invoked command in '/home/drwwwzer/many/RM_myself/5lakes/build/realsense2_camera' returned '0': CMAKE_PREFIX_PATH=/home/drwwwzer/many/RM_myself/5lakes/install/realsense2_camera_msgs:/home/drwwwzer/many/RM_myself/5lakes/install/realsense2_description:/home/drwwwzer/many/RM_myself/5lakes/install/realsense2_camera:/home/drwwwzer/many/RM_myself/5lakes/install/doorlock_sniper:/home/drwwwzer/many/RM_myself/5lakes/install/bringup:/home/drwwwzer/many/RM_myself/5lakes/install/doorlock_decoder:/opt/ros/humble LD_LIBRARY_PATH=/home/drwwwzer/many/RM_myself/5lakes/install/realsense2_camera_msgs/lib:/home/drwwwzer/many/RM_myself/5lakes/install/realsense2_camera/lib:/home/drwwwzer/many/RM_myself/5lakes/install/doorlock_sniper/lib:/usr/lib/x86_64-linux-gnu/gazebo-11/plugins:/opt/ros/humble/opt/rviz_ogre_vendor/lib:/opt/ros/humble/lib/x86_64-linux-gnu:/opt/ros/humble/opt/openvdb_vendor/lib:/opt/ros/humble/lib /usr/bin/cmake --build /home/drwwwzer/many/RM_myself/5lakes/build/realsense2_camera -- -j24 -l24
[0.718s] DEBUG:colcon.colcon_core.event_handler.log_command:Invoking command in '/home/drwwwzer/many/RM_myself/5lakes/build/realsense2_camera': CMAKE_PREFIX_PATH=/home/drwwwzer/many/RM_myself/5lakes/install/realsense2_camera_msgs:/home/drwwwzer/many/RM_myself/5lakes/install/realsense2_description:/home/drwwwzer/many/RM_myself/5lakes/install/realsense2_camera:/home/drwwwzer/many/RM_myself/5lakes/install/doorlock_sniper:/home/drwwwzer/many/RM_myself/5lakes/install/bringup:/home/drwwwzer/many/RM_myself/5lakes/install/doorlock_decoder:/opt/ros/humble LD_LIBRARY_PATH=/home/drwwwzer/many/RM_myself/5lakes/install/realsense2_camera_msgs/lib:/home/drwwwzer/many/RM_myself/5lakes/install/realsense2_camera/lib:/home/drwwwzer/many/RM_myself/5lakes/install/doorlock_sniper/lib:/usr/lib/x86_64-linux-gnu/gazebo-11/plugins:/opt/ros/humble/opt/rviz_ogre_vendor/lib:/opt/ros/humble/lib/x86_64-linux-gnu:/opt/ros/humble/opt/openvdb_vendor/lib:/opt/ros/humble/lib /usr/bin/cmake --install /home/drwwwzer/many/RM_myself/5lakes/build/realsense2_camera
[0.727s] Level 1:colcon.colcon_core.environment:create_environment_scripts_only(realsense2_camera)
[0.727s] DEBUG:colcon.colcon_core.event_handler.log_command:Invoked command in '/home/drwwwzer/many/RM_myself/5lakes/build/realsense2_camera' returned '0': CMAKE_PREFIX_PATH=/home/drwwwzer/many/RM_myself/5lakes/install/realsense2_camera_msgs:/home/drwwwzer/many/RM_myself/5lakes/install/realsense2_description:/home/drwwwzer/many/RM_myself/5lakes/install/realsense2_camera:/home/drwwwzer/many/RM_myself/5lakes/install/doorlock_sniper:/home/drwwwzer/many/RM_myself/5lakes/install/bringup:/home/drwwwzer/many/RM_myself/5lakes/install/doorlock_decoder:/opt/ros/humble LD_LIBRARY_PATH=/home/drwwwzer/many/RM_myself/5lakes/install/realsense2_camera_msgs/lib:/home/drwwwzer/many/RM_myself/5lakes/install/realsense2_camera/lib:/home/drwwwzer/many/RM_myself/5lakes/install/doorlock_sniper/lib:/usr/lib/x86_64-linux-gnu/gazebo-11/plugins:/opt/ros/humble/opt/rviz_ogre_vendor/lib:/opt/ros/humble/lib/x86_64-linux-gnu:/opt/ros/humble/opt/openvdb_vendor/lib:/opt/ros/humble/lib /usr/bin/cmake --install /home/drwwwzer/many/RM_myself/5lakes/build/realsense2_camera
[0.727s] Level 1:colcon.colcon_core.environment:checking '/home/drwwwzer/many/RM_myself/5lakes/install/realsense2_camera' for CMake module files
[0.728s] Level 1:colcon.colcon_core.environment:checking '/home/drwwwzer/many/RM_myself/5lakes/install/realsense2_camera' for CMake config files
[0.728s] Level 1:colcon.colcon_core.shell:create_environment_hook('realsense2_camera', 'cmake_prefix_path')
[0.728s] INFO:colcon.colcon_core.shell:Creating environment hook '/home/drwwwzer/many/RM_myself/5lakes/install/realsense2_camera/share/realsense2_camera/hook/cmake_prefix_path.ps1'
[0.728s] INFO:colcon.colcon_core.shell:Creating environment descriptor '/home/drwwwzer/many/RM_myself/5lakes/install/realsense2_camera/share/realsense2_camera/hook/cmake_prefix_path.dsv'
[0.728s] INFO:colcon.colcon_core.shell:Creating environment hook '/home/drwwwzer/many/RM_myself/5lakes/install/realsense2_camera/share/realsense2_camera/hook/cmake_prefix_path.sh'
[0.729s] Level 1:colcon.colcon_core.environment:checking '/home/drwwwzer/many/RM_myself/5lakes/install/realsense2_camera/lib'
[0.729s] Level 1:colcon.colcon_core.shell:create_environment_hook('realsense2_camera', 'ld_library_path_lib')
[0.729s] INFO:colcon.colcon_core.shell:Creating environment hook '/home/drwwwzer/many/RM_myself/5lakes/install/realsense2_camera/share/realsense2_camera/hook/ld_library_path_lib.ps1'
[0.729s] INFO:colcon.colcon_core.shell:Creating environment descriptor '/home/drwwwzer/many/RM_myself/5lakes/install/realsense2_camera/share/realsense2_camera/hook/ld_library_path_lib.dsv'
[0.729s] INFO:colcon.colcon_core.shell:Creating environment hook '/home/drwwwzer/many/RM_myself/5lakes/install/realsense2_camera/share/realsense2_camera/hook/ld_library_path_lib.sh'
[0.730s] Level 1:colcon.colcon_core.environment:checking '/home/drwwwzer/many/RM_myself/5lakes/install/realsense2_camera/bin'
[0.730s] Level 1:colcon.colcon_core.environment:checking '/home/drwwwzer/many/RM_myself/5lakes/install/realsense2_camera/lib/pkgconfig/realsense2_camera.pc'
[0.730s] Level 1:colcon.colcon_core.environment:checking '/home/drwwwzer/many/RM_myself/5lakes/install/realsense2_camera/lib/python3.10/site-packages'
[0.730s] Level 1:colcon.colcon_core.environment:checking '/home/drwwwzer/many/RM_myself/5lakes/install/realsense2_camera/bin'
[0.730s] INFO:colcon.colcon_core.shell:Creating package script '/home/drwwwzer/many/RM_myself/5lakes/install/realsense2_camera/share/realsense2_camera/package.ps1'
[0.730s] INFO:colcon.colcon_core.shell:Creating package descriptor '/home/drwwwzer/many/RM_myself/5lakes/install/realsense2_camera/share/realsense2_camera/package.dsv'
[0.731s] INFO:colcon.colcon_core.shell:Creating package script '/home/drwwwzer/many/RM_myself/5lakes/install/realsense2_camera/share/realsense2_camera/package.sh'
[0.731s] INFO:colcon.colcon_core.shell:Creating package script '/home/drwwwzer/many/RM_myself/5lakes/install/realsense2_camera/share/realsense2_camera/package.bash'
[0.731s] INFO:colcon.colcon_core.shell:Creating package script '/home/drwwwzer/many/RM_myself/5lakes/install/realsense2_camera/share/realsense2_camera/package.zsh'
[0.731s] Level 1:colcon.colcon_core.environment:create_file_with_runtime_dependencies(/home/drwwwzer/many/RM_myself/5lakes/install/realsense2_camera/share/colcon-core/packages/realsense2_camera)
[0.732s] Level 1:colcon.colcon_core.environment:create_environment_scripts_only(realsense2_camera)
[0.732s] Level 1:colcon.colcon_core.environment:checking '/home/drwwwzer/many/RM_myself/5lakes/install/realsense2_camera' for CMake module files
[0.732s] Level 1:colcon.colcon_core.environment:checking '/home/drwwwzer/many/RM_myself/5lakes/install/realsense2_camera' for CMake config files
[0.732s] Level 1:colcon.colcon_core.shell:create_environment_hook('realsense2_camera', 'cmake_prefix_path')
[0.732s] INFO:colcon.colcon_core.shell:Creating environment hook '/home/drwwwzer/many/RM_myself/5lakes/install/realsense2_camera/share/realsense2_camera/hook/cmake_prefix_path.ps1'
[0.733s] INFO:colcon.colcon_core.shell:Creating environment descriptor '/home/drwwwzer/many/RM_myself/5lakes/install/realsense2_camera/share/realsense2_camera/hook/cmake_prefix_path.dsv'
[0.733s] INFO:colcon.colcon_core.shell:Creating environment hook '/home/drwwwzer/many/RM_myself/5lakes/install/realsense2_camera/share/realsense2_camera/hook/cmake_prefix_path.sh'
[0.733s] Level 1:colcon.colcon_core.environment:checking '/home/drwwwzer/many/RM_myself/5lakes/install/realsense2_camera/lib'
[0.733s] Level 1:colcon.colcon_core.shell:create_environment_hook('realsense2_camera', 'ld_library_path_lib')
[0.733s] INFO:colcon.colcon_core.shell:Creating environment hook '/home/drwwwzer/many/RM_myself/5lakes/install/realsense2_camera/share/realsense2_camera/hook/ld_library_path_lib.ps1'
[0.734s] INFO:colcon.colcon_core.shell:Creating environment descriptor '/home/drwwwzer/many/RM_myself/5lakes/install/realsense2_camera/share/realsense2_camera/hook/ld_library_path_lib.dsv'
[0.734s] INFO:colcon.colcon_core.shell:Creating environment hook '/home/drwwwzer/many/RM_myself/5lakes/install/realsense2_camera/share/realsense2_camera/hook/ld_library_path_lib.sh'
[0.734s] Level 1:colcon.colcon_core.environment:checking '/home/drwwwzer/many/RM_myself/5lakes/install/realsense2_camera/bin'
[0.734s] Level 1:colcon.colcon_core.environment:checking '/home/drwwwzer/many/RM_myself/5lakes/install/realsense2_camera/lib/pkgconfig/realsense2_camera.pc'
[0.734s] Level 1:colcon.colcon_core.environment:checking '/home/drwwwzer/many/RM_myself/5lakes/install/realsense2_camera/lib/python3.10/site-packages'
[0.734s] Level 1:colcon.colcon_core.environment:checking '/home/drwwwzer/many/RM_myself/5lakes/install/realsense2_camera/bin'
[0.735s] INFO:colcon.colcon_core.shell:Creating package script '/home/drwwwzer/many/RM_myself/5lakes/install/realsense2_camera/share/realsense2_camera/package.ps1'
[0.735s] INFO:colcon.colcon_core.shell:Creating package descriptor '/home/drwwwzer/many/RM_myself/5lakes/install/realsense2_camera/share/realsense2_camera/package.dsv'
[0.735s] INFO:colcon.colcon_core.shell:Creating package script '/home/drwwwzer/many/RM_myself/5lakes/install/realsense2_camera/share/realsense2_camera/package.sh'
[0.735s] INFO:colcon.colcon_core.shell:Creating package script '/home/drwwwzer/many/RM_myself/5lakes/install/realsense2_camera/share/realsense2_camera/package.bash'
[0.736s] INFO:colcon.colcon_core.shell:Creating package script '/home/drwwwzer/many/RM_myself/5lakes/install/realsense2_camera/share/realsense2_camera/package.zsh'
[0.736s] Level 1:colcon.colcon_core.environment:create_file_with_runtime_dependencies(/home/drwwwzer/many/RM_myself/5lakes/install/realsense2_camera/share/colcon-core/packages/realsense2_camera)
[0.860s] DEBUG:colcon.colcon_core.event_handler.log_command:Invoking command in '/home/drwwwzer/many/RM_myself/5lakes/zdykhd_ws/Pacific_doorlock_sniper/src/doorlock_decoder': CMAKE_PREFIX_PATH=/home/drwwwzer/many/RM_myself/5lakes/install/doorlock_sniper:/home/drwwwzer/many/RM_myself/5lakes/install/realsense2_description:/home/drwwwzer/many/RM_myself/5lakes/install/realsense2_camera:/home/drwwwzer/many/RM_myself/5lakes/install/realsense2_camera_msgs:/home/drwwwzer/many/RM_myself/5lakes/install/bringup LD_LIBRARY_PATH=/home/drwwwzer/many/RM_myself/5lakes/install/doorlock_sniper/lib:/home/drwwwzer/many/RM_myself/5lakes/install/realsense2_camera/lib:/home/drwwwzer/many/RM_myself/5lakes/install/realsense2_camera_msgs/lib:/usr/lib/x86_64-linux-gnu/gazebo-11/plugins:/opt/ros/humble/opt/rviz_ogre_vendor/lib:/opt/ros/humble/lib/x86_64-linux-gnu:/opt/ros/humble/opt/openvdb_vendor/lib:/opt/ros/humble/lib PYTHONPATH=/home/drwwwzer/many/RM_myself/5lakes/build/doorlock_decoder/prefix_override:/usr/lib/python3/dist-packages/colcon_core/task/python/colcon_distutils_commands:/home/drwwwzer/many/RM_myself/5lakes/install/doorlock_decoder/lib/python3.10/site-packages:${PYTHONPATH} /usr/bin/python3 -W ignore:setup.py install is deprecated -W ignore:easy_install command is deprecated setup.py egg_info --egg-base ../../../../build/doorlock_decoder build --build-base /home/drwwwzer/many/RM_myself/5lakes/build/doorlock_decoder/build install --record /home/drwwwzer/many/RM_myself/5lakes/build/doorlock_decoder/install.log --single-version-externally-managed install_data
[1.014s] Level 1:colcon.colcon_core.environment:checking '/home/drwwwzer/many/RM_myself/5lakes/install/doorlock_decoder' for CMake module files
[1.015s] Level 1:colcon.colcon_core.environment:checking '/home/drwwwzer/many/RM_myself/5lakes/install/doorlock_decoder' for CMake config files
[1.015s] DEBUG:colcon.colcon_core.event_handler.log_command:Invoked command in '/home/drwwwzer/many/RM_myself/5lakes/zdykhd_ws/Pacific_doorlock_sniper/src/doorlock_decoder' returned '0': CMAKE_PREFIX_PATH=/home/drwwwzer/many/RM_myself/5lakes/install/doorlock_sniper:/home/drwwwzer/many/RM_myself/5lakes/install/realsense2_description:/home/drwwwzer/many/RM_myself/5lakes/install/realsense2_camera:/home/drwwwzer/many/RM_myself/5lakes/install/realsense2_camera_msgs:/home/drwwwzer/many/RM_myself/5lakes/install/bringup LD_LIBRARY_PATH=/home/drwwwzer/many/RM_myself/5lakes/install/doorlock_sniper/lib:/home/drwwwzer/many/RM_myself/5lakes/install/realsense2_camera/lib:/home/drwwwzer/many/RM_myself/5lakes/install/realsense2_camera_msgs/lib:/usr/lib/x86_64-linux-gnu/gazebo-11/plugins:/opt/ros/humble/opt/rviz_ogre_vendor/lib:/opt/ros/humble/lib/x86_64-linux-gnu:/opt/ros/humble/opt/openvdb_vendor/lib:/opt/ros/humble/lib PYTHONPATH=/home/drwwwzer/many/RM_myself/5lakes/build/doorlock_decoder/prefix_override:/usr/lib/python3/dist-packages/colcon_core/task/python/colcon_distutils_commands:/home/drwwwzer/many/RM_myself/5lakes/install/doorlock_decoder/lib/python3.10/site-packages:${PYTHONPATH} /usr/bin/python3 -W ignore:setup.py install is deprecated -W ignore:easy_install command is deprecated setup.py egg_info --egg-base ../../../../build/doorlock_decoder build --build-base /home/drwwwzer/many/RM_myself/5lakes/build/doorlock_decoder/build install --record /home/drwwwzer/many/RM_myself/5lakes/build/doorlock_decoder/install.log --single-version-externally-managed install_data
[1.015s] Level 1:colcon.colcon_core.environment:checking '/home/drwwwzer/many/RM_myself/5lakes/install/doorlock_decoder/lib'
[1.015s] Level 1:colcon.colcon_core.environment:checking '/home/drwwwzer/many/RM_myself/5lakes/install/doorlock_decoder/bin'
[1.015s] Level 1:colcon.colcon_core.environment:checking '/home/drwwwzer/many/RM_myself/5lakes/install/doorlock_decoder/lib/pkgconfig/doorlock_decoder.pc'
[1.015s] Level 1:colcon.colcon_core.environment:checking '/home/drwwwzer/many/RM_myself/5lakes/install/doorlock_decoder/lib/python3.10/site-packages'
[1.015s] Level 1:colcon.colcon_core.shell:create_environment_hook('doorlock_decoder', 'pythonpath')
[1.015s] INFO:colcon.colcon_core.shell:Creating environment hook '/home/drwwwzer/many/RM_myself/5lakes/install/doorlock_decoder/share/doorlock_decoder/hook/pythonpath.ps1'
[1.016s] INFO:colcon.colcon_core.shell:Creating environment descriptor '/home/drwwwzer/many/RM_myself/5lakes/install/doorlock_decoder/share/doorlock_decoder/hook/pythonpath.dsv'
[1.016s] INFO:colcon.colcon_core.shell:Creating environment hook '/home/drwwwzer/many/RM_myself/5lakes/install/doorlock_decoder/share/doorlock_decoder/hook/pythonpath.sh'
[1.016s] Level 1:colcon.colcon_core.environment:checking '/home/drwwwzer/many/RM_myself/5lakes/install/doorlock_decoder/bin'
[1.016s] Level 1:colcon.colcon_core.environment:create_environment_scripts_only(doorlock_decoder)
[1.017s] INFO:colcon.colcon_core.shell:Creating package script '/home/drwwwzer/many/RM_myself/5lakes/install/doorlock_decoder/share/doorlock_decoder/package.ps1'
[1.017s] INFO:colcon.colcon_core.shell:Creating package descriptor '/home/drwwwzer/many/RM_myself/5lakes/install/doorlock_decoder/share/doorlock_decoder/package.dsv'
[1.017s] INFO:colcon.colcon_core.shell:Creating package script '/home/drwwwzer/many/RM_myself/5lakes/install/doorlock_decoder/share/doorlock_decoder/package.sh'
[1.017s] INFO:colcon.colcon_core.shell:Creating package script '/home/drwwwzer/many/RM_myself/5lakes/install/doorlock_decoder/share/doorlock_decoder/package.bash'
[1.017s] INFO:colcon.colcon_core.shell:Creating package script '/home/drwwwzer/many/RM_myself/5lakes/install/doorlock_decoder/share/doorlock_decoder/package.zsh'
[1.017s] Level 1:colcon.colcon_core.environment:create_file_with_runtime_dependencies(/home/drwwwzer/many/RM_myself/5lakes/install/doorlock_decoder/share/colcon-core/packages/doorlock_decoder)
[1.018s] DEBUG:colcon.colcon_parallel_executor.executor.parallel:closing loop
[1.018s] DEBUG:colcon.colcon_parallel_executor.executor.parallel:loop closed
[1.018s] DEBUG:colcon.colcon_parallel_executor.executor.parallel:run_until_complete finished with '0'
[1.018s] DEBUG:colcon.colcon_core.event_reactor:joining thread
[1.021s] INFO:colcon.colcon_core.plugin_system:Skipping extension 'colcon_notification.desktop_notification.terminal_notifier': Not used on non-Darwin systems
[1.021s] INFO:colcon.colcon_core.plugin_system:Skipping extension 'colcon_notification.desktop_notification.win32': Not used on non-Windows systems
[1.021s] INFO:colcon.colcon_notification.desktop_notification:Sending desktop notification using 'notify2'
[1.026s] DEBUG:colcon.colcon_core.event_reactor:joined thread
[1.027s] INFO:colcon.colcon_core.shell:Creating prefix script '/home/drwwwzer/many/RM_myself/5lakes/install/local_setup.ps1'
[1.027s] INFO:colcon.colcon_core.shell:Creating prefix util module '/home/drwwwzer/many/RM_myself/5lakes/install/_local_setup_util_ps1.py'
[1.028s] INFO:colcon.colcon_core.shell:Creating prefix chain script '/home/drwwwzer/many/RM_myself/5lakes/install/setup.ps1'
[1.028s] INFO:colcon.colcon_core.shell:Creating prefix script '/home/drwwwzer/many/RM_myself/5lakes/install/local_setup.sh'
[1.029s] INFO:colcon.colcon_core.shell:Creating prefix util module '/home/drwwwzer/many/RM_myself/5lakes/install/_local_setup_util_sh.py'
[1.029s] INFO:colcon.colcon_core.shell:Creating prefix chain script '/home/drwwwzer/many/RM_myself/5lakes/install/setup.sh'
[1.029s] INFO:colcon.colcon_core.shell:Creating prefix script '/home/drwwwzer/many/RM_myself/5lakes/install/local_setup.bash'
[1.030s] INFO:colcon.colcon_core.shell:Creating prefix chain script '/home/drwwwzer/many/RM_myself/5lakes/install/setup.bash'
[1.030s] INFO:colcon.colcon_core.shell:Creating prefix script '/home/drwwwzer/many/RM_myself/5lakes/install/local_setup.zsh'
[1.030s] INFO:colcon.colcon_core.shell:Creating prefix chain script '/home/drwwwzer/many/RM_myself/5lakes/install/setup.zsh'
