[0.448s] Invoking command in '/home/drwwwzer/index of open sources/5lakes/zdykhd_ws/Pacific_doorlock_sniper/src/doorlock_decoder': CMAKE_PREFIX_PATH=/home/drwwwzer/index of open sources/5lakes/install/doorlock_sniper:/home/drwwwzer/index of open sources/5lakes/install/realsense2_description:/home/drwwwzer/index of open sources/5lakes/install/realsense2_camera:/home/drwwwzer/index of open sources/5lakes/install/realsense2_camera_msgs:/home/drwwwzer/index of open sources/5lakes/install/bringup LD_LIBRARY_PATH=/home/drwwwzer/index of open sources/5lakes/install/doorlock_sniper/lib:/home/drwwwzer/index of open sources/5lakes/install/realsense2_camera/lib:/home/drwwwzer/index of open sources/5lakes/install/realsense2_camera_msgs/lib:/usr/lib/x86_64-linux-gnu/gazebo-11/plugins:/opt/ros/humble/opt/rviz_ogre_vendor/lib:/opt/ros/humble/lib/x86_64-linux-gnu:/opt/ros/humble/opt/openvdb_vendor/lib:/opt/ros/humble/lib PYTHONPATH=/home/drwwwzer/index of open sources/5lakes/build/doorlock_decoder/prefix_override:/usr/lib/python3/dist-packages/colcon_core/task/python/colcon_distutils_commands:/home/drwwwzer/index of open sources/5lakes/install/doorlock_decoder/lib/python3.10/site-packages:${PYTHONPATH} /usr/bin/python3 -W ignore:setup.py install is deprecated -W ignore:easy_install command is deprecated setup.py egg_info --egg-base ../../../../build/doorlock_decoder build --build-base /home/drwwwzer/index of open sources/5lakes/build/doorlock_decoder/build install --record /home/drwwwzer/index of open sources/5lakes/build/doorlock_decoder/install.log --single-version-externally-managed install_data
[0.581s] running egg_info
[0.582s] writing ../../../../build/doorlock_decoder/doorlock_decoder.egg-info/PKG-INFO
[0.582s] writing dependency_links to ../../../../build/doorlock_decoder/doorlock_decoder.egg-info/dependency_links.txt
[0.582s] writing entry points to ../../../../build/doorlock_decoder/doorlock_decoder.egg-info/entry_points.txt
[0.582s] writing requirements to ../../../../build/doorlock_decoder/doorlock_decoder.egg-info/requires.txt
[0.582s] writing top-level names to ../../../../build/doorlock_decoder/doorlock_decoder.egg-info/top_level.txt
[0.583s] reading manifest file '../../../../build/doorlock_decoder/doorlock_decoder.egg-info/SOURCES.txt'
[0.584s] writing manifest file '../../../../build/doorlock_decoder/doorlock_decoder.egg-info/SOURCES.txt'
[0.584s] running build
[0.584s] running build_py
[0.584s] running install
[0.584s] running install_lib
[0.585s] running install_data
[0.585s] running install_egg_info
[0.586s] removing '/home/drwwwzer/index of open sources/5lakes/install/doorlock_decoder/lib/python3.10/site-packages/doorlock_decoder-0.1.0-py3.10.egg-info' (and everything under it)
[0.586s] Copying ../../../../build/doorlock_decoder/doorlock_decoder.egg-info to /home/drwwwzer/index of open sources/5lakes/install/doorlock_decoder/lib/python3.10/site-packages/doorlock_decoder-0.1.0-py3.10.egg-info
[0.587s] running install_scripts
[0.602s] Installing decoder_node script to /home/drwwwzer/index of open sources/5lakes/install/doorlock_decoder/lib/doorlock_decoder
[0.602s] writing list of installed files to '/home/drwwwzer/index of open sources/5lakes/build/doorlock_decoder/install.log'
[0.615s] Invoked command in '/home/drwwwzer/index of open sources/5lakes/zdykhd_ws/Pacific_doorlock_sniper/src/doorlock_decoder' returned '0': CMAKE_PREFIX_PATH=/home/drwwwzer/index of open sources/5lakes/install/doorlock_sniper:/home/drwwwzer/index of open sources/5lakes/install/realsense2_description:/home/drwwwzer/index of open sources/5lakes/install/realsense2_camera:/home/drwwwzer/index of open sources/5lakes/install/realsense2_camera_msgs:/home/drwwwzer/index of open sources/5lakes/install/bringup LD_LIBRARY_PATH=/home/drwwwzer/index of open sources/5lakes/install/doorlock_sniper/lib:/home/drwwwzer/index of open sources/5lakes/install/realsense2_camera/lib:/home/drwwwzer/index of open sources/5lakes/install/realsense2_camera_msgs/lib:/usr/lib/x86_64-linux-gnu/gazebo-11/plugins:/opt/ros/humble/opt/rviz_ogre_vendor/lib:/opt/ros/humble/lib/x86_64-linux-gnu:/opt/ros/humble/opt/openvdb_vendor/lib:/opt/ros/humble/lib PYTHONPATH=/home/drwwwzer/index of open sources/5lakes/build/doorlock_decoder/prefix_override:/usr/lib/python3/dist-packages/colcon_core/task/python/colcon_distutils_commands:/home/drwwwzer/index of open sources/5lakes/install/doorlock_decoder/lib/python3.10/site-packages:${PYTHONPATH} /usr/bin/python3 -W ignore:setup.py install is deprecated -W ignore:easy_install command is deprecated setup.py egg_info --egg-base ../../../../build/doorlock_decoder build --build-base /home/drwwwzer/index of open sources/5lakes/build/doorlock_decoder/build install --record /home/drwwwzer/index of open sources/5lakes/build/doorlock_decoder/install.log --single-version-externally-managed install_data
