-- The C compiler identification is GNU 11.4.0
-- The CXX compiler identification is GNU 11.4.0
-- Detecting C compiler ABI info
-- Detecting C compiler ABI info - done
-- Check for working C compiler: /usr/bin/cc - skipped
-- Detecting C compile features
-- Detecting C compile features - done
-- Detecting CXX compiler ABI info
-- Detecting CXX compiler ABI info - done
-- Check for working CXX compiler: /usr/bin/c++ - skipped
-- Detecting CXX compile features
-- Detecting CXX compile features - done
-- Looking for pthread.h
-- Looking for pthread.h - found
-- Performing Test CMAKE_HAVE_LIBC_PTHREAD
-- Performing Test CMAKE_HAVE_LIBC_PTHREAD - Success
-- Found Threads: TRUE  
-- Performing Test HAVE_STDATOMIC
-- Performing Test HAVE_STDATOMIC - Success
-- Found WrapAtomic: TRUE  
-- Found OpenGL: /usr/lib/x86_64-linux-gnu/libOpenGL.so   
-- Found WrapOpenGL: TRUE  
-- Found XKB: /usr/lib/x86_64-linux-gnu/libxkbcommon.so (found suitable version "1.4.0", minimum required is "0.5.0") 
-- Found WrapVulkanHeaders: /usr/include  
-- Found Protobuf: /usr/lib/x86_64-linux-gnu/libprotobuf.so (found version "3.12.4") 
[33mCMake Warning at CMakeLists.txt:23 (message):
  Qt6 Mqtt module NOT found! Please install qt6-mqtt-dev.  MQTT features will
  be disabled or mocked.

[0m
-- Found PkgConfig: /usr/bin/pkg-config (found version "0.29.2") 
-- Checking for modules 'libavcodec;libavutil;libswscale'
--   Found libavcodec, version 58.134.100
--   Found libavutil, version 56.70.100
--   Found libswscale, version 5.9.100
-- Configuring done
-- Generating done
-- Build files have been written to: /home/drwwwzer/many/RM_myself/gxu_rm_custom_client-main/build/RmCustomClient
[  9%] [34m[1mRunning cpp protocol buffer compiler on model/messages.proto[0m
[ 18%] [34m[1mAutomatic MOC and UIC for target RmCustomClient[0m
[ 18%] Built target RmCustomClient_autogen
[ 27%] [32mBuilding CXX object CMakeFiles/RmCustomClient.dir/main.cpp.o[0m
[ 45%] [32mBuilding CXX object CMakeFiles/RmCustomClient.dir/RmCustomClient_autogen/mocs_compilation.cpp.o[0m
[ 45%] [32mBuilding CXX object CMakeFiles/RmCustomClient.dir/model/RobotState.cpp.o[0m
[ 54%] [32mBuilding CXX object CMakeFiles/RmCustomClient.dir/video/VideoDecoder.cpp.o[0m
[ 72%] [32mBuilding CXX object CMakeFiles/RmCustomClient.dir/network/MqttManager.cpp.o[0m
[ 72%] [32mBuilding CXX object CMakeFiles/RmCustomClient.dir/ui/MainWindow.cpp.o[0m
[ 81%] [32mBuilding CXX object CMakeFiles/RmCustomClient.dir/network/VideoReceiver.cpp.o[0m
[ 90%] [32mBuilding CXX object CMakeFiles/RmCustomClient.dir/messages.pb.cc.o[0m
[100%] [32m[1mLinking CXX executable RmCustomClient[0m
/usr/bin/ld: CMakeFiles/RmCustomClient.dir/video/VideoDecoder.cpp.o: in function `VideoDecoder::VideoDecoder(AVCodecID, QObject*)':
VideoDecoder.cpp:(.text+0x147): undefined reference to `av_log_set_level'
/usr/bin/ld: VideoDecoder.cpp:(.text+0x151): undefined reference to `avcodec_find_decoder'
/usr/bin/ld: VideoDecoder.cpp:(.text+0x1cb): undefined reference to `avcodec_alloc_context3'
/usr/bin/ld: VideoDecoder.cpp:(.text+0x221): undefined reference to `avcodec_open2'
/usr/bin/ld: VideoDecoder.cpp:(.text+0x28f): undefined reference to `av_parser_init'
/usr/bin/ld: VideoDecoder.cpp:(.text+0x31a): undefined reference to `av_packet_alloc'
/usr/bin/ld: VideoDecoder.cpp:(.text+0x327): undefined reference to `av_frame_alloc'
/usr/bin/ld: VideoDecoder.cpp:(.text+0x334): undefined reference to `av_frame_alloc'
/usr/bin/ld: CMakeFiles/RmCustomClient.dir/video/VideoDecoder.cpp.o: in function `VideoDecoder::~VideoDecoder()':
VideoDecoder.cpp:(.text+0x487): undefined reference to `sws_freeContext'
/usr/bin/ld: VideoDecoder.cpp:(.text+0x4a4): undefined reference to `av_parser_close'
/usr/bin/ld: VideoDecoder.cpp:(.text+0x4c1): undefined reference to `av_frame_free'
/usr/bin/ld: VideoDecoder.cpp:(.text+0x4de): undefined reference to `av_frame_free'
/usr/bin/ld: VideoDecoder.cpp:(.text+0x4fb): undefined reference to `av_packet_free'
/usr/bin/ld: VideoDecoder.cpp:(.text+0x518): undefined reference to `avcodec_close'
/usr/bin/ld: VideoDecoder.cpp:(.text+0x528): undefined reference to `avcodec_free_context'
/usr/bin/ld: CMakeFiles/RmCustomClient.dir/video/VideoDecoder.cpp.o: in function `VideoDecoder::resetDecoder()':
VideoDecoder.cpp:(.text+0x846): undefined reference to `avcodec_flush_buffers'
/usr/bin/ld: VideoDecoder.cpp:(.text+0x863): undefined reference to `av_parser_close'
/usr/bin/ld: VideoDecoder.cpp:(.text+0x875): undefined reference to `av_parser_init'
/usr/bin/ld: CMakeFiles/RmCustomClient.dir/video/VideoDecoder.cpp.o: in function `VideoDecoder::receiveFrames()':
VideoDecoder.cpp:(.text+0xb5d): undefined reference to `avcodec_receive_frame'
/usr/bin/ld: VideoDecoder.cpp:(.text+0xcd6): undefined reference to `av_frame_unref'
/usr/bin/ld: VideoDecoder.cpp:(.text+0xd8a): undefined reference to `sws_freeContext'
/usr/bin/ld: VideoDecoder.cpp:(.text+0xdc8): undefined reference to `sws_getContext'
/usr/bin/ld: VideoDecoder.cpp:(.text+0xdfa): undefined reference to `av_frame_unref'
/usr/bin/ld: VideoDecoder.cpp:(.text+0xe45): undefined reference to `av_image_alloc(unsigned char**, int*, int, int, AVPixelFormat, int)'
/usr/bin/ld: VideoDecoder.cpp:(.text+0xeb7): undefined reference to `av_frame_unref'
/usr/bin/ld: VideoDecoder.cpp:(.text+0xf6b): undefined reference to `sws_freeContext'
/usr/bin/ld: VideoDecoder.cpp:(.text+0xfac): undefined reference to `sws_getContext'
/usr/bin/ld: VideoDecoder.cpp:(.text+0xfda): undefined reference to `av_freep'
/usr/bin/ld: VideoDecoder.cpp:(.text+0xfed): undefined reference to `av_frame_unref'
/usr/bin/ld: VideoDecoder.cpp:(.text+0x1046): undefined reference to `sws_scale'
/usr/bin/ld: VideoDecoder.cpp:(.text+0x1063): undefined reference to `av_frame_unref'
/usr/bin/ld: VideoDecoder.cpp:(.text+0x1203): undefined reference to `av_freep'
/usr/bin/ld: CMakeFiles/RmCustomClient.dir/video/VideoDecoder.cpp.o: in function `VideoDecoder::applyExtradata()':
VideoDecoder.cpp:(.text+0x142d): undefined reference to `avcodec_close'
/usr/bin/ld: VideoDecoder.cpp:(.text+0x144d): undefined reference to `avcodec_open2'
/usr/bin/ld: CMakeFiles/RmCustomClient.dir/video/VideoDecoder.cpp.o: in function `VideoDecoder::processBuffer()':
VideoDecoder.cpp:(.text+0x1949): undefined reference to `av_packet_alloc'
/usr/bin/ld: VideoDecoder.cpp:(.text+0x198a): undefined reference to `avcodec_send_packet'
/usr/bin/ld: VideoDecoder.cpp:(.text+0x1a3d): undefined reference to `av_packet_free'
collect2: error: ld returned 1 exit status
gmake[2]: *** [CMakeFiles/RmCustomClient.dir/build.make:216：RmCustomClient] 错误 1
gmake[1]: *** [CMakeFiles/Makefile2:84：CMakeFiles/RmCustomClient.dir/all] 错误 2
gmake: *** [Makefile:91：all] 错误 2
