[0.006s] Invoking command in '/home/drwwwzer/many/RM_myself/5lakes/build/realsense2_camera': AMENT_PREFIX_PATH=/home/drwwwzer/many/RM_myself/5lakes/install/realsense2_camera_msgs:${AMENT_PREFIX_PATH} CMAKE_PREFIX_PATH=/home/drwwwzer/many/RM_myself/5lakes/install/realsense2_camera_msgs:/opt/ros/humble LD_LIBRARY_PATH=/home/drwwwzer/many/RM_myself/5lakes/install/realsense2_camera_msgs/lib:${LD_LIBRARY_PATH} PYTHONPATH=/home/drwwwzer/many/RM_myself/5lakes/install/realsense2_camera_msgs/local/lib/python3.10/dist-packages:${PYTHONPATH} /usr/bin/cmake /home/drwwwzer/many/RM_myself/5lakes/zdykhd_ws/realsense-ros/realsense2_camera -DCMAKE_INSTALL_PREFIX=/home/drwwwzer/many/RM_myself/5lakes/install/realsense2_camera
[0.041s] -- The C compiler identification is GNU 11.4.0
[0.077s] -- The CXX compiler identification is GNU 11.4.0
[0.081s] -- Detecting C compiler ABI info
[0.120s] -- Detecting C compiler ABI info - done
[0.124s] -- Check for working C compiler: /usr/bin/cc - skipped
[0.124s] -- Detecting C compile features
[0.124s] -- Detecting C compile features - done
[0.126s] -- Detecting CXX compiler ABI info
[0.174s] -- Detecting CXX compiler ABI info - done
[0.180s] -- Check for working CXX compiler: /usr/bin/c++ - skipped
[0.180s] -- Detecting CXX compile features
[0.181s] -- Detecting CXX compile features - done
[0.181s] -- Create Release Build.
[0.182s] -- Found ament_cmake: 1.3.12 (/opt/ros/humble/share/ament_cmake/cmake)
[0.268s] -- Found Python3: /usr/bin/python3 (found version "3.10.12") found components: Interpreter 
[0.316s] -- Found builtin_interfaces: 1.2.2 (/opt/ros/humble/share/builtin_interfaces/cmake)
[0.334s] -- Found rosidl_generator_c: 3.1.7 (/opt/ros/humble/share/rosidl_generator_c/cmake)
[0.337s] -- Found rosidl_adapter: 3.1.7 (/opt/ros/humble/share/rosidl_adapter/cmake)
[0.342s] -- Found rosidl_generator_cpp: 3.1.7 (/opt/ros/humble/share/rosidl_generator_cpp/cmake)
[0.348s] -- Using all available rosidl_typesupport_c: rosidl_typesupport_fastrtps_c;rosidl_typesupport_introspection_c
[0.357s] -- Using all available rosidl_typesupport_cpp: rosidl_typesupport_fastrtps_cpp;rosidl_typesupport_introspection_cpp
[0.365s] -- Found cv_bridge: 3.2.1 (/opt/ros/humble/share/cv_bridge/cmake)
[0.396s] -- Found image_transport: 3.1.12 (/opt/ros/humble/share/image_transport/cmake)
[0.422s] -- Found rmw_implementation_cmake: 6.1.2 (/opt/ros/humble/share/rmw_implementation_cmake/cmake)
[0.423s] -- Found rmw_fastrtps_cpp: 6.2.8 (/opt/ros/humble/share/rmw_fastrtps_cpp/cmake)
[0.477s] -- Found OpenSSL: /usr/lib/x86_64-linux-gnu/libcrypto.so (found version "3.0.2")  
[0.493s] -- Found FastRTPS: /opt/ros/humble/include  
[0.518s] -- Using RMW implementation 'rmw_fastrtps_cpp' as default
[0.523s] -- Looking for pthread.h
[0.567s] -- Looking for pthread.h - found
[0.567s] -- Performing Test CMAKE_HAVE_LIBC_PTHREAD
[0.611s] -- Performing Test CMAKE_HAVE_LIBC_PTHREAD - Success
[0.612s] -- Found Threads: TRUE  
[0.651s] -- Found rclcpp_action: 16.0.15 (/opt/ros/humble/share/rclcpp_action/cmake)
[0.671s] -- Found rclcpp_components: 16.0.15 (/opt/ros/humble/share/rclcpp_components/cmake)
[0.680s] -- Found realsense2_camera_msgs: 4.56.4 (/home/drwwwzer/many/RM_myself/5lakes/install/realsense2_camera_msgs/share/realsense2_camera_msgs/cmake)
[0.691s] -- Found std_srvs: 4.9.0 (/opt/ros/humble/share/std_srvs/cmake)
[0.700s] -- Found nav_msgs: 4.9.0 (/opt/ros/humble/share/nav_msgs/cmake)
[0.712s] -- Found tf2_ros: 0.25.16 (/opt/ros/humble/share/tf2_ros/cmake)
[0.736s] -- Found diagnostic_updater: 4.0.6 (/opt/ros/humble/share/diagnostic_updater/cmake)
[0.751s] -- Found OpenCV: /usr (found version "4.5.4") found components: core 
[0.753s] -- Build for ROS2 Humble
[0.755s] -- Found ament_cmake_gtest: 1.3.12 (/opt/ros/humble/share/ament_cmake_gtest/cmake)
[0.756s] -- Found gtest sources under '/opt/ros/humble/src/gtest_vendor': C++ tests using 'Google Test' will be built
[0.759s] -- Found ament_cmake_pytest: 1.3.12 (/opt/ros/humble/share/ament_cmake_pytest/cmake)
[2.440s] -- rs_device_info:
[2.440s] -- No device detected. Is it plugged in?
[2.440s] 
[2.480s] -- Configuring done
[2.494s] -- Generating done
[2.498s] -- Build files have been written to: /home/drwwwzer/many/RM_myself/5lakes/build/realsense2_camera
[2.505s] Invoked command in '/home/drwwwzer/many/RM_myself/5lakes/build/realsense2_camera' returned '0': AMENT_PREFIX_PATH=/home/drwwwzer/many/RM_myself/5lakes/install/realsense2_camera_msgs:${AMENT_PREFIX_PATH} CMAKE_PREFIX_PATH=/home/drwwwzer/many/RM_myself/5lakes/install/realsense2_camera_msgs:/opt/ros/humble LD_LIBRARY_PATH=/home/drwwwzer/many/RM_myself/5lakes/install/realsense2_camera_msgs/lib:${LD_LIBRARY_PATH} PYTHONPATH=/home/drwwwzer/many/RM_myself/5lakes/install/realsense2_camera_msgs/local/lib/python3.10/dist-packages:${PYTHONPATH} /usr/bin/cmake /home/drwwwzer/many/RM_myself/5lakes/zdykhd_ws/realsense-ros/realsense2_camera -DCMAKE_INSTALL_PREFIX=/home/drwwwzer/many/RM_myself/5lakes/install/realsense2_camera
[2.505s] Invoking command in '/home/drwwwzer/many/RM_myself/5lakes/build/realsense2_camera': AMENT_PREFIX_PATH=/home/drwwwzer/many/RM_myself/5lakes/install/realsense2_camera_msgs:${AMENT_PREFIX_PATH} CMAKE_PREFIX_PATH=/home/drwwwzer/many/RM_myself/5lakes/install/realsense2_camera_msgs:/opt/ros/humble LD_LIBRARY_PATH=/home/drwwwzer/many/RM_myself/5lakes/install/realsense2_camera_msgs/lib:${LD_LIBRARY_PATH} PYTHONPATH=/home/drwwwzer/many/RM_myself/5lakes/install/realsense2_camera_msgs/local/lib/python3.10/dist-packages:${PYTHONPATH} /usr/bin/cmake --build /home/drwwwzer/many/RM_myself/5lakes/build/realsense2_camera -- -j24 -l24
[2.544s] [  4%] [32mBuilding CXX object CMakeFiles/realsense2_camera.dir/src/rs_node_setup.cpp.o[0m
[2.544s] [  8%] [32mBuilding CXX object CMakeFiles/realsense2_camera.dir/src/realsense_node_factory.cpp.o[0m
[2.544s] [ 16%] [32mBuilding CXX object CMakeFiles/realsense2_camera.dir/src/parameters.cpp.o[0m
[2.544s] [ 20%] [32mBuilding CXX object CMakeFiles/realsense2_camera.dir/src/base_realsense_node.cpp.o[0m
[2.544s] [ 20%] [32mBuilding CXX object gtest/CMakeFiles/gtest.dir/src/gtest-all.cc.o[0m
[2.544s] [ 28%] [32mBuilding CXX object gtest/CMakeFiles/gtest_main.dir/src/gtest_main.cc.o[0m
[2.544s] [ 28%] [32mBuilding CXX object CMakeFiles/realsense2_camera_node.dir/rclcpp_components/node_main_realsense2_camera_node.cpp.o[0m
[2.545s] [ 32%] [32mBuilding CXX object CMakeFiles/realsense2_camera.dir/src/ros_utils.cpp.o[0m
[2.545s] [ 36%] [32mBuilding CXX object CMakeFiles/realsense2_camera.dir/src/dynamic_params.cpp.o[0m
[2.545s] [ 40%] [32mBuilding CXX object CMakeFiles/realsense2_camera.dir/src/pointcloud_filter.cpp.o[0m
[2.545s] [ 44%] [32mBuilding CXX object CMakeFiles/realsense2_camera.dir/src/sensor_params.cpp.o[0m
[2.545s] [ 48%] [32mBuilding CXX object CMakeFiles/realsense2_camera.dir/src/ros_sensor.cpp.o[0m
[2.546s] [ 56%] [32mBuilding CXX object CMakeFiles/realsense2_camera.dir/src/profile_manager.cpp.o[0m
[2.546s] [ 56%] [32mBuilding CXX object CMakeFiles/realsense2_camera.dir/src/align_depth_filter.cpp.o[0m
[2.546s] [ 60%] [32mBuilding CXX object CMakeFiles/realsense2_camera.dir/src/tfs.cpp.o[0m
[2.546s] [ 64%] [32mBuilding CXX object CMakeFiles/realsense2_camera.dir/src/image_publisher.cpp.o[0m
[2.546s] [ 68%] [32mBuilding CXX object CMakeFiles/realsense2_camera.dir/src/named_filter.cpp.o[0m
[2.547s] [ 72%] [32mBuilding CXX object CMakeFiles/realsense2_camera.dir/src/ros_param_backend.cpp.o[0m
[2.547s] [ 76%] [32mBuilding CXX object CMakeFiles/realsense2_camera.dir/src/actions.cpp.o[0m
[3.212s] [ 80%] [32m[1mLinking CXX static library libgtest_main.a[0m
[3.249s] [ 80%] Built target gtest_main
[5.719s] [ 84%] [32m[1mLinking CXX executable realsense2_camera_node[0m
[5.857s] [ 84%] Built target realsense2_camera_node
[8.566s] [ 88%] [32m[1mLinking CXX static library libgtest.a[0m
[8.597s] [ 88%] Built target gtest
[8.613s] [ 92%] [32mBuilding CXX object CMakeFiles/gtest_template.dir/test/gtest_template.cpp.o[0m
[9.022s] [ 96%] [32m[1mLinking CXX executable gtest_template[0m
[9.082s] [ 96%] Built target gtest_template
[12.674s] [100%] [32m[1mLinking CXX shared library librealsense2_camera.so[0m
[12.965s] [100%] Built target realsense2_camera
[12.974s] Invoked command in '/home/drwwwzer/many/RM_myself/5lakes/build/realsense2_camera' returned '0': AMENT_PREFIX_PATH=/home/drwwwzer/many/RM_myself/5lakes/install/realsense2_camera_msgs:${AMENT_PREFIX_PATH} CMAKE_PREFIX_PATH=/home/drwwwzer/many/RM_myself/5lakes/install/realsense2_camera_msgs:/opt/ros/humble LD_LIBRARY_PATH=/home/drwwwzer/many/RM_myself/5lakes/install/realsense2_camera_msgs/lib:${LD_LIBRARY_PATH} PYTHONPATH=/home/drwwwzer/many/RM_myself/5lakes/install/realsense2_camera_msgs/local/lib/python3.10/dist-packages:${PYTHONPATH} /usr/bin/cmake --build /home/drwwwzer/many/RM_myself/5lakes/build/realsense2_camera -- -j24 -l24
[12.975s] Invoking command in '/home/drwwwzer/many/RM_myself/5lakes/build/realsense2_camera': AMENT_PREFIX_PATH=/home/drwwwzer/many/RM_myself/5lakes/install/realsense2_camera_msgs:${AMENT_PREFIX_PATH} CMAKE_PREFIX_PATH=/home/drwwwzer/many/RM_myself/5lakes/install/realsense2_camera_msgs:/opt/ros/humble LD_LIBRARY_PATH=/home/drwwwzer/many/RM_myself/5lakes/install/realsense2_camera_msgs/lib:${LD_LIBRARY_PATH} PYTHONPATH=/home/drwwwzer/many/RM_myself/5lakes/install/realsense2_camera_msgs/local/lib/python3.10/dist-packages:${PYTHONPATH} /usr/bin/cmake --install /home/drwwwzer/many/RM_myself/5lakes/build/realsense2_camera
[12.981s] -- Install configuration: "Release"
[12.981s] -- Installing: /home/drwwwzer/many/RM_myself/5lakes/install/realsense2_camera/share/realsense2_camera/config/global_settings.yaml
[12.981s] -- Installing: /home/drwwwzer/many/RM_myself/5lakes/install/realsense2_camera/lib/realsense2_camera/realsense2_camera_node
[12.981s] -- Set runtime path of "/home/drwwwzer/many/RM_myself/5lakes/install/realsense2_camera/lib/realsense2_camera/realsense2_camera_node" to ""
[12.981s] -- Installing: /home/drwwwzer/many/RM_myself/5lakes/install/realsense2_camera/lib/librealsense2_camera.so
[12.984s] -- Set runtime path of "/home/drwwwzer/many/RM_myself/5lakes/install/realsense2_camera/lib/librealsense2_camera.so" to ""
[12.984s] -- Installing: /home/drwwwzer/many/RM_myself/5lakes/install/realsense2_camera/include
[12.984s] -- Installing: /home/drwwwzer/many/RM_myself/5lakes/install/realsense2_camera/include/gl_window.h
[12.984s] -- Installing: /home/drwwwzer/many/RM_myself/5lakes/install/realsense2_camera/include/ros_sensor.h
[12.984s] -- Installing: /home/drwwwzer/many/RM_myself/5lakes/install/realsense2_camera/include/constants.h
[12.985s] -- Installing: /home/drwwwzer/many/RM_myself/5lakes/install/realsense2_camera/include/ros_param_backend.h
[12.985s] -- Installing: /home/drwwwzer/many/RM_myself/5lakes/install/realsense2_camera/include/named_filter.h
[12.985s] -- Installing: /home/drwwwzer/many/RM_myself/5lakes/install/realsense2_camera/include/profile_manager.h
[12.985s] -- Installing: /home/drwwwzer/many/RM_myself/5lakes/install/realsense2_camera/include/base_realsense_node.h
[12.985s] -- Installing: /home/drwwwzer/many/RM_myself/5lakes/install/realsense2_camera/include/ros_utils.h
[12.985s] -- Installing: /home/drwwwzer/many/RM_myself/5lakes/install/realsense2_camera/include/image_publisher.h
[12.985s] -- Installing: /home/drwwwzer/many/RM_myself/5lakes/install/realsense2_camera/include/align_depth_filter.h
[12.985s] -- Installing: /home/drwwwzer/many/RM_myself/5lakes/install/realsense2_camera/include/ros_node_base.h
[12.985s] -- Installing: /home/drwwwzer/many/RM_myself/5lakes/install/realsense2_camera/include/realsense_node_factory.h
[12.985s] -- Installing: /home/drwwwzer/many/RM_myself/5lakes/install/realsense2_camera/include/dynamic_params.h
[12.985s] -- Installing: /home/drwwwzer/many/RM_myself/5lakes/install/realsense2_camera/include/sensor_params.h
[12.985s] -- Installing: /home/drwwwzer/many/RM_myself/5lakes/install/realsense2_camera/include/pointcloud_filter.h
[12.985s] -- Installing: /home/drwwwzer/many/RM_myself/5lakes/install/realsense2_camera/share/realsense2_camera/launch
[12.986s] -- Installing: /home/drwwwzer/many/RM_myself/5lakes/install/realsense2_camera/share/realsense2_camera/launch/rs_multi_camera_launch_sync.py
[12.986s] -- Installing: /home/drwwwzer/many/RM_myself/5lakes/install/realsense2_camera/share/realsense2_camera/launch/rs_intra_process_demo_launch.py
[12.986s] -- Installing: /home/drwwwzer/many/RM_myself/5lakes/install/realsense2_camera/share/realsense2_camera/launch/rs_multi_camera_launch.py
[12.986s] -- Installing: /home/drwwwzer/many/RM_myself/5lakes/install/realsense2_camera/share/realsense2_camera/launch/rs_launch.py
[12.986s] -- Installing: /home/drwwwzer/many/RM_myself/5lakes/install/realsense2_camera/share/realsense2_camera/launch/default.rviz
[12.986s] -- Installing: /home/drwwwzer/many/RM_myself/5lakes/install/realsense2_camera/share/realsense2_camera/examples
[12.986s] -- Installing: /home/drwwwzer/many/RM_myself/5lakes/install/realsense2_camera/share/realsense2_camera/examples/dual_camera
[12.986s] -- Installing: /home/drwwwzer/many/RM_myself/5lakes/install/realsense2_camera/share/realsense2_camera/examples/dual_camera/rviz
[12.986s] -- Installing: /home/drwwwzer/many/RM_myself/5lakes/install/realsense2_camera/share/realsense2_camera/examples/dual_camera/rviz/dual_camera_pointcloud.rviz
[12.986s] -- Installing: /home/drwwwzer/many/RM_myself/5lakes/install/realsense2_camera/share/realsense2_camera/examples/dual_camera/README.md
[12.986s] -- Installing: /home/drwwwzer/many/RM_myself/5lakes/install/realsense2_camera/share/realsense2_camera/examples/dual_camera/rs_dual_camera_launch.py
[12.986s] -- Installing: /home/drwwwzer/many/RM_myself/5lakes/install/realsense2_camera/share/realsense2_camera/examples/launch_params_from_file
[12.986s] -- Installing: /home/drwwwzer/many/RM_myself/5lakes/install/realsense2_camera/share/realsense2_camera/examples/launch_params_from_file/config
[12.986s] -- Installing: /home/drwwwzer/many/RM_myself/5lakes/install/realsense2_camera/share/realsense2_camera/examples/launch_params_from_file/config/config.yaml
[12.986s] -- Installing: /home/drwwwzer/many/RM_myself/5lakes/install/realsense2_camera/share/realsense2_camera/examples/launch_params_from_file/rs_launch_get_params_from_yaml.py
[12.986s] -- Installing: /home/drwwwzer/many/RM_myself/5lakes/install/realsense2_camera/share/realsense2_camera/examples/launch_params_from_file/README.md
[12.987s] -- Installing: /home/drwwwzer/many/RM_myself/5lakes/install/realsense2_camera/share/realsense2_camera/examples/pointcloud
[12.987s] -- Installing: /home/drwwwzer/many/RM_myself/5lakes/install/realsense2_camera/share/realsense2_camera/examples/pointcloud/rviz
[12.987s] -- Installing: /home/drwwwzer/many/RM_myself/5lakes/install/realsense2_camera/share/realsense2_camera/examples/pointcloud/rviz/pointcloud.rviz
[12.987s] -- Installing: /home/drwwwzer/many/RM_myself/5lakes/install/realsense2_camera/share/realsense2_camera/examples/pointcloud/rviz/urdf_pointcloud.rviz
[12.987s] -- Installing: /home/drwwwzer/many/RM_myself/5lakes/install/realsense2_camera/share/realsense2_camera/examples/pointcloud/rs_d405_pointcloud_launch.py
[12.987s] -- Installing: /home/drwwwzer/many/RM_myself/5lakes/install/realsense2_camera/share/realsense2_camera/examples/pointcloud/rs_pointcloud_infra_launch.py
[12.987s] -- Installing: /home/drwwwzer/many/RM_myself/5lakes/install/realsense2_camera/share/realsense2_camera/examples/pointcloud/rs_pointcloud_launch.py
[12.987s] -- Installing: /home/drwwwzer/many/RM_myself/5lakes/install/realsense2_camera/share/realsense2_camera/examples/pointcloud/rs_d455_pointcloud_launch.py
[12.987s] -- Installing: /home/drwwwzer/many/RM_myself/5lakes/install/realsense2_camera/share/realsense2_camera/examples/pointcloud/README.md
[12.987s] -- Installing: /home/drwwwzer/many/RM_myself/5lakes/install/realsense2_camera/share/realsense2_camera/examples/d500_tables
[12.987s] -- Installing: /home/drwwwzer/many/RM_myself/5lakes/install/realsense2_camera/share/realsense2_camera/examples/d500_tables/calib_config_example.json
[12.987s] -- Installing: /home/drwwwzer/many/RM_myself/5lakes/install/realsense2_camera/share/realsense2_camera/examples/align_depth
[12.987s] -- Installing: /home/drwwwzer/many/RM_myself/5lakes/install/realsense2_camera/share/realsense2_camera/examples/align_depth/rs_align_depth_launch.py
[12.987s] -- Installing: /home/drwwwzer/many/RM_myself/5lakes/install/realsense2_camera/share/realsense2_camera/examples/align_depth/README.md
[12.988s] -- Installing: /home/drwwwzer/many/RM_myself/5lakes/install/realsense2_camera/share/realsense2_camera/examples/launch_from_rosbag
[12.988s] -- Installing: /home/drwwwzer/many/RM_myself/5lakes/install/realsense2_camera/share/realsense2_camera/examples/launch_from_rosbag/rs_launch_from_rosbag.py
[12.988s] -- Installing: /home/drwwwzer/many/RM_myself/5lakes/install/realsense2_camera/share/realsense2_camera/examples/launch_from_rosbag/README.md
[12.988s] -- Installing: /home/drwwwzer/many/RM_myself/5lakes/install/realsense2_camera/share/realsense2_camera/environment/library_path.sh
[12.988s] -- Installing: /home/drwwwzer/many/RM_myself/5lakes/install/realsense2_camera/share/realsense2_camera/environment/library_path.dsv
[12.988s] -- Installing: /home/drwwwzer/many/RM_myself/5lakes/install/realsense2_camera/share/ament_index/resource_index/package_run_dependencies/realsense2_camera
[12.988s] -- Installing: /home/drwwwzer/many/RM_myself/5lakes/install/realsense2_camera/share/ament_index/resource_index/parent_prefix_path/realsense2_camera
[12.988s] -- Installing: /home/drwwwzer/many/RM_myself/5lakes/install/realsense2_camera/share/realsense2_camera/environment/ament_prefix_path.sh
[12.988s] -- Installing: /home/drwwwzer/many/RM_myself/5lakes/install/realsense2_camera/share/realsense2_camera/environment/ament_prefix_path.dsv
[12.988s] -- Installing: /home/drwwwzer/many/RM_myself/5lakes/install/realsense2_camera/share/realsense2_camera/environment/path.sh
[12.988s] -- Installing: /home/drwwwzer/many/RM_myself/5lakes/install/realsense2_camera/share/realsense2_camera/environment/path.dsv
[12.988s] -- Installing: /home/drwwwzer/many/RM_myself/5lakes/install/realsense2_camera/share/realsense2_camera/local_setup.bash
[12.988s] -- Installing: /home/drwwwzer/many/RM_myself/5lakes/install/realsense2_camera/share/realsense2_camera/local_setup.sh
[12.988s] -- Installing: /home/drwwwzer/many/RM_myself/5lakes/install/realsense2_camera/share/realsense2_camera/local_setup.zsh
[12.988s] -- Installing: /home/drwwwzer/many/RM_myself/5lakes/install/realsense2_camera/share/realsense2_camera/local_setup.dsv
[12.988s] -- Installing: /home/drwwwzer/many/RM_myself/5lakes/install/realsense2_camera/share/realsense2_camera/package.dsv
[12.988s] -- Installing: /home/drwwwzer/many/RM_myself/5lakes/install/realsense2_camera/share/ament_index/resource_index/packages/realsense2_camera
[12.988s] -- Installing: /home/drwwwzer/many/RM_myself/5lakes/install/realsense2_camera/share/ament_index/resource_index/rclcpp_components/realsense2_camera
[12.988s] -- Installing: /home/drwwwzer/many/RM_myself/5lakes/install/realsense2_camera/share/realsense2_camera/cmake/ament_cmake_export_include_directories-extras.cmake
[12.988s] -- Installing: /home/drwwwzer/many/RM_myself/5lakes/install/realsense2_camera/share/realsense2_camera/cmake/ament_cmake_export_libraries-extras.cmake
[12.988s] -- Installing: /home/drwwwzer/many/RM_myself/5lakes/install/realsense2_camera/share/realsense2_camera/cmake/ament_cmake_export_dependencies-extras.cmake
[12.989s] -- Installing: /home/drwwwzer/many/RM_myself/5lakes/install/realsense2_camera/share/realsense2_camera/cmake/realsense2_cameraConfig.cmake
[12.989s] -- Installing: /home/drwwwzer/many/RM_myself/5lakes/install/realsense2_camera/share/realsense2_camera/cmake/realsense2_cameraConfig-version.cmake
[12.989s] -- Installing: /home/drwwwzer/many/RM_myself/5lakes/install/realsense2_camera/share/realsense2_camera/package.xml
[12.991s] Invoked command in '/home/drwwwzer/many/RM_myself/5lakes/build/realsense2_camera' returned '0': AMENT_PREFIX_PATH=/home/drwwwzer/many/RM_myself/5lakes/install/realsense2_camera_msgs:${AMENT_PREFIX_PATH} CMAKE_PREFIX_PATH=/home/drwwwzer/many/RM_myself/5lakes/install/realsense2_camera_msgs:/opt/ros/humble LD_LIBRARY_PATH=/home/drwwwzer/many/RM_myself/5lakes/install/realsense2_camera_msgs/lib:${LD_LIBRARY_PATH} PYTHONPATH=/home/drwwwzer/many/RM_myself/5lakes/install/realsense2_camera_msgs/local/lib/python3.10/dist-packages:${PYTHONPATH} /usr/bin/cmake --install /home/drwwwzer/many/RM_myself/5lakes/build/realsense2_camera
